[2025-06-29T14:55:22.063+0000] {taskinstance.py:1159} INFO - Dependencies all met for dep_context=non-requeueable deps ti=<TaskInstance: dag_with_postgres_operator_v03.delete_data_from_table scheduled__2025-01-29T00:00:00+00:00 [queued]>
[2025-06-29T14:55:22.115+0000] {taskinstance.py:1159} INFO - Dependencies all met for dep_context=requeueable deps ti=<TaskInstance: dag_with_postgres_operator_v03.delete_data_from_table scheduled__2025-01-29T00:00:00+00:00 [queued]>
[2025-06-29T14:55:22.118+0000] {taskinstance.py:1361} INFO - Starting attempt 1 of 6
[2025-06-29T14:55:22.862+0000] {taskinstance.py:1382} INFO - Executing <Task(PostgresOperator): delete_data_from_table> on 2025-01-29 00:00:00+00:00
[2025-06-29T14:55:22.989+0000] {standard_task_runner.py:57} INFO - Started process 3673 to run task
[2025-06-29T14:55:23.027+0000] {standard_task_runner.py:84} INFO - Running: ['***', 'tasks', 'run', 'dag_with_postgres_operator_v03', 'delete_data_from_table', 'scheduled__2025-01-29T00:00:00+00:00', '--job-id', '3884', '--raw', '--subdir', 'DAGS_FOLDER/dag_with_postgres_operator.py', '--cfg-path', '/tmp/tmp8u38n_12']
[2025-06-29T14:55:23.055+0000] {standard_task_runner.py:85} INFO - Job 3884: Subtask delete_data_from_table
[2025-06-29T14:55:23.611+0000] {task_command.py:416} INFO - Running <TaskInstance: dag_with_postgres_operator_v03.delete_data_from_table scheduled__2025-01-29T00:00:00+00:00 [running]> on host f561bfe7dd3a
[2025-06-29T14:55:24.168+0000] {taskinstance.py:1662} INFO - Exporting env vars: AIRFLOW_CTX_DAG_OWNER='coder2j' AIRFLOW_CTX_DAG_ID='dag_with_postgres_operator_v03' AIRFLOW_CTX_TASK_ID='delete_data_from_table' AIRFLOW_CTX_EXECUTION_DATE='2025-01-29T00:00:00+00:00' AIRFLOW_CTX_TRY_NUMBER='1' AIRFLOW_CTX_DAG_RUN_ID='scheduled__2025-01-29T00:00:00+00:00'
[2025-06-29T14:55:24.175+0000] {sql.py:274} INFO - Executing: 
            delete from dag_runs where dt = '2025-01-29' and dag_id = 'dag_with_postgres_operator_v03';
        
[2025-06-29T14:55:24.290+0000] {base.py:73} INFO - Using connection ID 'postgres_localhost' for task execution.
[2025-06-29T14:55:24.390+0000] {base.py:73} INFO - Using connection ID 'postgres_localhost' for task execution.
[2025-06-29T14:55:24.435+0000] {sql.py:418} INFO - Running statement: 
            delete from dag_runs where dt = '2025-01-29' and dag_id = 'dag_with_postgres_operator_v03';
        , parameters: None
[2025-06-29T14:55:24.448+0000] {sql.py:427} INFO - Rows affected: 0
[2025-06-29T14:55:24.499+0000] {taskinstance.py:1400} INFO - Marking task as SUCCESS. dag_id=dag_with_postgres_operator_v03, task_id=delete_data_from_table, execution_date=20250129T000000, start_date=20250629T145522, end_date=20250629T145524
[2025-06-29T14:55:24.774+0000] {local_task_job_runner.py:228} INFO - Task exited with return code 0
[2025-06-29T14:55:25.184+0000] {taskinstance.py:2778} INFO - 0 downstream tasks scheduled from follow-on schedule check
