[2025-06-29T14:46:32.429+0000] {taskinstance.py:1159} INFO - Dependencies all met for dep_context=non-requeueable deps ti=<TaskInstance: dag_with_postgres_operator_v03.insert_into_table scheduled__2024-05-20T00:00:00+00:00 [queued]>
[2025-06-29T14:46:32.686+0000] {taskinstance.py:1159} INFO - Dependencies all met for dep_context=requeueable deps ti=<TaskInstance: dag_with_postgres_operator_v03.insert_into_table scheduled__2024-05-20T00:00:00+00:00 [queued]>
[2025-06-29T14:46:32.687+0000] {taskinstance.py:1361} INFO - Starting attempt 1 of 6
[2025-06-29T14:46:33.522+0000] {taskinstance.py:1382} INFO - Executing <Task(PostgresOperator): insert_into_table> on 2024-05-20 00:00:00+00:00
[2025-06-29T14:46:33.694+0000] {standard_task_runner.py:57} INFO - Started process 1680 to run task
[2025-06-29T14:46:33.763+0000] {standard_task_runner.py:84} INFO - Running: ['***', 'tasks', 'run', 'dag_with_postgres_operator_v03', 'insert_into_table', 'scheduled__2024-05-20T00:00:00+00:00', '--job-id', '3135', '--raw', '--subdir', 'DAGS_FOLDER/dag_with_postgres_operator.py', '--cfg-path', '/tmp/tmp_9vbe9bw']
[2025-06-29T14:46:33.814+0000] {standard_task_runner.py:85} INFO - Job 3135: Subtask insert_into_table
[2025-06-29T14:46:35.352+0000] {task_command.py:416} INFO - Running <TaskInstance: dag_with_postgres_operator_v03.insert_into_table scheduled__2024-05-20T00:00:00+00:00 [running]> on host f561bfe7dd3a
[2025-06-29T14:46:37.515+0000] {taskinstance.py:1662} INFO - Exporting env vars: AIRFLOW_CTX_DAG_OWNER='coder2j' AIRFLOW_CTX_DAG_ID='dag_with_postgres_operator_v03' AIRFLOW_CTX_TASK_ID='insert_into_table' AIRFLOW_CTX_EXECUTION_DATE='2024-05-20T00:00:00+00:00' AIRFLOW_CTX_TRY_NUMBER='1' AIRFLOW_CTX_DAG_RUN_ID='scheduled__2024-05-20T00:00:00+00:00'
[2025-06-29T14:46:37.524+0000] {sql.py:274} INFO - Executing: 
            insert into dag_runs (dt, dag_id) values ('2024-05-20', 'dag_with_postgres_operator_v03')
        
[2025-06-29T14:46:37.866+0000] {base.py:73} INFO - Using connection ID 'postgres_localhost' for task execution.
[2025-06-29T14:46:38.150+0000] {base.py:73} INFO - Using connection ID 'postgres_localhost' for task execution.
[2025-06-29T14:46:38.267+0000] {sql.py:418} INFO - Running statement: 
            insert into dag_runs (dt, dag_id) values ('2024-05-20', 'dag_with_postgres_operator_v03')
        , parameters: None
[2025-06-29T14:46:38.269+0000] {sql.py:427} INFO - Rows affected: 1
[2025-06-29T14:46:38.485+0000] {taskinstance.py:1400} INFO - Marking task as SUCCESS. dag_id=dag_with_postgres_operator_v03, task_id=insert_into_table, execution_date=20240520T000000, start_date=20250629T144632, end_date=20250629T144638
[2025-06-29T14:46:39.298+0000] {local_task_job_runner.py:228} INFO - Task exited with return code 0
[2025-06-29T14:46:41.251+0000] {taskinstance.py:2778} INFO - 0 downstream tasks scheduled from follow-on schedule check
