[2025-06-29T14:41:21.526+0000] {taskinstance.py:1159} INFO - Dependencies all met for dep_context=non-requeueable deps ti=<TaskInstance: dag_with_postgres_operator_v03.create_postgres_table scheduled__2024-01-28T00:00:00+00:00 [queued]>
[2025-06-29T14:41:21.577+0000] {taskinstance.py:1159} INFO - Dependencies all met for dep_context=requeueable deps ti=<TaskInstance: dag_with_postgres_operator_v03.create_postgres_table scheduled__2024-01-28T00:00:00+00:00 [queued]>
[2025-06-29T14:41:21.579+0000] {taskinstance.py:1361} INFO - Starting attempt 1 of 6
[2025-06-29T14:41:21.932+0000] {taskinstance.py:1382} INFO - Executing <Task(PostgresOperator): create_postgres_table> on 2024-01-28 00:00:00+00:00
[2025-06-29T14:41:22.034+0000] {standard_task_runner.py:57} INFO - Started process 679 to run task
[2025-06-29T14:41:22.100+0000] {standard_task_runner.py:84} INFO - Running: ['***', 'tasks', 'run', 'dag_with_postgres_operator_v03', 'create_postgres_table', 'scheduled__2024-01-28T00:00:00+00:00', '--job-id', '2779', '--raw', '--subdir', 'DAGS_FOLDER/dag_with_postgres_operator.py', '--cfg-path', '/tmp/tmpznt1_hdk']
[2025-06-29T14:41:22.128+0000] {standard_task_runner.py:85} INFO - Job 2779: Subtask create_postgres_table
[2025-06-29T14:41:22.335+0000] {task_command.py:416} INFO - Running <TaskInstance: dag_with_postgres_operator_v03.create_postgres_table scheduled__2024-01-28T00:00:00+00:00 [running]> on host f561bfe7dd3a
[2025-06-29T14:41:22.942+0000] {taskinstance.py:1662} INFO - Exporting env vars: AIRFLOW_CTX_DAG_OWNER='coder2j' AIRFLOW_CTX_DAG_ID='dag_with_postgres_operator_v03' AIRFLOW_CTX_TASK_ID='create_postgres_table' AIRFLOW_CTX_EXECUTION_DATE='2024-01-28T00:00:00+00:00' AIRFLOW_CTX_TRY_NUMBER='1' AIRFLOW_CTX_DAG_RUN_ID='scheduled__2024-01-28T00:00:00+00:00'
[2025-06-29T14:41:22.947+0000] {sql.py:274} INFO - Executing: 
            create table if not exists dag_runs (
                dt date,
                dag_id character varying,
                primary key (dt, dag_id)
            )
        
[2025-06-29T14:41:23.048+0000] {base.py:73} INFO - Using connection ID 'postgres_localhost' for task execution.
[2025-06-29T14:41:23.292+0000] {base.py:73} INFO - Using connection ID 'postgres_localhost' for task execution.
[2025-06-29T14:41:23.336+0000] {sql.py:418} INFO - Running statement: 
            create table if not exists dag_runs (
                dt date,
                dag_id character varying,
                primary key (dt, dag_id)
            )
        , parameters: None
[2025-06-29T14:41:23.470+0000] {taskinstance.py:1400} INFO - Marking task as SUCCESS. dag_id=dag_with_postgres_operator_v03, task_id=create_postgres_table, execution_date=20240128T000000, start_date=20250629T144121, end_date=20250629T144123
[2025-06-29T14:41:24.694+0000] {local_task_job_runner.py:228} INFO - Task exited with return code 0
[2025-06-29T14:41:25.005+0000] {taskinstance.py:2778} INFO - 1 downstream tasks scheduled from follow-on schedule check
