[2025-06-29T15:11:38.606+0000] {taskinstance.py:1159} INFO - Dependencies all met for dep_context=non-requeueable deps ti=<TaskInstance: dag_with_python_dependencies_v01.get_sklearn scheduled__2022-04-29T00:00:00+00:00 [queued]>
[2025-06-29T15:11:38.636+0000] {taskinstance.py:1159} INFO - Dependencies all met for dep_context=requeueable deps ti=<TaskInstance: dag_with_python_dependencies_v01.get_sklearn scheduled__2022-04-29T00:00:00+00:00 [queued]>
[2025-06-29T15:11:38.637+0000] {taskinstance.py:1361} INFO - Starting attempt 1 of 1
[2025-06-29T15:11:38.690+0000] {taskinstance.py:1382} INFO - Executing <Task(PythonOperator): get_sklearn> on 2022-04-29 00:00:00+00:00
[2025-06-29T15:11:38.722+0000] {standard_task_runner.py:57} INFO - Started process 5941 to run task
[2025-06-29T15:11:38.742+0000] {standard_task_runner.py:84} INFO - Running: ['***', 'tasks', 'run', 'dag_with_python_dependencies_v01', 'get_sklearn', 'scheduled__2022-04-29T00:00:00+00:00', '--job-id', '4536', '--raw', '--subdir', 'DAGS_FOLDER/dag_with_python_dependencies.py', '--cfg-path', '/tmp/tmpnw3n49y0']
[2025-06-29T15:11:38.746+0000] {standard_task_runner.py:85} INFO - Job 4536: Subtask get_sklearn
[2025-06-29T15:11:38.886+0000] {task_command.py:416} INFO - Running <TaskInstance: dag_with_python_dependencies_v01.get_sklearn scheduled__2022-04-29T00:00:00+00:00 [running]> on host f561bfe7dd3a
[2025-06-29T15:11:39.065+0000] {taskinstance.py:1662} INFO - Exporting env vars: AIRFLOW_CTX_DAG_OWNER='shivanshu' AIRFLOW_CTX_DAG_ID='dag_with_python_dependencies_v01' AIRFLOW_CTX_TASK_ID='get_sklearn' AIRFLOW_CTX_EXECUTION_DATE='2022-04-29T00:00:00+00:00' AIRFLOW_CTX_TRY_NUMBER='1' AIRFLOW_CTX_DAG_RUN_ID='scheduled__2022-04-29T00:00:00+00:00'
[2025-06-29T15:11:39.068+0000] {taskinstance.py:1937} ERROR - Task failed with exception
Traceback (most recent call last):
  File "/home/airflow/.local/lib/python3.8/site-packages/airflow/operators/python.py", line 192, in execute
    return_value = self.execute_callable()
  File "/home/airflow/.local/lib/python3.8/site-packages/airflow/operators/python.py", line 209, in execute_callable
    return self.python_callable(*self.op_args, **self.op_kwargs)
  File "/opt/airflow/dags/dag_with_python_dependencies.py", line 15, in get_sklearn
    import sklearn
ModuleNotFoundError: No module named 'sklearn'
[2025-06-29T15:11:39.086+0000] {taskinstance.py:1400} INFO - Marking task as FAILED. dag_id=dag_with_python_dependencies_v01, task_id=get_sklearn, execution_date=20220429T000000, start_date=20250629T151138, end_date=20250629T151139
[2025-06-29T15:11:39.102+0000] {standard_task_runner.py:104} ERROR - Failed to execute job 4536 for task get_sklearn (No module named 'sklearn'; 5941)
[2025-06-29T15:11:39.161+0000] {local_task_job_runner.py:228} INFO - Task exited with return code 1
[2025-06-29T15:11:39.188+0000] {taskinstance.py:2778} INFO - 0 downstream tasks scheduled from follow-on schedule check
