[2025-06-29T11:46:46.398+0000] {taskinstance.py:1159} INFO - Dependencies all met for dep_context=non-requeueable deps ti=<TaskInstance: dag_with_postgres_operator_v02.insert_into_table scheduled__2022-02-18T00:00:00+00:00 [queued]>
[2025-06-29T11:46:46.497+0000] {taskinstance.py:1159} INFO - Dependencies all met for dep_context=requeueable deps ti=<TaskInstance: dag_with_postgres_operator_v02.insert_into_table scheduled__2022-02-18T00:00:00+00:00 [queued]>
[2025-06-29T11:46:46.498+0000] {taskinstance.py:1361} INFO - Starting attempt 1 of 6
[2025-06-29T11:46:46.570+0000] {taskinstance.py:1382} INFO - Executing <Task(PostgresOperator): insert_into_table> on 2022-02-18 00:00:00+00:00
[2025-06-29T11:46:46.612+0000] {standard_task_runner.py:57} INFO - Started process 3467 to run task
[2025-06-29T11:46:46.632+0000] {standard_task_runner.py:84} INFO - Running: ['***', 'tasks', 'run', 'dag_with_postgres_operator_v02', 'insert_into_table', 'scheduled__2022-02-18T00:00:00+00:00', '--job-id', '372', '--raw', '--subdir', 'DAGS_FOLDER/dag_with_postgres_operator.py', '--cfg-path', '/tmp/tmp7gausk59']
[2025-06-29T11:46:46.657+0000] {standard_task_runner.py:85} INFO - Job 372: Subtask insert_into_table
[2025-06-29T11:46:46.862+0000] {task_command.py:416} INFO - Running <TaskInstance: dag_with_postgres_operator_v02.insert_into_table scheduled__2022-02-18T00:00:00+00:00 [running]> on host f561bfe7dd3a
[2025-06-29T11:46:47.260+0000] {taskinstance.py:1662} INFO - Exporting env vars: AIRFLOW_CTX_DAG_OWNER='coder2j' AIRFLOW_CTX_DAG_ID='dag_with_postgres_operator_v02' AIRFLOW_CTX_TASK_ID='insert_into_table' AIRFLOW_CTX_EXECUTION_DATE='2022-02-18T00:00:00+00:00' AIRFLOW_CTX_TRY_NUMBER='1' AIRFLOW_CTX_DAG_RUN_ID='scheduled__2022-02-18T00:00:00+00:00'
[2025-06-29T11:46:47.261+0000] {sql.py:274} INFO - Executing: 
            insert into dag_runs (dt, dag_id) values ('2022-02-18', 'dag_with_postgres_operator_v02')
        
[2025-06-29T11:46:47.303+0000] {base.py:73} INFO - Using connection ID 'postgres_localhost' for task execution.
[2025-06-29T11:46:47.352+0000] {base.py:73} INFO - Using connection ID 'postgres_localhost' for task execution.
[2025-06-29T11:46:47.370+0000] {sql.py:418} INFO - Running statement: 
            insert into dag_runs (dt, dag_id) values ('2022-02-18', 'dag_with_postgres_operator_v02')
        , parameters: None
[2025-06-29T11:46:47.373+0000] {sql.py:427} INFO - Rows affected: 1
[2025-06-29T11:46:47.417+0000] {taskinstance.py:1400} INFO - Marking task as SUCCESS. dag_id=dag_with_postgres_operator_v02, task_id=insert_into_table, execution_date=20220218T000000, start_date=20250629T114646, end_date=20250629T114647
[2025-06-29T11:46:47.490+0000] {local_task_job_runner.py:228} INFO - Task exited with return code 0
[2025-06-29T11:46:47.541+0000] {taskinstance.py:2778} INFO - 0 downstream tasks scheduled from follow-on schedule check
