[2025-06-29T14:57:46.774+0000] {taskinstance.py:1159} INFO - Dependencies all met for dep_context=non-requeueable deps ti=<TaskInstance: dag_with_postgres_operator_v03.delete_data_from_table scheduled__2025-03-30T00:00:00+00:00 [queued]>
[2025-06-29T14:57:46.922+0000] {taskinstance.py:1159} INFO - Dependencies all met for dep_context=requeueable deps ti=<TaskInstance: dag_with_postgres_operator_v03.delete_data_from_table scheduled__2025-03-30T00:00:00+00:00 [queued]>
[2025-06-29T14:57:46.922+0000] {taskinstance.py:1361} INFO - Starting attempt 1 of 6
[2025-06-29T14:57:47.841+0000] {taskinstance.py:1382} INFO - Executing <Task(PostgresOperator): delete_data_from_table> on 2025-03-30 00:00:00+00:00
[2025-06-29T14:57:48.025+0000] {standard_task_runner.py:57} INFO - Started process 4164 to run task
[2025-06-29T14:57:48.154+0000] {standard_task_runner.py:84} INFO - Running: ['***', 'tasks', 'run', 'dag_with_postgres_operator_v03', 'delete_data_from_table', 'scheduled__2025-03-30T00:00:00+00:00', '--job-id', '4064', '--raw', '--subdir', 'DAGS_FOLDER/dag_with_postgres_operator.py', '--cfg-path', '/tmp/tmp22tp6j_i']
[2025-06-29T14:57:48.342+0000] {standard_task_runner.py:85} INFO - Job 4064: Subtask delete_data_from_table
[2025-06-29T14:57:49.766+0000] {task_command.py:416} INFO - Running <TaskInstance: dag_with_postgres_operator_v03.delete_data_from_table scheduled__2025-03-30T00:00:00+00:00 [running]> on host f561bfe7dd3a
[2025-06-29T14:57:50.970+0000] {taskinstance.py:1662} INFO - Exporting env vars: AIRFLOW_CTX_DAG_OWNER='coder2j' AIRFLOW_CTX_DAG_ID='dag_with_postgres_operator_v03' AIRFLOW_CTX_TASK_ID='delete_data_from_table' AIRFLOW_CTX_EXECUTION_DATE='2025-03-30T00:00:00+00:00' AIRFLOW_CTX_TRY_NUMBER='1' AIRFLOW_CTX_DAG_RUN_ID='scheduled__2025-03-30T00:00:00+00:00'
[2025-06-29T14:57:51.021+0000] {sql.py:274} INFO - Executing: 
            delete from dag_runs where dt = '2025-03-30' and dag_id = 'dag_with_postgres_operator_v03';
        
[2025-06-29T14:57:51.214+0000] {base.py:73} INFO - Using connection ID 'postgres_localhost' for task execution.
[2025-06-29T14:57:51.363+0000] {base.py:73} INFO - Using connection ID 'postgres_localhost' for task execution.
[2025-06-29T14:57:51.421+0000] {sql.py:418} INFO - Running statement: 
            delete from dag_runs where dt = '2025-03-30' and dag_id = 'dag_with_postgres_operator_v03';
        , parameters: None
[2025-06-29T14:57:51.424+0000] {sql.py:427} INFO - Rows affected: 0
[2025-06-29T14:57:51.550+0000] {taskinstance.py:1400} INFO - Marking task as SUCCESS. dag_id=dag_with_postgres_operator_v03, task_id=delete_data_from_table, execution_date=20250330T000000, start_date=20250629T145746, end_date=20250629T145751
[2025-06-29T14:57:52.863+0000] {local_task_job_runner.py:228} INFO - Task exited with return code 0
[2025-06-29T14:57:53.296+0000] {taskinstance.py:2778} INFO - 1 downstream tasks scheduled from follow-on schedule check
