[2025-06-29T12:06:33.622+0000] {taskinstance.py:1159} INFO - Dependencies all met for dep_context=non-requeueable deps ti=<TaskInstance: dag_with_postgres_operator_v03.create_postgres_table scheduled__2023-01-10T00:00:00+00:00 [queued]>
[2025-06-29T12:06:33.673+0000] {taskinstance.py:1159} INFO - Dependencies all met for dep_context=requeueable deps ti=<TaskInstance: dag_with_postgres_operator_v03.create_postgres_table scheduled__2023-01-10T00:00:00+00:00 [queued]>
[2025-06-29T12:06:33.674+0000] {taskinstance.py:1361} INFO - Starting attempt 1 of 6
[2025-06-29T12:06:33.764+0000] {taskinstance.py:1382} INFO - Executing <Task(PostgresOperator): create_postgres_table> on 2023-01-10 00:00:00+00:00
[2025-06-29T12:06:33.821+0000] {standard_task_runner.py:57} INFO - Started process 6853 to run task
[2025-06-29T12:06:33.851+0000] {standard_task_runner.py:84} INFO - Running: ['***', 'tasks', 'run', 'dag_with_postgres_operator_v03', 'create_postgres_table', 'scheduled__2023-01-10T00:00:00+00:00', '--job-id', '1609', '--raw', '--subdir', 'DAGS_FOLDER/dag_with_postgres_operator.py', '--cfg-path', '/tmp/tmpi2qac1di']
[2025-06-29T12:06:33.872+0000] {standard_task_runner.py:85} INFO - Job 1609: Subtask create_postgres_table
[2025-06-29T12:06:34.191+0000] {task_command.py:416} INFO - Running <TaskInstance: dag_with_postgres_operator_v03.create_postgres_table scheduled__2023-01-10T00:00:00+00:00 [running]> on host f561bfe7dd3a
[2025-06-29T12:06:34.749+0000] {taskinstance.py:1662} INFO - Exporting env vars: AIRFLOW_CTX_DAG_OWNER='coder2j' AIRFLOW_CTX_DAG_ID='dag_with_postgres_operator_v03' AIRFLOW_CTX_TASK_ID='create_postgres_table' AIRFLOW_CTX_EXECUTION_DATE='2023-01-10T00:00:00+00:00' AIRFLOW_CTX_TRY_NUMBER='1' AIRFLOW_CTX_DAG_RUN_ID='scheduled__2023-01-10T00:00:00+00:00'
[2025-06-29T12:06:34.751+0000] {sql.py:274} INFO - Executing: 
            create table if not exists dag_runs (
                dt date,
                dag_id character varying,
                primary key (dt, dag_id)
            )
        
[2025-06-29T12:06:34.851+0000] {base.py:73} INFO - Using connection ID 'postgres_localhost' for task execution.
[2025-06-29T12:06:34.924+0000] {base.py:73} INFO - Using connection ID 'postgres_localhost' for task execution.
[2025-06-29T12:06:34.964+0000] {sql.py:418} INFO - Running statement: 
            create table if not exists dag_runs (
                dt date,
                dag_id character varying,
                primary key (dt, dag_id)
            )
        , parameters: None
[2025-06-29T12:06:35.022+0000] {taskinstance.py:1400} INFO - Marking task as SUCCESS. dag_id=dag_with_postgres_operator_v03, task_id=create_postgres_table, execution_date=20230110T000000, start_date=20250629T120633, end_date=20250629T120635
[2025-06-29T12:06:35.189+0000] {local_task_job_runner.py:228} INFO - Task exited with return code 0
[2025-06-29T12:06:35.437+0000] {taskinstance.py:2778} INFO - 1 downstream tasks scheduled from follow-on schedule check
