[2025-06-29T14:43:37.872+0000] {taskinstance.py:1159} INFO - Dependencies all met for dep_context=non-requeueable deps ti=<TaskInstance: dag_with_postgres_operator_v03.insert_into_table scheduled__2024-03-19T00:00:00+00:00 [queued]>
[2025-06-29T14:43:37.999+0000] {taskinstance.py:1159} INFO - Dependencies all met for dep_context=requeueable deps ti=<TaskInstance: dag_with_postgres_operator_v03.insert_into_table scheduled__2024-03-19T00:00:00+00:00 [queued]>
[2025-06-29T14:43:38.000+0000] {taskinstance.py:1361} INFO - Starting attempt 1 of 6
[2025-06-29T14:43:38.341+0000] {taskinstance.py:1382} INFO - Executing <Task(PostgresOperator): insert_into_table> on 2024-03-19 00:00:00+00:00
[2025-06-29T14:43:38.456+0000] {standard_task_runner.py:57} INFO - Started process 1142 to run task
[2025-06-29T14:43:38.540+0000] {standard_task_runner.py:84} INFO - Running: ['***', 'tasks', 'run', 'dag_with_postgres_operator_v03', 'insert_into_table', 'scheduled__2024-03-19T00:00:00+00:00', '--job-id', '2950', '--raw', '--subdir', 'DAGS_FOLDER/dag_with_postgres_operator.py', '--cfg-path', '/tmp/tmpcbhy53mm']
[2025-06-29T14:43:38.582+0000] {standard_task_runner.py:85} INFO - Job 2950: Subtask insert_into_table
[2025-06-29T14:43:39.286+0000] {task_command.py:416} INFO - Running <TaskInstance: dag_with_postgres_operator_v03.insert_into_table scheduled__2024-03-19T00:00:00+00:00 [running]> on host f561bfe7dd3a
[2025-06-29T14:43:40.449+0000] {taskinstance.py:1662} INFO - Exporting env vars: AIRFLOW_CTX_DAG_OWNER='coder2j' AIRFLOW_CTX_DAG_ID='dag_with_postgres_operator_v03' AIRFLOW_CTX_TASK_ID='insert_into_table' AIRFLOW_CTX_EXECUTION_DATE='2024-03-19T00:00:00+00:00' AIRFLOW_CTX_TRY_NUMBER='1' AIRFLOW_CTX_DAG_RUN_ID='scheduled__2024-03-19T00:00:00+00:00'
[2025-06-29T14:43:40.450+0000] {sql.py:274} INFO - Executing: 
            insert into dag_runs (dt, dag_id) values ('2024-03-19', 'dag_with_postgres_operator_v03')
        
[2025-06-29T14:43:40.588+0000] {base.py:73} INFO - Using connection ID 'postgres_localhost' for task execution.
[2025-06-29T14:43:40.674+0000] {base.py:73} INFO - Using connection ID 'postgres_localhost' for task execution.
[2025-06-29T14:43:40.751+0000] {sql.py:418} INFO - Running statement: 
            insert into dag_runs (dt, dag_id) values ('2024-03-19', 'dag_with_postgres_operator_v03')
        , parameters: None
[2025-06-29T14:43:40.762+0000] {sql.py:427} INFO - Rows affected: 1
[2025-06-29T14:43:40.840+0000] {taskinstance.py:1400} INFO - Marking task as SUCCESS. dag_id=dag_with_postgres_operator_v03, task_id=insert_into_table, execution_date=20240319T000000, start_date=20250629T144337, end_date=20250629T144340
[2025-06-29T14:43:41.280+0000] {local_task_job_runner.py:228} INFO - Task exited with return code 0
[2025-06-29T14:43:41.440+0000] {taskinstance.py:2778} INFO - 0 downstream tasks scheduled from follow-on schedule check
