[2025-06-29T11:45:59.206+0000] {taskinstance.py:1159} INFO - Dependencies all met for dep_context=non-requeueable deps ti=<TaskInstance: dag_with_postgres_operator_v02.create_postgres_table scheduled__2022-01-20T00:00:00+00:00 [queued]>
[2025-06-29T11:45:59.264+0000] {taskinstance.py:1159} INFO - Dependencies all met for dep_context=requeueable deps ti=<TaskInstance: dag_with_postgres_operator_v02.create_postgres_table scheduled__2022-01-20T00:00:00+00:00 [queued]>
[2025-06-29T11:45:59.265+0000] {taskinstance.py:1361} INFO - Starting attempt 1 of 6
[2025-06-29T11:45:59.801+0000] {taskinstance.py:1382} INFO - Executing <Task(PostgresOperator): create_postgres_table> on 2022-01-20 00:00:00+00:00
[2025-06-29T11:45:59.930+0000] {standard_task_runner.py:57} INFO - Started process 3276 to run task
[2025-06-29T11:46:00.082+0000] {standard_task_runner.py:84} INFO - Running: ['***', 'tasks', 'run', 'dag_with_postgres_operator_v02', 'create_postgres_table', 'scheduled__2022-01-20T00:00:00+00:00', '--job-id', '305', '--raw', '--subdir', 'DAGS_FOLDER/dag_with_postgres_operator.py', '--cfg-path', '/tmp/tmp4tx8f78x']
[2025-06-29T11:46:00.206+0000] {standard_task_runner.py:85} INFO - Job 305: Subtask create_postgres_table
[2025-06-29T11:46:00.649+0000] {task_command.py:416} INFO - Running <TaskInstance: dag_with_postgres_operator_v02.create_postgres_table scheduled__2022-01-20T00:00:00+00:00 [running]> on host f561bfe7dd3a
[2025-06-29T11:46:01.022+0000] {taskinstance.py:1662} INFO - Exporting env vars: AIRFLOW_CTX_DAG_OWNER='coder2j' AIRFLOW_CTX_DAG_ID='dag_with_postgres_operator_v02' AIRFLOW_CTX_TASK_ID='create_postgres_table' AIRFLOW_CTX_EXECUTION_DATE='2022-01-20T00:00:00+00:00' AIRFLOW_CTX_TRY_NUMBER='1' AIRFLOW_CTX_DAG_RUN_ID='scheduled__2022-01-20T00:00:00+00:00'
[2025-06-29T11:46:01.023+0000] {sql.py:274} INFO - Executing: 
            create table if not exists dag_runs (
                dt date,
                dag_id character varying,
                primary key (dt, dag_id)
            )
        
[2025-06-29T11:46:01.085+0000] {base.py:73} INFO - Using connection ID 'postgres_localhost' for task execution.
[2025-06-29T11:46:01.176+0000] {base.py:73} INFO - Using connection ID 'postgres_localhost' for task execution.
[2025-06-29T11:46:01.208+0000] {sql.py:418} INFO - Running statement: 
            create table if not exists dag_runs (
                dt date,
                dag_id character varying,
                primary key (dt, dag_id)
            )
        , parameters: None
[2025-06-29T11:46:01.284+0000] {taskinstance.py:1400} INFO - Marking task as SUCCESS. dag_id=dag_with_postgres_operator_v02, task_id=create_postgres_table, execution_date=20220120T000000, start_date=20250629T114559, end_date=20250629T114601
[2025-06-29T11:46:01.507+0000] {local_task_job_runner.py:228} INFO - Task exited with return code 0
[2025-06-29T11:46:01.901+0000] {taskinstance.py:2778} INFO - 0 downstream tasks scheduled from follow-on schedule check
