[2025-06-29T15:09:08.595+0000] {taskinstance.py:1159} INFO - Dependencies all met for dep_context=non-requeueable deps ti=<TaskInstance: dag_with_python_dependencies_v01.get_sklearn scheduled__2021-10-19T00:00:00+00:00 [queued]>
[2025-06-29T15:09:08.631+0000] {taskinstance.py:1159} INFO - Dependencies all met for dep_context=requeueable deps ti=<TaskInstance: dag_with_python_dependencies_v01.get_sklearn scheduled__2021-10-19T00:00:00+00:00 [queued]>
[2025-06-29T15:09:08.632+0000] {taskinstance.py:1361} INFO - Starting attempt 1 of 1
[2025-06-29T15:09:08.669+0000] {taskinstance.py:1382} INFO - Executing <Task(PythonOperator): get_sklearn> on 2021-10-19 00:00:00+00:00
[2025-06-29T15:09:08.680+0000] {standard_task_runner.py:57} INFO - Started process 5382 to run task
[2025-06-29T15:09:08.697+0000] {standard_task_runner.py:84} INFO - Running: ['***', 'tasks', 'run', 'dag_with_python_dependencies_v01', 'get_sklearn', 'scheduled__2021-10-19T00:00:00+00:00', '--job-id', '4344', '--raw', '--subdir', 'DAGS_FOLDER/dag_with_python_dependencies.py', '--cfg-path', '/tmp/tmpkg4ty0ov']
[2025-06-29T15:09:08.712+0000] {standard_task_runner.py:85} INFO - Job 4344: Subtask get_sklearn
[2025-06-29T15:09:08.851+0000] {task_command.py:416} INFO - Running <TaskInstance: dag_with_python_dependencies_v01.get_sklearn scheduled__2021-10-19T00:00:00+00:00 [running]> on host f561bfe7dd3a
[2025-06-29T15:09:08.988+0000] {taskinstance.py:1662} INFO - Exporting env vars: AIRFLOW_CTX_DAG_OWNER='shivanshu' AIRFLOW_CTX_DAG_ID='dag_with_python_dependencies_v01' AIRFLOW_CTX_TASK_ID='get_sklearn' AIRFLOW_CTX_EXECUTION_DATE='2021-10-19T00:00:00+00:00' AIRFLOW_CTX_TRY_NUMBER='1' AIRFLOW_CTX_DAG_RUN_ID='scheduled__2021-10-19T00:00:00+00:00'
[2025-06-29T15:09:08.990+0000] {taskinstance.py:1937} ERROR - Task failed with exception
Traceback (most recent call last):
  File "/home/airflow/.local/lib/python3.8/site-packages/airflow/operators/python.py", line 192, in execute
    return_value = self.execute_callable()
  File "/home/airflow/.local/lib/python3.8/site-packages/airflow/operators/python.py", line 209, in execute_callable
    return self.python_callable(*self.op_args, **self.op_kwargs)
  File "/opt/airflow/dags/dag_with_python_dependencies.py", line 15, in get_sklearn
    import sklearn
ModuleNotFoundError: No module named 'sklearn'
[2025-06-29T15:09:09.006+0000] {taskinstance.py:1400} INFO - Marking task as FAILED. dag_id=dag_with_python_dependencies_v01, task_id=get_sklearn, execution_date=20211019T000000, start_date=20250629T150908, end_date=20250629T150909
[2025-06-29T15:09:09.030+0000] {standard_task_runner.py:104} ERROR - Failed to execute job 4344 for task get_sklearn (No module named 'sklearn'; 5382)
[2025-06-29T15:09:09.078+0000] {local_task_job_runner.py:228} INFO - Task exited with return code 1
[2025-06-29T15:09:09.106+0000] {taskinstance.py:2778} INFO - 0 downstream tasks scheduled from follow-on schedule check
