[2025-06-28T11:20:05.788+0000] {processor.py:157} INFO - Started process (PID=7539) to work on /opt/airflow/dags/dag_with_cron_expression.py
[2025-06-28T11:20:05.821+0000] {processor.py:829} INFO - Processing file /opt/airflow/dags/dag_with_cron_expression.py for tasks to queue
[2025-06-28T11:20:05.822+0000] {logging_mixin.py:151} INFO - [2025-06-28T11:20:05.822+0000] {dagbag.py:536} INFO - Filling up the DagBag from /opt/airflow/dags/dag_with_cron_expression.py
[2025-06-28T11:20:06.277+0000] {processor.py:839} INFO - DAG(s) dict_keys(['dag_with_cron_expression_s01']) retrieved from /opt/airflow/dags/dag_with_cron_expression.py
[2025-06-28T11:20:34.628+0000] {logging_mixin.py:151} INFO - [2025-06-28T11:20:34.622+0000] {manager.py:499} INFO - Created Permission View: %s
[2025-06-28T11:20:37.012+0000] {logging_mixin.py:151} INFO - [2025-06-28T11:20:37.010+0000] {manager.py:499} INFO - Created Permission View: %s
[2025-06-28T11:20:37.849+0000] {logging_mixin.py:151} INFO - [2025-06-28T11:20:37.767+0000] {manager.py:499} INFO - Created Permission View: %s
[2025-06-28T11:20:37.871+0000] {logging_mixin.py:151} INFO - [2025-06-28T11:20:37.866+0000] {dag.py:2941} INFO - Sync 1 DAGs
[2025-06-28T11:20:39.274+0000] {logging_mixin.py:151} INFO - [2025-06-28T11:20:39.263+0000] {dag.py:2963} INFO - Creating ORM DAG for dag_with_cron_expression_s01
[2025-06-28T11:20:39.987+0000] {logging_mixin.py:151} INFO - [2025-06-28T11:20:39.974+0000] {dag.py:3722} INFO - Setting next_dagrun for dag_with_cron_expression_s01 to 2021-11-01T00:00:00+00:00, run_after=2021-11-02T00:00:00+00:00
[2025-06-28T11:20:41.243+0000] {processor.py:179} INFO - Processing /opt/airflow/dags/dag_with_cron_expression.py took 35.658 seconds
[2025-06-28T11:21:12.293+0000] {processor.py:157} INFO - Started process (PID=7658) to work on /opt/airflow/dags/dag_with_cron_expression.py
[2025-06-28T11:21:12.318+0000] {processor.py:829} INFO - Processing file /opt/airflow/dags/dag_with_cron_expression.py for tasks to queue
[2025-06-28T11:21:12.320+0000] {logging_mixin.py:151} INFO - [2025-06-28T11:21:12.319+0000] {dagbag.py:536} INFO - Filling up the DagBag from /opt/airflow/dags/dag_with_cron_expression.py
[2025-06-28T11:21:12.591+0000] {processor.py:839} INFO - DAG(s) dict_keys(['dag_with_cron_expression_s01']) retrieved from /opt/airflow/dags/dag_with_cron_expression.py
[2025-06-28T11:21:15.120+0000] {logging_mixin.py:151} INFO - [2025-06-28T11:21:15.120+0000] {dag.py:2941} INFO - Sync 1 DAGs
[2025-06-28T11:21:15.412+0000] {logging_mixin.py:151} INFO - [2025-06-28T11:21:15.411+0000] {dag.py:3722} INFO - Setting next_dagrun for dag_with_cron_expression_s01 to 2025-05-01T00:00:00+00:00, run_after=2025-05-02T00:00:00+00:00
[2025-06-28T11:21:15.796+0000] {processor.py:179} INFO - Processing /opt/airflow/dags/dag_with_cron_expression.py took 3.525 seconds
[2025-06-28T11:21:46.780+0000] {processor.py:157} INFO - Started process (PID=7801) to work on /opt/airflow/dags/dag_with_cron_expression.py
[2025-06-28T11:21:46.789+0000] {processor.py:829} INFO - Processing file /opt/airflow/dags/dag_with_cron_expression.py for tasks to queue
[2025-06-28T11:21:46.790+0000] {logging_mixin.py:151} INFO - [2025-06-28T11:21:46.790+0000] {dagbag.py:536} INFO - Filling up the DagBag from /opt/airflow/dags/dag_with_cron_expression.py
[2025-06-28T11:21:46.948+0000] {processor.py:839} INFO - DAG(s) dict_keys(['dag_with_cron_expression_s01']) retrieved from /opt/airflow/dags/dag_with_cron_expression.py
[2025-06-28T11:21:47.209+0000] {logging_mixin.py:151} INFO - [2025-06-28T11:21:47.209+0000] {dag.py:2941} INFO - Sync 1 DAGs
[2025-06-28T11:21:47.902+0000] {logging_mixin.py:151} INFO - [2025-06-28T11:21:47.901+0000] {dag.py:3722} INFO - Setting next_dagrun for dag_with_cron_expression_s01 to 2025-05-19T00:00:00+00:00, run_after=2025-05-20T00:00:00+00:00
[2025-06-28T11:21:48.229+0000] {processor.py:179} INFO - Processing /opt/airflow/dags/dag_with_cron_expression.py took 1.524 seconds
[2025-06-28T11:22:19.290+0000] {processor.py:157} INFO - Started process (PID=7932) to work on /opt/airflow/dags/dag_with_cron_expression.py
[2025-06-28T11:22:19.310+0000] {processor.py:829} INFO - Processing file /opt/airflow/dags/dag_with_cron_expression.py for tasks to queue
[2025-06-28T11:22:19.313+0000] {logging_mixin.py:151} INFO - [2025-06-28T11:22:19.313+0000] {dagbag.py:536} INFO - Filling up the DagBag from /opt/airflow/dags/dag_with_cron_expression.py
[2025-06-28T11:22:19.351+0000] {processor.py:839} INFO - DAG(s) dict_keys(['dag_with_cron_expression_s01']) retrieved from /opt/airflow/dags/dag_with_cron_expression.py
[2025-06-28T11:22:19.622+0000] {logging_mixin.py:151} INFO - [2025-06-28T11:22:19.621+0000] {dag.py:2941} INFO - Sync 1 DAGs
[2025-06-28T11:22:20.297+0000] {logging_mixin.py:151} INFO - [2025-06-28T11:22:20.296+0000] {dag.py:3722} INFO - Setting next_dagrun for dag_with_cron_expression_s01 to 2025-05-30T00:00:00+00:00, run_after=2025-05-31T00:00:00+00:00
[2025-06-28T11:22:20.721+0000] {processor.py:179} INFO - Processing /opt/airflow/dags/dag_with_cron_expression.py took 1.469 seconds
[2025-06-28T11:22:52.647+0000] {processor.py:157} INFO - Started process (PID=8056) to work on /opt/airflow/dags/dag_with_cron_expression.py
[2025-06-28T11:22:52.674+0000] {processor.py:829} INFO - Processing file /opt/airflow/dags/dag_with_cron_expression.py for tasks to queue
[2025-06-28T11:22:52.696+0000] {logging_mixin.py:151} INFO - [2025-06-28T11:22:52.684+0000] {dagbag.py:536} INFO - Filling up the DagBag from /opt/airflow/dags/dag_with_cron_expression.py
[2025-06-28T11:22:53.634+0000] {processor.py:839} INFO - DAG(s) dict_keys(['dag_with_cron_expression_s01']) retrieved from /opt/airflow/dags/dag_with_cron_expression.py
[2025-06-28T11:22:54.562+0000] {logging_mixin.py:151} INFO - [2025-06-28T11:22:54.562+0000] {dag.py:2941} INFO - Sync 1 DAGs
[2025-06-28T11:22:56.537+0000] {logging_mixin.py:151} INFO - [2025-06-28T11:22:56.536+0000] {dag.py:3722} INFO - Setting next_dagrun for dag_with_cron_expression_s01 to 2025-06-11T00:00:00+00:00, run_after=2025-06-12T00:00:00+00:00
[2025-06-28T11:22:57.035+0000] {processor.py:179} INFO - Processing /opt/airflow/dags/dag_with_cron_expression.py took 4.444 seconds
[2025-06-28T11:23:28.248+0000] {processor.py:157} INFO - Started process (PID=8189) to work on /opt/airflow/dags/dag_with_cron_expression.py
[2025-06-28T11:23:28.268+0000] {processor.py:829} INFO - Processing file /opt/airflow/dags/dag_with_cron_expression.py for tasks to queue
[2025-06-28T11:23:28.270+0000] {logging_mixin.py:151} INFO - [2025-06-28T11:23:28.269+0000] {dagbag.py:536} INFO - Filling up the DagBag from /opt/airflow/dags/dag_with_cron_expression.py
[2025-06-28T11:23:28.612+0000] {processor.py:839} INFO - DAG(s) dict_keys(['dag_with_cron_expression_s01']) retrieved from /opt/airflow/dags/dag_with_cron_expression.py
[2025-06-28T11:23:29.069+0000] {logging_mixin.py:151} INFO - [2025-06-28T11:23:29.069+0000] {dag.py:2941} INFO - Sync 1 DAGs
[2025-06-28T11:23:29.865+0000] {logging_mixin.py:151} INFO - [2025-06-28T11:23:29.865+0000] {dag.py:3722} INFO - Setting next_dagrun for dag_with_cron_expression_s01 to 2025-06-23T00:00:00+00:00, run_after=2025-06-24T00:00:00+00:00
[2025-06-28T11:23:30.309+0000] {processor.py:179} INFO - Processing /opt/airflow/dags/dag_with_cron_expression.py took 2.168 seconds
[2025-06-28T11:24:00.963+0000] {processor.py:157} INFO - Started process (PID=8321) to work on /opt/airflow/dags/dag_with_cron_expression.py
[2025-06-28T11:24:00.973+0000] {processor.py:829} INFO - Processing file /opt/airflow/dags/dag_with_cron_expression.py for tasks to queue
[2025-06-28T11:24:00.975+0000] {logging_mixin.py:151} INFO - [2025-06-28T11:24:00.974+0000] {dagbag.py:536} INFO - Filling up the DagBag from /opt/airflow/dags/dag_with_cron_expression.py
[2025-06-28T11:24:01.024+0000] {processor.py:839} INFO - DAG(s) dict_keys(['dag_with_cron_expression_s01']) retrieved from /opt/airflow/dags/dag_with_cron_expression.py
[2025-06-28T11:24:01.086+0000] {logging_mixin.py:151} INFO - [2025-06-28T11:24:01.086+0000] {dag.py:2941} INFO - Sync 1 DAGs
[2025-06-28T11:24:01.133+0000] {logging_mixin.py:151} INFO - [2025-06-28T11:24:01.133+0000] {dag.py:3722} INFO - Setting next_dagrun for dag_with_cron_expression_s01 to 2025-06-28T00:00:00+00:00, run_after=2025-06-29T00:00:00+00:00
[2025-06-28T11:24:01.169+0000] {processor.py:179} INFO - Processing /opt/airflow/dags/dag_with_cron_expression.py took 0.221 seconds
[2025-06-28T11:24:31.681+0000] {processor.py:157} INFO - Started process (PID=8433) to work on /opt/airflow/dags/dag_with_cron_expression.py
[2025-06-28T11:24:31.733+0000] {processor.py:829} INFO - Processing file /opt/airflow/dags/dag_with_cron_expression.py for tasks to queue
[2025-06-28T11:24:31.752+0000] {logging_mixin.py:151} INFO - [2025-06-28T11:24:31.751+0000] {dagbag.py:536} INFO - Filling up the DagBag from /opt/airflow/dags/dag_with_cron_expression.py
[2025-06-28T11:24:32.147+0000] {processor.py:839} INFO - DAG(s) dict_keys(['dag_with_cron_expression_s01']) retrieved from /opt/airflow/dags/dag_with_cron_expression.py
[2025-06-28T11:24:32.946+0000] {logging_mixin.py:151} INFO - [2025-06-28T11:24:32.946+0000] {dag.py:2941} INFO - Sync 1 DAGs
[2025-06-28T11:24:33.525+0000] {logging_mixin.py:151} INFO - [2025-06-28T11:24:33.525+0000] {dag.py:3722} INFO - Setting next_dagrun for dag_with_cron_expression_s01 to 2025-06-28T00:00:00+00:00, run_after=2025-06-29T00:00:00+00:00
[2025-06-28T11:24:34.049+0000] {processor.py:179} INFO - Processing /opt/airflow/dags/dag_with_cron_expression.py took 2.459 seconds
[2025-06-28T11:24:41.971+0000] {processor.py:157} INFO - Started process (PID=8472) to work on /opt/airflow/dags/dag_with_cron_expression.py
[2025-06-28T11:24:41.996+0000] {processor.py:829} INFO - Processing file /opt/airflow/dags/dag_with_cron_expression.py for tasks to queue
[2025-06-28T11:24:42.025+0000] {logging_mixin.py:151} INFO - [2025-06-28T11:24:41.998+0000] {dagbag.py:536} INFO - Filling up the DagBag from /opt/airflow/dags/dag_with_cron_expression.py
[2025-06-28T11:24:42.144+0000] {processor.py:839} INFO - DAG(s) dict_keys(['dag_with_cron_expression_s01']) retrieved from /opt/airflow/dags/dag_with_cron_expression.py
[2025-06-28T11:24:48.586+0000] {logging_mixin.py:151} INFO - [2025-06-28T11:24:48.585+0000] {dag.py:2941} INFO - Sync 1 DAGs
[2025-06-28T11:24:48.980+0000] {logging_mixin.py:151} INFO - [2025-06-28T11:24:48.979+0000] {dag.py:3722} INFO - Setting next_dagrun for dag_with_cron_expression_s01 to 2025-06-28T00:00:00+00:00, run_after=2025-06-29T00:00:00+00:00
[2025-06-28T11:24:49.398+0000] {processor.py:179} INFO - Processing /opt/airflow/dags/dag_with_cron_expression.py took 7.608 seconds
[2025-06-28T11:25:01.389+0000] {processor.py:157} INFO - Started process (PID=8517) to work on /opt/airflow/dags/dag_with_cron_expression.py
[2025-06-28T11:25:01.410+0000] {processor.py:829} INFO - Processing file /opt/airflow/dags/dag_with_cron_expression.py for tasks to queue
[2025-06-28T11:25:01.442+0000] {logging_mixin.py:151} INFO - [2025-06-28T11:25:01.442+0000] {dagbag.py:536} INFO - Filling up the DagBag from /opt/airflow/dags/dag_with_cron_expression.py
[2025-06-28T11:25:01.743+0000] {processor.py:839} INFO - DAG(s) dict_keys(['dag_with_cron_expression_s01']) retrieved from /opt/airflow/dags/dag_with_cron_expression.py
[2025-06-28T11:25:02.167+0000] {logging_mixin.py:151} INFO - [2025-06-28T11:25:02.167+0000] {dag.py:2941} INFO - Sync 1 DAGs
[2025-06-28T11:25:02.840+0000] {logging_mixin.py:151} INFO - [2025-06-28T11:25:02.840+0000] {dag.py:3722} INFO - Setting next_dagrun for dag_with_cron_expression_s01 to 2025-06-28T00:00:00+00:00, run_after=2025-06-29T00:00:00+00:00
[2025-06-28T11:25:03.813+0000] {processor.py:179} INFO - Processing /opt/airflow/dags/dag_with_cron_expression.py took 2.501 seconds
[2025-06-28T11:25:05.691+0000] {processor.py:157} INFO - Started process (PID=8543) to work on /opt/airflow/dags/dag_with_cron_expression.py
[2025-06-28T11:25:05.692+0000] {processor.py:829} INFO - Processing file /opt/airflow/dags/dag_with_cron_expression.py for tasks to queue
[2025-06-28T11:25:05.741+0000] {logging_mixin.py:151} INFO - [2025-06-28T11:25:05.693+0000] {dagbag.py:536} INFO - Filling up the DagBag from /opt/airflow/dags/dag_with_cron_expression.py
[2025-06-28T11:25:05.824+0000] {logging_mixin.py:151} INFO - [2025-06-28T11:25:05.767+0000] {dagbag.py:346} ERROR - Failed to import: /opt/airflow/dags/dag_with_cron_expression.py
Traceback (most recent call last):
  File "/home/airflow/.local/lib/python3.8/site-packages/airflow/models/dagbag.py", line 342, in parse
    loader.exec_module(new_module)
  File "<frozen importlib._bootstrap_external>", line 839, in exec_module
  File "<frozen importlib._bootstrap_external>", line 976, in get_code
  File "<frozen importlib._bootstrap_external>", line 906, in source_to_code
  File "<frozen importlib._bootstrap>", line 219, in _call_with_frames_removed
  File "/opt/airflow/dags/dag_with_cron_expression.py", line 18
    sched
    ^
SyntaxError: positional argument follows keyword argument
[2025-06-28T11:25:05.828+0000] {processor.py:841} WARNING - No viable dags retrieved from /opt/airflow/dags/dag_with_cron_expression.py
[2025-06-28T11:25:06.201+0000] {processor.py:179} INFO - Processing /opt/airflow/dags/dag_with_cron_expression.py took 0.556 seconds
[2025-06-28T11:25:27.647+0000] {processor.py:157} INFO - Started process (PID=8612) to work on /opt/airflow/dags/dag_with_cron_expression.py
[2025-06-28T11:25:27.665+0000] {processor.py:829} INFO - Processing file /opt/airflow/dags/dag_with_cron_expression.py for tasks to queue
[2025-06-28T11:25:27.675+0000] {logging_mixin.py:151} INFO - [2025-06-28T11:25:27.666+0000] {dagbag.py:536} INFO - Filling up the DagBag from /opt/airflow/dags/dag_with_cron_expression.py
[2025-06-28T11:25:27.795+0000] {processor.py:839} INFO - DAG(s) dict_keys(['dag_with_cron_expression_s01']) retrieved from /opt/airflow/dags/dag_with_cron_expression.py
[2025-06-28T11:25:28.045+0000] {logging_mixin.py:151} INFO - [2025-06-28T11:25:28.045+0000] {dag.py:2941} INFO - Sync 1 DAGs
[2025-06-28T11:25:28.224+0000] {logging_mixin.py:151} INFO - [2025-06-28T11:25:28.223+0000] {dag.py:3722} INFO - Setting next_dagrun for dag_with_cron_expression_s01 to 2025-06-28T00:00:00+00:00, run_after=2025-06-29T00:00:00+00:00
[2025-06-28T11:25:28.514+0000] {processor.py:179} INFO - Processing /opt/airflow/dags/dag_with_cron_expression.py took 0.934 seconds
[2025-06-28T11:25:33.228+0000] {processor.py:157} INFO - Started process (PID=8637) to work on /opt/airflow/dags/dag_with_cron_expression.py
[2025-06-28T11:25:33.230+0000] {processor.py:829} INFO - Processing file /opt/airflow/dags/dag_with_cron_expression.py for tasks to queue
[2025-06-28T11:25:33.275+0000] {logging_mixin.py:151} INFO - [2025-06-28T11:25:33.274+0000] {dagbag.py:536} INFO - Filling up the DagBag from /opt/airflow/dags/dag_with_cron_expression.py
[2025-06-28T11:25:33.482+0000] {processor.py:839} INFO - DAG(s) dict_keys(['dag_with_cron_expression_s01']) retrieved from /opt/airflow/dags/dag_with_cron_expression.py
[2025-06-28T11:25:36.204+0000] {logging_mixin.py:151} INFO - [2025-06-28T11:25:36.204+0000] {dag.py:2941} INFO - Sync 1 DAGs
[2025-06-28T11:25:36.730+0000] {logging_mixin.py:151} INFO - [2025-06-28T11:25:36.719+0000] {dag.py:3722} INFO - Setting next_dagrun for dag_with_cron_expression_s01 to 2025-06-28T00:00:00+00:00, run_after=2025-06-29T00:00:00+00:00
[2025-06-28T11:25:37.244+0000] {processor.py:179} INFO - Processing /opt/airflow/dags/dag_with_cron_expression.py took 4.186 seconds
[2025-06-28T11:25:40.161+0000] {processor.py:157} INFO - Started process (PID=8677) to work on /opt/airflow/dags/dag_with_cron_expression.py
[2025-06-28T11:25:40.162+0000] {processor.py:829} INFO - Processing file /opt/airflow/dags/dag_with_cron_expression.py for tasks to queue
[2025-06-28T11:25:40.192+0000] {logging_mixin.py:151} INFO - [2025-06-28T11:25:40.191+0000] {dagbag.py:536} INFO - Filling up the DagBag from /opt/airflow/dags/dag_with_cron_expression.py
[2025-06-28T11:25:40.414+0000] {processor.py:839} INFO - DAG(s) dict_keys(['dag_with_cron_expression_s02']) retrieved from /opt/airflow/dags/dag_with_cron_expression.py
[2025-06-28T11:25:43.361+0000] {logging_mixin.py:151} INFO - [2025-06-28T11:25:43.360+0000] {manager.py:499} INFO - Created Permission View: %s
[2025-06-28T11:25:43.517+0000] {logging_mixin.py:151} INFO - [2025-06-28T11:25:43.516+0000] {manager.py:499} INFO - Created Permission View: %s
[2025-06-28T11:25:43.605+0000] {logging_mixin.py:151} INFO - [2025-06-28T11:25:43.604+0000] {manager.py:499} INFO - Created Permission View: %s
[2025-06-28T11:25:43.615+0000] {logging_mixin.py:151} INFO - [2025-06-28T11:25:43.607+0000] {dag.py:2941} INFO - Sync 1 DAGs
[2025-06-28T11:25:43.967+0000] {logging_mixin.py:151} INFO - [2025-06-28T11:25:43.967+0000] {dag.py:2963} INFO - Creating ORM DAG for dag_with_cron_expression_s02
[2025-06-28T11:25:44.447+0000] {logging_mixin.py:151} INFO - [2025-06-28T11:25:44.446+0000] {dag.py:3722} INFO - Setting next_dagrun for dag_with_cron_expression_s02 to 2025-05-01T00:00:00+00:00, run_after=2025-05-02T00:00:00+00:00
[2025-06-28T11:25:44.813+0000] {processor.py:179} INFO - Processing /opt/airflow/dags/dag_with_cron_expression.py took 4.715 seconds
[2025-06-28T11:26:15.524+0000] {processor.py:157} INFO - Started process (PID=8795) to work on /opt/airflow/dags/dag_with_cron_expression.py
[2025-06-28T11:26:15.540+0000] {processor.py:829} INFO - Processing file /opt/airflow/dags/dag_with_cron_expression.py for tasks to queue
[2025-06-28T11:26:15.542+0000] {logging_mixin.py:151} INFO - [2025-06-28T11:26:15.541+0000] {dagbag.py:536} INFO - Filling up the DagBag from /opt/airflow/dags/dag_with_cron_expression.py
[2025-06-28T11:26:15.801+0000] {processor.py:839} INFO - DAG(s) dict_keys(['dag_with_cron_expression_s02']) retrieved from /opt/airflow/dags/dag_with_cron_expression.py
[2025-06-28T11:26:16.229+0000] {logging_mixin.py:151} INFO - [2025-06-28T11:26:16.229+0000] {dag.py:2941} INFO - Sync 1 DAGs
[2025-06-28T11:26:16.516+0000] {logging_mixin.py:151} INFO - [2025-06-28T11:26:16.515+0000] {dag.py:3722} INFO - Setting next_dagrun for dag_with_cron_expression_s02 to 2025-05-01T00:00:00+00:00, run_after=2025-05-02T00:00:00+00:00
[2025-06-28T11:26:16.704+0000] {processor.py:179} INFO - Processing /opt/airflow/dags/dag_with_cron_expression.py took 1.235 seconds
[2025-06-28T11:27:48.782+0000] {processor.py:157} INFO - Started process (PID=8896) to work on /opt/airflow/dags/dag_with_cron_expression.py
[2025-06-28T11:27:48.976+0000] {processor.py:829} INFO - Processing file /opt/airflow/dags/dag_with_cron_expression.py for tasks to queue
[2025-06-28T11:27:49.076+0000] {logging_mixin.py:151} INFO - [2025-06-28T11:27:49.075+0000] {dagbag.py:536} INFO - Filling up the DagBag from /opt/airflow/dags/dag_with_cron_expression.py
[2025-06-28T11:27:50.727+0000] {processor.py:839} INFO - DAG(s) dict_keys(['dag_with_cron_expression_s02']) retrieved from /opt/airflow/dags/dag_with_cron_expression.py
[2025-06-28T11:27:57.138+0000] {logging_mixin.py:151} INFO - [2025-06-28T11:27:57.130+0000] {dag.py:2941} INFO - Sync 1 DAGs
[2025-06-28T11:27:59.582+0000] {logging_mixin.py:151} INFO - [2025-06-28T11:27:59.582+0000] {dag.py:3722} INFO - Setting next_dagrun for dag_with_cron_expression_s02 to 2025-05-01T00:00:00+00:00, run_after=2025-05-02T00:00:00+00:00
[2025-06-28T11:28:00.942+0000] {processor.py:179} INFO - Processing /opt/airflow/dags/dag_with_cron_expression.py took 12.581 seconds
[2025-06-28T11:29:09.846+0000] {processor.py:157} INFO - Started process (PID=8948) to work on /opt/airflow/dags/dag_with_cron_expression.py
[2025-06-28T11:29:09.950+0000] {processor.py:829} INFO - Processing file /opt/airflow/dags/dag_with_cron_expression.py for tasks to queue
[2025-06-28T11:29:10.060+0000] {logging_mixin.py:151} INFO - [2025-06-28T11:29:10.026+0000] {dagbag.py:536} INFO - Filling up the DagBag from /opt/airflow/dags/dag_with_cron_expression.py
[2025-06-28T11:29:11.326+0000] {processor.py:839} INFO - DAG(s) dict_keys(['dag_with_cron_expression_s02']) retrieved from /opt/airflow/dags/dag_with_cron_expression.py
[2025-06-28T11:29:12.877+0000] {logging_mixin.py:151} INFO - [2025-06-28T11:29:12.877+0000] {dag.py:2941} INFO - Sync 1 DAGs
[2025-06-28T11:29:13.569+0000] {logging_mixin.py:151} INFO - [2025-06-28T11:29:13.569+0000] {dag.py:3722} INFO - Setting next_dagrun for dag_with_cron_expression_s02 to 2025-05-01T00:00:00+00:00, run_after=2025-05-02T00:00:00+00:00
[2025-06-28T11:29:14.281+0000] {processor.py:179} INFO - Processing /opt/airflow/dags/dag_with_cron_expression.py took 5.352 seconds
[2025-06-28T11:29:44.898+0000] {processor.py:157} INFO - Started process (PID=9054) to work on /opt/airflow/dags/dag_with_cron_expression.py
[2025-06-28T11:29:44.908+0000] {processor.py:829} INFO - Processing file /opt/airflow/dags/dag_with_cron_expression.py for tasks to queue
[2025-06-28T11:29:44.911+0000] {logging_mixin.py:151} INFO - [2025-06-28T11:29:44.911+0000] {dagbag.py:536} INFO - Filling up the DagBag from /opt/airflow/dags/dag_with_cron_expression.py
[2025-06-28T11:29:45.108+0000] {processor.py:839} INFO - DAG(s) dict_keys(['dag_with_cron_expression_s02']) retrieved from /opt/airflow/dags/dag_with_cron_expression.py
[2025-06-28T11:29:45.473+0000] {logging_mixin.py:151} INFO - [2025-06-28T11:29:45.473+0000] {dag.py:2941} INFO - Sync 1 DAGs
[2025-06-28T11:29:45.928+0000] {logging_mixin.py:151} INFO - [2025-06-28T11:29:45.928+0000] {dag.py:3722} INFO - Setting next_dagrun for dag_with_cron_expression_s02 to 2025-05-01T00:00:00+00:00, run_after=2025-05-02T00:00:00+00:00
[2025-06-28T11:29:46.506+0000] {processor.py:179} INFO - Processing /opt/airflow/dags/dag_with_cron_expression.py took 1.629 seconds
