[2025-06-28T11:00:04.110+0000] {processor.py:157} INFO - Started process (PID=3004) to work on /opt/airflow/dags/dags_with_catchup_and_backfill.py
[2025-06-28T11:00:04.131+0000] {processor.py:829} INFO - Processing file /opt/airflow/dags/dags_with_catchup_and_backfill.py for tasks to queue
[2025-06-28T11:00:04.133+0000] {logging_mixin.py:151} INFO - [2025-06-28T11:00:04.132+0000] {dagbag.py:536} INFO - Filling up the DagBag from /opt/airflow/dags/dags_with_catchup_and_backfill.py
[2025-06-28T11:00:04.419+0000] {processor.py:839} INFO - DAG(s) dict_keys(['dag_with_catchup_backfill_v02']) retrieved from /opt/airflow/dags/dags_with_catchup_and_backfill.py
[2025-06-28T11:00:08.114+0000] {logging_mixin.py:151} INFO - [2025-06-28T11:00:08.107+0000] {manager.py:499} INFO - Created Permission View: %s
[2025-06-28T11:00:08.290+0000] {logging_mixin.py:151} INFO - [2025-06-28T11:00:08.290+0000] {manager.py:499} INFO - Created Permission View: %s
[2025-06-28T11:00:08.402+0000] {logging_mixin.py:151} INFO - [2025-06-28T11:00:08.401+0000] {manager.py:499} INFO - Created Permission View: %s
[2025-06-28T11:00:08.403+0000] {logging_mixin.py:151} INFO - [2025-06-28T11:00:08.402+0000] {dag.py:2941} INFO - Sync 1 DAGs
[2025-06-28T11:00:08.626+0000] {logging_mixin.py:151} INFO - [2025-06-28T11:00:08.626+0000] {dag.py:2963} INFO - Creating ORM DAG for dag_with_catchup_backfill_v02
[2025-06-28T11:00:08.837+0000] {logging_mixin.py:151} INFO - [2025-06-28T11:00:08.836+0000] {dag.py:3722} INFO - Setting next_dagrun for dag_with_catchup_backfill_v02 to 2025-06-27T00:00:00+00:00, run_after=2025-06-28T00:00:00+00:00
[2025-06-28T11:00:09.059+0000] {processor.py:179} INFO - Processing /opt/airflow/dags/dags_with_catchup_and_backfill.py took 5.015 seconds
[2025-06-28T11:00:39.603+0000] {processor.py:157} INFO - Started process (PID=3136) to work on /opt/airflow/dags/dags_with_catchup_and_backfill.py
[2025-06-28T11:00:39.644+0000] {processor.py:829} INFO - Processing file /opt/airflow/dags/dags_with_catchup_and_backfill.py for tasks to queue
[2025-06-28T11:00:39.646+0000] {logging_mixin.py:151} INFO - [2025-06-28T11:00:39.645+0000] {dagbag.py:536} INFO - Filling up the DagBag from /opt/airflow/dags/dags_with_catchup_and_backfill.py
[2025-06-28T11:00:39.823+0000] {processor.py:839} INFO - DAG(s) dict_keys(['dag_with_catchup_backfill_v02']) retrieved from /opt/airflow/dags/dags_with_catchup_and_backfill.py
[2025-06-28T11:00:40.514+0000] {logging_mixin.py:151} INFO - [2025-06-28T11:00:40.513+0000] {dag.py:2941} INFO - Sync 1 DAGs
[2025-06-28T11:00:41.216+0000] {logging_mixin.py:151} INFO - [2025-06-28T11:00:41.215+0000] {dag.py:3722} INFO - Setting next_dagrun for dag_with_catchup_backfill_v02 to 2025-06-27T00:00:00+00:00, run_after=2025-06-28T00:00:00+00:00
[2025-06-28T11:00:41.333+0000] {processor.py:179} INFO - Processing /opt/airflow/dags/dags_with_catchup_and_backfill.py took 1.795 seconds
[2025-06-28T11:01:11.944+0000] {processor.py:157} INFO - Started process (PID=3244) to work on /opt/airflow/dags/dags_with_catchup_and_backfill.py
[2025-06-28T11:01:12.004+0000] {processor.py:829} INFO - Processing file /opt/airflow/dags/dags_with_catchup_and_backfill.py for tasks to queue
[2025-06-28T11:01:12.007+0000] {logging_mixin.py:151} INFO - [2025-06-28T11:01:12.006+0000] {dagbag.py:536} INFO - Filling up the DagBag from /opt/airflow/dags/dags_with_catchup_and_backfill.py
[2025-06-28T11:01:12.341+0000] {processor.py:839} INFO - DAG(s) dict_keys(['dag_with_catchup_backfill_v02']) retrieved from /opt/airflow/dags/dags_with_catchup_and_backfill.py
[2025-06-28T11:01:13.216+0000] {logging_mixin.py:151} INFO - [2025-06-28T11:01:13.216+0000] {dag.py:2941} INFO - Sync 1 DAGs
[2025-06-28T11:01:13.708+0000] {logging_mixin.py:151} INFO - [2025-06-28T11:01:13.708+0000] {dag.py:3722} INFO - Setting next_dagrun for dag_with_catchup_backfill_v02 to 2025-06-27T00:00:00+00:00, run_after=2025-06-28T00:00:00+00:00
[2025-06-28T11:01:14.024+0000] {processor.py:179} INFO - Processing /opt/airflow/dags/dags_with_catchup_and_backfill.py took 2.166 seconds
[2025-06-28T11:01:18.634+0000] {processor.py:157} INFO - Started process (PID=3275) to work on /opt/airflow/dags/dags_with_catchup_and_backfill.py
[2025-06-28T11:01:18.662+0000] {processor.py:829} INFO - Processing file /opt/airflow/dags/dags_with_catchup_and_backfill.py for tasks to queue
[2025-06-28T11:01:18.688+0000] {logging_mixin.py:151} INFO - [2025-06-28T11:01:18.663+0000] {dagbag.py:536} INFO - Filling up the DagBag from /opt/airflow/dags/dags_with_catchup_and_backfill.py
[2025-06-28T11:01:19.149+0000] {processor.py:839} INFO - DAG(s) dict_keys(['dag_with_catchup_backfill_v02']) retrieved from /opt/airflow/dags/dags_with_catchup_and_backfill.py
[2025-06-28T11:01:19.683+0000] {logging_mixin.py:151} INFO - [2025-06-28T11:01:19.682+0000] {dag.py:2941} INFO - Sync 1 DAGs
[2025-06-28T11:01:20.229+0000] {logging_mixin.py:151} INFO - [2025-06-28T11:01:20.228+0000] {dag.py:3722} INFO - Setting next_dagrun for dag_with_catchup_backfill_v02 to 2025-06-27T00:00:00+00:00, run_after=2025-06-28T00:00:00+00:00
[2025-06-28T11:01:20.613+0000] {processor.py:179} INFO - Processing /opt/airflow/dags/dags_with_catchup_and_backfill.py took 2.061 seconds
[2025-06-28T11:01:23.378+0000] {processor.py:157} INFO - Started process (PID=3296) to work on /opt/airflow/dags/dags_with_catchup_and_backfill.py
[2025-06-28T11:01:23.408+0000] {processor.py:829} INFO - Processing file /opt/airflow/dags/dags_with_catchup_and_backfill.py for tasks to queue
[2025-06-28T11:01:23.428+0000] {logging_mixin.py:151} INFO - [2025-06-28T11:01:23.409+0000] {dagbag.py:536} INFO - Filling up the DagBag from /opt/airflow/dags/dags_with_catchup_and_backfill.py
[2025-06-28T11:01:23.772+0000] {processor.py:839} INFO - DAG(s) dict_keys(['dag_with_catchup_backfill_v02']) retrieved from /opt/airflow/dags/dags_with_catchup_and_backfill.py
[2025-06-28T11:01:24.673+0000] {logging_mixin.py:151} INFO - [2025-06-28T11:01:24.673+0000] {dag.py:2941} INFO - Sync 1 DAGs
[2025-06-28T11:01:25.403+0000] {logging_mixin.py:151} INFO - [2025-06-28T11:01:25.403+0000] {dag.py:3722} INFO - Setting next_dagrun for dag_with_catchup_backfill_v02 to 2025-06-27T00:00:00+00:00, run_after=2025-06-28T00:00:00+00:00
[2025-06-28T11:01:25.828+0000] {processor.py:179} INFO - Processing /opt/airflow/dags/dags_with_catchup_and_backfill.py took 2.516 seconds
[2025-06-28T11:01:27.088+0000] {processor.py:157} INFO - Started process (PID=3311) to work on /opt/airflow/dags/dags_with_catchup_and_backfill.py
[2025-06-28T11:01:27.092+0000] {processor.py:829} INFO - Processing file /opt/airflow/dags/dags_with_catchup_and_backfill.py for tasks to queue
[2025-06-28T11:01:27.113+0000] {logging_mixin.py:151} INFO - [2025-06-28T11:01:27.109+0000] {dagbag.py:536} INFO - Filling up the DagBag from /opt/airflow/dags/dags_with_catchup_and_backfill.py
[2025-06-28T11:01:27.367+0000] {processor.py:839} INFO - DAG(s) dict_keys(['dag_with_catchup_backfill_v02']) retrieved from /opt/airflow/dags/dags_with_catchup_and_backfill.py
[2025-06-28T11:01:27.652+0000] {logging_mixin.py:151} INFO - [2025-06-28T11:01:27.652+0000] {dag.py:2941} INFO - Sync 1 DAGs
[2025-06-28T11:01:27.926+0000] {logging_mixin.py:151} INFO - [2025-06-28T11:01:27.926+0000] {dag.py:3722} INFO - Setting next_dagrun for dag_with_catchup_backfill_v02 to 2025-06-27T00:00:00+00:00, run_after=2025-06-28T00:00:00+00:00
[2025-06-28T11:01:28.267+0000] {processor.py:179} INFO - Processing /opt/airflow/dags/dags_with_catchup_and_backfill.py took 1.225 seconds
[2025-06-28T11:01:30.112+0000] {processor.py:157} INFO - Started process (PID=3326) to work on /opt/airflow/dags/dags_with_catchup_and_backfill.py
[2025-06-28T11:01:30.113+0000] {processor.py:829} INFO - Processing file /opt/airflow/dags/dags_with_catchup_and_backfill.py for tasks to queue
[2025-06-28T11:01:30.120+0000] {logging_mixin.py:151} INFO - [2025-06-28T11:01:30.120+0000] {dagbag.py:536} INFO - Filling up the DagBag from /opt/airflow/dags/dags_with_catchup_and_backfill.py
[2025-06-28T11:01:30.324+0000] {processor.py:839} INFO - DAG(s) dict_keys(['dag_with_catchup_backfill_v02']) retrieved from /opt/airflow/dags/dags_with_catchup_and_backfill.py
[2025-06-28T11:01:30.747+0000] {logging_mixin.py:151} INFO - [2025-06-28T11:01:30.747+0000] {dag.py:2941} INFO - Sync 1 DAGs
[2025-06-28T11:01:31.372+0000] {logging_mixin.py:151} INFO - [2025-06-28T11:01:31.372+0000] {dag.py:3722} INFO - Setting next_dagrun for dag_with_catchup_backfill_v02 to 2025-06-27T00:00:00+00:00, run_after=2025-06-28T00:00:00+00:00
[2025-06-28T11:01:31.700+0000] {processor.py:179} INFO - Processing /opt/airflow/dags/dags_with_catchup_and_backfill.py took 1.696 seconds
[2025-06-28T11:01:33.385+0000] {processor.py:157} INFO - Started process (PID=3346) to work on /opt/airflow/dags/dags_with_catchup_and_backfill.py
[2025-06-28T11:01:33.386+0000] {processor.py:829} INFO - Processing file /opt/airflow/dags/dags_with_catchup_and_backfill.py for tasks to queue
[2025-06-28T11:01:33.401+0000] {logging_mixin.py:151} INFO - [2025-06-28T11:01:33.400+0000] {dagbag.py:536} INFO - Filling up the DagBag from /opt/airflow/dags/dags_with_catchup_and_backfill.py
[2025-06-28T11:01:33.581+0000] {processor.py:839} INFO - DAG(s) dict_keys(['dag_with_catchup_backfill_v02']) retrieved from /opt/airflow/dags/dags_with_catchup_and_backfill.py
[2025-06-28T11:01:33.925+0000] {logging_mixin.py:151} INFO - [2025-06-28T11:01:33.924+0000] {dag.py:2941} INFO - Sync 1 DAGs
[2025-06-28T11:01:34.301+0000] {logging_mixin.py:151} INFO - [2025-06-28T11:01:34.301+0000] {dag.py:3722} INFO - Setting next_dagrun for dag_with_catchup_backfill_v02 to 2025-06-27T00:00:00+00:00, run_after=2025-06-28T00:00:00+00:00
[2025-06-28T11:01:34.569+0000] {processor.py:179} INFO - Processing /opt/airflow/dags/dags_with_catchup_and_backfill.py took 1.262 seconds
[2025-06-28T11:01:39.840+0000] {processor.py:157} INFO - Started process (PID=3358) to work on /opt/airflow/dags/dags_with_catchup_and_backfill.py
[2025-06-28T11:01:39.841+0000] {processor.py:829} INFO - Processing file /opt/airflow/dags/dags_with_catchup_and_backfill.py for tasks to queue
[2025-06-28T11:01:39.846+0000] {logging_mixin.py:151} INFO - [2025-06-28T11:01:39.842+0000] {dagbag.py:536} INFO - Filling up the DagBag from /opt/airflow/dags/dags_with_catchup_and_backfill.py
[2025-06-28T11:01:39.953+0000] {processor.py:839} INFO - DAG(s) dict_keys(['dag_with_catchup_backfill_v02']) retrieved from /opt/airflow/dags/dags_with_catchup_and_backfill.py
[2025-06-28T11:01:40.205+0000] {logging_mixin.py:151} INFO - [2025-06-28T11:01:40.205+0000] {dag.py:2941} INFO - Sync 1 DAGs
[2025-06-28T11:01:40.427+0000] {logging_mixin.py:151} INFO - [2025-06-28T11:01:40.419+0000] {dag.py:3722} INFO - Setting next_dagrun for dag_with_catchup_backfill_v02 to 2025-06-27T00:00:00+00:00, run_after=2025-06-28T00:00:00+00:00
[2025-06-28T11:01:40.569+0000] {processor.py:179} INFO - Processing /opt/airflow/dags/dags_with_catchup_and_backfill.py took 0.747 seconds
[2025-06-28T11:01:43.002+0000] {processor.py:157} INFO - Started process (PID=3377) to work on /opt/airflow/dags/dags_with_catchup_and_backfill.py
[2025-06-28T11:01:43.046+0000] {processor.py:829} INFO - Processing file /opt/airflow/dags/dags_with_catchup_and_backfill.py for tasks to queue
[2025-06-28T11:01:43.087+0000] {logging_mixin.py:151} INFO - [2025-06-28T11:01:43.081+0000] {dagbag.py:536} INFO - Filling up the DagBag from /opt/airflow/dags/dags_with_catchup_and_backfill.py
[2025-06-28T11:01:43.154+0000] {processor.py:839} INFO - DAG(s) dict_keys(['dag_with_catchup_backfill_v02']) retrieved from /opt/airflow/dags/dags_with_catchup_and_backfill.py
[2025-06-28T11:01:43.287+0000] {logging_mixin.py:151} INFO - [2025-06-28T11:01:43.287+0000] {dag.py:2941} INFO - Sync 1 DAGs
[2025-06-28T11:01:43.582+0000] {logging_mixin.py:151} INFO - [2025-06-28T11:01:43.582+0000] {dag.py:3722} INFO - Setting next_dagrun for dag_with_catchup_backfill_v02 to 2025-06-27T00:00:00+00:00, run_after=2025-06-28T00:00:00+00:00
[2025-06-28T11:01:43.899+0000] {processor.py:179} INFO - Processing /opt/airflow/dags/dags_with_catchup_and_backfill.py took 0.937 seconds
[2025-06-28T11:01:47.405+0000] {processor.py:157} INFO - Started process (PID=3402) to work on /opt/airflow/dags/dags_with_catchup_and_backfill.py
[2025-06-28T11:01:47.447+0000] {processor.py:829} INFO - Processing file /opt/airflow/dags/dags_with_catchup_and_backfill.py for tasks to queue
[2025-06-28T11:01:47.462+0000] {logging_mixin.py:151} INFO - [2025-06-28T11:01:47.461+0000] {dagbag.py:536} INFO - Filling up the DagBag from /opt/airflow/dags/dags_with_catchup_and_backfill.py
[2025-06-28T11:01:47.649+0000] {processor.py:839} INFO - DAG(s) dict_keys(['dag_with_catchup_backfill_v02']) retrieved from /opt/airflow/dags/dags_with_catchup_and_backfill.py
[2025-06-28T11:01:48.232+0000] {logging_mixin.py:151} INFO - [2025-06-28T11:01:48.232+0000] {dag.py:2941} INFO - Sync 1 DAGs
[2025-06-28T11:01:48.808+0000] {logging_mixin.py:151} INFO - [2025-06-28T11:01:48.808+0000] {dag.py:3722} INFO - Setting next_dagrun for dag_with_catchup_backfill_v02 to 2025-06-27T00:00:00+00:00, run_after=2025-06-28T00:00:00+00:00
[2025-06-28T11:01:49.178+0000] {processor.py:179} INFO - Processing /opt/airflow/dags/dags_with_catchup_and_backfill.py took 1.870 seconds
[2025-06-28T11:01:51.744+0000] {processor.py:157} INFO - Started process (PID=3425) to work on /opt/airflow/dags/dags_with_catchup_and_backfill.py
[2025-06-28T11:01:51.774+0000] {processor.py:829} INFO - Processing file /opt/airflow/dags/dags_with_catchup_and_backfill.py for tasks to queue
[2025-06-28T11:01:51.782+0000] {logging_mixin.py:151} INFO - [2025-06-28T11:01:51.775+0000] {dagbag.py:536} INFO - Filling up the DagBag from /opt/airflow/dags/dags_with_catchup_and_backfill.py
[2025-06-28T11:01:52.146+0000] {processor.py:839} INFO - DAG(s) dict_keys(['dag_with_catchup_backfill_v02']) retrieved from /opt/airflow/dags/dags_with_catchup_and_backfill.py
[2025-06-28T11:01:52.943+0000] {logging_mixin.py:151} INFO - [2025-06-28T11:01:52.942+0000] {dag.py:2941} INFO - Sync 1 DAGs
[2025-06-28T11:01:53.875+0000] {logging_mixin.py:151} INFO - [2025-06-28T11:01:53.874+0000] {dag.py:3722} INFO - Setting next_dagrun for dag_with_catchup_backfill_v02 to 2025-06-27T00:00:00+00:00, run_after=2025-06-28T00:00:00+00:00
[2025-06-28T11:01:54.161+0000] {processor.py:179} INFO - Processing /opt/airflow/dags/dags_with_catchup_and_backfill.py took 2.489 seconds
[2025-06-28T11:01:55.568+0000] {processor.py:157} INFO - Started process (PID=3438) to work on /opt/airflow/dags/dags_with_catchup_and_backfill.py
[2025-06-28T11:01:55.640+0000] {processor.py:829} INFO - Processing file /opt/airflow/dags/dags_with_catchup_and_backfill.py for tasks to queue
[2025-06-28T11:01:55.731+0000] {logging_mixin.py:151} INFO - [2025-06-28T11:01:55.731+0000] {dagbag.py:536} INFO - Filling up the DagBag from /opt/airflow/dags/dags_with_catchup_and_backfill.py
[2025-06-28T11:01:56.207+0000] {processor.py:839} INFO - DAG(s) dict_keys(['dag_with_catchup_backfill_v02']) retrieved from /opt/airflow/dags/dags_with_catchup_and_backfill.py
[2025-06-28T11:01:56.781+0000] {logging_mixin.py:151} INFO - [2025-06-28T11:01:56.776+0000] {dag.py:2941} INFO - Sync 1 DAGs
[2025-06-28T11:01:57.081+0000] {logging_mixin.py:151} INFO - [2025-06-28T11:01:57.080+0000] {dag.py:3722} INFO - Setting next_dagrun for dag_with_catchup_backfill_v02 to 2025-06-27T00:00:00+00:00, run_after=2025-06-28T00:00:00+00:00
[2025-06-28T11:01:57.339+0000] {processor.py:179} INFO - Processing /opt/airflow/dags/dags_with_catchup_and_backfill.py took 2.005 seconds
[2025-06-28T11:01:59.607+0000] {processor.py:157} INFO - Started process (PID=3457) to work on /opt/airflow/dags/dags_with_catchup_and_backfill.py
[2025-06-28T11:01:59.612+0000] {processor.py:829} INFO - Processing file /opt/airflow/dags/dags_with_catchup_and_backfill.py for tasks to queue
[2025-06-28T11:01:59.617+0000] {logging_mixin.py:151} INFO - [2025-06-28T11:01:59.615+0000] {dagbag.py:536} INFO - Filling up the DagBag from /opt/airflow/dags/dags_with_catchup_and_backfill.py
[2025-06-28T11:01:59.858+0000] {processor.py:839} INFO - DAG(s) dict_keys(['dag_with_catchup_backfill_v02']) retrieved from /opt/airflow/dags/dags_with_catchup_and_backfill.py
[2025-06-28T11:02:00.319+0000] {logging_mixin.py:151} INFO - [2025-06-28T11:02:00.318+0000] {dag.py:2941} INFO - Sync 1 DAGs
[2025-06-28T11:02:00.873+0000] {logging_mixin.py:151} INFO - [2025-06-28T11:02:00.873+0000] {dag.py:3722} INFO - Setting next_dagrun for dag_with_catchup_backfill_v02 to 2025-06-27T00:00:00+00:00, run_after=2025-06-28T00:00:00+00:00
[2025-06-28T11:02:01.318+0000] {processor.py:179} INFO - Processing /opt/airflow/dags/dags_with_catchup_and_backfill.py took 1.747 seconds
[2025-06-28T11:02:02.097+0000] {processor.py:157} INFO - Started process (PID=3466) to work on /opt/airflow/dags/dags_with_catchup_and_backfill.py
[2025-06-28T11:02:02.099+0000] {processor.py:829} INFO - Processing file /opt/airflow/dags/dags_with_catchup_and_backfill.py for tasks to queue
[2025-06-28T11:02:02.100+0000] {logging_mixin.py:151} INFO - [2025-06-28T11:02:02.100+0000] {dagbag.py:536} INFO - Filling up the DagBag from /opt/airflow/dags/dags_with_catchup_and_backfill.py
[2025-06-28T11:02:02.212+0000] {processor.py:839} INFO - DAG(s) dict_keys(['dag_with_catchup_backfill_v02']) retrieved from /opt/airflow/dags/dags_with_catchup_and_backfill.py
[2025-06-28T11:02:02.485+0000] {logging_mixin.py:151} INFO - [2025-06-28T11:02:02.485+0000] {dag.py:2941} INFO - Sync 1 DAGs
[2025-06-28T11:02:02.685+0000] {logging_mixin.py:151} INFO - [2025-06-28T11:02:02.685+0000] {dag.py:3722} INFO - Setting next_dagrun for dag_with_catchup_backfill_v02 to 2025-06-27T00:00:00+00:00, run_after=2025-06-28T00:00:00+00:00
[2025-06-28T11:02:03.109+0000] {processor.py:179} INFO - Processing /opt/airflow/dags/dags_with_catchup_and_backfill.py took 1.022 seconds
[2025-06-28T11:02:03.534+0000] {processor.py:157} INFO - Started process (PID=3478) to work on /opt/airflow/dags/dags_with_catchup_and_backfill.py
[2025-06-28T11:02:03.546+0000] {processor.py:829} INFO - Processing file /opt/airflow/dags/dags_with_catchup_and_backfill.py for tasks to queue
[2025-06-28T11:02:03.551+0000] {logging_mixin.py:151} INFO - [2025-06-28T11:02:03.550+0000] {dagbag.py:536} INFO - Filling up the DagBag from /opt/airflow/dags/dags_with_catchup_and_backfill.py
[2025-06-28T11:02:03.638+0000] {processor.py:839} INFO - DAG(s) dict_keys(['dag_with_catchup_backfill_v02']) retrieved from /opt/airflow/dags/dags_with_catchup_and_backfill.py
[2025-06-28T11:02:03.729+0000] {logging_mixin.py:151} INFO - [2025-06-28T11:02:03.728+0000] {dag.py:2941} INFO - Sync 1 DAGs
[2025-06-28T11:02:03.851+0000] {logging_mixin.py:151} INFO - [2025-06-28T11:02:03.850+0000] {dag.py:3722} INFO - Setting next_dagrun for dag_with_catchup_backfill_v02 to 2025-06-27T00:00:00+00:00, run_after=2025-06-28T00:00:00+00:00
[2025-06-28T11:02:03.914+0000] {processor.py:179} INFO - Processing /opt/airflow/dags/dags_with_catchup_and_backfill.py took 0.405 seconds
[2025-06-28T11:02:05.026+0000] {processor.py:157} INFO - Started process (PID=3485) to work on /opt/airflow/dags/dags_with_catchup_and_backfill.py
[2025-06-28T11:02:05.028+0000] {processor.py:829} INFO - Processing file /opt/airflow/dags/dags_with_catchup_and_backfill.py for tasks to queue
[2025-06-28T11:02:05.030+0000] {logging_mixin.py:151} INFO - [2025-06-28T11:02:05.029+0000] {dagbag.py:536} INFO - Filling up the DagBag from /opt/airflow/dags/dags_with_catchup_and_backfill.py
[2025-06-28T11:02:05.077+0000] {processor.py:839} INFO - DAG(s) dict_keys(['dag_with_catchup_backfill_v02']) retrieved from /opt/airflow/dags/dags_with_catchup_and_backfill.py
[2025-06-28T11:02:05.130+0000] {logging_mixin.py:151} INFO - [2025-06-28T11:02:05.130+0000] {dag.py:2941} INFO - Sync 1 DAGs
[2025-06-28T11:02:05.178+0000] {logging_mixin.py:151} INFO - [2025-06-28T11:02:05.178+0000] {dag.py:3722} INFO - Setting next_dagrun for dag_with_catchup_backfill_v02 to 2025-06-27T00:00:00+00:00, run_after=2025-06-28T00:00:00+00:00
[2025-06-28T11:02:05.215+0000] {processor.py:179} INFO - Processing /opt/airflow/dags/dags_with_catchup_and_backfill.py took 0.196 seconds
[2025-06-28T11:02:06.277+0000] {processor.py:157} INFO - Started process (PID=3490) to work on /opt/airflow/dags/dags_with_catchup_and_backfill.py
[2025-06-28T11:02:06.278+0000] {processor.py:829} INFO - Processing file /opt/airflow/dags/dags_with_catchup_and_backfill.py for tasks to queue
[2025-06-28T11:02:06.280+0000] {logging_mixin.py:151} INFO - [2025-06-28T11:02:06.279+0000] {dagbag.py:536} INFO - Filling up the DagBag from /opt/airflow/dags/dags_with_catchup_and_backfill.py
[2025-06-28T11:02:06.309+0000] {processor.py:839} INFO - DAG(s) dict_keys(['dag_with_catchup_backfill_v02']) retrieved from /opt/airflow/dags/dags_with_catchup_and_backfill.py
[2025-06-28T11:02:06.357+0000] {logging_mixin.py:151} INFO - [2025-06-28T11:02:06.357+0000] {dag.py:2941} INFO - Sync 1 DAGs
[2025-06-28T11:02:06.392+0000] {logging_mixin.py:151} INFO - [2025-06-28T11:02:06.392+0000] {dag.py:3722} INFO - Setting next_dagrun for dag_with_catchup_backfill_v02 to 2025-06-27T00:00:00+00:00, run_after=2025-06-28T00:00:00+00:00
[2025-06-28T11:02:06.429+0000] {processor.py:179} INFO - Processing /opt/airflow/dags/dags_with_catchup_and_backfill.py took 0.161 seconds
[2025-06-28T11:02:07.704+0000] {processor.py:157} INFO - Started process (PID=3501) to work on /opt/airflow/dags/dags_with_catchup_and_backfill.py
[2025-06-28T11:02:07.723+0000] {processor.py:829} INFO - Processing file /opt/airflow/dags/dags_with_catchup_and_backfill.py for tasks to queue
[2025-06-28T11:02:07.724+0000] {logging_mixin.py:151} INFO - [2025-06-28T11:02:07.724+0000] {dagbag.py:536} INFO - Filling up the DagBag from /opt/airflow/dags/dags_with_catchup_and_backfill.py
[2025-06-28T11:02:07.968+0000] {processor.py:839} INFO - DAG(s) dict_keys(['dag_with_catchup_backfill_v02']) retrieved from /opt/airflow/dags/dags_with_catchup_and_backfill.py
[2025-06-28T11:02:08.268+0000] {logging_mixin.py:151} INFO - [2025-06-28T11:02:08.267+0000] {dag.py:2941} INFO - Sync 1 DAGs
[2025-06-28T11:02:08.502+0000] {logging_mixin.py:151} INFO - [2025-06-28T11:02:08.502+0000] {dag.py:3722} INFO - Setting next_dagrun for dag_with_catchup_backfill_v02 to 2025-06-27T00:00:00+00:00, run_after=2025-06-28T00:00:00+00:00
[2025-06-28T11:02:08.663+0000] {processor.py:179} INFO - Processing /opt/airflow/dags/dags_with_catchup_and_backfill.py took 1.023 seconds
[2025-06-28T11:02:12.284+0000] {processor.py:157} INFO - Started process (PID=3523) to work on /opt/airflow/dags/dags_with_catchup_and_backfill.py
[2025-06-28T11:02:12.324+0000] {processor.py:829} INFO - Processing file /opt/airflow/dags/dags_with_catchup_and_backfill.py for tasks to queue
[2025-06-28T11:02:12.325+0000] {logging_mixin.py:151} INFO - [2025-06-28T11:02:12.325+0000] {dagbag.py:536} INFO - Filling up the DagBag from /opt/airflow/dags/dags_with_catchup_and_backfill.py
[2025-06-28T11:02:12.513+0000] {processor.py:839} INFO - DAG(s) dict_keys(['dag_with_catchup_backfill_v02']) retrieved from /opt/airflow/dags/dags_with_catchup_and_backfill.py
[2025-06-28T11:02:13.029+0000] {logging_mixin.py:151} INFO - [2025-06-28T11:02:13.029+0000] {dag.py:2941} INFO - Sync 1 DAGs
[2025-06-28T11:02:13.076+0000] {logging_mixin.py:151} INFO - [2025-06-28T11:02:13.076+0000] {dag.py:3722} INFO - Setting next_dagrun for dag_with_catchup_backfill_v02 to 2025-06-27T00:00:00+00:00, run_after=2025-06-28T00:00:00+00:00
[2025-06-28T11:02:13.207+0000] {processor.py:179} INFO - Processing /opt/airflow/dags/dags_with_catchup_and_backfill.py took 1.035 seconds
[2025-06-28T11:02:14.493+0000] {processor.py:157} INFO - Started process (PID=3533) to work on /opt/airflow/dags/dags_with_catchup_and_backfill.py
[2025-06-28T11:02:14.506+0000] {processor.py:829} INFO - Processing file /opt/airflow/dags/dags_with_catchup_and_backfill.py for tasks to queue
[2025-06-28T11:02:14.507+0000] {logging_mixin.py:151} INFO - [2025-06-28T11:02:14.507+0000] {dagbag.py:536} INFO - Filling up the DagBag from /opt/airflow/dags/dags_with_catchup_and_backfill.py
[2025-06-28T11:02:14.795+0000] {processor.py:839} INFO - DAG(s) dict_keys(['dag_with_catchup_backfill_v02']) retrieved from /opt/airflow/dags/dags_with_catchup_and_backfill.py
[2025-06-28T11:02:15.299+0000] {logging_mixin.py:151} INFO - [2025-06-28T11:02:15.299+0000] {dag.py:2941} INFO - Sync 1 DAGs
[2025-06-28T11:02:15.860+0000] {logging_mixin.py:151} INFO - [2025-06-28T11:02:15.860+0000] {dag.py:3722} INFO - Setting next_dagrun for dag_with_catchup_backfill_v02 to 2025-06-27T00:00:00+00:00, run_after=2025-06-28T00:00:00+00:00
[2025-06-28T11:02:16.263+0000] {processor.py:179} INFO - Processing /opt/airflow/dags/dags_with_catchup_and_backfill.py took 1.827 seconds
[2025-06-28T11:02:20.215+0000] {processor.py:157} INFO - Started process (PID=3565) to work on /opt/airflow/dags/dags_with_catchup_and_backfill.py
[2025-06-28T11:02:20.222+0000] {processor.py:829} INFO - Processing file /opt/airflow/dags/dags_with_catchup_and_backfill.py for tasks to queue
[2025-06-28T11:02:20.254+0000] {logging_mixin.py:151} INFO - [2025-06-28T11:02:20.246+0000] {dagbag.py:536} INFO - Filling up the DagBag from /opt/airflow/dags/dags_with_catchup_and_backfill.py
[2025-06-28T11:02:20.628+0000] {processor.py:839} INFO - DAG(s) dict_keys(['dag_with_catchup_backfill_v02']) retrieved from /opt/airflow/dags/dags_with_catchup_and_backfill.py
[2025-06-28T11:02:21.173+0000] {logging_mixin.py:151} INFO - [2025-06-28T11:02:21.139+0000] {dag.py:2941} INFO - Sync 1 DAGs
[2025-06-28T11:02:21.583+0000] {logging_mixin.py:151} INFO - [2025-06-28T11:02:21.582+0000] {dag.py:3722} INFO - Setting next_dagrun for dag_with_catchup_backfill_v02 to 2025-06-27T00:00:00+00:00, run_after=2025-06-28T00:00:00+00:00
[2025-06-28T11:02:22.078+0000] {processor.py:179} INFO - Processing /opt/airflow/dags/dags_with_catchup_and_backfill.py took 2.026 seconds
[2025-06-28T11:02:25.006+0000] {processor.py:157} INFO - Started process (PID=3584) to work on /opt/airflow/dags/dags_with_catchup_and_backfill.py
[2025-06-28T11:02:25.027+0000] {processor.py:829} INFO - Processing file /opt/airflow/dags/dags_with_catchup_and_backfill.py for tasks to queue
[2025-06-28T11:02:25.038+0000] {logging_mixin.py:151} INFO - [2025-06-28T11:02:25.038+0000] {dagbag.py:536} INFO - Filling up the DagBag from /opt/airflow/dags/dags_with_catchup_and_backfill.py
[2025-06-28T11:02:25.187+0000] {processor.py:839} INFO - DAG(s) dict_keys(['dag_with_catchup_backfill_v02']) retrieved from /opt/airflow/dags/dags_with_catchup_and_backfill.py
[2025-06-28T11:02:25.705+0000] {logging_mixin.py:151} INFO - [2025-06-28T11:02:25.704+0000] {dag.py:2941} INFO - Sync 1 DAGs
[2025-06-28T11:02:26.074+0000] {logging_mixin.py:151} INFO - [2025-06-28T11:02:26.074+0000] {dag.py:3722} INFO - Setting next_dagrun for dag_with_catchup_backfill_v02 to 2025-06-27T00:00:00+00:00, run_after=2025-06-28T00:00:00+00:00
[2025-06-28T11:02:26.469+0000] {processor.py:179} INFO - Processing /opt/airflow/dags/dags_with_catchup_and_backfill.py took 1.582 seconds
[2025-06-28T11:02:56.889+0000] {processor.py:157} INFO - Started process (PID=3684) to work on /opt/airflow/dags/dags_with_catchup_and_backfill.py
[2025-06-28T11:02:56.900+0000] {processor.py:829} INFO - Processing file /opt/airflow/dags/dags_with_catchup_and_backfill.py for tasks to queue
[2025-06-28T11:02:56.902+0000] {logging_mixin.py:151} INFO - [2025-06-28T11:02:56.901+0000] {dagbag.py:536} INFO - Filling up the DagBag from /opt/airflow/dags/dags_with_catchup_and_backfill.py
[2025-06-28T11:02:56.930+0000] {processor.py:839} INFO - DAG(s) dict_keys(['dag_with_catchup_backfill_v02']) retrieved from /opt/airflow/dags/dags_with_catchup_and_backfill.py
[2025-06-28T11:02:57.004+0000] {logging_mixin.py:151} INFO - [2025-06-28T11:02:57.004+0000] {dag.py:2941} INFO - Sync 1 DAGs
[2025-06-28T11:02:57.070+0000] {logging_mixin.py:151} INFO - [2025-06-28T11:02:57.070+0000] {dag.py:3722} INFO - Setting next_dagrun for dag_with_catchup_backfill_v02 to 2025-06-27T00:00:00+00:00, run_after=2025-06-28T00:00:00+00:00
[2025-06-28T11:02:57.108+0000] {processor.py:179} INFO - Processing /opt/airflow/dags/dags_with_catchup_and_backfill.py took 0.226 seconds
[2025-06-28T11:03:27.597+0000] {processor.py:157} INFO - Started process (PID=3812) to work on /opt/airflow/dags/dags_with_catchup_and_backfill.py
[2025-06-28T11:03:27.628+0000] {processor.py:829} INFO - Processing file /opt/airflow/dags/dags_with_catchup_and_backfill.py for tasks to queue
[2025-06-28T11:03:27.663+0000] {logging_mixin.py:151} INFO - [2025-06-28T11:03:27.662+0000] {dagbag.py:536} INFO - Filling up the DagBag from /opt/airflow/dags/dags_with_catchup_and_backfill.py
[2025-06-28T11:03:27.936+0000] {processor.py:839} INFO - DAG(s) dict_keys(['dag_with_catchup_backfill_v02']) retrieved from /opt/airflow/dags/dags_with_catchup_and_backfill.py
[2025-06-28T11:03:28.441+0000] {logging_mixin.py:151} INFO - [2025-06-28T11:03:28.441+0000] {dag.py:2941} INFO - Sync 1 DAGs
[2025-06-28T11:03:28.880+0000] {logging_mixin.py:151} INFO - [2025-06-28T11:03:28.879+0000] {dag.py:3722} INFO - Setting next_dagrun for dag_with_catchup_backfill_v02 to 2025-06-27T00:00:00+00:00, run_after=2025-06-28T00:00:00+00:00
[2025-06-28T11:03:29.273+0000] {processor.py:179} INFO - Processing /opt/airflow/dags/dags_with_catchup_and_backfill.py took 1.739 seconds
[2025-06-28T11:04:00.048+0000] {processor.py:157} INFO - Started process (PID=3937) to work on /opt/airflow/dags/dags_with_catchup_and_backfill.py
[2025-06-28T11:04:00.063+0000] {processor.py:829} INFO - Processing file /opt/airflow/dags/dags_with_catchup_and_backfill.py for tasks to queue
[2025-06-28T11:04:00.074+0000] {logging_mixin.py:151} INFO - [2025-06-28T11:04:00.073+0000] {dagbag.py:536} INFO - Filling up the DagBag from /opt/airflow/dags/dags_with_catchup_and_backfill.py
[2025-06-28T11:04:00.169+0000] {processor.py:839} INFO - DAG(s) dict_keys(['dag_with_catchup_backfill_v02']) retrieved from /opt/airflow/dags/dags_with_catchup_and_backfill.py
[2025-06-28T11:04:00.322+0000] {logging_mixin.py:151} INFO - [2025-06-28T11:04:00.321+0000] {dag.py:2941} INFO - Sync 1 DAGs
[2025-06-28T11:04:00.425+0000] {logging_mixin.py:151} INFO - [2025-06-28T11:04:00.425+0000] {dag.py:3722} INFO - Setting next_dagrun for dag_with_catchup_backfill_v02 to 2025-06-27T00:00:00+00:00, run_after=2025-06-28T00:00:00+00:00
[2025-06-28T11:04:00.534+0000] {processor.py:179} INFO - Processing /opt/airflow/dags/dags_with_catchup_and_backfill.py took 0.519 seconds
[2025-06-28T11:04:31.125+0000] {processor.py:157} INFO - Started process (PID=4060) to work on /opt/airflow/dags/dags_with_catchup_and_backfill.py
[2025-06-28T11:04:31.167+0000] {processor.py:829} INFO - Processing file /opt/airflow/dags/dags_with_catchup_and_backfill.py for tasks to queue
[2025-06-28T11:04:31.178+0000] {logging_mixin.py:151} INFO - [2025-06-28T11:04:31.177+0000] {dagbag.py:536} INFO - Filling up the DagBag from /opt/airflow/dags/dags_with_catchup_and_backfill.py
[2025-06-28T11:04:31.431+0000] {processor.py:839} INFO - DAG(s) dict_keys(['dag_with_catchup_backfill_v02']) retrieved from /opt/airflow/dags/dags_with_catchup_and_backfill.py
[2025-06-28T11:04:31.841+0000] {logging_mixin.py:151} INFO - [2025-06-28T11:04:31.840+0000] {dag.py:2941} INFO - Sync 1 DAGs
[2025-06-28T11:04:32.208+0000] {logging_mixin.py:151} INFO - [2025-06-28T11:04:32.208+0000] {dag.py:3722} INFO - Setting next_dagrun for dag_with_catchup_backfill_v02 to 2025-06-27T00:00:00+00:00, run_after=2025-06-28T00:00:00+00:00
[2025-06-28T11:04:32.542+0000] {processor.py:179} INFO - Processing /opt/airflow/dags/dags_with_catchup_and_backfill.py took 1.512 seconds
[2025-06-28T11:05:04.073+0000] {processor.py:157} INFO - Started process (PID=4185) to work on /opt/airflow/dags/dags_with_catchup_and_backfill.py
[2025-06-28T11:05:04.086+0000] {processor.py:829} INFO - Processing file /opt/airflow/dags/dags_with_catchup_and_backfill.py for tasks to queue
[2025-06-28T11:05:04.090+0000] {logging_mixin.py:151} INFO - [2025-06-28T11:05:04.089+0000] {dagbag.py:536} INFO - Filling up the DagBag from /opt/airflow/dags/dags_with_catchup_and_backfill.py
[2025-06-28T11:05:04.338+0000] {processor.py:839} INFO - DAG(s) dict_keys(['dag_with_catchup_backfill_v02']) retrieved from /opt/airflow/dags/dags_with_catchup_and_backfill.py
[2025-06-28T11:05:04.591+0000] {logging_mixin.py:151} INFO - [2025-06-28T11:05:04.591+0000] {dag.py:2941} INFO - Sync 1 DAGs
[2025-06-28T11:05:04.991+0000] {logging_mixin.py:151} INFO - [2025-06-28T11:05:04.988+0000] {dag.py:3722} INFO - Setting next_dagrun for dag_with_catchup_backfill_v02 to 2025-06-27T00:00:00+00:00, run_after=2025-06-28T00:00:00+00:00
[2025-06-28T11:05:05.256+0000] {processor.py:179} INFO - Processing /opt/airflow/dags/dags_with_catchup_and_backfill.py took 1.238 seconds
[2025-06-28T11:05:35.886+0000] {processor.py:157} INFO - Started process (PID=4306) to work on /opt/airflow/dags/dags_with_catchup_and_backfill.py
[2025-06-28T11:05:35.887+0000] {processor.py:829} INFO - Processing file /opt/airflow/dags/dags_with_catchup_and_backfill.py for tasks to queue
[2025-06-28T11:05:35.888+0000] {logging_mixin.py:151} INFO - [2025-06-28T11:05:35.888+0000] {dagbag.py:536} INFO - Filling up the DagBag from /opt/airflow/dags/dags_with_catchup_and_backfill.py
[2025-06-28T11:05:35.913+0000] {processor.py:839} INFO - DAG(s) dict_keys(['dag_with_catchup_backfill_v02']) retrieved from /opt/airflow/dags/dags_with_catchup_and_backfill.py
[2025-06-28T11:05:35.964+0000] {logging_mixin.py:151} INFO - [2025-06-28T11:05:35.964+0000] {dag.py:2941} INFO - Sync 1 DAGs
[2025-06-28T11:05:36.001+0000] {logging_mixin.py:151} INFO - [2025-06-28T11:05:36.000+0000] {dag.py:3722} INFO - Setting next_dagrun for dag_with_catchup_backfill_v02 to 2025-06-27T00:00:00+00:00, run_after=2025-06-28T00:00:00+00:00
[2025-06-28T11:05:36.040+0000] {processor.py:179} INFO - Processing /opt/airflow/dags/dags_with_catchup_and_backfill.py took 0.160 seconds
[2025-06-28T11:06:06.483+0000] {processor.py:157} INFO - Started process (PID=4432) to work on /opt/airflow/dags/dags_with_catchup_and_backfill.py
[2025-06-28T11:06:06.542+0000] {processor.py:829} INFO - Processing file /opt/airflow/dags/dags_with_catchup_and_backfill.py for tasks to queue
[2025-06-28T11:06:06.543+0000] {logging_mixin.py:151} INFO - [2025-06-28T11:06:06.542+0000] {dagbag.py:536} INFO - Filling up the DagBag from /opt/airflow/dags/dags_with_catchup_and_backfill.py
[2025-06-28T11:06:06.798+0000] {processor.py:839} INFO - DAG(s) dict_keys(['dag_with_catchup_backfill_v02']) retrieved from /opt/airflow/dags/dags_with_catchup_and_backfill.py
[2025-06-28T11:06:07.240+0000] {logging_mixin.py:151} INFO - [2025-06-28T11:06:07.240+0000] {dag.py:2941} INFO - Sync 1 DAGs
[2025-06-28T11:06:07.583+0000] {logging_mixin.py:151} INFO - [2025-06-28T11:06:07.583+0000] {dag.py:3722} INFO - Setting next_dagrun for dag_with_catchup_backfill_v02 to 2025-06-27T00:00:00+00:00, run_after=2025-06-28T00:00:00+00:00
[2025-06-28T11:06:07.853+0000] {processor.py:179} INFO - Processing /opt/airflow/dags/dags_with_catchup_and_backfill.py took 1.396 seconds
[2025-06-28T11:06:38.284+0000] {processor.py:157} INFO - Started process (PID=4559) to work on /opt/airflow/dags/dags_with_catchup_and_backfill.py
[2025-06-28T11:06:38.317+0000] {processor.py:829} INFO - Processing file /opt/airflow/dags/dags_with_catchup_and_backfill.py for tasks to queue
[2025-06-28T11:06:38.327+0000] {logging_mixin.py:151} INFO - [2025-06-28T11:06:38.327+0000] {dagbag.py:536} INFO - Filling up the DagBag from /opt/airflow/dags/dags_with_catchup_and_backfill.py
[2025-06-28T11:06:38.556+0000] {processor.py:839} INFO - DAG(s) dict_keys(['dag_with_catchup_backfill_v02']) retrieved from /opt/airflow/dags/dags_with_catchup_and_backfill.py
[2025-06-28T11:06:39.025+0000] {logging_mixin.py:151} INFO - [2025-06-28T11:06:39.025+0000] {dag.py:2941} INFO - Sync 1 DAGs
[2025-06-28T11:06:39.493+0000] {logging_mixin.py:151} INFO - [2025-06-28T11:06:39.493+0000] {dag.py:3722} INFO - Setting next_dagrun for dag_with_catchup_backfill_v02 to 2025-06-27T00:00:00+00:00, run_after=2025-06-28T00:00:00+00:00
[2025-06-28T11:06:39.876+0000] {processor.py:179} INFO - Processing /opt/airflow/dags/dags_with_catchup_and_backfill.py took 1.633 seconds
[2025-06-28T11:07:11.041+0000] {processor.py:157} INFO - Started process (PID=4684) to work on /opt/airflow/dags/dags_with_catchup_and_backfill.py
[2025-06-28T11:07:11.074+0000] {processor.py:829} INFO - Processing file /opt/airflow/dags/dags_with_catchup_and_backfill.py for tasks to queue
[2025-06-28T11:07:11.109+0000] {logging_mixin.py:151} INFO - [2025-06-28T11:07:11.076+0000] {dagbag.py:536} INFO - Filling up the DagBag from /opt/airflow/dags/dags_with_catchup_and_backfill.py
[2025-06-28T11:07:11.429+0000] {processor.py:839} INFO - DAG(s) dict_keys(['dag_with_catchup_backfill_v02']) retrieved from /opt/airflow/dags/dags_with_catchup_and_backfill.py
[2025-06-28T11:07:12.123+0000] {logging_mixin.py:151} INFO - [2025-06-28T11:07:12.123+0000] {dag.py:2941} INFO - Sync 1 DAGs
[2025-06-28T11:07:12.533+0000] {logging_mixin.py:151} INFO - [2025-06-28T11:07:12.532+0000] {dag.py:3722} INFO - Setting next_dagrun for dag_with_catchup_backfill_v02 to 2025-06-27T00:00:00+00:00, run_after=2025-06-28T00:00:00+00:00
[2025-06-28T11:07:12.991+0000] {processor.py:179} INFO - Processing /opt/airflow/dags/dags_with_catchup_and_backfill.py took 2.042 seconds
[2025-06-28T11:07:44.094+0000] {processor.py:157} INFO - Started process (PID=4814) to work on /opt/airflow/dags/dags_with_catchup_and_backfill.py
[2025-06-28T11:07:44.101+0000] {processor.py:829} INFO - Processing file /opt/airflow/dags/dags_with_catchup_and_backfill.py for tasks to queue
[2025-06-28T11:07:44.116+0000] {logging_mixin.py:151} INFO - [2025-06-28T11:07:44.115+0000] {dagbag.py:536} INFO - Filling up the DagBag from /opt/airflow/dags/dags_with_catchup_and_backfill.py
[2025-06-28T11:07:44.324+0000] {processor.py:839} INFO - DAG(s) dict_keys(['dag_with_catchup_backfill_v02']) retrieved from /opt/airflow/dags/dags_with_catchup_and_backfill.py
[2025-06-28T11:07:44.502+0000] {logging_mixin.py:151} INFO - [2025-06-28T11:07:44.502+0000] {dag.py:2941} INFO - Sync 1 DAGs
[2025-06-28T11:07:44.657+0000] {logging_mixin.py:151} INFO - [2025-06-28T11:07:44.650+0000] {dag.py:3722} INFO - Setting next_dagrun for dag_with_catchup_backfill_v02 to 2025-06-27T00:00:00+00:00, run_after=2025-06-28T00:00:00+00:00
[2025-06-28T11:07:44.783+0000] {processor.py:179} INFO - Processing /opt/airflow/dags/dags_with_catchup_and_backfill.py took 0.764 seconds
[2025-06-28T11:08:15.924+0000] {processor.py:157} INFO - Started process (PID=4947) to work on /opt/airflow/dags/dags_with_catchup_and_backfill.py
[2025-06-28T11:08:15.960+0000] {processor.py:829} INFO - Processing file /opt/airflow/dags/dags_with_catchup_and_backfill.py for tasks to queue
[2025-06-28T11:08:15.970+0000] {logging_mixin.py:151} INFO - [2025-06-28T11:08:15.961+0000] {dagbag.py:536} INFO - Filling up the DagBag from /opt/airflow/dags/dags_with_catchup_and_backfill.py
[2025-06-28T11:08:16.196+0000] {processor.py:839} INFO - DAG(s) dict_keys(['dag_with_catchup_backfill_v02']) retrieved from /opt/airflow/dags/dags_with_catchup_and_backfill.py
[2025-06-28T11:08:16.552+0000] {logging_mixin.py:151} INFO - [2025-06-28T11:08:16.551+0000] {dag.py:2941} INFO - Sync 1 DAGs
[2025-06-28T11:08:17.414+0000] {logging_mixin.py:151} INFO - [2025-06-28T11:08:17.414+0000] {dag.py:3722} INFO - Setting next_dagrun for dag_with_catchup_backfill_v02 to 2025-06-27T00:00:00+00:00, run_after=2025-06-28T00:00:00+00:00
[2025-06-28T11:08:17.801+0000] {processor.py:179} INFO - Processing /opt/airflow/dags/dags_with_catchup_and_backfill.py took 1.511 seconds
[2025-06-28T11:08:48.922+0000] {processor.py:157} INFO - Started process (PID=5070) to work on /opt/airflow/dags/dags_with_catchup_and_backfill.py
[2025-06-28T11:08:48.923+0000] {processor.py:829} INFO - Processing file /opt/airflow/dags/dags_with_catchup_and_backfill.py for tasks to queue
[2025-06-28T11:08:48.945+0000] {logging_mixin.py:151} INFO - [2025-06-28T11:08:48.944+0000] {dagbag.py:536} INFO - Filling up the DagBag from /opt/airflow/dags/dags_with_catchup_and_backfill.py
[2025-06-28T11:08:49.153+0000] {processor.py:839} INFO - DAG(s) dict_keys(['dag_with_catchup_backfill_v02']) retrieved from /opt/airflow/dags/dags_with_catchup_and_backfill.py
[2025-06-28T11:08:49.607+0000] {logging_mixin.py:151} INFO - [2025-06-28T11:08:49.607+0000] {dag.py:2941} INFO - Sync 1 DAGs
[2025-06-28T11:08:49.989+0000] {logging_mixin.py:151} INFO - [2025-06-28T11:08:49.989+0000] {dag.py:3722} INFO - Setting next_dagrun for dag_with_catchup_backfill_v02 to 2025-06-27T00:00:00+00:00, run_after=2025-06-28T00:00:00+00:00
[2025-06-28T11:08:50.244+0000] {processor.py:179} INFO - Processing /opt/airflow/dags/dags_with_catchup_and_backfill.py took 1.382 seconds
[2025-06-28T11:09:21.008+0000] {processor.py:157} INFO - Started process (PID=5199) to work on /opt/airflow/dags/dags_with_catchup_and_backfill.py
[2025-06-28T11:09:21.038+0000] {processor.py:829} INFO - Processing file /opt/airflow/dags/dags_with_catchup_and_backfill.py for tasks to queue
[2025-06-28T11:09:21.040+0000] {logging_mixin.py:151} INFO - [2025-06-28T11:09:21.039+0000] {dagbag.py:536} INFO - Filling up the DagBag from /opt/airflow/dags/dags_with_catchup_and_backfill.py
[2025-06-28T11:09:21.526+0000] {processor.py:839} INFO - DAG(s) dict_keys(['dag_with_catchup_backfill_v02']) retrieved from /opt/airflow/dags/dags_with_catchup_and_backfill.py
[2025-06-28T11:09:22.590+0000] {logging_mixin.py:151} INFO - [2025-06-28T11:09:22.590+0000] {dag.py:2941} INFO - Sync 1 DAGs
[2025-06-28T11:09:22.799+0000] {logging_mixin.py:151} INFO - [2025-06-28T11:09:22.798+0000] {dag.py:3722} INFO - Setting next_dagrun for dag_with_catchup_backfill_v02 to 2025-06-27T00:00:00+00:00, run_after=2025-06-28T00:00:00+00:00
[2025-06-28T11:09:23.323+0000] {processor.py:179} INFO - Processing /opt/airflow/dags/dags_with_catchup_and_backfill.py took 2.435 seconds
[2025-06-28T11:09:53.992+0000] {processor.py:157} INFO - Started process (PID=5318) to work on /opt/airflow/dags/dags_with_catchup_and_backfill.py
[2025-06-28T11:09:53.999+0000] {processor.py:829} INFO - Processing file /opt/airflow/dags/dags_with_catchup_and_backfill.py for tasks to queue
[2025-06-28T11:09:54.005+0000] {logging_mixin.py:151} INFO - [2025-06-28T11:09:54.004+0000] {dagbag.py:536} INFO - Filling up the DagBag from /opt/airflow/dags/dags_with_catchup_and_backfill.py
[2025-06-28T11:09:54.059+0000] {processor.py:839} INFO - DAG(s) dict_keys(['dag_with_catchup_backfill_v02']) retrieved from /opt/airflow/dags/dags_with_catchup_and_backfill.py
[2025-06-28T11:09:54.163+0000] {logging_mixin.py:151} INFO - [2025-06-28T11:09:54.163+0000] {dag.py:2941} INFO - Sync 1 DAGs
[2025-06-28T11:09:54.212+0000] {logging_mixin.py:151} INFO - [2025-06-28T11:09:54.211+0000] {dag.py:3722} INFO - Setting next_dagrun for dag_with_catchup_backfill_v02 to 2025-06-27T00:00:00+00:00, run_after=2025-06-28T00:00:00+00:00
[2025-06-28T11:09:54.266+0000] {processor.py:179} INFO - Processing /opt/airflow/dags/dags_with_catchup_and_backfill.py took 0.306 seconds
[2025-06-28T11:10:24.761+0000] {processor.py:157} INFO - Started process (PID=5436) to work on /opt/airflow/dags/dags_with_catchup_and_backfill.py
[2025-06-28T11:10:24.762+0000] {processor.py:829} INFO - Processing file /opt/airflow/dags/dags_with_catchup_and_backfill.py for tasks to queue
[2025-06-28T11:10:24.827+0000] {logging_mixin.py:151} INFO - [2025-06-28T11:10:24.824+0000] {dagbag.py:536} INFO - Filling up the DagBag from /opt/airflow/dags/dags_with_catchup_and_backfill.py
[2025-06-28T11:10:25.185+0000] {processor.py:839} INFO - DAG(s) dict_keys(['dag_with_catchup_backfill_v02']) retrieved from /opt/airflow/dags/dags_with_catchup_and_backfill.py
[2025-06-28T11:10:25.477+0000] {logging_mixin.py:151} INFO - [2025-06-28T11:10:25.477+0000] {dag.py:2941} INFO - Sync 1 DAGs
[2025-06-28T11:10:25.877+0000] {logging_mixin.py:151} INFO - [2025-06-28T11:10:25.877+0000] {dag.py:3722} INFO - Setting next_dagrun for dag_with_catchup_backfill_v02 to 2025-06-27T00:00:00+00:00, run_after=2025-06-28T00:00:00+00:00
[2025-06-28T11:10:26.148+0000] {processor.py:179} INFO - Processing /opt/airflow/dags/dags_with_catchup_and_backfill.py took 1.514 seconds
[2025-06-28T11:10:56.970+0000] {processor.py:157} INFO - Started process (PID=5552) to work on /opt/airflow/dags/dags_with_catchup_and_backfill.py
[2025-06-28T11:10:56.978+0000] {processor.py:829} INFO - Processing file /opt/airflow/dags/dags_with_catchup_and_backfill.py for tasks to queue
[2025-06-28T11:10:57.004+0000] {logging_mixin.py:151} INFO - [2025-06-28T11:10:57.004+0000] {dagbag.py:536} INFO - Filling up the DagBag from /opt/airflow/dags/dags_with_catchup_and_backfill.py
[2025-06-28T11:10:57.308+0000] {processor.py:839} INFO - DAG(s) dict_keys(['dag_with_catchup_backfill_v02']) retrieved from /opt/airflow/dags/dags_with_catchup_and_backfill.py
[2025-06-28T11:10:57.760+0000] {logging_mixin.py:151} INFO - [2025-06-28T11:10:57.760+0000] {dag.py:2941} INFO - Sync 1 DAGs
[2025-06-28T11:10:58.068+0000] {logging_mixin.py:151} INFO - [2025-06-28T11:10:58.068+0000] {dag.py:3722} INFO - Setting next_dagrun for dag_with_catchup_backfill_v02 to 2025-06-27T00:00:00+00:00, run_after=2025-06-28T00:00:00+00:00
[2025-06-28T11:10:58.250+0000] {processor.py:179} INFO - Processing /opt/airflow/dags/dags_with_catchup_and_backfill.py took 1.387 seconds
[2025-06-28T11:11:28.915+0000] {processor.py:157} INFO - Started process (PID=5672) to work on /opt/airflow/dags/dags_with_catchup_and_backfill.py
[2025-06-28T11:11:28.916+0000] {processor.py:829} INFO - Processing file /opt/airflow/dags/dags_with_catchup_and_backfill.py for tasks to queue
[2025-06-28T11:11:28.917+0000] {logging_mixin.py:151} INFO - [2025-06-28T11:11:28.917+0000] {dagbag.py:536} INFO - Filling up the DagBag from /opt/airflow/dags/dags_with_catchup_and_backfill.py
[2025-06-28T11:11:28.942+0000] {processor.py:839} INFO - DAG(s) dict_keys(['dag_with_catchup_backfill_v02']) retrieved from /opt/airflow/dags/dags_with_catchup_and_backfill.py
[2025-06-28T11:11:28.989+0000] {logging_mixin.py:151} INFO - [2025-06-28T11:11:28.989+0000] {dag.py:2941} INFO - Sync 1 DAGs
[2025-06-28T11:11:29.028+0000] {logging_mixin.py:151} INFO - [2025-06-28T11:11:29.028+0000] {dag.py:3722} INFO - Setting next_dagrun for dag_with_catchup_backfill_v02 to 2025-06-27T00:00:00+00:00, run_after=2025-06-28T00:00:00+00:00
[2025-06-28T11:11:29.063+0000] {processor.py:179} INFO - Processing /opt/airflow/dags/dags_with_catchup_and_backfill.py took 0.157 seconds
[2025-06-28T11:11:59.776+0000] {processor.py:157} INFO - Started process (PID=5798) to work on /opt/airflow/dags/dags_with_catchup_and_backfill.py
[2025-06-28T11:11:59.800+0000] {processor.py:829} INFO - Processing file /opt/airflow/dags/dags_with_catchup_and_backfill.py for tasks to queue
[2025-06-28T11:11:59.802+0000] {logging_mixin.py:151} INFO - [2025-06-28T11:11:59.802+0000] {dagbag.py:536} INFO - Filling up the DagBag from /opt/airflow/dags/dags_with_catchup_and_backfill.py
[2025-06-28T11:12:00.061+0000] {processor.py:839} INFO - DAG(s) dict_keys(['dag_with_catchup_backfill_v02']) retrieved from /opt/airflow/dags/dags_with_catchup_and_backfill.py
[2025-06-28T11:12:00.517+0000] {logging_mixin.py:151} INFO - [2025-06-28T11:12:00.517+0000] {dag.py:2941} INFO - Sync 1 DAGs
[2025-06-28T11:12:01.074+0000] {logging_mixin.py:151} INFO - [2025-06-28T11:12:01.073+0000] {dag.py:3722} INFO - Setting next_dagrun for dag_with_catchup_backfill_v02 to 2025-06-27T00:00:00+00:00, run_after=2025-06-28T00:00:00+00:00
[2025-06-28T11:12:01.578+0000] {processor.py:179} INFO - Processing /opt/airflow/dags/dags_with_catchup_and_backfill.py took 1.895 seconds
[2025-06-28T11:12:32.793+0000] {processor.py:157} INFO - Started process (PID=5918) to work on /opt/airflow/dags/dags_with_catchup_and_backfill.py
[2025-06-28T11:12:32.794+0000] {processor.py:829} INFO - Processing file /opt/airflow/dags/dags_with_catchup_and_backfill.py for tasks to queue
[2025-06-28T11:12:32.796+0000] {logging_mixin.py:151} INFO - [2025-06-28T11:12:32.795+0000] {dagbag.py:536} INFO - Filling up the DagBag from /opt/airflow/dags/dags_with_catchup_and_backfill.py
[2025-06-28T11:12:33.228+0000] {processor.py:839} INFO - DAG(s) dict_keys(['dag_with_catchup_backfill_v02']) retrieved from /opt/airflow/dags/dags_with_catchup_and_backfill.py
[2025-06-28T11:12:33.495+0000] {logging_mixin.py:151} INFO - [2025-06-28T11:12:33.494+0000] {dag.py:2941} INFO - Sync 1 DAGs
[2025-06-28T11:12:33.803+0000] {logging_mixin.py:151} INFO - [2025-06-28T11:12:33.802+0000] {dag.py:3722} INFO - Setting next_dagrun for dag_with_catchup_backfill_v02 to 2025-06-27T00:00:00+00:00, run_after=2025-06-28T00:00:00+00:00
[2025-06-28T11:12:34.078+0000] {processor.py:179} INFO - Processing /opt/airflow/dags/dags_with_catchup_and_backfill.py took 1.363 seconds
[2025-06-28T11:13:05.034+0000] {processor.py:157} INFO - Started process (PID=6046) to work on /opt/airflow/dags/dags_with_catchup_and_backfill.py
[2025-06-28T11:13:05.084+0000] {processor.py:829} INFO - Processing file /opt/airflow/dags/dags_with_catchup_and_backfill.py for tasks to queue
[2025-06-28T11:13:05.118+0000] {logging_mixin.py:151} INFO - [2025-06-28T11:13:05.111+0000] {dagbag.py:536} INFO - Filling up the DagBag from /opt/airflow/dags/dags_with_catchup_and_backfill.py
[2025-06-28T11:13:05.345+0000] {processor.py:839} INFO - DAG(s) dict_keys(['dag_with_catchup_backfill_v02']) retrieved from /opt/airflow/dags/dags_with_catchup_and_backfill.py
[2025-06-28T11:13:05.701+0000] {logging_mixin.py:151} INFO - [2025-06-28T11:13:05.701+0000] {dag.py:2941} INFO - Sync 1 DAGs
[2025-06-28T11:13:06.006+0000] {logging_mixin.py:151} INFO - [2025-06-28T11:13:06.005+0000] {dag.py:3722} INFO - Setting next_dagrun for dag_with_catchup_backfill_v02 to 2025-06-27T00:00:00+00:00, run_after=2025-06-28T00:00:00+00:00
[2025-06-28T11:13:06.410+0000] {processor.py:179} INFO - Processing /opt/airflow/dags/dags_with_catchup_and_backfill.py took 1.470 seconds
[2025-06-28T11:13:37.392+0000] {processor.py:157} INFO - Started process (PID=6160) to work on /opt/airflow/dags/dags_with_catchup_and_backfill.py
[2025-06-28T11:13:37.412+0000] {processor.py:829} INFO - Processing file /opt/airflow/dags/dags_with_catchup_and_backfill.py for tasks to queue
[2025-06-28T11:13:37.414+0000] {logging_mixin.py:151} INFO - [2025-06-28T11:13:37.413+0000] {dagbag.py:536} INFO - Filling up the DagBag from /opt/airflow/dags/dags_with_catchup_and_backfill.py
[2025-06-28T11:13:37.602+0000] {processor.py:839} INFO - DAG(s) dict_keys(['dag_with_catchup_backfill_v02']) retrieved from /opt/airflow/dags/dags_with_catchup_and_backfill.py
[2025-06-28T11:13:37.919+0000] {logging_mixin.py:151} INFO - [2025-06-28T11:13:37.918+0000] {dag.py:2941} INFO - Sync 1 DAGs
[2025-06-28T11:13:38.125+0000] {logging_mixin.py:151} INFO - [2025-06-28T11:13:38.125+0000] {dag.py:3722} INFO - Setting next_dagrun for dag_with_catchup_backfill_v02 to 2025-06-27T00:00:00+00:00, run_after=2025-06-28T00:00:00+00:00
[2025-06-28T11:13:38.365+0000] {processor.py:179} INFO - Processing /opt/airflow/dags/dags_with_catchup_and_backfill.py took 1.019 seconds
[2025-06-28T11:14:08.965+0000] {processor.py:157} INFO - Started process (PID=6270) to work on /opt/airflow/dags/dags_with_catchup_and_backfill.py
[2025-06-28T11:14:09.000+0000] {processor.py:829} INFO - Processing file /opt/airflow/dags/dags_with_catchup_and_backfill.py for tasks to queue
[2025-06-28T11:14:09.002+0000] {logging_mixin.py:151} INFO - [2025-06-28T11:14:09.002+0000] {dagbag.py:536} INFO - Filling up the DagBag from /opt/airflow/dags/dags_with_catchup_and_backfill.py
[2025-06-28T11:14:09.277+0000] {processor.py:839} INFO - DAG(s) dict_keys(['dag_with_catchup_backfill_v02']) retrieved from /opt/airflow/dags/dags_with_catchup_and_backfill.py
[2025-06-28T11:14:09.890+0000] {logging_mixin.py:151} INFO - [2025-06-28T11:14:09.890+0000] {dag.py:2941} INFO - Sync 1 DAGs
[2025-06-28T11:14:10.432+0000] {logging_mixin.py:151} INFO - [2025-06-28T11:14:10.431+0000] {dag.py:3722} INFO - Setting next_dagrun for dag_with_catchup_backfill_v02 to 2025-06-27T00:00:00+00:00, run_after=2025-06-28T00:00:00+00:00
[2025-06-28T11:14:10.736+0000] {processor.py:179} INFO - Processing /opt/airflow/dags/dags_with_catchup_and_backfill.py took 1.864 seconds
[2025-06-28T11:14:41.199+0000] {processor.py:157} INFO - Started process (PID=6392) to work on /opt/airflow/dags/dags_with_catchup_and_backfill.py
[2025-06-28T11:14:41.221+0000] {processor.py:829} INFO - Processing file /opt/airflow/dags/dags_with_catchup_and_backfill.py for tasks to queue
[2025-06-28T11:14:41.228+0000] {logging_mixin.py:151} INFO - [2025-06-28T11:14:41.227+0000] {dagbag.py:536} INFO - Filling up the DagBag from /opt/airflow/dags/dags_with_catchup_and_backfill.py
[2025-06-28T11:14:41.335+0000] {processor.py:839} INFO - DAG(s) dict_keys(['dag_with_catchup_backfill_v02']) retrieved from /opt/airflow/dags/dags_with_catchup_and_backfill.py
[2025-06-28T11:14:41.614+0000] {logging_mixin.py:151} INFO - [2025-06-28T11:14:41.613+0000] {dag.py:2941} INFO - Sync 1 DAGs
[2025-06-28T11:14:41.884+0000] {logging_mixin.py:151} INFO - [2025-06-28T11:14:41.883+0000] {dag.py:3722} INFO - Setting next_dagrun for dag_with_catchup_backfill_v02 to 2025-06-27T00:00:00+00:00, run_after=2025-06-28T00:00:00+00:00
[2025-06-28T11:14:42.033+0000] {processor.py:179} INFO - Processing /opt/airflow/dags/dags_with_catchup_and_backfill.py took 0.887 seconds
[2025-06-28T11:15:12.553+0000] {processor.py:157} INFO - Started process (PID=6515) to work on /opt/airflow/dags/dags_with_catchup_and_backfill.py
[2025-06-28T11:15:12.575+0000] {processor.py:829} INFO - Processing file /opt/airflow/dags/dags_with_catchup_and_backfill.py for tasks to queue
[2025-06-28T11:15:12.604+0000] {logging_mixin.py:151} INFO - [2025-06-28T11:15:12.578+0000] {dagbag.py:536} INFO - Filling up the DagBag from /opt/airflow/dags/dags_with_catchup_and_backfill.py
[2025-06-28T11:15:12.816+0000] {processor.py:839} INFO - DAG(s) dict_keys(['dag_with_catchup_backfill_v02']) retrieved from /opt/airflow/dags/dags_with_catchup_and_backfill.py
[2025-06-28T11:15:13.538+0000] {logging_mixin.py:151} INFO - [2025-06-28T11:15:13.535+0000] {dag.py:2941} INFO - Sync 1 DAGs
[2025-06-28T11:15:13.897+0000] {logging_mixin.py:151} INFO - [2025-06-28T11:15:13.896+0000] {dag.py:3722} INFO - Setting next_dagrun for dag_with_catchup_backfill_v02 to 2025-06-27T00:00:00+00:00, run_after=2025-06-28T00:00:00+00:00
[2025-06-28T11:15:14.197+0000] {processor.py:179} INFO - Processing /opt/airflow/dags/dags_with_catchup_and_backfill.py took 1.750 seconds
[2025-06-28T11:15:44.689+0000] {processor.py:157} INFO - Started process (PID=6626) to work on /opt/airflow/dags/dags_with_catchup_and_backfill.py
[2025-06-28T11:15:44.693+0000] {processor.py:829} INFO - Processing file /opt/airflow/dags/dags_with_catchup_and_backfill.py for tasks to queue
[2025-06-28T11:15:44.694+0000] {logging_mixin.py:151} INFO - [2025-06-28T11:15:44.693+0000] {dagbag.py:536} INFO - Filling up the DagBag from /opt/airflow/dags/dags_with_catchup_and_backfill.py
[2025-06-28T11:15:44.741+0000] {processor.py:839} INFO - DAG(s) dict_keys(['dag_with_catchup_backfill_v02']) retrieved from /opt/airflow/dags/dags_with_catchup_and_backfill.py
[2025-06-28T11:15:44.859+0000] {logging_mixin.py:151} INFO - [2025-06-28T11:15:44.858+0000] {dag.py:2941} INFO - Sync 1 DAGs
[2025-06-28T11:15:44.969+0000] {logging_mixin.py:151} INFO - [2025-06-28T11:15:44.968+0000] {dag.py:3722} INFO - Setting next_dagrun for dag_with_catchup_backfill_v02 to 2025-06-27T00:00:00+00:00, run_after=2025-06-28T00:00:00+00:00
[2025-06-28T11:15:45.125+0000] {processor.py:179} INFO - Processing /opt/airflow/dags/dags_with_catchup_and_backfill.py took 0.443 seconds
[2025-06-28T11:16:16.255+0000] {processor.py:157} INFO - Started process (PID=6758) to work on /opt/airflow/dags/dags_with_catchup_and_backfill.py
[2025-06-28T11:16:16.277+0000] {processor.py:829} INFO - Processing file /opt/airflow/dags/dags_with_catchup_and_backfill.py for tasks to queue
[2025-06-28T11:16:16.301+0000] {logging_mixin.py:151} INFO - [2025-06-28T11:16:16.278+0000] {dagbag.py:536} INFO - Filling up the DagBag from /opt/airflow/dags/dags_with_catchup_and_backfill.py
[2025-06-28T11:16:16.503+0000] {processor.py:839} INFO - DAG(s) dict_keys(['dag_with_catchup_backfill_v02']) retrieved from /opt/airflow/dags/dags_with_catchup_and_backfill.py
[2025-06-28T11:16:16.847+0000] {logging_mixin.py:151} INFO - [2025-06-28T11:16:16.847+0000] {dag.py:2941} INFO - Sync 1 DAGs
[2025-06-28T11:16:17.267+0000] {logging_mixin.py:151} INFO - [2025-06-28T11:16:17.256+0000] {dag.py:3722} INFO - Setting next_dagrun for dag_with_catchup_backfill_v02 to 2025-06-27T00:00:00+00:00, run_after=2025-06-28T00:00:00+00:00
[2025-06-28T11:16:17.556+0000] {processor.py:179} INFO - Processing /opt/airflow/dags/dags_with_catchup_and_backfill.py took 1.364 seconds
[2025-06-28T11:16:47.750+0000] {processor.py:157} INFO - Started process (PID=6856) to work on /opt/airflow/dags/dags_with_catchup_and_backfill.py
[2025-06-28T11:16:47.752+0000] {processor.py:829} INFO - Processing file /opt/airflow/dags/dags_with_catchup_and_backfill.py for tasks to queue
[2025-06-28T11:16:47.756+0000] {logging_mixin.py:151} INFO - [2025-06-28T11:16:47.755+0000] {dagbag.py:536} INFO - Filling up the DagBag from /opt/airflow/dags/dags_with_catchup_and_backfill.py
[2025-06-28T11:16:47.779+0000] {processor.py:839} INFO - DAG(s) dict_keys(['dag_with_catchup_backfill_v02']) retrieved from /opt/airflow/dags/dags_with_catchup_and_backfill.py
[2025-06-28T11:16:47.824+0000] {logging_mixin.py:151} INFO - [2025-06-28T11:16:47.824+0000] {dag.py:2941} INFO - Sync 1 DAGs
[2025-06-28T11:16:47.863+0000] {logging_mixin.py:151} INFO - [2025-06-28T11:16:47.863+0000] {dag.py:3722} INFO - Setting next_dagrun for dag_with_catchup_backfill_v02 to 2025-06-27T00:00:00+00:00, run_after=2025-06-28T00:00:00+00:00
[2025-06-28T11:16:47.889+0000] {processor.py:179} INFO - Processing /opt/airflow/dags/dags_with_catchup_and_backfill.py took 0.145 seconds
[2025-06-28T11:17:18.650+0000] {processor.py:157} INFO - Started process (PID=6972) to work on /opt/airflow/dags/dags_with_catchup_and_backfill.py
[2025-06-28T11:17:18.668+0000] {processor.py:829} INFO - Processing file /opt/airflow/dags/dags_with_catchup_and_backfill.py for tasks to queue
[2025-06-28T11:17:18.686+0000] {logging_mixin.py:151} INFO - [2025-06-28T11:17:18.669+0000] {dagbag.py:536} INFO - Filling up the DagBag from /opt/airflow/dags/dags_with_catchup_and_backfill.py
[2025-06-28T11:17:18.914+0000] {processor.py:839} INFO - DAG(s) dict_keys(['dag_with_catchup_backfill_v02']) retrieved from /opt/airflow/dags/dags_with_catchup_and_backfill.py
[2025-06-28T11:17:19.320+0000] {logging_mixin.py:151} INFO - [2025-06-28T11:17:19.320+0000] {dag.py:2941} INFO - Sync 1 DAGs
[2025-06-28T11:17:19.858+0000] {logging_mixin.py:151} INFO - [2025-06-28T11:17:19.852+0000] {dag.py:3722} INFO - Setting next_dagrun for dag_with_catchup_backfill_v02 to 2025-06-27T00:00:00+00:00, run_after=2025-06-28T00:00:00+00:00
[2025-06-28T11:17:20.166+0000] {processor.py:179} INFO - Processing /opt/airflow/dags/dags_with_catchup_and_backfill.py took 1.577 seconds
[2025-06-28T11:17:51.282+0000] {processor.py:157} INFO - Started process (PID=7081) to work on /opt/airflow/dags/dags_with_catchup_and_backfill.py
[2025-06-28T11:17:51.308+0000] {processor.py:829} INFO - Processing file /opt/airflow/dags/dags_with_catchup_and_backfill.py for tasks to queue
[2025-06-28T11:17:51.309+0000] {logging_mixin.py:151} INFO - [2025-06-28T11:17:51.308+0000] {dagbag.py:536} INFO - Filling up the DagBag from /opt/airflow/dags/dags_with_catchup_and_backfill.py
[2025-06-28T11:17:51.625+0000] {processor.py:839} INFO - DAG(s) dict_keys(['dag_with_catchup_backfill_v02']) retrieved from /opt/airflow/dags/dags_with_catchup_and_backfill.py
[2025-06-28T11:17:52.104+0000] {logging_mixin.py:151} INFO - [2025-06-28T11:17:52.104+0000] {dag.py:2941} INFO - Sync 1 DAGs
[2025-06-28T11:17:52.275+0000] {logging_mixin.py:151} INFO - [2025-06-28T11:17:52.274+0000] {dag.py:3722} INFO - Setting next_dagrun for dag_with_catchup_backfill_v02 to 2025-06-27T00:00:00+00:00, run_after=2025-06-28T00:00:00+00:00
[2025-06-28T11:17:52.529+0000] {processor.py:179} INFO - Processing /opt/airflow/dags/dags_with_catchup_and_backfill.py took 1.412 seconds
[2025-06-28T11:18:23.105+0000] {processor.py:157} INFO - Started process (PID=7178) to work on /opt/airflow/dags/dags_with_catchup_and_backfill.py
[2025-06-28T11:18:23.126+0000] {processor.py:829} INFO - Processing file /opt/airflow/dags/dags_with_catchup_and_backfill.py for tasks to queue
[2025-06-28T11:18:23.128+0000] {logging_mixin.py:151} INFO - [2025-06-28T11:18:23.127+0000] {dagbag.py:536} INFO - Filling up the DagBag from /opt/airflow/dags/dags_with_catchup_and_backfill.py
[2025-06-28T11:18:23.683+0000] {processor.py:839} INFO - DAG(s) dict_keys(['dag_with_catchup_backfill_v02']) retrieved from /opt/airflow/dags/dags_with_catchup_and_backfill.py
[2025-06-28T11:18:24.089+0000] {logging_mixin.py:151} INFO - [2025-06-28T11:18:24.089+0000] {dag.py:2941} INFO - Sync 1 DAGs
[2025-06-28T11:18:24.623+0000] {logging_mixin.py:151} INFO - [2025-06-28T11:18:24.623+0000] {dag.py:3722} INFO - Setting next_dagrun for dag_with_catchup_backfill_v02 to 2025-06-27T00:00:00+00:00, run_after=2025-06-28T00:00:00+00:00
[2025-06-28T11:18:24.970+0000] {processor.py:179} INFO - Processing /opt/airflow/dags/dags_with_catchup_and_backfill.py took 1.928 seconds
[2025-06-28T11:18:56.074+0000] {processor.py:157} INFO - Started process (PID=7288) to work on /opt/airflow/dags/dags_with_catchup_and_backfill.py
[2025-06-28T11:18:56.084+0000] {processor.py:829} INFO - Processing file /opt/airflow/dags/dags_with_catchup_and_backfill.py for tasks to queue
[2025-06-28T11:18:56.094+0000] {logging_mixin.py:151} INFO - [2025-06-28T11:18:56.094+0000] {dagbag.py:536} INFO - Filling up the DagBag from /opt/airflow/dags/dags_with_catchup_and_backfill.py
[2025-06-28T11:18:56.240+0000] {processor.py:839} INFO - DAG(s) dict_keys(['dag_with_catchup_backfill_v02']) retrieved from /opt/airflow/dags/dags_with_catchup_and_backfill.py
[2025-06-28T11:18:56.538+0000] {logging_mixin.py:151} INFO - [2025-06-28T11:18:56.538+0000] {dag.py:2941} INFO - Sync 1 DAGs
[2025-06-28T11:18:57.111+0000] {logging_mixin.py:151} INFO - [2025-06-28T11:18:57.102+0000] {dag.py:3722} INFO - Setting next_dagrun for dag_with_catchup_backfill_v02 to 2025-06-27T00:00:00+00:00, run_after=2025-06-28T00:00:00+00:00
[2025-06-28T11:18:57.426+0000] {processor.py:179} INFO - Processing /opt/airflow/dags/dags_with_catchup_and_backfill.py took 1.402 seconds
[2025-06-28T11:19:28.125+0000] {processor.py:157} INFO - Started process (PID=7400) to work on /opt/airflow/dags/dags_with_catchup_and_backfill.py
[2025-06-28T11:19:28.140+0000] {processor.py:829} INFO - Processing file /opt/airflow/dags/dags_with_catchup_and_backfill.py for tasks to queue
[2025-06-28T11:19:28.156+0000] {logging_mixin.py:151} INFO - [2025-06-28T11:19:28.143+0000] {dagbag.py:536} INFO - Filling up the DagBag from /opt/airflow/dags/dags_with_catchup_and_backfill.py
[2025-06-28T11:19:28.343+0000] {processor.py:839} INFO - DAG(s) dict_keys(['dag_with_catchup_backfill_v02']) retrieved from /opt/airflow/dags/dags_with_catchup_and_backfill.py
[2025-06-28T11:19:28.821+0000] {logging_mixin.py:151} INFO - [2025-06-28T11:19:28.820+0000] {dag.py:2941} INFO - Sync 1 DAGs
[2025-06-28T11:19:29.161+0000] {logging_mixin.py:151} INFO - [2025-06-28T11:19:29.161+0000] {dag.py:3722} INFO - Setting next_dagrun for dag_with_catchup_backfill_v02 to 2025-06-27T00:00:00+00:00, run_after=2025-06-28T00:00:00+00:00
[2025-06-28T11:19:29.810+0000] {processor.py:179} INFO - Processing /opt/airflow/dags/dags_with_catchup_and_backfill.py took 1.762 seconds
[2025-06-28T11:20:00.832+0000] {processor.py:157} INFO - Started process (PID=7517) to work on /opt/airflow/dags/dags_with_catchup_and_backfill.py
[2025-06-28T11:20:00.833+0000] {processor.py:829} INFO - Processing file /opt/airflow/dags/dags_with_catchup_and_backfill.py for tasks to queue
[2025-06-28T11:20:00.852+0000] {logging_mixin.py:151} INFO - [2025-06-28T11:20:00.850+0000] {dagbag.py:536} INFO - Filling up the DagBag from /opt/airflow/dags/dags_with_catchup_and_backfill.py
[2025-06-28T11:20:01.334+0000] {processor.py:839} INFO - DAG(s) dict_keys(['dag_with_catchup_backfill_v02']) retrieved from /opt/airflow/dags/dags_with_catchup_and_backfill.py
[2025-06-28T11:20:01.747+0000] {logging_mixin.py:151} INFO - [2025-06-28T11:20:01.740+0000] {dag.py:2941} INFO - Sync 1 DAGs
[2025-06-28T11:20:02.255+0000] {logging_mixin.py:151} INFO - [2025-06-28T11:20:02.255+0000] {dag.py:3722} INFO - Setting next_dagrun for dag_with_catchup_backfill_v02 to 2025-06-27T00:00:00+00:00, run_after=2025-06-28T00:00:00+00:00
[2025-06-28T11:20:02.767+0000] {processor.py:179} INFO - Processing /opt/airflow/dags/dags_with_catchup_and_backfill.py took 2.016 seconds
[2025-06-28T11:20:44.726+0000] {processor.py:157} INFO - Started process (PID=7580) to work on /opt/airflow/dags/dags_with_catchup_and_backfill.py
[2025-06-28T11:20:44.749+0000] {processor.py:829} INFO - Processing file /opt/airflow/dags/dags_with_catchup_and_backfill.py for tasks to queue
[2025-06-28T11:20:44.750+0000] {logging_mixin.py:151} INFO - [2025-06-28T11:20:44.750+0000] {dagbag.py:536} INFO - Filling up the DagBag from /opt/airflow/dags/dags_with_catchup_and_backfill.py
[2025-06-28T11:20:45.006+0000] {processor.py:839} INFO - DAG(s) dict_keys(['dag_with_catchup_backfill_v02']) retrieved from /opt/airflow/dags/dags_with_catchup_and_backfill.py
[2025-06-28T11:20:45.381+0000] {logging_mixin.py:151} INFO - [2025-06-28T11:20:45.381+0000] {dag.py:2941} INFO - Sync 1 DAGs
[2025-06-28T11:20:45.619+0000] {logging_mixin.py:151} INFO - [2025-06-28T11:20:45.618+0000] {dag.py:3722} INFO - Setting next_dagrun for dag_with_catchup_backfill_v02 to 2025-06-27T00:00:00+00:00, run_after=2025-06-28T00:00:00+00:00
[2025-06-28T11:20:45.819+0000] {processor.py:179} INFO - Processing /opt/airflow/dags/dags_with_catchup_and_backfill.py took 1.101 seconds
[2025-06-28T11:21:16.255+0000] {processor.py:157} INFO - Started process (PID=7677) to work on /opt/airflow/dags/dags_with_catchup_and_backfill.py
[2025-06-28T11:21:16.267+0000] {processor.py:829} INFO - Processing file /opt/airflow/dags/dags_with_catchup_and_backfill.py for tasks to queue
[2025-06-28T11:21:16.268+0000] {logging_mixin.py:151} INFO - [2025-06-28T11:21:16.268+0000] {dagbag.py:536} INFO - Filling up the DagBag from /opt/airflow/dags/dags_with_catchup_and_backfill.py
[2025-06-28T11:21:16.383+0000] {processor.py:839} INFO - DAG(s) dict_keys(['dag_with_catchup_backfill_v02']) retrieved from /opt/airflow/dags/dags_with_catchup_and_backfill.py
[2025-06-28T11:21:16.588+0000] {logging_mixin.py:151} INFO - [2025-06-28T11:21:16.588+0000] {dag.py:2941} INFO - Sync 1 DAGs
[2025-06-28T11:21:17.084+0000] {logging_mixin.py:151} INFO - [2025-06-28T11:21:17.084+0000] {dag.py:3722} INFO - Setting next_dagrun for dag_with_catchup_backfill_v02 to 2025-06-27T00:00:00+00:00, run_after=2025-06-28T00:00:00+00:00
[2025-06-28T11:21:17.517+0000] {processor.py:179} INFO - Processing /opt/airflow/dags/dags_with_catchup_and_backfill.py took 1.322 seconds
[2025-06-28T11:21:48.456+0000] {processor.py:157} INFO - Started process (PID=7815) to work on /opt/airflow/dags/dags_with_catchup_and_backfill.py
[2025-06-28T11:21:48.476+0000] {processor.py:829} INFO - Processing file /opt/airflow/dags/dags_with_catchup_and_backfill.py for tasks to queue
[2025-06-28T11:21:48.490+0000] {logging_mixin.py:151} INFO - [2025-06-28T11:21:48.488+0000] {dagbag.py:536} INFO - Filling up the DagBag from /opt/airflow/dags/dags_with_catchup_and_backfill.py
[2025-06-28T11:21:48.683+0000] {processor.py:839} INFO - DAG(s) dict_keys(['dag_with_catchup_backfill_v02']) retrieved from /opt/airflow/dags/dags_with_catchup_and_backfill.py
[2025-06-28T11:21:48.948+0000] {logging_mixin.py:151} INFO - [2025-06-28T11:21:48.948+0000] {dag.py:2941} INFO - Sync 1 DAGs
[2025-06-28T11:21:49.207+0000] {logging_mixin.py:151} INFO - [2025-06-28T11:21:49.206+0000] {dag.py:3722} INFO - Setting next_dagrun for dag_with_catchup_backfill_v02 to 2025-06-27T00:00:00+00:00, run_after=2025-06-28T00:00:00+00:00
[2025-06-28T11:21:49.413+0000] {processor.py:179} INFO - Processing /opt/airflow/dags/dags_with_catchup_and_backfill.py took 1.060 seconds
[2025-06-28T11:22:20.568+0000] {processor.py:157} INFO - Started process (PID=7946) to work on /opt/airflow/dags/dags_with_catchup_and_backfill.py
[2025-06-28T11:22:20.581+0000] {processor.py:829} INFO - Processing file /opt/airflow/dags/dags_with_catchup_and_backfill.py for tasks to queue
[2025-06-28T11:22:20.582+0000] {logging_mixin.py:151} INFO - [2025-06-28T11:22:20.582+0000] {dagbag.py:536} INFO - Filling up the DagBag from /opt/airflow/dags/dags_with_catchup_and_backfill.py
[2025-06-28T11:22:20.978+0000] {processor.py:839} INFO - DAG(s) dict_keys(['dag_with_catchup_backfill_v02']) retrieved from /opt/airflow/dags/dags_with_catchup_and_backfill.py
[2025-06-28T11:22:21.601+0000] {logging_mixin.py:151} INFO - [2025-06-28T11:22:21.600+0000] {dag.py:2941} INFO - Sync 1 DAGs
[2025-06-28T11:22:21.961+0000] {logging_mixin.py:151} INFO - [2025-06-28T11:22:21.903+0000] {dag.py:3722} INFO - Setting next_dagrun for dag_with_catchup_backfill_v02 to 2025-06-27T00:00:00+00:00, run_after=2025-06-28T00:00:00+00:00
[2025-06-28T11:22:22.449+0000] {processor.py:179} INFO - Processing /opt/airflow/dags/dags_with_catchup_and_backfill.py took 1.937 seconds
[2025-06-28T11:22:54.621+0000] {processor.py:157} INFO - Started process (PID=8067) to work on /opt/airflow/dags/dags_with_catchup_and_backfill.py
[2025-06-28T11:22:54.631+0000] {processor.py:829} INFO - Processing file /opt/airflow/dags/dags_with_catchup_and_backfill.py for tasks to queue
[2025-06-28T11:22:54.656+0000] {logging_mixin.py:151} INFO - [2025-06-28T11:22:54.640+0000] {dagbag.py:536} INFO - Filling up the DagBag from /opt/airflow/dags/dags_with_catchup_and_backfill.py
[2025-06-28T11:22:54.780+0000] {processor.py:839} INFO - DAG(s) dict_keys(['dag_with_catchup_backfill_v02']) retrieved from /opt/airflow/dags/dags_with_catchup_and_backfill.py
[2025-06-28T11:22:55.642+0000] {logging_mixin.py:151} INFO - [2025-06-28T11:22:55.641+0000] {dag.py:2941} INFO - Sync 1 DAGs
[2025-06-28T11:22:56.379+0000] {logging_mixin.py:151} INFO - [2025-06-28T11:22:56.373+0000] {dag.py:3722} INFO - Setting next_dagrun for dag_with_catchup_backfill_v02 to 2025-06-27T00:00:00+00:00, run_after=2025-06-28T00:00:00+00:00
[2025-06-28T11:22:56.745+0000] {processor.py:179} INFO - Processing /opt/airflow/dags/dags_with_catchup_and_backfill.py took 2.211 seconds
[2025-06-28T11:23:28.393+0000] {processor.py:157} INFO - Started process (PID=8192) to work on /opt/airflow/dags/dags_with_catchup_and_backfill.py
[2025-06-28T11:23:28.406+0000] {processor.py:829} INFO - Processing file /opt/airflow/dags/dags_with_catchup_and_backfill.py for tasks to queue
[2025-06-28T11:23:28.407+0000] {logging_mixin.py:151} INFO - [2025-06-28T11:23:28.406+0000] {dagbag.py:536} INFO - Filling up the DagBag from /opt/airflow/dags/dags_with_catchup_and_backfill.py
[2025-06-28T11:23:28.529+0000] {processor.py:839} INFO - DAG(s) dict_keys(['dag_with_catchup_backfill_v02']) retrieved from /opt/airflow/dags/dags_with_catchup_and_backfill.py
[2025-06-28T11:23:29.060+0000] {logging_mixin.py:151} INFO - [2025-06-28T11:23:29.051+0000] {dag.py:2941} INFO - Sync 1 DAGs
[2025-06-28T11:23:29.390+0000] {logging_mixin.py:151} INFO - [2025-06-28T11:23:29.390+0000] {dag.py:3722} INFO - Setting next_dagrun for dag_with_catchup_backfill_v02 to 2025-06-27T00:00:00+00:00, run_after=2025-06-28T00:00:00+00:00
[2025-06-28T11:23:29.571+0000] {processor.py:179} INFO - Processing /opt/airflow/dags/dags_with_catchup_and_backfill.py took 1.264 seconds
[2025-06-28T11:23:59.917+0000] {processor.py:157} INFO - Started process (PID=8314) to work on /opt/airflow/dags/dags_with_catchup_and_backfill.py
[2025-06-28T11:23:59.918+0000] {processor.py:829} INFO - Processing file /opt/airflow/dags/dags_with_catchup_and_backfill.py for tasks to queue
[2025-06-28T11:23:59.925+0000] {logging_mixin.py:151} INFO - [2025-06-28T11:23:59.919+0000] {dagbag.py:536} INFO - Filling up the DagBag from /opt/airflow/dags/dags_with_catchup_and_backfill.py
[2025-06-28T11:24:00.013+0000] {processor.py:839} INFO - DAG(s) dict_keys(['dag_with_catchup_backfill_v02']) retrieved from /opt/airflow/dags/dags_with_catchup_and_backfill.py
[2025-06-28T11:24:00.161+0000] {logging_mixin.py:151} INFO - [2025-06-28T11:24:00.160+0000] {dag.py:2941} INFO - Sync 1 DAGs
[2025-06-28T11:24:00.289+0000] {logging_mixin.py:151} INFO - [2025-06-28T11:24:00.289+0000] {dag.py:3722} INFO - Setting next_dagrun for dag_with_catchup_backfill_v02 to 2025-06-27T00:00:00+00:00, run_after=2025-06-28T00:00:00+00:00
[2025-06-28T11:24:00.362+0000] {processor.py:179} INFO - Processing /opt/airflow/dags/dags_with_catchup_and_backfill.py took 0.482 seconds
[2025-06-28T11:24:30.909+0000] {processor.py:157} INFO - Started process (PID=8429) to work on /opt/airflow/dags/dags_with_catchup_and_backfill.py
[2025-06-28T11:24:30.944+0000] {processor.py:829} INFO - Processing file /opt/airflow/dags/dags_with_catchup_and_backfill.py for tasks to queue
[2025-06-28T11:24:30.946+0000] {logging_mixin.py:151} INFO - [2025-06-28T11:24:30.945+0000] {dagbag.py:536} INFO - Filling up the DagBag from /opt/airflow/dags/dags_with_catchup_and_backfill.py
[2025-06-28T11:24:31.152+0000] {processor.py:839} INFO - DAG(s) dict_keys(['dag_with_catchup_backfill_v02']) retrieved from /opt/airflow/dags/dags_with_catchup_and_backfill.py
[2025-06-28T11:24:31.513+0000] {logging_mixin.py:151} INFO - [2025-06-28T11:24:31.513+0000] {dag.py:2941} INFO - Sync 1 DAGs
[2025-06-28T11:24:32.000+0000] {logging_mixin.py:151} INFO - [2025-06-28T11:24:31.991+0000] {dag.py:3722} INFO - Setting next_dagrun for dag_with_catchup_backfill_v02 to 2025-06-27T00:00:00+00:00, run_after=2025-06-28T00:00:00+00:00
[2025-06-28T11:24:32.533+0000] {processor.py:179} INFO - Processing /opt/airflow/dags/dags_with_catchup_and_backfill.py took 1.673 seconds
[2025-06-28T11:25:04.536+0000] {processor.py:157} INFO - Started process (PID=8531) to work on /opt/airflow/dags/dags_with_catchup_and_backfill.py
[2025-06-28T11:25:04.556+0000] {processor.py:829} INFO - Processing file /opt/airflow/dags/dags_with_catchup_and_backfill.py for tasks to queue
[2025-06-28T11:25:04.586+0000] {logging_mixin.py:151} INFO - [2025-06-28T11:25:04.585+0000] {dagbag.py:536} INFO - Filling up the DagBag from /opt/airflow/dags/dags_with_catchup_and_backfill.py
[2025-06-28T11:25:04.914+0000] {processor.py:839} INFO - DAG(s) dict_keys(['dag_with_catchup_backfill_v02']) retrieved from /opt/airflow/dags/dags_with_catchup_and_backfill.py
[2025-06-28T11:25:05.566+0000] {logging_mixin.py:151} INFO - [2025-06-28T11:25:05.565+0000] {dag.py:2941} INFO - Sync 1 DAGs
[2025-06-28T11:25:06.050+0000] {logging_mixin.py:151} INFO - [2025-06-28T11:25:06.049+0000] {dag.py:3722} INFO - Setting next_dagrun for dag_with_catchup_backfill_v02 to 2025-06-27T00:00:00+00:00, run_after=2025-06-28T00:00:00+00:00
[2025-06-28T11:25:06.351+0000] {processor.py:179} INFO - Processing /opt/airflow/dags/dags_with_catchup_and_backfill.py took 1.860 seconds
[2025-06-28T11:25:38.088+0000] {processor.py:157} INFO - Started process (PID=8664) to work on /opt/airflow/dags/dags_with_catchup_and_backfill.py
[2025-06-28T11:25:38.089+0000] {processor.py:829} INFO - Processing file /opt/airflow/dags/dags_with_catchup_and_backfill.py for tasks to queue
[2025-06-28T11:25:38.140+0000] {logging_mixin.py:151} INFO - [2025-06-28T11:25:38.139+0000] {dagbag.py:536} INFO - Filling up the DagBag from /opt/airflow/dags/dags_with_catchup_and_backfill.py
[2025-06-28T11:25:38.530+0000] {processor.py:839} INFO - DAG(s) dict_keys(['dag_with_catchup_backfill_v02']) retrieved from /opt/airflow/dags/dags_with_catchup_and_backfill.py
[2025-06-28T11:25:39.121+0000] {logging_mixin.py:151} INFO - [2025-06-28T11:25:39.121+0000] {dag.py:2941} INFO - Sync 1 DAGs
[2025-06-28T11:25:39.875+0000] {logging_mixin.py:151} INFO - [2025-06-28T11:25:39.874+0000] {dag.py:3722} INFO - Setting next_dagrun for dag_with_catchup_backfill_v02 to 2025-06-27T00:00:00+00:00, run_after=2025-06-28T00:00:00+00:00
[2025-06-28T11:25:40.180+0000] {processor.py:179} INFO - Processing /opt/airflow/dags/dags_with_catchup_and_backfill.py took 2.245 seconds
[2025-06-28T11:26:10.758+0000] {processor.py:157} INFO - Started process (PID=8772) to work on /opt/airflow/dags/dags_with_catchup_and_backfill.py
[2025-06-28T11:26:10.769+0000] {processor.py:829} INFO - Processing file /opt/airflow/dags/dags_with_catchup_and_backfill.py for tasks to queue
[2025-06-28T11:26:10.771+0000] {logging_mixin.py:151} INFO - [2025-06-28T11:26:10.771+0000] {dagbag.py:536} INFO - Filling up the DagBag from /opt/airflow/dags/dags_with_catchup_and_backfill.py
[2025-06-28T11:26:10.926+0000] {processor.py:839} INFO - DAG(s) dict_keys(['dag_with_catchup_backfill_v02']) retrieved from /opt/airflow/dags/dags_with_catchup_and_backfill.py
[2025-06-28T11:26:11.176+0000] {logging_mixin.py:151} INFO - [2025-06-28T11:26:11.176+0000] {dag.py:2941} INFO - Sync 1 DAGs
[2025-06-28T11:26:11.356+0000] {logging_mixin.py:151} INFO - [2025-06-28T11:26:11.342+0000] {dag.py:3722} INFO - Setting next_dagrun for dag_with_catchup_backfill_v02 to 2025-06-27T00:00:00+00:00, run_after=2025-06-28T00:00:00+00:00
[2025-06-28T11:26:11.537+0000] {processor.py:179} INFO - Processing /opt/airflow/dags/dags_with_catchup_and_backfill.py took 0.801 seconds
[2025-06-28T11:26:47.053+0000] {processor.py:157} INFO - Started process (PID=8883) to work on /opt/airflow/dags/dags_with_catchup_and_backfill.py
[2025-06-28T11:26:47.221+0000] {processor.py:829} INFO - Processing file /opt/airflow/dags/dags_with_catchup_and_backfill.py for tasks to queue
[2025-06-28T11:26:47.223+0000] {logging_mixin.py:151} INFO - [2025-06-28T11:26:47.222+0000] {dagbag.py:536} INFO - Filling up the DagBag from /opt/airflow/dags/dags_with_catchup_and_backfill.py
[2025-06-28T11:26:49.367+0000] {processor.py:839} INFO - DAG(s) dict_keys(['dag_with_catchup_backfill_v02']) retrieved from /opt/airflow/dags/dags_with_catchup_and_backfill.py
[2025-06-28T11:27:01.223+0000] {logging_mixin.py:151} INFO - [2025-06-28T11:27:01.162+0000] {dag.py:2941} INFO - Sync 1 DAGs
[2025-06-28T11:27:22.525+0000] {logging_mixin.py:151} INFO - [2025-06-28T11:27:22.348+0000] {dag.py:3722} INFO - Setting next_dagrun for dag_with_catchup_backfill_v02 to 2025-06-27T00:00:00+00:00, run_after=2025-06-28T00:00:00+00:00
[2025-06-28T11:28:16.508+0000] {processor.py:157} INFO - Started process (PID=8944) to work on /opt/airflow/dags/dags_with_catchup_and_backfill.py
[2025-06-28T11:28:16.699+0000] {processor.py:829} INFO - Processing file /opt/airflow/dags/dags_with_catchup_and_backfill.py for tasks to queue
[2025-06-28T11:28:16.724+0000] {logging_mixin.py:151} INFO - [2025-06-28T11:28:16.700+0000] {dagbag.py:536} INFO - Filling up the DagBag from /opt/airflow/dags/dags_with_catchup_and_backfill.py
[2025-06-28T11:28:22.029+0000] {processor.py:839} INFO - DAG(s) dict_keys(['dag_with_catchup_backfill_v02']) retrieved from /opt/airflow/dags/dags_with_catchup_and_backfill.py
[2025-06-28T11:29:37.955+0000] {processor.py:157} INFO - Started process (PID=9036) to work on /opt/airflow/dags/dags_with_catchup_and_backfill.py
[2025-06-28T11:29:37.974+0000] {processor.py:829} INFO - Processing file /opt/airflow/dags/dags_with_catchup_and_backfill.py for tasks to queue
[2025-06-28T11:29:37.977+0000] {logging_mixin.py:151} INFO - [2025-06-28T11:29:37.976+0000] {dagbag.py:536} INFO - Filling up the DagBag from /opt/airflow/dags/dags_with_catchup_and_backfill.py
[2025-06-28T11:29:38.115+0000] {processor.py:839} INFO - DAG(s) dict_keys(['dag_with_catchup_backfill_v02']) retrieved from /opt/airflow/dags/dags_with_catchup_and_backfill.py
[2025-06-28T11:29:38.356+0000] {logging_mixin.py:151} INFO - [2025-06-28T11:29:38.356+0000] {dag.py:2941} INFO - Sync 1 DAGs
[2025-06-28T11:29:38.458+0000] {logging_mixin.py:151} INFO - [2025-06-28T11:29:38.458+0000] {dag.py:3722} INFO - Setting next_dagrun for dag_with_catchup_backfill_v02 to 2025-06-27T00:00:00+00:00, run_after=2025-06-28T00:00:00+00:00
[2025-06-28T11:29:38.571+0000] {processor.py:179} INFO - Processing /opt/airflow/dags/dags_with_catchup_and_backfill.py took 0.738 seconds
[2025-06-28T11:30:09.653+0000] {processor.py:157} INFO - Started process (PID=9128) to work on /opt/airflow/dags/dags_with_catchup_and_backfill.py
[2025-06-28T11:30:09.658+0000] {processor.py:829} INFO - Processing file /opt/airflow/dags/dags_with_catchup_and_backfill.py for tasks to queue
[2025-06-28T11:30:09.660+0000] {logging_mixin.py:151} INFO - [2025-06-28T11:30:09.660+0000] {dagbag.py:536} INFO - Filling up the DagBag from /opt/airflow/dags/dags_with_catchup_and_backfill.py
[2025-06-28T11:30:09.775+0000] {processor.py:839} INFO - DAG(s) dict_keys(['dag_with_catchup_backfill_v02']) retrieved from /opt/airflow/dags/dags_with_catchup_and_backfill.py
[2025-06-28T11:30:10.083+0000] {logging_mixin.py:151} INFO - [2025-06-28T11:30:10.083+0000] {dag.py:2941} INFO - Sync 1 DAGs
[2025-06-28T11:30:10.161+0000] {logging_mixin.py:151} INFO - [2025-06-28T11:30:10.160+0000] {dag.py:3722} INFO - Setting next_dagrun for dag_with_catchup_backfill_v02 to 2025-06-27T00:00:00+00:00, run_after=2025-06-28T00:00:00+00:00
[2025-06-28T11:30:10.202+0000] {processor.py:179} INFO - Processing /opt/airflow/dags/dags_with_catchup_and_backfill.py took 0.564 seconds
