[2025-06-29T12:22:50.276+0000] {taskinstance.py:1159} INFO - Dependencies all met for dep_context=non-requeueable deps ti=<TaskInstance: dag_with_postgres_operator_v03.create_postgres_table scheduled__2023-10-18T00:00:00+00:00 [queued]>
[2025-06-29T12:22:50.502+0000] {taskinstance.py:1159} INFO - Dependencies all met for dep_context=requeueable deps ti=<TaskInstance: dag_with_postgres_operator_v03.create_postgres_table scheduled__2023-10-18T00:00:00+00:00 [queued]>
[2025-06-29T12:22:50.503+0000] {taskinstance.py:1361} INFO - Starting attempt 1 of 6
[2025-06-29T12:22:51.516+0000] {taskinstance.py:1382} INFO - Executing <Task(PostgresOperator): create_postgres_table> on 2023-10-18 00:00:00+00:00
[2025-06-29T12:22:51.682+0000] {standard_task_runner.py:57} INFO - Started process 9277 to run task
[2025-06-29T12:22:51.780+0000] {standard_task_runner.py:84} INFO - Running: ['***', 'tasks', 'run', 'dag_with_postgres_operator_v03', 'create_postgres_table', 'scheduled__2023-10-18T00:00:00+00:00', '--job-id', '2450', '--raw', '--subdir', 'DAGS_FOLDER/dag_with_postgres_operator.py', '--cfg-path', '/tmp/tmp2kkz84dc']
[2025-06-29T12:22:51.815+0000] {standard_task_runner.py:85} INFO - Job 2450: Subtask create_postgres_table
[2025-06-29T12:22:53.339+0000] {task_command.py:416} INFO - Running <TaskInstance: dag_with_postgres_operator_v03.create_postgres_table scheduled__2023-10-18T00:00:00+00:00 [running]> on host f561bfe7dd3a
[2025-06-29T12:22:54.213+0000] {taskinstance.py:1662} INFO - Exporting env vars: AIRFLOW_CTX_DAG_OWNER='coder2j' AIRFLOW_CTX_DAG_ID='dag_with_postgres_operator_v03' AIRFLOW_CTX_TASK_ID='create_postgres_table' AIRFLOW_CTX_EXECUTION_DATE='2023-10-18T00:00:00+00:00' AIRFLOW_CTX_TRY_NUMBER='1' AIRFLOW_CTX_DAG_RUN_ID='scheduled__2023-10-18T00:00:00+00:00'
[2025-06-29T12:22:54.218+0000] {sql.py:274} INFO - Executing: 
            create table if not exists dag_runs (
                dt date,
                dag_id character varying,
                primary key (dt, dag_id)
            )
        
[2025-06-29T12:22:54.341+0000] {base.py:73} INFO - Using connection ID 'postgres_localhost' for task execution.
[2025-06-29T12:22:54.484+0000] {base.py:73} INFO - Using connection ID 'postgres_localhost' for task execution.
[2025-06-29T12:22:54.540+0000] {sql.py:418} INFO - Running statement: 
            create table if not exists dag_runs (
                dt date,
                dag_id character varying,
                primary key (dt, dag_id)
            )
        , parameters: None
[2025-06-29T12:22:54.624+0000] {taskinstance.py:1400} INFO - Marking task as SUCCESS. dag_id=dag_with_postgres_operator_v03, task_id=create_postgres_table, execution_date=20231018T000000, start_date=20250629T122250, end_date=20250629T122254
[2025-06-29T12:22:55.580+0000] {local_task_job_runner.py:228} INFO - Task exited with return code 0
[2025-06-29T12:22:56.053+0000] {taskinstance.py:2778} INFO - 1 downstream tasks scheduled from follow-on schedule check
