[2025-06-29T12:06:45.946+0000] {taskinstance.py:1159} INFO - Dependencies all met for dep_context=non-requeueable deps ti=<TaskInstance: dag_with_postgres_operator_v03.delete_data_from_table scheduled__2023-01-12T00:00:00+00:00 [queued]>
[2025-06-29T12:06:46.225+0000] {taskinstance.py:1159} INFO - Dependencies all met for dep_context=requeueable deps ti=<TaskInstance: dag_with_postgres_operator_v03.delete_data_from_table scheduled__2023-01-12T00:00:00+00:00 [queued]>
[2025-06-29T12:06:46.225+0000] {taskinstance.py:1361} INFO - Starting attempt 1 of 6
[2025-06-29T12:06:47.640+0000] {taskinstance.py:1382} INFO - Executing <Task(PostgresOperator): delete_data_from_table> on 2023-01-12 00:00:00+00:00
[2025-06-29T12:06:47.800+0000] {standard_task_runner.py:57} INFO - Started process 6900 to run task
[2025-06-29T12:06:47.858+0000] {standard_task_runner.py:84} INFO - Running: ['***', 'tasks', 'run', 'dag_with_postgres_operator_v03', 'delete_data_from_table', 'scheduled__2023-01-12T00:00:00+00:00', '--job-id', '1621', '--raw', '--subdir', 'DAGS_FOLDER/dag_with_postgres_operator.py', '--cfg-path', '/tmp/tmp_ynovgdg']
[2025-06-29T12:06:47.942+0000] {standard_task_runner.py:85} INFO - Job 1621: Subtask delete_data_from_table
[2025-06-29T12:06:48.861+0000] {task_command.py:416} INFO - Running <TaskInstance: dag_with_postgres_operator_v03.delete_data_from_table scheduled__2023-01-12T00:00:00+00:00 [running]> on host f561bfe7dd3a
[2025-06-29T12:06:49.830+0000] {taskinstance.py:1662} INFO - Exporting env vars: AIRFLOW_CTX_DAG_OWNER='coder2j' AIRFLOW_CTX_DAG_ID='dag_with_postgres_operator_v03' AIRFLOW_CTX_TASK_ID='delete_data_from_table' AIRFLOW_CTX_EXECUTION_DATE='2023-01-12T00:00:00+00:00' AIRFLOW_CTX_TRY_NUMBER='1' AIRFLOW_CTX_DAG_RUN_ID='scheduled__2023-01-12T00:00:00+00:00'
[2025-06-29T12:06:49.846+0000] {sql.py:274} INFO - Executing: 
            delete from dag_runs where dt = '2023-01-12' and dag_id = 'dag_with_postgres_operator_v03';
        
[2025-06-29T12:06:50.020+0000] {base.py:73} INFO - Using connection ID 'postgres_localhost' for task execution.
[2025-06-29T12:06:50.132+0000] {base.py:73} INFO - Using connection ID 'postgres_localhost' for task execution.
[2025-06-29T12:06:50.163+0000] {sql.py:418} INFO - Running statement: 
            delete from dag_runs where dt = '2023-01-12' and dag_id = 'dag_with_postgres_operator_v03';
        , parameters: None
[2025-06-29T12:06:50.166+0000] {sql.py:427} INFO - Rows affected: 0
[2025-06-29T12:06:50.255+0000] {taskinstance.py:1400} INFO - Marking task as SUCCESS. dag_id=dag_with_postgres_operator_v03, task_id=delete_data_from_table, execution_date=20230112T000000, start_date=20250629T120645, end_date=20250629T120650
[2025-06-29T12:06:51.230+0000] {local_task_job_runner.py:228} INFO - Task exited with return code 0
[2025-06-29T12:06:51.798+0000] {taskinstance.py:2778} INFO - 1 downstream tasks scheduled from follow-on schedule check
