[2025-06-29T15:00:33.372+0000] {taskinstance.py:1159} INFO - Dependencies all met for dep_context=non-requeueable deps ti=<TaskInstance: dag_with_postgres_operator_v03.insert_into_table scheduled__2025-06-03T00:00:00+00:00 [queued]>
[2025-06-29T15:00:33.505+0000] {taskinstance.py:1159} INFO - Dependencies all met for dep_context=requeueable deps ti=<TaskInstance: dag_with_postgres_operator_v03.insert_into_table scheduled__2025-06-03T00:00:00+00:00 [queued]>
[2025-06-29T15:00:33.506+0000] {taskinstance.py:1361} INFO - Starting attempt 1 of 6
[2025-06-29T15:00:34.515+0000] {taskinstance.py:1382} INFO - Executing <Task(PostgresOperator): insert_into_table> on 2025-06-03 00:00:00+00:00
[2025-06-29T15:00:34.656+0000] {standard_task_runner.py:57} INFO - Started process 4730 to run task
[2025-06-29T15:00:34.680+0000] {standard_task_runner.py:84} INFO - Running: ['***', 'tasks', 'run', 'dag_with_postgres_operator_v03', 'insert_into_table', 'scheduled__2025-06-03T00:00:00+00:00', '--job-id', '4270', '--raw', '--subdir', 'DAGS_FOLDER/dag_with_postgres_operator.py', '--cfg-path', '/tmp/tmp3rem59dc']
[2025-06-29T15:00:34.746+0000] {standard_task_runner.py:85} INFO - Job 4270: Subtask insert_into_table
[2025-06-29T15:00:35.446+0000] {task_command.py:416} INFO - Running <TaskInstance: dag_with_postgres_operator_v03.insert_into_table scheduled__2025-06-03T00:00:00+00:00 [running]> on host f561bfe7dd3a
[2025-06-29T15:00:36.994+0000] {taskinstance.py:1662} INFO - Exporting env vars: AIRFLOW_CTX_DAG_OWNER='coder2j' AIRFLOW_CTX_DAG_ID='dag_with_postgres_operator_v03' AIRFLOW_CTX_TASK_ID='insert_into_table' AIRFLOW_CTX_EXECUTION_DATE='2025-06-03T00:00:00+00:00' AIRFLOW_CTX_TRY_NUMBER='1' AIRFLOW_CTX_DAG_RUN_ID='scheduled__2025-06-03T00:00:00+00:00'
[2025-06-29T15:00:36.995+0000] {sql.py:274} INFO - Executing: 
            insert into dag_runs (dt, dag_id) values ('2025-06-03', 'dag_with_postgres_operator_v03')
        
[2025-06-29T15:00:37.176+0000] {base.py:73} INFO - Using connection ID 'postgres_localhost' for task execution.
[2025-06-29T15:00:37.378+0000] {base.py:73} INFO - Using connection ID 'postgres_localhost' for task execution.
[2025-06-29T15:00:37.441+0000] {sql.py:418} INFO - Running statement: 
            insert into dag_runs (dt, dag_id) values ('2025-06-03', 'dag_with_postgres_operator_v03')
        , parameters: None
[2025-06-29T15:00:37.446+0000] {sql.py:427} INFO - Rows affected: 1
[2025-06-29T15:00:37.612+0000] {taskinstance.py:1400} INFO - Marking task as SUCCESS. dag_id=dag_with_postgres_operator_v03, task_id=insert_into_table, execution_date=20250603T000000, start_date=20250629T150033, end_date=20250629T150037
[2025-06-29T15:00:38.161+0000] {local_task_job_runner.py:228} INFO - Task exited with return code 0
[2025-06-29T15:00:38.475+0000] {taskinstance.py:2778} INFO - 0 downstream tasks scheduled from follow-on schedule check
