[2025-06-29T12:08:34.694+0000] {taskinstance.py:1159} INFO - Dependencies all met for dep_context=non-requeueable deps ti=<TaskInstance: dag_with_postgres_operator_v03.delete_data_from_table scheduled__2023-02-27T00:00:00+00:00 [queued]>
[2025-06-29T12:08:34.829+0000] {taskinstance.py:1159} INFO - Dependencies all met for dep_context=requeueable deps ti=<TaskInstance: dag_with_postgres_operator_v03.delete_data_from_table scheduled__2023-02-27T00:00:00+00:00 [queued]>
[2025-06-29T12:08:34.848+0000] {taskinstance.py:1361} INFO - Starting attempt 1 of 6
[2025-06-29T12:08:36.063+0000] {taskinstance.py:1382} INFO - Executing <Task(PostgresOperator): delete_data_from_table> on 2023-02-27 00:00:00+00:00
[2025-06-29T12:08:36.210+0000] {standard_task_runner.py:57} INFO - Started process 7272 to run task
[2025-06-29T12:08:36.286+0000] {standard_task_runner.py:84} INFO - Running: ['***', 'tasks', 'run', 'dag_with_postgres_operator_v03', 'delete_data_from_table', 'scheduled__2023-02-27T00:00:00+00:00', '--job-id', '1757', '--raw', '--subdir', 'DAGS_FOLDER/dag_with_postgres_operator.py', '--cfg-path', '/tmp/tmpv5muqz5v']
[2025-06-29T12:08:36.453+0000] {standard_task_runner.py:85} INFO - Job 1757: Subtask delete_data_from_table
[2025-06-29T12:08:38.784+0000] {task_command.py:416} INFO - Running <TaskInstance: dag_with_postgres_operator_v03.delete_data_from_table scheduled__2023-02-27T00:00:00+00:00 [running]> on host f561bfe7dd3a
[2025-06-29T12:08:40.185+0000] {taskinstance.py:1662} INFO - Exporting env vars: AIRFLOW_CTX_DAG_OWNER='coder2j' AIRFLOW_CTX_DAG_ID='dag_with_postgres_operator_v03' AIRFLOW_CTX_TASK_ID='delete_data_from_table' AIRFLOW_CTX_EXECUTION_DATE='2023-02-27T00:00:00+00:00' AIRFLOW_CTX_TRY_NUMBER='1' AIRFLOW_CTX_DAG_RUN_ID='scheduled__2023-02-27T00:00:00+00:00'
[2025-06-29T12:08:40.202+0000] {sql.py:274} INFO - Executing: 
            delete from dag_runs where dt = '2023-02-27' and dag_id = 'dag_with_postgres_operator_v03';
        
[2025-06-29T12:08:40.397+0000] {base.py:73} INFO - Using connection ID 'postgres_localhost' for task execution.
[2025-06-29T12:08:40.591+0000] {base.py:73} INFO - Using connection ID 'postgres_localhost' for task execution.
[2025-06-29T12:08:40.731+0000] {sql.py:418} INFO - Running statement: 
            delete from dag_runs where dt = '2023-02-27' and dag_id = 'dag_with_postgres_operator_v03';
        , parameters: None
[2025-06-29T12:08:40.763+0000] {sql.py:427} INFO - Rows affected: 0
[2025-06-29T12:08:40.894+0000] {taskinstance.py:1400} INFO - Marking task as SUCCESS. dag_id=dag_with_postgres_operator_v03, task_id=delete_data_from_table, execution_date=20230227T000000, start_date=20250629T120834, end_date=20250629T120840
[2025-06-29T12:08:42.184+0000] {local_task_job_runner.py:228} INFO - Task exited with return code 0
[2025-06-29T12:08:44.069+0000] {taskinstance.py:2778} INFO - 0 downstream tasks scheduled from follow-on schedule check
