[2025-06-27T15:35:31.918+0000] {processor.py:157} INFO - Started process (PID=161) to work on /opt/airflow/dags/our_first_dag.py
[2025-06-27T15:35:31.920+0000] {processor.py:829} INFO - Processing file /opt/airflow/dags/our_first_dag.py for tasks to queue
[2025-06-27T15:35:31.921+0000] {logging_mixin.py:151} INFO - [2025-06-27T15:35:31.921+0000] {dagbag.py:536} INFO - Filling up the DagBag from /opt/airflow/dags/our_first_dag.py
[2025-06-27T15:35:32.035+0000] {processor.py:839} INFO - DAG(s) dict_keys(['our_first_dag_v5']) retrieved from /opt/airflow/dags/our_first_dag.py
[2025-06-27T15:35:32.571+0000] {logging_mixin.py:151} INFO - [2025-06-27T15:35:32.571+0000] {dag.py:2941} INFO - Sync 1 DAGs
[2025-06-27T15:35:32.608+0000] {logging_mixin.py:151} INFO - [2025-06-27T15:35:32.608+0000] {dag.py:3722} INFO - Setting next_dagrun for our_first_dag_v5 to 2025-06-26T00:00:00+00:00, run_after=2025-06-27T00:00:00+00:00
[2025-06-27T15:35:32.639+0000] {processor.py:179} INFO - Processing /opt/airflow/dags/our_first_dag.py took 0.731 seconds
[2025-06-27T15:36:02.918+0000] {processor.py:157} INFO - Started process (PID=176) to work on /opt/airflow/dags/our_first_dag.py
[2025-06-27T15:36:02.920+0000] {processor.py:829} INFO - Processing file /opt/airflow/dags/our_first_dag.py for tasks to queue
[2025-06-27T15:36:02.923+0000] {logging_mixin.py:151} INFO - [2025-06-27T15:36:02.922+0000] {dagbag.py:536} INFO - Filling up the DagBag from /opt/airflow/dags/our_first_dag.py
[2025-06-27T15:36:03.011+0000] {processor.py:839} INFO - DAG(s) dict_keys(['our_first_dag_v5']) retrieved from /opt/airflow/dags/our_first_dag.py
[2025-06-27T15:36:03.081+0000] {logging_mixin.py:151} INFO - [2025-06-27T15:36:03.080+0000] {dag.py:2941} INFO - Sync 1 DAGs
[2025-06-27T15:36:03.158+0000] {logging_mixin.py:151} INFO - [2025-06-27T15:36:03.157+0000] {dag.py:3722} INFO - Setting next_dagrun for our_first_dag_v5 to 2025-06-27T00:00:00+00:00, run_after=2025-06-28T00:00:00+00:00
[2025-06-27T15:36:03.188+0000] {processor.py:179} INFO - Processing /opt/airflow/dags/our_first_dag.py took 0.276 seconds
[2025-06-27T15:36:33.396+0000] {processor.py:157} INFO - Started process (PID=181) to work on /opt/airflow/dags/our_first_dag.py
[2025-06-27T15:36:33.398+0000] {processor.py:829} INFO - Processing file /opt/airflow/dags/our_first_dag.py for tasks to queue
[2025-06-27T15:36:33.399+0000] {logging_mixin.py:151} INFO - [2025-06-27T15:36:33.398+0000] {dagbag.py:536} INFO - Filling up the DagBag from /opt/airflow/dags/our_first_dag.py
[2025-06-27T15:36:33.427+0000] {processor.py:839} INFO - DAG(s) dict_keys(['our_first_dag_v5']) retrieved from /opt/airflow/dags/our_first_dag.py
[2025-06-27T15:36:33.481+0000] {logging_mixin.py:151} INFO - [2025-06-27T15:36:33.481+0000] {dag.py:2941} INFO - Sync 1 DAGs
[2025-06-27T15:36:33.528+0000] {logging_mixin.py:151} INFO - [2025-06-27T15:36:33.528+0000] {dag.py:3722} INFO - Setting next_dagrun for our_first_dag_v5 to 2025-06-27T00:00:00+00:00, run_after=2025-06-28T00:00:00+00:00
[2025-06-27T15:36:33.558+0000] {processor.py:179} INFO - Processing /opt/airflow/dags/our_first_dag.py took 0.168 seconds
[2025-06-27T15:37:03.755+0000] {processor.py:157} INFO - Started process (PID=186) to work on /opt/airflow/dags/our_first_dag.py
[2025-06-27T15:37:03.757+0000] {processor.py:829} INFO - Processing file /opt/airflow/dags/our_first_dag.py for tasks to queue
[2025-06-27T15:37:03.759+0000] {logging_mixin.py:151} INFO - [2025-06-27T15:37:03.758+0000] {dagbag.py:536} INFO - Filling up the DagBag from /opt/airflow/dags/our_first_dag.py
[2025-06-27T15:37:03.782+0000] {processor.py:839} INFO - DAG(s) dict_keys(['our_first_dag_v5']) retrieved from /opt/airflow/dags/our_first_dag.py
[2025-06-27T15:37:03.830+0000] {logging_mixin.py:151} INFO - [2025-06-27T15:37:03.830+0000] {dag.py:2941} INFO - Sync 1 DAGs
[2025-06-27T15:37:03.868+0000] {logging_mixin.py:151} INFO - [2025-06-27T15:37:03.868+0000] {dag.py:3722} INFO - Setting next_dagrun for our_first_dag_v5 to 2025-06-27T00:00:00+00:00, run_after=2025-06-28T00:00:00+00:00
[2025-06-27T15:37:03.901+0000] {processor.py:179} INFO - Processing /opt/airflow/dags/our_first_dag.py took 0.153 seconds
[2025-06-27T15:37:34.095+0000] {processor.py:157} INFO - Started process (PID=191) to work on /opt/airflow/dags/our_first_dag.py
[2025-06-27T15:37:34.103+0000] {processor.py:829} INFO - Processing file /opt/airflow/dags/our_first_dag.py for tasks to queue
[2025-06-27T15:37:34.105+0000] {logging_mixin.py:151} INFO - [2025-06-27T15:37:34.104+0000] {dagbag.py:536} INFO - Filling up the DagBag from /opt/airflow/dags/our_first_dag.py
[2025-06-27T15:37:34.134+0000] {processor.py:839} INFO - DAG(s) dict_keys(['our_first_dag_v5']) retrieved from /opt/airflow/dags/our_first_dag.py
[2025-06-27T15:37:34.182+0000] {logging_mixin.py:151} INFO - [2025-06-27T15:37:34.182+0000] {dag.py:2941} INFO - Sync 1 DAGs
[2025-06-27T15:37:34.225+0000] {logging_mixin.py:151} INFO - [2025-06-27T15:37:34.224+0000] {dag.py:3722} INFO - Setting next_dagrun for our_first_dag_v5 to 2025-06-27T00:00:00+00:00, run_after=2025-06-28T00:00:00+00:00
[2025-06-27T15:37:34.259+0000] {processor.py:179} INFO - Processing /opt/airflow/dags/our_first_dag.py took 0.170 seconds
[2025-06-27T15:38:04.467+0000] {processor.py:157} INFO - Started process (PID=196) to work on /opt/airflow/dags/our_first_dag.py
[2025-06-27T15:38:04.475+0000] {processor.py:829} INFO - Processing file /opt/airflow/dags/our_first_dag.py for tasks to queue
[2025-06-27T15:38:04.476+0000] {logging_mixin.py:151} INFO - [2025-06-27T15:38:04.476+0000] {dagbag.py:536} INFO - Filling up the DagBag from /opt/airflow/dags/our_first_dag.py
[2025-06-27T15:38:04.499+0000] {processor.py:839} INFO - DAG(s) dict_keys(['our_first_dag_v5']) retrieved from /opt/airflow/dags/our_first_dag.py
[2025-06-27T15:38:04.541+0000] {logging_mixin.py:151} INFO - [2025-06-27T15:38:04.541+0000] {dag.py:2941} INFO - Sync 1 DAGs
[2025-06-27T15:38:04.580+0000] {logging_mixin.py:151} INFO - [2025-06-27T15:38:04.580+0000] {dag.py:3722} INFO - Setting next_dagrun for our_first_dag_v5 to 2025-06-27T00:00:00+00:00, run_after=2025-06-28T00:00:00+00:00
[2025-06-27T15:38:04.612+0000] {processor.py:179} INFO - Processing /opt/airflow/dags/our_first_dag.py took 0.152 seconds
[2025-06-27T15:38:34.824+0000] {processor.py:157} INFO - Started process (PID=201) to work on /opt/airflow/dags/our_first_dag.py
[2025-06-27T15:38:34.831+0000] {processor.py:829} INFO - Processing file /opt/airflow/dags/our_first_dag.py for tasks to queue
[2025-06-27T15:38:34.833+0000] {logging_mixin.py:151} INFO - [2025-06-27T15:38:34.833+0000] {dagbag.py:536} INFO - Filling up the DagBag from /opt/airflow/dags/our_first_dag.py
[2025-06-27T15:38:34.861+0000] {processor.py:839} INFO - DAG(s) dict_keys(['our_first_dag_v5']) retrieved from /opt/airflow/dags/our_first_dag.py
[2025-06-27T15:38:34.915+0000] {logging_mixin.py:151} INFO - [2025-06-27T15:38:34.914+0000] {dag.py:2941} INFO - Sync 1 DAGs
[2025-06-27T15:38:34.966+0000] {logging_mixin.py:151} INFO - [2025-06-27T15:38:34.965+0000] {dag.py:3722} INFO - Setting next_dagrun for our_first_dag_v5 to 2025-06-27T00:00:00+00:00, run_after=2025-06-28T00:00:00+00:00
[2025-06-27T15:38:35.013+0000] {processor.py:179} INFO - Processing /opt/airflow/dags/our_first_dag.py took 0.197 seconds
[2025-06-27T15:39:05.225+0000] {processor.py:157} INFO - Started process (PID=206) to work on /opt/airflow/dags/our_first_dag.py
[2025-06-27T15:39:05.228+0000] {processor.py:829} INFO - Processing file /opt/airflow/dags/our_first_dag.py for tasks to queue
[2025-06-27T15:39:05.230+0000] {logging_mixin.py:151} INFO - [2025-06-27T15:39:05.229+0000] {dagbag.py:536} INFO - Filling up the DagBag from /opt/airflow/dags/our_first_dag.py
[2025-06-27T15:39:05.268+0000] {processor.py:839} INFO - DAG(s) dict_keys(['our_first_dag_v5']) retrieved from /opt/airflow/dags/our_first_dag.py
[2025-06-27T15:39:05.353+0000] {logging_mixin.py:151} INFO - [2025-06-27T15:39:05.353+0000] {dag.py:2941} INFO - Sync 1 DAGs
[2025-06-27T15:39:05.400+0000] {logging_mixin.py:151} INFO - [2025-06-27T15:39:05.399+0000] {dag.py:3722} INFO - Setting next_dagrun for our_first_dag_v5 to 2025-06-27T00:00:00+00:00, run_after=2025-06-28T00:00:00+00:00
[2025-06-27T15:39:05.430+0000] {processor.py:179} INFO - Processing /opt/airflow/dags/our_first_dag.py took 0.211 seconds
[2025-06-27T15:39:35.625+0000] {processor.py:157} INFO - Started process (PID=211) to work on /opt/airflow/dags/our_first_dag.py
[2025-06-27T15:39:35.634+0000] {processor.py:829} INFO - Processing file /opt/airflow/dags/our_first_dag.py for tasks to queue
[2025-06-27T15:39:35.636+0000] {logging_mixin.py:151} INFO - [2025-06-27T15:39:35.635+0000] {dagbag.py:536} INFO - Filling up the DagBag from /opt/airflow/dags/our_first_dag.py
[2025-06-27T15:39:35.669+0000] {processor.py:839} INFO - DAG(s) dict_keys(['our_first_dag_v5']) retrieved from /opt/airflow/dags/our_first_dag.py
[2025-06-27T15:39:35.733+0000] {logging_mixin.py:151} INFO - [2025-06-27T15:39:35.733+0000] {dag.py:2941} INFO - Sync 1 DAGs
[2025-06-27T15:39:35.775+0000] {logging_mixin.py:151} INFO - [2025-06-27T15:39:35.775+0000] {dag.py:3722} INFO - Setting next_dagrun for our_first_dag_v5 to 2025-06-27T00:00:00+00:00, run_after=2025-06-28T00:00:00+00:00
[2025-06-27T15:39:35.808+0000] {processor.py:179} INFO - Processing /opt/airflow/dags/our_first_dag.py took 0.190 seconds
[2025-06-27T15:40:05.999+0000] {processor.py:157} INFO - Started process (PID=216) to work on /opt/airflow/dags/our_first_dag.py
[2025-06-27T15:40:06.007+0000] {processor.py:829} INFO - Processing file /opt/airflow/dags/our_first_dag.py for tasks to queue
[2025-06-27T15:40:06.010+0000] {logging_mixin.py:151} INFO - [2025-06-27T15:40:06.009+0000] {dagbag.py:536} INFO - Filling up the DagBag from /opt/airflow/dags/our_first_dag.py
[2025-06-27T15:40:06.042+0000] {processor.py:839} INFO - DAG(s) dict_keys(['our_first_dag_v5']) retrieved from /opt/airflow/dags/our_first_dag.py
[2025-06-27T15:40:06.104+0000] {logging_mixin.py:151} INFO - [2025-06-27T15:40:06.104+0000] {dag.py:2941} INFO - Sync 1 DAGs
[2025-06-27T15:40:06.152+0000] {logging_mixin.py:151} INFO - [2025-06-27T15:40:06.151+0000] {dag.py:3722} INFO - Setting next_dagrun for our_first_dag_v5 to 2025-06-27T00:00:00+00:00, run_after=2025-06-28T00:00:00+00:00
[2025-06-27T15:40:06.191+0000] {processor.py:179} INFO - Processing /opt/airflow/dags/our_first_dag.py took 0.200 seconds
[2025-06-27T15:40:36.375+0000] {processor.py:157} INFO - Started process (PID=221) to work on /opt/airflow/dags/our_first_dag.py
[2025-06-27T15:40:36.384+0000] {processor.py:829} INFO - Processing file /opt/airflow/dags/our_first_dag.py for tasks to queue
[2025-06-27T15:40:36.386+0000] {logging_mixin.py:151} INFO - [2025-06-27T15:40:36.385+0000] {dagbag.py:536} INFO - Filling up the DagBag from /opt/airflow/dags/our_first_dag.py
[2025-06-27T15:40:36.413+0000] {processor.py:839} INFO - DAG(s) dict_keys(['our_first_dag_v5']) retrieved from /opt/airflow/dags/our_first_dag.py
[2025-06-27T15:40:36.464+0000] {logging_mixin.py:151} INFO - [2025-06-27T15:40:36.464+0000] {dag.py:2941} INFO - Sync 1 DAGs
[2025-06-27T15:40:36.507+0000] {logging_mixin.py:151} INFO - [2025-06-27T15:40:36.506+0000] {dag.py:3722} INFO - Setting next_dagrun for our_first_dag_v5 to 2025-06-27T00:00:00+00:00, run_after=2025-06-28T00:00:00+00:00
[2025-06-27T15:40:36.538+0000] {processor.py:179} INFO - Processing /opt/airflow/dags/our_first_dag.py took 0.169 seconds
[2025-06-27T15:41:06.769+0000] {processor.py:157} INFO - Started process (PID=226) to work on /opt/airflow/dags/our_first_dag.py
[2025-06-27T15:41:06.777+0000] {processor.py:829} INFO - Processing file /opt/airflow/dags/our_first_dag.py for tasks to queue
[2025-06-27T15:41:06.780+0000] {logging_mixin.py:151} INFO - [2025-06-27T15:41:06.778+0000] {dagbag.py:536} INFO - Filling up the DagBag from /opt/airflow/dags/our_first_dag.py
[2025-06-27T15:41:06.815+0000] {processor.py:839} INFO - DAG(s) dict_keys(['our_first_dag_v5']) retrieved from /opt/airflow/dags/our_first_dag.py
[2025-06-27T15:41:06.874+0000] {logging_mixin.py:151} INFO - [2025-06-27T15:41:06.873+0000] {dag.py:2941} INFO - Sync 1 DAGs
[2025-06-27T15:41:06.918+0000] {logging_mixin.py:151} INFO - [2025-06-27T15:41:06.917+0000] {dag.py:3722} INFO - Setting next_dagrun for our_first_dag_v5 to 2025-06-27T00:00:00+00:00, run_after=2025-06-28T00:00:00+00:00
[2025-06-27T15:41:06.966+0000] {processor.py:179} INFO - Processing /opt/airflow/dags/our_first_dag.py took 0.206 seconds
[2025-06-27T15:41:37.176+0000] {processor.py:157} INFO - Started process (PID=231) to work on /opt/airflow/dags/our_first_dag.py
[2025-06-27T15:41:37.185+0000] {processor.py:829} INFO - Processing file /opt/airflow/dags/our_first_dag.py for tasks to queue
[2025-06-27T15:41:37.186+0000] {logging_mixin.py:151} INFO - [2025-06-27T15:41:37.186+0000] {dagbag.py:536} INFO - Filling up the DagBag from /opt/airflow/dags/our_first_dag.py
[2025-06-27T15:41:37.212+0000] {processor.py:839} INFO - DAG(s) dict_keys(['our_first_dag_v5']) retrieved from /opt/airflow/dags/our_first_dag.py
[2025-06-27T15:41:37.271+0000] {logging_mixin.py:151} INFO - [2025-06-27T15:41:37.271+0000] {dag.py:2941} INFO - Sync 1 DAGs
[2025-06-27T15:41:37.327+0000] {logging_mixin.py:151} INFO - [2025-06-27T15:41:37.327+0000] {dag.py:3722} INFO - Setting next_dagrun for our_first_dag_v5 to 2025-06-27T00:00:00+00:00, run_after=2025-06-28T00:00:00+00:00
[2025-06-27T15:41:37.371+0000] {processor.py:179} INFO - Processing /opt/airflow/dags/our_first_dag.py took 0.205 seconds
[2025-06-27T15:42:07.555+0000] {processor.py:157} INFO - Started process (PID=236) to work on /opt/airflow/dags/our_first_dag.py
[2025-06-27T15:42:07.565+0000] {processor.py:829} INFO - Processing file /opt/airflow/dags/our_first_dag.py for tasks to queue
[2025-06-27T15:42:07.566+0000] {logging_mixin.py:151} INFO - [2025-06-27T15:42:07.566+0000] {dagbag.py:536} INFO - Filling up the DagBag from /opt/airflow/dags/our_first_dag.py
[2025-06-27T15:42:07.596+0000] {processor.py:839} INFO - DAG(s) dict_keys(['our_first_dag_v5']) retrieved from /opt/airflow/dags/our_first_dag.py
[2025-06-27T15:42:07.655+0000] {logging_mixin.py:151} INFO - [2025-06-27T15:42:07.655+0000] {dag.py:2941} INFO - Sync 1 DAGs
[2025-06-27T15:42:07.712+0000] {logging_mixin.py:151} INFO - [2025-06-27T15:42:07.712+0000] {dag.py:3722} INFO - Setting next_dagrun for our_first_dag_v5 to 2025-06-27T00:00:00+00:00, run_after=2025-06-28T00:00:00+00:00
[2025-06-27T15:42:07.748+0000] {processor.py:179} INFO - Processing /opt/airflow/dags/our_first_dag.py took 0.202 seconds
[2025-06-27T15:42:37.936+0000] {processor.py:157} INFO - Started process (PID=241) to work on /opt/airflow/dags/our_first_dag.py
[2025-06-27T15:42:37.945+0000] {processor.py:829} INFO - Processing file /opt/airflow/dags/our_first_dag.py for tasks to queue
[2025-06-27T15:42:37.949+0000] {logging_mixin.py:151} INFO - [2025-06-27T15:42:37.948+0000] {dagbag.py:536} INFO - Filling up the DagBag from /opt/airflow/dags/our_first_dag.py
[2025-06-27T15:42:37.976+0000] {processor.py:839} INFO - DAG(s) dict_keys(['our_first_dag_v5']) retrieved from /opt/airflow/dags/our_first_dag.py
[2025-06-27T15:42:38.032+0000] {logging_mixin.py:151} INFO - [2025-06-27T15:42:38.032+0000] {dag.py:2941} INFO - Sync 1 DAGs
[2025-06-27T15:42:38.076+0000] {logging_mixin.py:151} INFO - [2025-06-27T15:42:38.076+0000] {dag.py:3722} INFO - Setting next_dagrun for our_first_dag_v5 to 2025-06-27T00:00:00+00:00, run_after=2025-06-28T00:00:00+00:00
[2025-06-27T15:42:38.131+0000] {processor.py:179} INFO - Processing /opt/airflow/dags/our_first_dag.py took 0.202 seconds
[2025-06-27T15:43:08.322+0000] {processor.py:157} INFO - Started process (PID=246) to work on /opt/airflow/dags/our_first_dag.py
[2025-06-27T15:43:08.330+0000] {processor.py:829} INFO - Processing file /opt/airflow/dags/our_first_dag.py for tasks to queue
[2025-06-27T15:43:08.332+0000] {logging_mixin.py:151} INFO - [2025-06-27T15:43:08.331+0000] {dagbag.py:536} INFO - Filling up the DagBag from /opt/airflow/dags/our_first_dag.py
[2025-06-27T15:43:08.367+0000] {processor.py:839} INFO - DAG(s) dict_keys(['our_first_dag_v5']) retrieved from /opt/airflow/dags/our_first_dag.py
[2025-06-27T15:43:08.419+0000] {logging_mixin.py:151} INFO - [2025-06-27T15:43:08.418+0000] {dag.py:2941} INFO - Sync 1 DAGs
[2025-06-27T15:43:08.459+0000] {logging_mixin.py:151} INFO - [2025-06-27T15:43:08.459+0000] {dag.py:3722} INFO - Setting next_dagrun for our_first_dag_v5 to 2025-06-27T00:00:00+00:00, run_after=2025-06-28T00:00:00+00:00
[2025-06-27T15:43:08.503+0000] {processor.py:179} INFO - Processing /opt/airflow/dags/our_first_dag.py took 0.188 seconds
