[2025-06-27T16:25:41.818+0000] {taskinstance.py:1159} INFO - Dependencies all met for dep_context=non-requeueable deps ti=<TaskInstance: our_first_dag_v_06.greet scheduled__2024-06-01T00:00:00+00:00 [queued]>
[2025-06-27T16:25:42.078+0000] {taskinstance.py:1159} INFO - Dependencies all met for dep_context=requeueable deps ti=<TaskInstance: our_first_dag_v_06.greet scheduled__2024-06-01T00:00:00+00:00 [queued]>
[2025-06-27T16:25:42.079+0000] {taskinstance.py:1361} INFO - Starting attempt 1 of 6
[2025-06-27T16:25:42.887+0000] {taskinstance.py:1382} INFO - Executing <Task(PythonOperator): greet> on 2024-06-01 00:00:00+00:00
[2025-06-27T16:25:42.966+0000] {standard_task_runner.py:57} INFO - Started process 3578 to run task
[2025-06-27T16:25:42.995+0000] {standard_task_runner.py:84} INFO - Running: ['***', 'tasks', 'run', 'our_first_dag_v_06', 'greet', 'scheduled__2024-06-01T00:00:00+00:00', '--job-id', '1446', '--raw', '--subdir', 'DAGS_FOLDER/create_dag_with_python_0perator.py', '--cfg-path', '/tmp/tmpb56aqb2w']
[2025-06-27T16:25:43.023+0000] {standard_task_runner.py:85} INFO - Job 1446: Subtask greet
[2025-06-27T16:25:43.436+0000] {task_command.py:416} INFO - Running <TaskInstance: our_first_dag_v_06.greet scheduled__2024-06-01T00:00:00+00:00 [running]> on host a8edfe6283f3
[2025-06-27T16:25:44.080+0000] {taskinstance.py:1662} INFO - Exporting env vars: AIRFLOW_CTX_DAG_OWNER='shivanshu' AIRFLOW_CTX_DAG_ID='our_first_dag_v_06' AIRFLOW_CTX_TASK_ID='greet' AIRFLOW_CTX_EXECUTION_DATE='2024-06-01T00:00:00+00:00' AIRFLOW_CTX_TRY_NUMBER='1' AIRFLOW_CTX_DAG_RUN_ID='scheduled__2024-06-01T00:00:00+00:00'
[2025-06-27T16:25:44.097+0000] {taskinstance.py:1937} ERROR - Task failed with exception
Traceback (most recent call last):
  File "/home/airflow/.local/lib/python3.8/site-packages/airflow/operators/python.py", line 192, in execute
    return_value = self.execute_callable()
  File "/home/airflow/.local/lib/python3.8/site-packages/airflow/operators/python.py", line 209, in execute_callable
    return self.python_callable(*self.op_args, **self.op_kwargs)
  File "/opt/airflow/dags/create_dag_with_python_0perator.py", line 15, in greet
    name=ti.xcoms_pull(task_ids='get_name')
AttributeError: 'TaskInstance' object has no attribute 'xcoms_pull'
[2025-06-27T16:25:44.171+0000] {taskinstance.py:1400} INFO - Marking task as UP_FOR_RETRY. dag_id=our_first_dag_v_06, task_id=greet, execution_date=20240601T000000, start_date=20250627T162541, end_date=20250627T162544
[2025-06-27T16:25:44.245+0000] {standard_task_runner.py:104} ERROR - Failed to execute job 1446 for task greet ('TaskInstance' object has no attribute 'xcoms_pull'; 3578)
[2025-06-27T16:25:44.371+0000] {local_task_job_runner.py:228} INFO - Task exited with return code 1
[2025-06-27T16:25:44.498+0000] {taskinstance.py:2778} INFO - 0 downstream tasks scheduled from follow-on schedule check
