[2025-06-29T11:45:43.656+0000] {taskinstance.py:1159} INFO - Dependencies all met for dep_context=non-requeueable deps ti=<TaskInstance: dag_with_postgres_operator_v02.insert_into_table scheduled__2022-01-03T00:00:00+00:00 [queued]>
[2025-06-29T11:45:43.717+0000] {taskinstance.py:1159} INFO - Dependencies all met for dep_context=requeueable deps ti=<TaskInstance: dag_with_postgres_operator_v02.insert_into_table scheduled__2022-01-03T00:00:00+00:00 [queued]>
[2025-06-29T11:45:43.721+0000] {taskinstance.py:1361} INFO - Starting attempt 1 of 6
[2025-06-29T11:45:44.107+0000] {taskinstance.py:1382} INFO - Executing <Task(PostgresOperator): insert_into_table> on 2022-01-03 00:00:00+00:00
[2025-06-29T11:45:44.172+0000] {standard_task_runner.py:57} INFO - Started process 3229 to run task
[2025-06-29T11:45:44.215+0000] {standard_task_runner.py:84} INFO - Running: ['***', 'tasks', 'run', 'dag_with_postgres_operator_v02', 'insert_into_table', 'scheduled__2022-01-03T00:00:00+00:00', '--job-id', '281', '--raw', '--subdir', 'DAGS_FOLDER/dag_with_postgres_operator.py', '--cfg-path', '/tmp/tmp__s29vdc']
[2025-06-29T11:45:44.220+0000] {standard_task_runner.py:85} INFO - Job 281: Subtask insert_into_table
[2025-06-29T11:45:44.478+0000] {task_command.py:416} INFO - Running <TaskInstance: dag_with_postgres_operator_v02.insert_into_table scheduled__2022-01-03T00:00:00+00:00 [running]> on host f561bfe7dd3a
[2025-06-29T11:45:45.039+0000] {taskinstance.py:1662} INFO - Exporting env vars: AIRFLOW_CTX_DAG_OWNER='coder2j' AIRFLOW_CTX_DAG_ID='dag_with_postgres_operator_v02' AIRFLOW_CTX_TASK_ID='insert_into_table' AIRFLOW_CTX_EXECUTION_DATE='2022-01-03T00:00:00+00:00' AIRFLOW_CTX_TRY_NUMBER='1' AIRFLOW_CTX_DAG_RUN_ID='scheduled__2022-01-03T00:00:00+00:00'
[2025-06-29T11:45:45.043+0000] {sql.py:274} INFO - Executing: 
            insert into dag_runs (dt, dag_id) values ('2022-01-03', 'dag_with_postgres_operator_v02')
        
[2025-06-29T11:45:45.106+0000] {base.py:73} INFO - Using connection ID 'postgres_localhost' for task execution.
[2025-06-29T11:45:45.199+0000] {base.py:73} INFO - Using connection ID 'postgres_localhost' for task execution.
[2025-06-29T11:45:45.244+0000] {sql.py:418} INFO - Running statement: 
            insert into dag_runs (dt, dag_id) values ('2022-01-03', 'dag_with_postgres_operator_v02')
        , parameters: None
[2025-06-29T11:45:45.245+0000] {sql.py:427} INFO - Rows affected: 1
[2025-06-29T11:45:45.303+0000] {taskinstance.py:1400} INFO - Marking task as SUCCESS. dag_id=dag_with_postgres_operator_v02, task_id=insert_into_table, execution_date=20220103T000000, start_date=20250629T114543, end_date=20250629T114545
[2025-06-29T11:45:45.533+0000] {local_task_job_runner.py:228} INFO - Task exited with return code 0
[2025-06-29T11:45:45.657+0000] {taskinstance.py:2778} INFO - 0 downstream tasks scheduled from follow-on schedule check
