[2025-06-29T11:39:06.251+0000] {taskinstance.py:1159} INFO - Dependencies all met for dep_context=non-requeueable deps ti=<TaskInstance: dag_with_postgres_operator_v01.create_postgres_table scheduled__2022-03-22T00:00:00+00:00 [queued]>
[2025-06-29T11:39:06.291+0000] {taskinstance.py:1159} INFO - Dependencies all met for dep_context=requeueable deps ti=<TaskInstance: dag_with_postgres_operator_v01.create_postgres_table scheduled__2022-03-22T00:00:00+00:00 [queued]>
[2025-06-29T11:39:06.293+0000] {taskinstance.py:1361} INFO - Starting attempt 1 of 6
[2025-06-29T11:39:06.442+0000] {taskinstance.py:1382} INFO - Executing <Task(PostgresOperator): create_postgres_table> on 2022-03-22 00:00:00+00:00
[2025-06-29T11:39:06.480+0000] {standard_task_runner.py:57} INFO - Started process 2462 to run task
[2025-06-29T11:39:06.498+0000] {standard_task_runner.py:84} INFO - Running: ['***', 'tasks', 'run', 'dag_with_postgres_operator_v01', 'create_postgres_table', 'scheduled__2022-03-22T00:00:00+00:00', '--job-id', '128', '--raw', '--subdir', 'DAGS_FOLDER/dag_with_postgres_operator.py', '--cfg-path', '/tmp/tmpg7qhltky']
[2025-06-29T11:39:06.514+0000] {standard_task_runner.py:85} INFO - Job 128: Subtask create_postgres_table
[2025-06-29T11:39:06.786+0000] {task_command.py:416} INFO - Running <TaskInstance: dag_with_postgres_operator_v01.create_postgres_table scheduled__2022-03-22T00:00:00+00:00 [running]> on host f561bfe7dd3a
[2025-06-29T11:39:07.234+0000] {taskinstance.py:1662} INFO - Exporting env vars: AIRFLOW_CTX_DAG_OWNER='coder2j' AIRFLOW_CTX_DAG_ID='dag_with_postgres_operator_v01' AIRFLOW_CTX_TASK_ID='create_postgres_table' AIRFLOW_CTX_EXECUTION_DATE='2022-03-22T00:00:00+00:00' AIRFLOW_CTX_TRY_NUMBER='1' AIRFLOW_CTX_DAG_RUN_ID='scheduled__2022-03-22T00:00:00+00:00'
[2025-06-29T11:39:07.241+0000] {sql.py:274} INFO - Executing: 
            create table if not exists dag_runs (
                dt date,
                dag_id character varying,
                primary key (dt, dag_id)
            )
        
[2025-06-29T11:39:07.283+0000] {base.py:73} INFO - Using connection ID 'postgres_localhost' for task execution.
[2025-06-29T11:39:07.320+0000] {base.py:73} INFO - Using connection ID 'postgres_localhost' for task execution.
[2025-06-29T11:39:07.354+0000] {sql.py:418} INFO - Running statement: 
            create table if not exists dag_runs (
                dt date,
                dag_id character varying,
                primary key (dt, dag_id)
            )
        , parameters: None
[2025-06-29T11:39:07.390+0000] {taskinstance.py:1400} INFO - Marking task as SUCCESS. dag_id=dag_with_postgres_operator_v01, task_id=create_postgres_table, execution_date=20220322T000000, start_date=20250629T113906, end_date=20250629T113907
[2025-06-29T11:39:07.477+0000] {local_task_job_runner.py:228} INFO - Task exited with return code 0
[2025-06-29T11:39:07.575+0000] {taskinstance.py:2778} INFO - 0 downstream tasks scheduled from follow-on schedule check
