[2025-06-29T15:20:03.455+0000] {local_task_job_runner.py:120} INFO - ::group::Pre task execution logs
[2025-06-29T15:20:05.170+0000] {taskinstance.py:2073} INFO - Dependencies all met for dep_context=non-requeueable deps ti=<TaskInstance: dag_with_python_dependencies_v01.get_sklearn scheduled__2022-05-21T00:00:00+00:00 [queued]>
[2025-06-29T15:20:05.895+0000] {taskinstance.py:2073} INFO - Dependencies all met for dep_context=requeueable deps ti=<TaskInstance: dag_with_python_dependencies_v01.get_sklearn scheduled__2022-05-21T00:00:00+00:00 [queued]>
[2025-06-29T15:20:05.921+0000] {taskinstance.py:2303} INFO - Starting attempt 1 of 1
[2025-06-29T15:20:06.428+0000] {taskinstance.py:2327} INFO - Executing <Task(PythonOperator): get_sklearn> on 2022-05-21 00:00:00+00:00
[2025-06-29T15:20:06.713+0000] {standard_task_runner.py:90} INFO - Running: ['***', 'tasks', 'run', 'dag_with_python_dependencies_v01', 'get_sklearn', 'scheduled__2022-05-21T00:00:00+00:00', '--job-id', '4568', '--raw', '--subdir', 'DAGS_FOLDER/dag_with_python_dependencies.py', '--cfg-path', '/tmp/tmpaus39xdg']
[2025-06-29T15:20:06.887+0000] {logging_mixin.py:188} WARNING - /home/***/.local/lib/python3.12/site-packages/***/task/task_runner/standard_task_runner.py:61 DeprecationWarning: This process (pid=184) is multi-threaded, use of fork() may lead to deadlocks in the child.
[2025-06-29T15:20:06.885+0000] {standard_task_runner.py:91} INFO - Job 4568: Subtask get_sklearn
[2025-06-29T15:20:06.888+0000] {standard_task_runner.py:63} INFO - Started process 200 to run task
[2025-06-29T15:20:08.927+0000] {task_command.py:426} INFO - Running <TaskInstance: dag_with_python_dependencies_v01.get_sklearn scheduled__2022-05-21T00:00:00+00:00 [running]> on host 10ba4c57dcb8
[2025-06-29T15:20:13.276+0000] {taskinstance.py:2644} INFO - Exporting env vars: AIRFLOW_CTX_DAG_OWNER='shivanshu' AIRFLOW_CTX_DAG_ID='dag_with_python_dependencies_v01' AIRFLOW_CTX_TASK_ID='get_sklearn' AIRFLOW_CTX_EXECUTION_DATE='2022-05-21T00:00:00+00:00' AIRFLOW_CTX_TRY_NUMBER='1' AIRFLOW_CTX_DAG_RUN_ID='scheduled__2022-05-21T00:00:00+00:00'
[2025-06-29T15:20:13.298+0000] {taskinstance.py:430} INFO - ::endgroup::
[2025-06-29T15:26:42.143+0000] {local_task_job_runner.py:310} WARNING - State of this instance has been externally set to None. Terminating instance.
[2025-06-29T15:26:44.826+0000] {local_task_job_runner.py:222} INFO - ::endgroup::
[2025-06-29T15:26:47.998+0000] {process_utils.py:132} INFO - Sending 15 to group 200. PIDs of all processes in the group: [200]
[2025-06-29T15:26:50.007+0000] {process_utils.py:87} INFO - Sending the signal 15 to group 200
[2025-06-29T15:27:50.461+0000] {process_utils.py:150} WARNING - process psutil.Process(pid=200, name='airflow task ru', status='running', started='15:20:06') did not respond to SIGTERM. Trying SIGKILL
[2025-06-29T15:27:53.355+0000] {process_utils.py:87} INFO - Sending the signal 9 to group 200
[2025-06-29T15:28:02.235+0000] {process_utils.py:80} INFO - Process psutil.Process(pid=200, name='airflow task ru', status='terminated', exitcode=<Negsignal.SIGKILL: -9>, started='15:20:06') (200) terminated with exit code -9
[2025-06-29T15:28:03.371+0000] {standard_task_runner.py:178} ERROR - Job 4568 was killed before it finished (likely due to running out of memory)
