[2025-06-29T11:40:14.209+0000] {taskinstance.py:1159} INFO - Dependencies all met for dep_context=non-requeueable deps ti=<TaskInstance: dag_with_postgres_operator_v01.create_postgres_table scheduled__2022-06-09T00:00:00+00:00 [queued]>
[2025-06-29T11:40:14.243+0000] {taskinstance.py:1159} INFO - Dependencies all met for dep_context=requeueable deps ti=<TaskInstance: dag_with_postgres_operator_v01.create_postgres_table scheduled__2022-06-09T00:00:00+00:00 [queued]>
[2025-06-29T11:40:14.244+0000] {taskinstance.py:1361} INFO - Starting attempt 1 of 6
[2025-06-29T11:40:14.342+0000] {taskinstance.py:1382} INFO - Executing <Task(PostgresOperator): create_postgres_table> on 2022-06-09 00:00:00+00:00
[2025-06-29T11:40:14.410+0000] {standard_task_runner.py:57} INFO - Started process 2683 to run task
[2025-06-29T11:40:14.427+0000] {standard_task_runner.py:84} INFO - Running: ['***', 'tasks', 'run', 'dag_with_postgres_operator_v01', 'create_postgres_table', 'scheduled__2022-06-09T00:00:00+00:00', '--job-id', '207', '--raw', '--subdir', 'DAGS_FOLDER/dag_with_postgres_operator.py', '--cfg-path', '/tmp/tmpbda1m1wi']
[2025-06-29T11:40:14.440+0000] {standard_task_runner.py:85} INFO - Job 207: Subtask create_postgres_table
[2025-06-29T11:40:14.743+0000] {task_command.py:416} INFO - Running <TaskInstance: dag_with_postgres_operator_v01.create_postgres_table scheduled__2022-06-09T00:00:00+00:00 [running]> on host f561bfe7dd3a
[2025-06-29T11:40:15.393+0000] {taskinstance.py:1662} INFO - Exporting env vars: AIRFLOW_CTX_DAG_OWNER='coder2j' AIRFLOW_CTX_DAG_ID='dag_with_postgres_operator_v01' AIRFLOW_CTX_TASK_ID='create_postgres_table' AIRFLOW_CTX_EXECUTION_DATE='2022-06-09T00:00:00+00:00' AIRFLOW_CTX_TRY_NUMBER='1' AIRFLOW_CTX_DAG_RUN_ID='scheduled__2022-06-09T00:00:00+00:00'
[2025-06-29T11:40:15.393+0000] {sql.py:274} INFO - Executing: 
            create table if not exists dag_runs (
                dt date,
                dag_id character varying,
                primary key (dt, dag_id)
            )
        
[2025-06-29T11:40:15.432+0000] {base.py:73} INFO - Using connection ID 'postgres_localhost' for task execution.
[2025-06-29T11:40:15.495+0000] {base.py:73} INFO - Using connection ID 'postgres_localhost' for task execution.
[2025-06-29T11:40:15.520+0000] {sql.py:418} INFO - Running statement: 
            create table if not exists dag_runs (
                dt date,
                dag_id character varying,
                primary key (dt, dag_id)
            )
        , parameters: None
[2025-06-29T11:40:15.587+0000] {taskinstance.py:1400} INFO - Marking task as SUCCESS. dag_id=dag_with_postgres_operator_v01, task_id=create_postgres_table, execution_date=20220609T000000, start_date=20250629T114014, end_date=20250629T114015
[2025-06-29T11:40:15.773+0000] {local_task_job_runner.py:228} INFO - Task exited with return code 0
[2025-06-29T11:40:15.937+0000] {taskinstance.py:2778} INFO - 0 downstream tasks scheduled from follow-on schedule check
