[2025-06-29T12:13:11.484+0000] {taskinstance.py:1159} INFO - Dependencies all met for dep_context=non-requeueable deps ti=<TaskInstance: dag_with_postgres_operator_v03.create_postgres_table scheduled__2023-03-21T00:00:00+00:00 [queued]>
[2025-06-29T12:13:11.796+0000] {taskinstance.py:1159} INFO - Dependencies all met for dep_context=requeueable deps ti=<TaskInstance: dag_with_postgres_operator_v03.create_postgres_table scheduled__2023-03-21T00:00:00+00:00 [queued]>
[2025-06-29T12:13:11.831+0000] {taskinstance.py:1361} INFO - Starting attempt 1 of 6
[2025-06-29T12:13:12.106+0000] {taskinstance.py:1382} INFO - Executing <Task(PostgresOperator): create_postgres_table> on 2023-03-21 00:00:00+00:00
[2025-06-29T12:13:12.189+0000] {standard_task_runner.py:57} INFO - Started process 7480 to run task
[2025-06-29T12:13:12.286+0000] {standard_task_runner.py:84} INFO - Running: ['***', 'tasks', 'run', 'dag_with_postgres_operator_v03', 'create_postgres_table', 'scheduled__2023-03-21T00:00:00+00:00', '--job-id', '1815', '--raw', '--subdir', 'DAGS_FOLDER/dag_with_postgres_operator.py', '--cfg-path', '/tmp/tmp12_ea_rk']
[2025-06-29T12:13:12.362+0000] {standard_task_runner.py:85} INFO - Job 1815: Subtask create_postgres_table
[2025-06-29T12:13:13.814+0000] {task_command.py:416} INFO - Running <TaskInstance: dag_with_postgres_operator_v03.create_postgres_table scheduled__2023-03-21T00:00:00+00:00 [running]> on host f561bfe7dd3a
[2025-06-29T12:13:15.936+0000] {taskinstance.py:1662} INFO - Exporting env vars: AIRFLOW_CTX_DAG_OWNER='coder2j' AIRFLOW_CTX_DAG_ID='dag_with_postgres_operator_v03' AIRFLOW_CTX_TASK_ID='create_postgres_table' AIRFLOW_CTX_EXECUTION_DATE='2023-03-21T00:00:00+00:00' AIRFLOW_CTX_TRY_NUMBER='1' AIRFLOW_CTX_DAG_RUN_ID='scheduled__2023-03-21T00:00:00+00:00'
[2025-06-29T12:13:15.939+0000] {sql.py:274} INFO - Executing: 
            create table if not exists dag_runs (
                dt date,
                dag_id character varying,
                primary key (dt, dag_id)
            )
        
[2025-06-29T12:13:16.087+0000] {base.py:73} INFO - Using connection ID 'postgres_localhost' for task execution.
[2025-06-29T12:13:16.249+0000] {base.py:73} INFO - Using connection ID 'postgres_localhost' for task execution.
[2025-06-29T12:13:16.411+0000] {sql.py:418} INFO - Running statement: 
            create table if not exists dag_runs (
                dt date,
                dag_id character varying,
                primary key (dt, dag_id)
            )
        , parameters: None
[2025-06-29T12:13:16.549+0000] {taskinstance.py:1400} INFO - Marking task as SUCCESS. dag_id=dag_with_postgres_operator_v03, task_id=create_postgres_table, execution_date=20230321T000000, start_date=20250629T121311, end_date=20250629T121316
[2025-06-29T12:13:16.802+0000] {local_task_job_runner.py:228} INFO - Task exited with return code 0
[2025-06-29T12:13:17.855+0000] {taskinstance.py:2778} INFO - 1 downstream tasks scheduled from follow-on schedule check
