[2025-06-29T14:56:25.422+0000] {taskinstance.py:1159} INFO - Dependencies all met for dep_context=non-requeueable deps ti=<TaskInstance: dag_with_postgres_operator_v03.delete_data_from_table scheduled__2025-03-02T00:00:00+00:00 [queued]>
[2025-06-29T14:56:25.572+0000] {taskinstance.py:1159} INFO - Dependencies all met for dep_context=requeueable deps ti=<TaskInstance: dag_with_postgres_operator_v03.delete_data_from_table scheduled__2025-03-02T00:00:00+00:00 [queued]>
[2025-06-29T14:56:25.573+0000] {taskinstance.py:1361} INFO - Starting attempt 1 of 6
[2025-06-29T14:56:25.818+0000] {taskinstance.py:1382} INFO - Executing <Task(PostgresOperator): delete_data_from_table> on 2025-03-02 00:00:00+00:00
[2025-06-29T14:56:25.940+0000] {standard_task_runner.py:57} INFO - Started process 3922 to run task
[2025-06-29T14:56:25.999+0000] {standard_task_runner.py:84} INFO - Running: ['***', 'tasks', 'run', 'dag_with_postgres_operator_v03', 'delete_data_from_table', 'scheduled__2025-03-02T00:00:00+00:00', '--job-id', '3979', '--raw', '--subdir', 'DAGS_FOLDER/dag_with_postgres_operator.py', '--cfg-path', '/tmp/tmpkljaojo0']
[2025-06-29T14:56:26.078+0000] {standard_task_runner.py:85} INFO - Job 3979: Subtask delete_data_from_table
[2025-06-29T14:56:26.437+0000] {task_command.py:416} INFO - Running <TaskInstance: dag_with_postgres_operator_v03.delete_data_from_table scheduled__2025-03-02T00:00:00+00:00 [running]> on host f561bfe7dd3a
[2025-06-29T14:56:27.136+0000] {taskinstance.py:1662} INFO - Exporting env vars: AIRFLOW_CTX_DAG_OWNER='coder2j' AIRFLOW_CTX_DAG_ID='dag_with_postgres_operator_v03' AIRFLOW_CTX_TASK_ID='delete_data_from_table' AIRFLOW_CTX_EXECUTION_DATE='2025-03-02T00:00:00+00:00' AIRFLOW_CTX_TRY_NUMBER='1' AIRFLOW_CTX_DAG_RUN_ID='scheduled__2025-03-02T00:00:00+00:00'
[2025-06-29T14:56:27.149+0000] {sql.py:274} INFO - Executing: 
            delete from dag_runs where dt = '2025-03-02' and dag_id = 'dag_with_postgres_operator_v03';
        
[2025-06-29T14:56:27.192+0000] {base.py:73} INFO - Using connection ID 'postgres_localhost' for task execution.
[2025-06-29T14:56:27.251+0000] {base.py:73} INFO - Using connection ID 'postgres_localhost' for task execution.
[2025-06-29T14:56:27.277+0000] {sql.py:418} INFO - Running statement: 
            delete from dag_runs where dt = '2025-03-02' and dag_id = 'dag_with_postgres_operator_v03';
        , parameters: None
[2025-06-29T14:56:27.280+0000] {sql.py:427} INFO - Rows affected: 0
[2025-06-29T14:56:27.344+0000] {taskinstance.py:1400} INFO - Marking task as SUCCESS. dag_id=dag_with_postgres_operator_v03, task_id=delete_data_from_table, execution_date=20250302T000000, start_date=20250629T145625, end_date=20250629T145627
[2025-06-29T14:56:27.446+0000] {local_task_job_runner.py:228} INFO - Task exited with return code 0
[2025-06-29T14:56:27.545+0000] {taskinstance.py:2778} INFO - 1 downstream tasks scheduled from follow-on schedule check
