[2025-06-29T12:05:03.726+0000] {taskinstance.py:1159} INFO - Dependencies all met for dep_context=non-requeueable deps ti=<TaskInstance: dag_with_postgres_operator_v03.create_postgres_table scheduled__2022-11-28T00:00:00+00:00 [queued]>
[2025-06-29T12:05:03.810+0000] {taskinstance.py:1159} INFO - Dependencies all met for dep_context=requeueable deps ti=<TaskInstance: dag_with_postgres_operator_v03.create_postgres_table scheduled__2022-11-28T00:00:00+00:00 [queued]>
[2025-06-29T12:05:03.810+0000] {taskinstance.py:1361} INFO - Starting attempt 1 of 6
[2025-06-29T12:05:04.215+0000] {taskinstance.py:1382} INFO - Executing <Task(PostgresOperator): create_postgres_table> on 2022-11-28 00:00:00+00:00
[2025-06-29T12:05:04.285+0000] {standard_task_runner.py:57} INFO - Started process 6501 to run task
[2025-06-29T12:05:04.330+0000] {standard_task_runner.py:84} INFO - Running: ['***', 'tasks', 'run', 'dag_with_postgres_operator_v03', 'create_postgres_table', 'scheduled__2022-11-28T00:00:00+00:00', '--job-id', '1472', '--raw', '--subdir', 'DAGS_FOLDER/dag_with_postgres_operator.py', '--cfg-path', '/tmp/tmpjp7u6a_0']
[2025-06-29T12:05:04.358+0000] {standard_task_runner.py:85} INFO - Job 1472: Subtask create_postgres_table
[2025-06-29T12:05:04.843+0000] {task_command.py:416} INFO - Running <TaskInstance: dag_with_postgres_operator_v03.create_postgres_table scheduled__2022-11-28T00:00:00+00:00 [running]> on host f561bfe7dd3a
[2025-06-29T12:05:05.602+0000] {taskinstance.py:1662} INFO - Exporting env vars: AIRFLOW_CTX_DAG_OWNER='coder2j' AIRFLOW_CTX_DAG_ID='dag_with_postgres_operator_v03' AIRFLOW_CTX_TASK_ID='create_postgres_table' AIRFLOW_CTX_EXECUTION_DATE='2022-11-28T00:00:00+00:00' AIRFLOW_CTX_TRY_NUMBER='1' AIRFLOW_CTX_DAG_RUN_ID='scheduled__2022-11-28T00:00:00+00:00'
[2025-06-29T12:05:05.603+0000] {sql.py:274} INFO - Executing: 
            create table if not exists dag_runs (
                dt date,
                dag_id character varying,
                primary key (dt, dag_id)
            )
        
[2025-06-29T12:05:05.662+0000] {base.py:73} INFO - Using connection ID 'postgres_localhost' for task execution.
[2025-06-29T12:05:05.730+0000] {base.py:73} INFO - Using connection ID 'postgres_localhost' for task execution.
[2025-06-29T12:05:05.766+0000] {sql.py:418} INFO - Running statement: 
            create table if not exists dag_runs (
                dt date,
                dag_id character varying,
                primary key (dt, dag_id)
            )
        , parameters: None
[2025-06-29T12:05:05.865+0000] {taskinstance.py:1400} INFO - Marking task as SUCCESS. dag_id=dag_with_postgres_operator_v03, task_id=create_postgres_table, execution_date=20221128T000000, start_date=20250629T120503, end_date=20250629T120505
[2025-06-29T12:05:06.176+0000] {local_task_job_runner.py:228} INFO - Task exited with return code 0
[2025-06-29T12:05:06.839+0000] {taskinstance.py:2778} INFO - 1 downstream tasks scheduled from follow-on schedule check
