[2025-06-27T16:35:22.658+0000] {taskinstance.py:1159} INFO - Dependencies all met for dep_context=non-requeueable deps ti=<TaskInstance: our_first_dag_v_05.greet scheduled__2024-06-14T00:00:00+00:00 [queued]>
[2025-06-27T16:35:22.699+0000] {taskinstance.py:1159} INFO - Dependencies all met for dep_context=requeueable deps ti=<TaskInstance: our_first_dag_v_05.greet scheduled__2024-06-14T00:00:00+00:00 [queued]>
[2025-06-27T16:35:22.700+0000] {taskinstance.py:1361} INFO - Starting attempt 1 of 6
[2025-06-27T16:35:22.789+0000] {taskinstance.py:1382} INFO - Executing <Task(PythonOperator): greet> on 2024-06-14 00:00:00+00:00
[2025-06-27T16:35:22.862+0000] {standard_task_runner.py:57} INFO - Started process 4495 to run task
[2025-06-27T16:35:22.913+0000] {standard_task_runner.py:84} INFO - Running: ['***', 'tasks', 'run', 'our_first_dag_v_05', 'greet', 'scheduled__2024-06-14T00:00:00+00:00', '--job-id', '1703', '--raw', '--subdir', 'DAGS_FOLDER/create_dag_with_python_0perator.py', '--cfg-path', '/tmp/tmp01nl4z9f']
[2025-06-27T16:35:22.973+0000] {standard_task_runner.py:85} INFO - Job 1703: Subtask greet
[2025-06-27T16:35:23.208+0000] {task_command.py:416} INFO - Running <TaskInstance: our_first_dag_v_05.greet scheduled__2024-06-14T00:00:00+00:00 [running]> on host a8edfe6283f3
[2025-06-27T16:35:23.421+0000] {taskinstance.py:1662} INFO - Exporting env vars: AIRFLOW_CTX_DAG_OWNER='shivanshu' AIRFLOW_CTX_DAG_ID='our_first_dag_v_05' AIRFLOW_CTX_TASK_ID='greet' AIRFLOW_CTX_EXECUTION_DATE='2024-06-14T00:00:00+00:00' AIRFLOW_CTX_TRY_NUMBER='1' AIRFLOW_CTX_DAG_RUN_ID='scheduled__2024-06-14T00:00:00+00:00'
[2025-06-27T16:35:23.423+0000] {taskinstance.py:1937} ERROR - Task failed with exception
Traceback (most recent call last):
  File "/home/airflow/.local/lib/python3.8/site-packages/airflow/operators/python.py", line 192, in execute
    return_value = self.execute_callable()
  File "/home/airflow/.local/lib/python3.8/site-packages/airflow/operators/python.py", line 209, in execute_callable
    return self.python_callable(*self.op_args, **self.op_kwargs)
  File "/opt/airflow/dags/create_dag_with_python_0perator.py", line 15, in greet
    first_name=ti.xcom_pull(task_ids='get_name',keys='first_name')
  File "/home/airflow/.local/lib/python3.8/site-packages/airflow/utils/session.py", line 77, in wrapper
    return func(*args, session=session, **kwargs)
TypeError: xcom_pull() got an unexpected keyword argument 'keys'
[2025-06-27T16:35:23.442+0000] {taskinstance.py:1400} INFO - Marking task as UP_FOR_RETRY. dag_id=our_first_dag_v_05, task_id=greet, execution_date=20240614T000000, start_date=20250627T163522, end_date=20250627T163523
[2025-06-27T16:35:23.470+0000] {standard_task_runner.py:104} ERROR - Failed to execute job 1703 for task greet (xcom_pull() got an unexpected keyword argument 'keys'; 4495)
[2025-06-27T16:35:23.536+0000] {local_task_job_runner.py:228} INFO - Task exited with return code 1
[2025-06-27T16:35:23.612+0000] {taskinstance.py:2778} INFO - 0 downstream tasks scheduled from follow-on schedule check
