[2025-06-29T11:40:46.912+0000] {taskinstance.py:1159} INFO - Dependencies all met for dep_context=non-requeueable deps ti=<TaskInstance: dag_with_postgres_operator_v01.insert_into_table scheduled__2022-07-11T00:00:00+00:00 [queued]>
[2025-06-29T11:40:47.211+0000] {taskinstance.py:1159} INFO - Dependencies all met for dep_context=requeueable deps ti=<TaskInstance: dag_with_postgres_operator_v01.insert_into_table scheduled__2022-07-11T00:00:00+00:00 [queued]>
[2025-06-29T11:40:47.212+0000] {taskinstance.py:1361} INFO - Starting attempt 1 of 6
[2025-06-29T11:40:47.922+0000] {taskinstance.py:1382} INFO - Executing <Task(PostgresOperator): insert_into_table> on 2022-07-11 00:00:00+00:00
[2025-06-29T11:40:48.342+0000] {standard_task_runner.py:57} INFO - Started process 2799 to run task
[2025-06-29T11:40:48.621+0000] {standard_task_runner.py:84} INFO - Running: ['***', 'tasks', 'run', 'dag_with_postgres_operator_v01', 'insert_into_table', 'scheduled__2022-07-11T00:00:00+00:00', '--job-id', '242', '--raw', '--subdir', 'DAGS_FOLDER/dag_with_postgres_operator.py', '--cfg-path', '/tmp/tmp9upqlzax']
[2025-06-29T11:40:48.856+0000] {standard_task_runner.py:85} INFO - Job 242: Subtask insert_into_table
[2025-06-29T11:40:51.637+0000] {task_command.py:416} INFO - Running <TaskInstance: dag_with_postgres_operator_v01.insert_into_table scheduled__2022-07-11T00:00:00+00:00 [running]> on host f561bfe7dd3a
[2025-06-29T11:40:56.924+0000] {taskinstance.py:1662} INFO - Exporting env vars: AIRFLOW_CTX_DAG_OWNER='coder2j' AIRFLOW_CTX_DAG_ID='dag_with_postgres_operator_v01' AIRFLOW_CTX_TASK_ID='insert_into_table' AIRFLOW_CTX_EXECUTION_DATE='2022-07-11T00:00:00+00:00' AIRFLOW_CTX_TRY_NUMBER='1' AIRFLOW_CTX_DAG_RUN_ID='scheduled__2022-07-11T00:00:00+00:00'
[2025-06-29T11:40:56.924+0000] {sql.py:274} INFO - Executing: 
            insert into dag_runs (dt, dag_id) values ('2022-07-11', 'dag_with_postgres_operator_v01')
        
[2025-06-29T11:40:57.005+0000] {base.py:73} INFO - Using connection ID 'postgres_localhost' for task execution.
[2025-06-29T11:40:57.098+0000] {base.py:73} INFO - Using connection ID 'postgres_localhost' for task execution.
[2025-06-29T11:40:57.214+0000] {sql.py:418} INFO - Running statement: 
            insert into dag_runs (dt, dag_id) values ('2022-07-11', 'dag_with_postgres_operator_v01')
        , parameters: None
[2025-06-29T11:40:57.226+0000] {sql.py:427} INFO - Rows affected: 1
[2025-06-29T11:40:57.467+0000] {taskinstance.py:1400} INFO - Marking task as SUCCESS. dag_id=dag_with_postgres_operator_v01, task_id=insert_into_table, execution_date=20220711T000000, start_date=20250629T114046, end_date=20250629T114057
[2025-06-29T11:40:57.729+0000] {local_task_job_runner.py:228} INFO - Task exited with return code 0
[2025-06-29T11:40:58.438+0000] {taskinstance.py:2778} INFO - 0 downstream tasks scheduled from follow-on schedule check
