[2025-06-29T11:58:11.138+0000] {taskinstance.py:1159} INFO - Dependencies all met for dep_context=non-requeueable deps ti=<TaskInstance: dag_with_postgres_operator_v03.create_postgres_table scheduled__2022-05-04T00:00:00+00:00 [queued]>
[2025-06-29T11:58:11.212+0000] {taskinstance.py:1159} INFO - Dependencies all met for dep_context=requeueable deps ti=<TaskInstance: dag_with_postgres_operator_v03.create_postgres_table scheduled__2022-05-04T00:00:00+00:00 [queued]>
[2025-06-29T11:58:11.217+0000] {taskinstance.py:1361} INFO - Starting attempt 1 of 6
[2025-06-29T11:58:11.397+0000] {taskinstance.py:1382} INFO - Executing <Task(PostgresOperator): create_postgres_table> on 2022-05-04 00:00:00+00:00
[2025-06-29T11:58:11.498+0000] {standard_task_runner.py:57} INFO - Started process 4870 to run task
[2025-06-29T11:58:11.563+0000] {standard_task_runner.py:84} INFO - Running: ['***', 'tasks', 'run', 'dag_with_postgres_operator_v03', 'create_postgres_table', 'scheduled__2022-05-04T00:00:00+00:00', '--job-id', '854', '--raw', '--subdir', 'DAGS_FOLDER/dag_with_postgres_operator.py', '--cfg-path', '/tmp/tmputi4bjhi']
[2025-06-29T11:58:11.606+0000] {standard_task_runner.py:85} INFO - Job 854: Subtask create_postgres_table
[2025-06-29T11:58:11.983+0000] {task_command.py:416} INFO - Running <TaskInstance: dag_with_postgres_operator_v03.create_postgres_table scheduled__2022-05-04T00:00:00+00:00 [running]> on host f561bfe7dd3a
[2025-06-29T11:58:12.507+0000] {taskinstance.py:1662} INFO - Exporting env vars: AIRFLOW_CTX_DAG_OWNER='coder2j' AIRFLOW_CTX_DAG_ID='dag_with_postgres_operator_v03' AIRFLOW_CTX_TASK_ID='create_postgres_table' AIRFLOW_CTX_EXECUTION_DATE='2022-05-04T00:00:00+00:00' AIRFLOW_CTX_TRY_NUMBER='1' AIRFLOW_CTX_DAG_RUN_ID='scheduled__2022-05-04T00:00:00+00:00'
[2025-06-29T11:58:12.509+0000] {sql.py:274} INFO - Executing: 
            create table if not exists dag_runs (
                dt date,
                dag_id character varying,
                primary key (dt, dag_id)
            )
        
[2025-06-29T11:58:12.585+0000] {base.py:73} INFO - Using connection ID 'postgres_localhost' for task execution.
[2025-06-29T11:58:12.659+0000] {base.py:73} INFO - Using connection ID 'postgres_localhost' for task execution.
[2025-06-29T11:58:12.699+0000] {sql.py:418} INFO - Running statement: 
            create table if not exists dag_runs (
                dt date,
                dag_id character varying,
                primary key (dt, dag_id)
            )
        , parameters: None
[2025-06-29T11:58:12.752+0000] {taskinstance.py:1400} INFO - Marking task as SUCCESS. dag_id=dag_with_postgres_operator_v03, task_id=create_postgres_table, execution_date=20220504T000000, start_date=20250629T115811, end_date=20250629T115812
[2025-06-29T11:58:12.917+0000] {local_task_job_runner.py:228} INFO - Task exited with return code 0
[2025-06-29T11:58:13.267+0000] {taskinstance.py:2778} INFO - 1 downstream tasks scheduled from follow-on schedule check
