[2025-06-29T15:17:20.677+0000] {local_task_job_runner.py:120} INFO - ::group::Pre task execution logs
[2025-06-29T15:17:21.742+0000] {taskinstance.py:2073} INFO - Dependencies all met for dep_context=non-requeueable deps ti=<TaskInstance: dag_with_python_dependencies_v01.get_sklearn scheduled__2022-05-17T00:00:00+00:00 [queued]>
[2025-06-29T15:17:21.949+0000] {taskinstance.py:2073} INFO - Dependencies all met for dep_context=requeueable deps ti=<TaskInstance: dag_with_python_dependencies_v01.get_sklearn scheduled__2022-05-17T00:00:00+00:00 [queued]>
[2025-06-29T15:17:22.003+0000] {taskinstance.py:2303} INFO - Starting attempt 1 of 1
[2025-06-29T15:17:22.804+0000] {taskinstance.py:2327} INFO - Executing <Task(PythonOperator): get_sklearn> on 2022-05-17 00:00:00+00:00
[2025-06-29T15:17:22.878+0000] {standard_task_runner.py:90} INFO - Running: ['***', 'tasks', 'run', 'dag_with_python_dependencies_v01', 'get_sklearn', 'scheduled__2022-05-17T00:00:00+00:00', '--job-id', '4555', '--raw', '--subdir', 'DAGS_FOLDER/dag_with_python_dependencies.py', '--cfg-path', '/tmp/tmpcote1ut7']
[2025-06-29T15:17:22.888+0000] {standard_task_runner.py:91} INFO - Job 4555: Subtask get_sklearn
[2025-06-29T15:17:22.891+0000] {logging_mixin.py:188} WARNING - /home/***/.local/lib/python3.12/site-packages/***/task/task_runner/standard_task_runner.py:61 DeprecationWarning: This process (pid=211) is multi-threaded, use of fork() may lead to deadlocks in the child.
[2025-06-29T15:17:22.975+0000] {standard_task_runner.py:63} INFO - Started process 222 to run task
[2025-06-29T15:17:24.112+0000] {task_command.py:426} INFO - Running <TaskInstance: dag_with_python_dependencies_v01.get_sklearn scheduled__2022-05-17T00:00:00+00:00 [running]> on host 895c9b4bc327
[2025-06-29T15:17:25.192+0000] {taskinstance.py:2644} INFO - Exporting env vars: AIRFLOW_CTX_DAG_OWNER='shivanshu' AIRFLOW_CTX_DAG_ID='dag_with_python_dependencies_v01' AIRFLOW_CTX_TASK_ID='get_sklearn' AIRFLOW_CTX_EXECUTION_DATE='2022-05-17T00:00:00+00:00' AIRFLOW_CTX_TRY_NUMBER='1' AIRFLOW_CTX_DAG_RUN_ID='scheduled__2022-05-17T00:00:00+00:00'
[2025-06-29T15:17:25.212+0000] {taskinstance.py:430} INFO - ::endgroup::
[2025-06-29T15:18:00.718+0000] {local_task_job_runner.py:124} ERROR - Received SIGTERM. Terminating subprocesses
[2025-06-29T15:18:01.362+0000] {process_utils.py:132} INFO - Sending 15 to group 222. PIDs of all processes in the group: [222]
[2025-06-29T15:18:01.366+0000] {process_utils.py:87} INFO - Sending the signal 15 to group 222
[2025-06-29T15:18:01.441+0000] {taskinstance.py:2607} ERROR - Received SIGTERM. Terminating subprocesses.
[2025-06-29T15:18:01.554+0000] {taskinstance.py:441} INFO - ::group::Post task execution logs
[2025-06-29T15:18:02.040+0000] {taskinstance.py:2890} ERROR - Task failed with exception
Traceback (most recent call last):
  File "/home/airflow/.local/lib/python3.12/site-packages/airflow/models/taskinstance.py", line 465, in _execute_task
    result = _execute_callable(context=context, **execute_callable_kwargs)
             ^^^^^^^^^^^^^^^^^^^^^^^^^^^^^^^^^^^^^^^^^^^^^^^^^^^^^^^^^^^^^
  File "/home/airflow/.local/lib/python3.12/site-packages/airflow/models/taskinstance.py", line 432, in _execute_callable
    return execute_callable(context=context, **execute_callable_kwargs)
           ^^^^^^^^^^^^^^^^^^^^^^^^^^^^^^^^^^^^^^^^^^^^^^^^^^^^^^^^^^^^
  File "/home/airflow/.local/lib/python3.12/site-packages/airflow/models/baseoperator.py", line 400, in wrapper
    return func(self, *args, **kwargs)
           ^^^^^^^^^^^^^^^^^^^^^^^^^^^
  File "/home/airflow/.local/lib/python3.12/site-packages/airflow/operators/python.py", line 235, in execute
    return_value = self.execute_callable()
                   ^^^^^^^^^^^^^^^^^^^^^^^
  File "/home/airflow/.local/lib/python3.12/site-packages/airflow/operators/python.py", line 252, in execute_callable
    return self.python_callable(*self.op_args, **self.op_kwargs)
           ^^^^^^^^^^^^^^^^^^^^^^^^^^^^^^^^^^^^^^^^^^^^^^^^^^^^^
  File "/opt/airflow/dags/dag_with_python_dependencies.py", line 15, in get_sklearn
    import sklearn
  File "/home/airflow/.local/lib/python3.12/site-packages/sklearn/__init__.py", line 73, in <module>
    from .base import clone  # noqa: E402
    ^^^^^^^^^^^^^^^^^^^^^^^
  File "/home/airflow/.local/lib/python3.12/site-packages/sklearn/base.py", line 19, in <module>
    from .utils._metadata_requests import _MetadataRequester, _routing_enabled
  File "/home/airflow/.local/lib/python3.12/site-packages/sklearn/utils/__init__.py", line 9, in <module>
    from ._chunking import gen_batches, gen_even_slices
  File "/home/airflow/.local/lib/python3.12/site-packages/sklearn/utils/_chunking.py", line 11, in <module>
    from ._param_validation import Interval, validate_params
  File "/home/airflow/.local/lib/python3.12/site-packages/sklearn/utils/_param_validation.py", line 14, in <module>
    from scipy.sparse import csr_matrix, issparse
  File "/home/airflow/.local/lib/python3.12/site-packages/scipy/sparse/__init__.py", line 320, in <module>
    from . import (
  File "<frozen importlib._bootstrap>", line 1360, in _find_and_load
  File "<frozen importlib._bootstrap>", line 1331, in _find_and_load_unlocked
  File "<frozen importlib._bootstrap>", line 935, in _load_unlocked
  File "<frozen importlib._bootstrap_external>", line 991, in exec_module
  File "<frozen importlib._bootstrap_external>", line 1087, in get_code
  File "<frozen importlib._bootstrap_external>", line 1187, in get_data
  File "/home/airflow/.local/lib/python3.12/site-packages/airflow/models/taskinstance.py", line 2609, in signal_handler
    raise AirflowTaskTerminated("Task received SIGTERM signal")
airflow.exceptions.AirflowTaskTerminated: Task received SIGTERM signal
[2025-06-29T15:18:02.716+0000] {taskinstance.py:1205} INFO - Marking task as FAILED. dag_id=dag_with_python_dependencies_v01, task_id=get_sklearn, execution_date=20220517T000000, start_date=20250629T151721, end_date=20250629T151802
[2025-06-29T15:18:03.595+0000] {process_utils.py:80} INFO - Process psutil.Process(pid=222, status='terminated', exitcode=2, started='15:17:22') (222) terminated with exit code 2
[2025-06-29T15:18:03.686+0000] {local_task_job_runner.py:240} INFO - Task exited with return code 143
[2025-06-29T15:18:04.300+0000] {taskinstance.py:3482} INFO - 0 downstream tasks scheduled from follow-on schedule check
[2025-06-29T15:18:04.533+0000] {local_task_job_runner.py:222} INFO - ::endgroup::
