[2025-06-29T11:57:55.415+0000] {taskinstance.py:1159} INFO - Dependencies all met for dep_context=non-requeueable deps ti=<TaskInstance: dag_with_postgres_operator_v03.delete_data_from_table scheduled__2022-04-23T00:00:00+00:00 [queued]>
[2025-06-29T11:57:55.459+0000] {taskinstance.py:1159} INFO - Dependencies all met for dep_context=requeueable deps ti=<TaskInstance: dag_with_postgres_operator_v03.delete_data_from_table scheduled__2022-04-23T00:00:00+00:00 [queued]>
[2025-06-29T11:57:55.459+0000] {taskinstance.py:1361} INFO - Starting attempt 1 of 6
[2025-06-29T11:57:56.431+0000] {taskinstance.py:1382} INFO - Executing <Task(PostgresOperator): delete_data_from_table> on 2022-04-23 00:00:00+00:00
[2025-06-29T11:57:56.546+0000] {standard_task_runner.py:57} INFO - Started process 4820 to run task
[2025-06-29T11:57:56.661+0000] {standard_task_runner.py:84} INFO - Running: ['***', 'tasks', 'run', 'dag_with_postgres_operator_v03', 'delete_data_from_table', 'scheduled__2022-04-23T00:00:00+00:00', '--job-id', '829', '--raw', '--subdir', 'DAGS_FOLDER/dag_with_postgres_operator.py', '--cfg-path', '/tmp/tmp0e4fjc1x']
[2025-06-29T11:57:56.727+0000] {standard_task_runner.py:85} INFO - Job 829: Subtask delete_data_from_table
[2025-06-29T11:57:57.469+0000] {task_command.py:416} INFO - Running <TaskInstance: dag_with_postgres_operator_v03.delete_data_from_table scheduled__2022-04-23T00:00:00+00:00 [running]> on host f561bfe7dd3a
[2025-06-29T11:57:58.073+0000] {taskinstance.py:1662} INFO - Exporting env vars: AIRFLOW_CTX_DAG_OWNER='coder2j' AIRFLOW_CTX_DAG_ID='dag_with_postgres_operator_v03' AIRFLOW_CTX_TASK_ID='delete_data_from_table' AIRFLOW_CTX_EXECUTION_DATE='2022-04-23T00:00:00+00:00' AIRFLOW_CTX_TRY_NUMBER='1' AIRFLOW_CTX_DAG_RUN_ID='scheduled__2022-04-23T00:00:00+00:00'
[2025-06-29T11:57:58.090+0000] {sql.py:274} INFO - Executing: 
            delete from dag_runs where dt = '2022-04-23' and dag_id = 'dag_with_postgres_operator_v03';
        
[2025-06-29T11:57:58.234+0000] {base.py:73} INFO - Using connection ID 'postgres_localhost' for task execution.
[2025-06-29T11:57:58.390+0000] {base.py:73} INFO - Using connection ID 'postgres_localhost' for task execution.
[2025-06-29T11:57:58.436+0000] {sql.py:418} INFO - Running statement: 
            delete from dag_runs where dt = '2022-04-23' and dag_id = 'dag_with_postgres_operator_v03';
        , parameters: None
[2025-06-29T11:57:58.443+0000] {sql.py:427} INFO - Rows affected: 0
[2025-06-29T11:57:58.774+0000] {taskinstance.py:1400} INFO - Marking task as SUCCESS. dag_id=dag_with_postgres_operator_v03, task_id=delete_data_from_table, execution_date=20220423T000000, start_date=20250629T115755, end_date=20250629T115758
[2025-06-29T11:57:59.127+0000] {local_task_job_runner.py:228} INFO - Task exited with return code 0
[2025-06-29T11:58:00.166+0000] {taskinstance.py:2778} INFO - 0 downstream tasks scheduled from follow-on schedule check
