[2025-06-29T14:49:50.538+0000] {taskinstance.py:1159} INFO - Dependencies all met for dep_context=non-requeueable deps ti=<TaskInstance: dag_with_postgres_operator_v03.insert_into_table scheduled__2024-08-25T00:00:00+00:00 [queued]>
[2025-06-29T14:49:50.597+0000] {taskinstance.py:1159} INFO - Dependencies all met for dep_context=requeueable deps ti=<TaskInstance: dag_with_postgres_operator_v03.insert_into_table scheduled__2024-08-25T00:00:00+00:00 [queued]>
[2025-06-29T14:49:50.598+0000] {taskinstance.py:1361} INFO - Starting attempt 1 of 6
[2025-06-29T14:49:50.748+0000] {taskinstance.py:1382} INFO - Executing <Task(PostgresOperator): insert_into_table> on 2024-08-25 00:00:00+00:00
[2025-06-29T14:49:50.788+0000] {standard_task_runner.py:57} INFO - Started process 2433 to run task
[2025-06-29T14:49:50.853+0000] {standard_task_runner.py:84} INFO - Running: ['***', 'tasks', 'run', 'dag_with_postgres_operator_v03', 'insert_into_table', 'scheduled__2024-08-25T00:00:00+00:00', '--job-id', '3423', '--raw', '--subdir', 'DAGS_FOLDER/dag_with_postgres_operator.py', '--cfg-path', '/tmp/tmp21d_gppi']
[2025-06-29T14:49:50.907+0000] {standard_task_runner.py:85} INFO - Job 3423: Subtask insert_into_table
[2025-06-29T14:49:51.403+0000] {task_command.py:416} INFO - Running <TaskInstance: dag_with_postgres_operator_v03.insert_into_table scheduled__2024-08-25T00:00:00+00:00 [running]> on host f561bfe7dd3a
[2025-06-29T14:49:51.853+0000] {taskinstance.py:1662} INFO - Exporting env vars: AIRFLOW_CTX_DAG_OWNER='coder2j' AIRFLOW_CTX_DAG_ID='dag_with_postgres_operator_v03' AIRFLOW_CTX_TASK_ID='insert_into_table' AIRFLOW_CTX_EXECUTION_DATE='2024-08-25T00:00:00+00:00' AIRFLOW_CTX_TRY_NUMBER='1' AIRFLOW_CTX_DAG_RUN_ID='scheduled__2024-08-25T00:00:00+00:00'
[2025-06-29T14:49:51.869+0000] {sql.py:274} INFO - Executing: 
            insert into dag_runs (dt, dag_id) values ('2024-08-25', 'dag_with_postgres_operator_v03')
        
[2025-06-29T14:49:51.931+0000] {base.py:73} INFO - Using connection ID 'postgres_localhost' for task execution.
[2025-06-29T14:49:52.001+0000] {base.py:73} INFO - Using connection ID 'postgres_localhost' for task execution.
[2025-06-29T14:49:52.043+0000] {sql.py:418} INFO - Running statement: 
            insert into dag_runs (dt, dag_id) values ('2024-08-25', 'dag_with_postgres_operator_v03')
        , parameters: None
[2025-06-29T14:49:52.061+0000] {sql.py:427} INFO - Rows affected: 1
[2025-06-29T14:49:52.130+0000] {taskinstance.py:1400} INFO - Marking task as SUCCESS. dag_id=dag_with_postgres_operator_v03, task_id=insert_into_table, execution_date=20240825T000000, start_date=20250629T144950, end_date=20250629T144952
[2025-06-29T14:49:52.271+0000] {local_task_job_runner.py:228} INFO - Task exited with return code 0
[2025-06-29T14:49:52.509+0000] {taskinstance.py:2778} INFO - 0 downstream tasks scheduled from follow-on schedule check
