[2025-06-29T12:19:21.101+0000] {taskinstance.py:1159} INFO - Dependencies all met for dep_context=non-requeueable deps ti=<TaskInstance: dag_with_postgres_operator_v03.create_postgres_table scheduled__2023-08-10T00:00:00+00:00 [queued]>
[2025-06-29T12:19:21.221+0000] {taskinstance.py:1159} INFO - Dependencies all met for dep_context=requeueable deps ti=<TaskInstance: dag_with_postgres_operator_v03.create_postgres_table scheduled__2023-08-10T00:00:00+00:00 [queued]>
[2025-06-29T12:19:21.222+0000] {taskinstance.py:1361} INFO - Starting attempt 1 of 6
[2025-06-29T12:19:21.425+0000] {taskinstance.py:1382} INFO - Executing <Task(PostgresOperator): create_postgres_table> on 2023-08-10 00:00:00+00:00
[2025-06-29T12:19:21.541+0000] {standard_task_runner.py:57} INFO - Started process 8676 to run task
[2025-06-29T12:19:21.570+0000] {standard_task_runner.py:84} INFO - Running: ['***', 'tasks', 'run', 'dag_with_postgres_operator_v03', 'create_postgres_table', 'scheduled__2023-08-10T00:00:00+00:00', '--job-id', '2241', '--raw', '--subdir', 'DAGS_FOLDER/dag_with_postgres_operator.py', '--cfg-path', '/tmp/tmpygqy0nvj']
[2025-06-29T12:19:21.610+0000] {standard_task_runner.py:85} INFO - Job 2241: Subtask create_postgres_table
[2025-06-29T12:19:22.117+0000] {task_command.py:416} INFO - Running <TaskInstance: dag_with_postgres_operator_v03.create_postgres_table scheduled__2023-08-10T00:00:00+00:00 [running]> on host f561bfe7dd3a
[2025-06-29T12:19:23.357+0000] {taskinstance.py:1662} INFO - Exporting env vars: AIRFLOW_CTX_DAG_OWNER='coder2j' AIRFLOW_CTX_DAG_ID='dag_with_postgres_operator_v03' AIRFLOW_CTX_TASK_ID='create_postgres_table' AIRFLOW_CTX_EXECUTION_DATE='2023-08-10T00:00:00+00:00' AIRFLOW_CTX_TRY_NUMBER='1' AIRFLOW_CTX_DAG_RUN_ID='scheduled__2023-08-10T00:00:00+00:00'
[2025-06-29T12:19:23.370+0000] {sql.py:274} INFO - Executing: 
            create table if not exists dag_runs (
                dt date,
                dag_id character varying,
                primary key (dt, dag_id)
            )
        
[2025-06-29T12:19:23.440+0000] {base.py:73} INFO - Using connection ID 'postgres_localhost' for task execution.
[2025-06-29T12:19:23.519+0000] {base.py:73} INFO - Using connection ID 'postgres_localhost' for task execution.
[2025-06-29T12:19:23.568+0000] {sql.py:418} INFO - Running statement: 
            create table if not exists dag_runs (
                dt date,
                dag_id character varying,
                primary key (dt, dag_id)
            )
        , parameters: None
[2025-06-29T12:19:23.643+0000] {taskinstance.py:1400} INFO - Marking task as SUCCESS. dag_id=dag_with_postgres_operator_v03, task_id=create_postgres_table, execution_date=20230810T000000, start_date=20250629T121921, end_date=20250629T121923
[2025-06-29T12:19:24.378+0000] {local_task_job_runner.py:228} INFO - Task exited with return code 0
[2025-06-29T12:19:24.794+0000] {taskinstance.py:2778} INFO - 1 downstream tasks scheduled from follow-on schedule check
