[2025-06-29T11:45:25.734+0000] {taskinstance.py:1159} INFO - Dependencies all met for dep_context=non-requeueable deps ti=<TaskInstance: dag_with_postgres_operator_v02.insert_into_table scheduled__2021-12-24T00:00:00+00:00 [queued]>
[2025-06-29T11:45:26.236+0000] {taskinstance.py:1159} INFO - Dependencies all met for dep_context=requeueable deps ti=<TaskInstance: dag_with_postgres_operator_v02.insert_into_table scheduled__2021-12-24T00:00:00+00:00 [queued]>
[2025-06-29T11:45:26.237+0000] {taskinstance.py:1361} INFO - Starting attempt 1 of 6
[2025-06-29T11:45:27.516+0000] {taskinstance.py:1382} INFO - Executing <Task(PostgresOperator): insert_into_table> on 2021-12-24 00:00:00+00:00
[2025-06-29T11:45:27.668+0000] {standard_task_runner.py:57} INFO - Started process 3162 to run task
[2025-06-29T11:45:27.807+0000] {standard_task_runner.py:84} INFO - Running: ['***', 'tasks', 'run', 'dag_with_postgres_operator_v02', 'insert_into_table', 'scheduled__2021-12-24T00:00:00+00:00', '--job-id', '260', '--raw', '--subdir', 'DAGS_FOLDER/dag_with_postgres_operator.py', '--cfg-path', '/tmp/tmpsf_1fskc']
[2025-06-29T11:45:27.888+0000] {standard_task_runner.py:85} INFO - Job 260: Subtask insert_into_table
[2025-06-29T11:45:28.905+0000] {task_command.py:416} INFO - Running <TaskInstance: dag_with_postgres_operator_v02.insert_into_table scheduled__2021-12-24T00:00:00+00:00 [running]> on host f561bfe7dd3a
[2025-06-29T11:45:30.162+0000] {taskinstance.py:1662} INFO - Exporting env vars: AIRFLOW_CTX_DAG_OWNER='coder2j' AIRFLOW_CTX_DAG_ID='dag_with_postgres_operator_v02' AIRFLOW_CTX_TASK_ID='insert_into_table' AIRFLOW_CTX_EXECUTION_DATE='2021-12-24T00:00:00+00:00' AIRFLOW_CTX_TRY_NUMBER='1' AIRFLOW_CTX_DAG_RUN_ID='scheduled__2021-12-24T00:00:00+00:00'
[2025-06-29T11:45:30.171+0000] {sql.py:274} INFO - Executing: 
            insert into dag_runs (dt, dag_id) values ('2021-12-24', 'dag_with_postgres_operator_v02')
        
[2025-06-29T11:45:30.428+0000] {base.py:73} INFO - Using connection ID 'postgres_localhost' for task execution.
[2025-06-29T11:45:30.618+0000] {base.py:73} INFO - Using connection ID 'postgres_localhost' for task execution.
[2025-06-29T11:45:30.665+0000] {sql.py:418} INFO - Running statement: 
            insert into dag_runs (dt, dag_id) values ('2021-12-24', 'dag_with_postgres_operator_v02')
        , parameters: None
[2025-06-29T11:45:30.676+0000] {sql.py:427} INFO - Rows affected: 1
[2025-06-29T11:45:30.769+0000] {taskinstance.py:1400} INFO - Marking task as SUCCESS. dag_id=dag_with_postgres_operator_v02, task_id=insert_into_table, execution_date=20211224T000000, start_date=20250629T114525, end_date=20250629T114530
[2025-06-29T11:45:31.101+0000] {local_task_job_runner.py:228} INFO - Task exited with return code 0
[2025-06-29T11:45:31.660+0000] {taskinstance.py:2778} INFO - 0 downstream tasks scheduled from follow-on schedule check
