[2025-06-29T11:56:43.696+0000] {taskinstance.py:1159} INFO - Dependencies all met for dep_context=non-requeueable deps ti=<TaskInstance: dag_with_postgres_operator_v03.delete_data_from_table scheduled__2022-03-21T00:00:00+00:00 [queued]>
[2025-06-29T11:56:43.796+0000] {taskinstance.py:1159} INFO - Dependencies all met for dep_context=requeueable deps ti=<TaskInstance: dag_with_postgres_operator_v03.delete_data_from_table scheduled__2022-03-21T00:00:00+00:00 [queued]>
[2025-06-29T11:56:43.796+0000] {taskinstance.py:1361} INFO - Starting attempt 1 of 6
[2025-06-29T11:56:43.892+0000] {taskinstance.py:1382} INFO - Executing <Task(PostgresOperator): delete_data_from_table> on 2022-03-21 00:00:00+00:00
[2025-06-29T11:56:43.963+0000] {standard_task_runner.py:57} INFO - Started process 4540 to run task
[2025-06-29T11:56:44.005+0000] {standard_task_runner.py:84} INFO - Running: ['***', 'tasks', 'run', 'dag_with_postgres_operator_v03', 'delete_data_from_table', 'scheduled__2022-03-21T00:00:00+00:00', '--job-id', '721', '--raw', '--subdir', 'DAGS_FOLDER/dag_with_postgres_operator.py', '--cfg-path', '/tmp/tmpw5f1qx1q']
[2025-06-29T11:56:44.044+0000] {standard_task_runner.py:85} INFO - Job 721: Subtask delete_data_from_table
[2025-06-29T11:56:44.509+0000] {task_command.py:416} INFO - Running <TaskInstance: dag_with_postgres_operator_v03.delete_data_from_table scheduled__2022-03-21T00:00:00+00:00 [running]> on host f561bfe7dd3a
[2025-06-29T11:56:45.375+0000] {taskinstance.py:1662} INFO - Exporting env vars: AIRFLOW_CTX_DAG_OWNER='coder2j' AIRFLOW_CTX_DAG_ID='dag_with_postgres_operator_v03' AIRFLOW_CTX_TASK_ID='delete_data_from_table' AIRFLOW_CTX_EXECUTION_DATE='2022-03-21T00:00:00+00:00' AIRFLOW_CTX_TRY_NUMBER='1' AIRFLOW_CTX_DAG_RUN_ID='scheduled__2022-03-21T00:00:00+00:00'
[2025-06-29T11:56:45.376+0000] {sql.py:274} INFO - Executing: 
            delete from dag_runs where dt = '2022-03-21' and dag_id = 'dag_with_postgres_operator_v03';
        
[2025-06-29T11:56:45.494+0000] {base.py:73} INFO - Using connection ID 'postgres_localhost' for task execution.
[2025-06-29T11:56:45.575+0000] {base.py:73} INFO - Using connection ID 'postgres_localhost' for task execution.
[2025-06-29T11:56:45.623+0000] {sql.py:418} INFO - Running statement: 
            delete from dag_runs where dt = '2022-03-21' and dag_id = 'dag_with_postgres_operator_v03';
        , parameters: None
[2025-06-29T11:56:45.627+0000] {sql.py:427} INFO - Rows affected: 0
[2025-06-29T11:56:45.674+0000] {taskinstance.py:1400} INFO - Marking task as SUCCESS. dag_id=dag_with_postgres_operator_v03, task_id=delete_data_from_table, execution_date=20220321T000000, start_date=20250629T115643, end_date=20250629T115645
[2025-06-29T11:56:46.525+0000] {local_task_job_runner.py:228} INFO - Task exited with return code 0
[2025-06-29T11:56:46.718+0000] {taskinstance.py:2778} INFO - 1 downstream tasks scheduled from follow-on schedule check
