[2025-06-29T11:37:57.752+0000] {taskinstance.py:1159} INFO - Dependencies all met for dep_context=non-requeueable deps ti=<TaskInstance: dag_with_postgres_operator_v01.create_postgres_table scheduled__2021-12-31T00:00:00+00:00 [queued]>
[2025-06-29T11:37:57.843+0000] {taskinstance.py:1159} INFO - Dependencies all met for dep_context=requeueable deps ti=<TaskInstance: dag_with_postgres_operator_v01.create_postgres_table scheduled__2021-12-31T00:00:00+00:00 [queued]>
[2025-06-29T11:37:57.844+0000] {taskinstance.py:1361} INFO - Starting attempt 3 of 6
[2025-06-29T11:37:58.048+0000] {taskinstance.py:1382} INFO - Executing <Task(PostgresOperator): create_postgres_table> on 2021-12-31 00:00:00+00:00
[2025-06-29T11:37:58.145+0000] {standard_task_runner.py:57} INFO - Started process 2239 to run task
[2025-06-29T11:37:58.249+0000] {standard_task_runner.py:84} INFO - Running: ['***', 'tasks', 'run', 'dag_with_postgres_operator_v01', 'create_postgres_table', 'scheduled__2021-12-31T00:00:00+00:00', '--job-id', '47', '--raw', '--subdir', 'DAGS_FOLDER/dag_with_postgres_operator.py', '--cfg-path', '/tmp/tmptzqv3siz']
[2025-06-29T11:37:58.297+0000] {standard_task_runner.py:85} INFO - Job 47: Subtask create_postgres_table
[2025-06-29T11:37:58.902+0000] {task_command.py:416} INFO - Running <TaskInstance: dag_with_postgres_operator_v01.create_postgres_table scheduled__2021-12-31T00:00:00+00:00 [running]> on host f561bfe7dd3a
[2025-06-29T11:37:59.539+0000] {taskinstance.py:1662} INFO - Exporting env vars: AIRFLOW_CTX_DAG_OWNER='coder2j' AIRFLOW_CTX_DAG_ID='dag_with_postgres_operator_v01' AIRFLOW_CTX_TASK_ID='create_postgres_table' AIRFLOW_CTX_EXECUTION_DATE='2021-12-31T00:00:00+00:00' AIRFLOW_CTX_TRY_NUMBER='3' AIRFLOW_CTX_DAG_RUN_ID='scheduled__2021-12-31T00:00:00+00:00'
[2025-06-29T11:37:59.546+0000] {sql.py:274} INFO - Executing: 
            create table if not exists dag_runs (
                dt date,
                dag_id character varying,
                primary key (dt, dag_id)
            )
        
[2025-06-29T11:37:59.591+0000] {base.py:73} INFO - Using connection ID 'postgres_localhost' for task execution.
[2025-06-29T11:37:59.655+0000] {base.py:73} INFO - Using connection ID 'postgres_localhost' for task execution.
[2025-06-29T11:37:59.699+0000] {sql.py:418} INFO - Running statement: 
            create table if not exists dag_runs (
                dt date,
                dag_id character varying,
                primary key (dt, dag_id)
            )
        , parameters: None
[2025-06-29T11:37:59.805+0000] {taskinstance.py:1400} INFO - Marking task as SUCCESS. dag_id=dag_with_postgres_operator_v01, task_id=create_postgres_table, execution_date=20211231T000000, start_date=20250629T113757, end_date=20250629T113759
[2025-06-29T11:38:00.212+0000] {local_task_job_runner.py:228} INFO - Task exited with return code 0
[2025-06-29T11:38:00.280+0000] {taskinstance.py:2778} INFO - 0 downstream tasks scheduled from follow-on schedule check
