[2025-06-29T14:42:19.641+0000] {taskinstance.py:1159} INFO - Dependencies all met for dep_context=non-requeueable deps ti=<TaskInstance: dag_with_postgres_operator_v03.create_postgres_table scheduled__2024-02-20T00:00:00+00:00 [queued]>
[2025-06-29T14:42:19.738+0000] {taskinstance.py:1159} INFO - Dependencies all met for dep_context=requeueable deps ti=<TaskInstance: dag_with_postgres_operator_v03.create_postgres_table scheduled__2024-02-20T00:00:00+00:00 [queued]>
[2025-06-29T14:42:19.738+0000] {taskinstance.py:1361} INFO - Starting attempt 1 of 6
[2025-06-29T14:42:19.982+0000] {taskinstance.py:1382} INFO - Executing <Task(PostgresOperator): create_postgres_table> on 2024-02-20 00:00:00+00:00
[2025-06-29T14:42:20.076+0000] {standard_task_runner.py:57} INFO - Started process 860 to run task
[2025-06-29T14:42:20.146+0000] {standard_task_runner.py:84} INFO - Running: ['***', 'tasks', 'run', 'dag_with_postgres_operator_v03', 'create_postgres_table', 'scheduled__2024-02-20T00:00:00+00:00', '--job-id', '2839', '--raw', '--subdir', 'DAGS_FOLDER/dag_with_postgres_operator.py', '--cfg-path', '/tmp/tmp842jfq_w']
[2025-06-29T14:42:20.184+0000] {standard_task_runner.py:85} INFO - Job 2839: Subtask create_postgres_table
[2025-06-29T14:42:20.969+0000] {task_command.py:416} INFO - Running <TaskInstance: dag_with_postgres_operator_v03.create_postgres_table scheduled__2024-02-20T00:00:00+00:00 [running]> on host f561bfe7dd3a
[2025-06-29T14:42:21.880+0000] {taskinstance.py:1662} INFO - Exporting env vars: AIRFLOW_CTX_DAG_OWNER='coder2j' AIRFLOW_CTX_DAG_ID='dag_with_postgres_operator_v03' AIRFLOW_CTX_TASK_ID='create_postgres_table' AIRFLOW_CTX_EXECUTION_DATE='2024-02-20T00:00:00+00:00' AIRFLOW_CTX_TRY_NUMBER='1' AIRFLOW_CTX_DAG_RUN_ID='scheduled__2024-02-20T00:00:00+00:00'
[2025-06-29T14:42:21.882+0000] {sql.py:274} INFO - Executing: 
            create table if not exists dag_runs (
                dt date,
                dag_id character varying,
                primary key (dt, dag_id)
            )
        
[2025-06-29T14:42:22.109+0000] {base.py:73} INFO - Using connection ID 'postgres_localhost' for task execution.
[2025-06-29T14:42:22.171+0000] {base.py:73} INFO - Using connection ID 'postgres_localhost' for task execution.
[2025-06-29T14:42:22.265+0000] {sql.py:418} INFO - Running statement: 
            create table if not exists dag_runs (
                dt date,
                dag_id character varying,
                primary key (dt, dag_id)
            )
        , parameters: None
[2025-06-29T14:42:22.428+0000] {taskinstance.py:1400} INFO - Marking task as SUCCESS. dag_id=dag_with_postgres_operator_v03, task_id=create_postgres_table, execution_date=20240220T000000, start_date=20250629T144219, end_date=20250629T144222
[2025-06-29T14:42:22.769+0000] {local_task_job_runner.py:228} INFO - Task exited with return code 0
[2025-06-29T14:42:23.253+0000] {taskinstance.py:2778} INFO - 1 downstream tasks scheduled from follow-on schedule check
