[2025-06-29T15:20:03.443+0000] {local_task_job_runner.py:120} INFO - ::group::Pre task execution logs
[2025-06-29T15:20:05.442+0000] {taskinstance.py:2073} INFO - Dependencies all met for dep_context=non-requeueable deps ti=<TaskInstance: dag_with_python_dependencies_v01.get_sklearn scheduled__2022-05-13T00:00:00+00:00 [queued]>
[2025-06-29T15:20:05.990+0000] {taskinstance.py:2073} INFO - Dependencies all met for dep_context=requeueable deps ti=<TaskInstance: dag_with_python_dependencies_v01.get_sklearn scheduled__2022-05-13T00:00:00+00:00 [queued]>
[2025-06-29T15:20:05.992+0000] {taskinstance.py:2303} INFO - Starting attempt 2 of 1
[2025-06-29T15:20:06.386+0000] {taskinstance.py:2327} INFO - Executing <Task(PythonOperator): get_sklearn> on 2022-05-13 00:00:00+00:00
[2025-06-29T15:20:06.742+0000] {standard_task_runner.py:90} INFO - Running: ['***', 'tasks', 'run', 'dag_with_python_dependencies_v01', 'get_sklearn', 'scheduled__2022-05-13T00:00:00+00:00', '--job-id', '4561', '--raw', '--subdir', 'DAGS_FOLDER/dag_with_python_dependencies.py', '--cfg-path', '/tmp/tmpewwq2q4f']
[2025-06-29T15:20:06.967+0000] {standard_task_runner.py:91} INFO - Job 4561: Subtask get_sklearn
[2025-06-29T15:20:07.167+0000] {logging_mixin.py:188} WARNING - /home/***/.local/lib/python3.12/site-packages/***/task/task_runner/standard_task_runner.py:61 DeprecationWarning: This process (pid=182) is multi-threaded, use of fork() may lead to deadlocks in the child.
[2025-06-29T15:20:07.169+0000] {standard_task_runner.py:63} INFO - Started process 199 to run task
[2025-06-29T15:20:09.757+0000] {task_command.py:426} INFO - Running <TaskInstance: dag_with_python_dependencies_v01.get_sklearn scheduled__2022-05-13T00:00:00+00:00 [running]> on host 10ba4c57dcb8
[2025-06-29T15:20:13.681+0000] {taskinstance.py:2644} INFO - Exporting env vars: AIRFLOW_CTX_DAG_OWNER='shivanshu' AIRFLOW_CTX_DAG_ID='dag_with_python_dependencies_v01' AIRFLOW_CTX_TASK_ID='get_sklearn' AIRFLOW_CTX_EXECUTION_DATE='2022-05-13T00:00:00+00:00' AIRFLOW_CTX_TRY_NUMBER='2' AIRFLOW_CTX_DAG_RUN_ID='scheduled__2022-05-13T00:00:00+00:00'
[2025-06-29T15:20:13.704+0000] {taskinstance.py:430} INFO - ::endgroup::
[2025-06-29T15:26:45.929+0000] {local_task_job_runner.py:310} WARNING - State of this instance has been externally set to None. Terminating instance.
[2025-06-29T15:26:49.111+0000] {local_task_job_runner.py:222} INFO - ::endgroup::
[2025-06-29T15:26:54.951+0000] {process_utils.py:132} INFO - Sending 15 to group 199. PIDs of all processes in the group: [199]
[2025-06-29T15:26:56.776+0000] {process_utils.py:87} INFO - Sending the signal 15 to group 199
[2025-06-29T15:28:01.975+0000] {process_utils.py:150} WARNING - process psutil.Process(pid=199, name='airflow task ru', status='running', started='15:20:06') did not respond to SIGTERM. Trying SIGKILL
[2025-06-29T15:28:04.009+0000] {process_utils.py:87} INFO - Sending the signal 9 to group 199
[2025-06-29T15:28:07.636+0000] {process_utils.py:80} INFO - Process psutil.Process(pid=199, name='airflow task ru', status='terminated', exitcode=<Negsignal.SIGKILL: -9>, started='15:20:06') (199) terminated with exit code -9
[2025-06-29T15:28:07.912+0000] {standard_task_runner.py:178} ERROR - Job 4561 was killed before it finished (likely due to running out of memory)
