[2025-06-29T12:14:10.355+0000] {taskinstance.py:1159} INFO - Dependencies all met for dep_context=non-requeueable deps ti=<TaskInstance: dag_with_postgres_operator_v03.insert_into_table scheduled__2023-03-28T00:00:00+00:00 [queued]>
[2025-06-29T12:14:10.540+0000] {taskinstance.py:1159} INFO - Dependencies all met for dep_context=requeueable deps ti=<TaskInstance: dag_with_postgres_operator_v03.insert_into_table scheduled__2023-03-28T00:00:00+00:00 [queued]>
[2025-06-29T12:14:10.542+0000] {taskinstance.py:1361} INFO - Starting attempt 1 of 6
[2025-06-29T12:14:11.041+0000] {taskinstance.py:1382} INFO - Executing <Task(PostgresOperator): insert_into_table> on 2023-03-28 00:00:00+00:00
[2025-06-29T12:14:11.102+0000] {standard_task_runner.py:57} INFO - Started process 7599 to run task
[2025-06-29T12:14:11.131+0000] {standard_task_runner.py:84} INFO - Running: ['***', 'tasks', 'run', 'dag_with_postgres_operator_v03', 'insert_into_table', 'scheduled__2023-03-28T00:00:00+00:00', '--job-id', '1844', '--raw', '--subdir', 'DAGS_FOLDER/dag_with_postgres_operator.py', '--cfg-path', '/tmp/tmp_edj5hh7']
[2025-06-29T12:14:11.143+0000] {standard_task_runner.py:85} INFO - Job 1844: Subtask insert_into_table
[2025-06-29T12:14:11.546+0000] {task_command.py:416} INFO - Running <TaskInstance: dag_with_postgres_operator_v03.insert_into_table scheduled__2023-03-28T00:00:00+00:00 [running]> on host f561bfe7dd3a
[2025-06-29T12:14:12.270+0000] {taskinstance.py:1662} INFO - Exporting env vars: AIRFLOW_CTX_DAG_OWNER='coder2j' AIRFLOW_CTX_DAG_ID='dag_with_postgres_operator_v03' AIRFLOW_CTX_TASK_ID='insert_into_table' AIRFLOW_CTX_EXECUTION_DATE='2023-03-28T00:00:00+00:00' AIRFLOW_CTX_TRY_NUMBER='1' AIRFLOW_CTX_DAG_RUN_ID='scheduled__2023-03-28T00:00:00+00:00'
[2025-06-29T12:14:12.271+0000] {sql.py:274} INFO - Executing: 
            insert into dag_runs (dt, dag_id) values ('2023-03-28', 'dag_with_postgres_operator_v03')
        
[2025-06-29T12:14:12.347+0000] {base.py:73} INFO - Using connection ID 'postgres_localhost' for task execution.
[2025-06-29T12:14:12.401+0000] {base.py:73} INFO - Using connection ID 'postgres_localhost' for task execution.
[2025-06-29T12:14:12.444+0000] {sql.py:418} INFO - Running statement: 
            insert into dag_runs (dt, dag_id) values ('2023-03-28', 'dag_with_postgres_operator_v03')
        , parameters: None
[2025-06-29T12:14:12.454+0000] {sql.py:427} INFO - Rows affected: 1
[2025-06-29T12:14:12.545+0000] {taskinstance.py:1400} INFO - Marking task as SUCCESS. dag_id=dag_with_postgres_operator_v03, task_id=insert_into_table, execution_date=20230328T000000, start_date=20250629T121410, end_date=20250629T121412
[2025-06-29T12:14:12.705+0000] {local_task_job_runner.py:228} INFO - Task exited with return code 0
[2025-06-29T12:14:12.762+0000] {taskinstance.py:2778} INFO - 0 downstream tasks scheduled from follow-on schedule check
