[2025-06-29T12:07:04.332+0000] {taskinstance.py:1159} INFO - Dependencies all met for dep_context=non-requeueable deps ti=<TaskInstance: dag_with_postgres_operator_v03.insert_into_table scheduled__2023-01-15T00:00:00+00:00 [queued]>
[2025-06-29T12:07:04.460+0000] {taskinstance.py:1159} INFO - Dependencies all met for dep_context=requeueable deps ti=<TaskInstance: dag_with_postgres_operator_v03.insert_into_table scheduled__2023-01-15T00:00:00+00:00 [queued]>
[2025-06-29T12:07:04.461+0000] {taskinstance.py:1361} INFO - Starting attempt 1 of 6
[2025-06-29T12:07:04.882+0000] {taskinstance.py:1382} INFO - Executing <Task(PostgresOperator): insert_into_table> on 2023-01-15 00:00:00+00:00
[2025-06-29T12:07:05.025+0000] {standard_task_runner.py:57} INFO - Started process 6950 to run task
[2025-06-29T12:07:05.138+0000] {standard_task_runner.py:84} INFO - Running: ['***', 'tasks', 'run', 'dag_with_postgres_operator_v03', 'insert_into_table', 'scheduled__2023-01-15T00:00:00+00:00', '--job-id', '1642', '--raw', '--subdir', 'DAGS_FOLDER/dag_with_postgres_operator.py', '--cfg-path', '/tmp/tmpvrj7ysg3']
[2025-06-29T12:07:05.191+0000] {standard_task_runner.py:85} INFO - Job 1642: Subtask insert_into_table
[2025-06-29T12:07:05.759+0000] {task_command.py:416} INFO - Running <TaskInstance: dag_with_postgres_operator_v03.insert_into_table scheduled__2023-01-15T00:00:00+00:00 [running]> on host f561bfe7dd3a
[2025-06-29T12:07:07.369+0000] {taskinstance.py:1662} INFO - Exporting env vars: AIRFLOW_CTX_DAG_OWNER='coder2j' AIRFLOW_CTX_DAG_ID='dag_with_postgres_operator_v03' AIRFLOW_CTX_TASK_ID='insert_into_table' AIRFLOW_CTX_EXECUTION_DATE='2023-01-15T00:00:00+00:00' AIRFLOW_CTX_TRY_NUMBER='1' AIRFLOW_CTX_DAG_RUN_ID='scheduled__2023-01-15T00:00:00+00:00'
[2025-06-29T12:07:07.372+0000] {sql.py:274} INFO - Executing: 
            insert into dag_runs (dt, dag_id) values ('2023-01-15', 'dag_with_postgres_operator_v03')
        
[2025-06-29T12:07:07.496+0000] {base.py:73} INFO - Using connection ID 'postgres_localhost' for task execution.
[2025-06-29T12:07:07.678+0000] {base.py:73} INFO - Using connection ID 'postgres_localhost' for task execution.
[2025-06-29T12:07:07.747+0000] {sql.py:418} INFO - Running statement: 
            insert into dag_runs (dt, dag_id) values ('2023-01-15', 'dag_with_postgres_operator_v03')
        , parameters: None
[2025-06-29T12:07:07.749+0000] {sql.py:427} INFO - Rows affected: 1
[2025-06-29T12:07:07.842+0000] {taskinstance.py:1400} INFO - Marking task as SUCCESS. dag_id=dag_with_postgres_operator_v03, task_id=insert_into_table, execution_date=20230115T000000, start_date=20250629T120704, end_date=20250629T120707
[2025-06-29T12:07:08.144+0000] {local_task_job_runner.py:228} INFO - Task exited with return code 0
[2025-06-29T12:07:08.374+0000] {taskinstance.py:2778} INFO - 0 downstream tasks scheduled from follow-on schedule check
