[2025-06-29T14:52:40.032+0000] {taskinstance.py:1159} INFO - Dependencies all met for dep_context=non-requeueable deps ti=<TaskInstance: dag_with_postgres_operator_v03.delete_data_from_table scheduled__2024-11-21T00:00:00+00:00 [queued]>
[2025-06-29T14:52:40.143+0000] {taskinstance.py:1159} INFO - Dependencies all met for dep_context=requeueable deps ti=<TaskInstance: dag_with_postgres_operator_v03.delete_data_from_table scheduled__2024-11-21T00:00:00+00:00 [queued]>
[2025-06-29T14:52:40.148+0000] {taskinstance.py:1361} INFO - Starting attempt 1 of 6
[2025-06-29T14:52:40.446+0000] {taskinstance.py:1382} INFO - Executing <Task(PostgresOperator): delete_data_from_table> on 2024-11-21 00:00:00+00:00
[2025-06-29T14:52:40.559+0000] {standard_task_runner.py:57} INFO - Started process 3108 to run task
[2025-06-29T14:52:40.648+0000] {standard_task_runner.py:84} INFO - Running: ['***', 'tasks', 'run', 'dag_with_postgres_operator_v03', 'delete_data_from_table', 'scheduled__2024-11-21T00:00:00+00:00', '--job-id', '3678', '--raw', '--subdir', 'DAGS_FOLDER/dag_with_postgres_operator.py', '--cfg-path', '/tmp/tmpmcvjkw_p']
[2025-06-29T14:52:40.706+0000] {standard_task_runner.py:85} INFO - Job 3678: Subtask delete_data_from_table
[2025-06-29T14:52:41.452+0000] {task_command.py:416} INFO - Running <TaskInstance: dag_with_postgres_operator_v03.delete_data_from_table scheduled__2024-11-21T00:00:00+00:00 [running]> on host f561bfe7dd3a
[2025-06-29T14:52:42.092+0000] {taskinstance.py:1662} INFO - Exporting env vars: AIRFLOW_CTX_DAG_OWNER='coder2j' AIRFLOW_CTX_DAG_ID='dag_with_postgres_operator_v03' AIRFLOW_CTX_TASK_ID='delete_data_from_table' AIRFLOW_CTX_EXECUTION_DATE='2024-11-21T00:00:00+00:00' AIRFLOW_CTX_TRY_NUMBER='1' AIRFLOW_CTX_DAG_RUN_ID='scheduled__2024-11-21T00:00:00+00:00'
[2025-06-29T14:52:42.093+0000] {sql.py:274} INFO - Executing: 
            delete from dag_runs where dt = '2024-11-21' and dag_id = 'dag_with_postgres_operator_v03';
        
[2025-06-29T14:52:42.189+0000] {base.py:73} INFO - Using connection ID 'postgres_localhost' for task execution.
[2025-06-29T14:52:42.275+0000] {base.py:73} INFO - Using connection ID 'postgres_localhost' for task execution.
[2025-06-29T14:52:42.348+0000] {sql.py:418} INFO - Running statement: 
            delete from dag_runs where dt = '2024-11-21' and dag_id = 'dag_with_postgres_operator_v03';
        , parameters: None
[2025-06-29T14:52:42.379+0000] {sql.py:427} INFO - Rows affected: 0
[2025-06-29T14:52:42.577+0000] {taskinstance.py:1400} INFO - Marking task as SUCCESS. dag_id=dag_with_postgres_operator_v03, task_id=delete_data_from_table, execution_date=20241121T000000, start_date=20250629T145240, end_date=20250629T145242
[2025-06-29T14:52:43.581+0000] {local_task_job_runner.py:228} INFO - Task exited with return code 0
[2025-06-29T14:52:43.924+0000] {taskinstance.py:2778} INFO - 1 downstream tasks scheduled from follow-on schedule check
