[2025-06-26T16:19:30.360+0000] {processor.py:157} INFO - Started process (PID=161) to work on /opt/airflow/dags/our_first_dag.py
[2025-06-26T16:19:30.382+0000] {processor.py:829} INFO - Processing file /opt/airflow/dags/our_first_dag.py for tasks to queue
[2025-06-26T16:19:30.386+0000] {logging_mixin.py:151} INFO - [2025-06-26T16:19:30.385+0000] {dagbag.py:536} INFO - Filling up the DagBag from /opt/airflow/dags/our_first_dag.py
[2025-06-26T16:19:29.910+0000] {processor.py:839} INFO - DAG(s) dict_keys(['our_first_dag_v5']) retrieved from /opt/airflow/dags/our_first_dag.py
[2025-06-26T16:19:30.092+0000] {logging_mixin.py:151} INFO - [2025-06-26T16:19:30.092+0000] {manager.py:499} INFO - Created Permission View: %s
[2025-06-26T16:19:30.129+0000] {logging_mixin.py:151} INFO - [2025-06-26T16:19:30.129+0000] {manager.py:499} INFO - Created Permission View: %s
[2025-06-26T16:19:30.157+0000] {logging_mixin.py:151} INFO - [2025-06-26T16:19:30.156+0000] {manager.py:499} INFO - Created Permission View: %s
[2025-06-26T16:19:30.158+0000] {logging_mixin.py:151} INFO - [2025-06-26T16:19:30.158+0000] {dag.py:2941} INFO - Sync 1 DAGs
[2025-06-26T16:19:30.210+0000] {logging_mixin.py:151} INFO - [2025-06-26T16:19:30.210+0000] {dag.py:2963} INFO - Creating ORM DAG for our_first_dag_v5
[2025-06-26T16:19:30.261+0000] {logging_mixin.py:151} INFO - [2025-06-26T16:19:30.258+0000] {dag.py:3722} INFO - Setting next_dagrun for our_first_dag_v5 to 2024-06-01T00:00:00+00:00, run_after=2024-06-02T00:00:00+00:00
[2025-06-26T16:19:30.317+0000] {processor.py:179} INFO - Processing /opt/airflow/dags/our_first_dag.py took 1.487 seconds
[2025-06-26T16:19:51.955+0000] {processor.py:157} INFO - Started process (PID=169) to work on /opt/airflow/dags/our_first_dag.py
[2025-06-26T16:19:51.957+0000] {processor.py:829} INFO - Processing file /opt/airflow/dags/our_first_dag.py for tasks to queue
[2025-06-26T16:19:51.959+0000] {logging_mixin.py:151} INFO - [2025-06-26T16:19:51.958+0000] {dagbag.py:536} INFO - Filling up the DagBag from /opt/airflow/dags/our_first_dag.py
[2025-06-26T16:19:51.984+0000] {processor.py:839} INFO - DAG(s) dict_keys(['our_first_dag_v5']) retrieved from /opt/airflow/dags/our_first_dag.py
[2025-06-26T16:19:52.030+0000] {logging_mixin.py:151} INFO - [2025-06-26T16:19:52.030+0000] {dag.py:2941} INFO - Sync 1 DAGs
[2025-06-26T16:19:52.064+0000] {logging_mixin.py:151} INFO - [2025-06-26T16:19:52.064+0000] {dag.py:3722} INFO - Setting next_dagrun for our_first_dag_v5 to 2024-06-01T00:00:00+00:00, run_after=2024-06-02T00:00:00+00:00
[2025-06-26T16:19:52.091+0000] {processor.py:179} INFO - Processing /opt/airflow/dags/our_first_dag.py took 0.148 seconds
[2025-06-26T16:20:22.650+0000] {processor.py:157} INFO - Started process (PID=177) to work on /opt/airflow/dags/our_first_dag.py
[2025-06-26T16:20:22.653+0000] {processor.py:829} INFO - Processing file /opt/airflow/dags/our_first_dag.py for tasks to queue
[2025-06-26T16:20:22.655+0000] {logging_mixin.py:151} INFO - [2025-06-26T16:20:22.654+0000] {dagbag.py:536} INFO - Filling up the DagBag from /opt/airflow/dags/our_first_dag.py
[2025-06-26T16:20:22.704+0000] {processor.py:839} INFO - DAG(s) dict_keys(['our_first_dag_v5']) retrieved from /opt/airflow/dags/our_first_dag.py
[2025-06-26T16:20:22.777+0000] {logging_mixin.py:151} INFO - [2025-06-26T16:20:22.777+0000] {dag.py:2941} INFO - Sync 1 DAGs
[2025-06-26T16:20:22.846+0000] {logging_mixin.py:151} INFO - [2025-06-26T16:20:22.846+0000] {dag.py:3722} INFO - Setting next_dagrun for our_first_dag_v5 to 2024-06-01T00:00:00+00:00, run_after=2024-06-02T00:00:00+00:00
[2025-06-26T16:20:22.872+0000] {processor.py:179} INFO - Processing /opt/airflow/dags/our_first_dag.py took 0.231 seconds
[2025-06-26T16:20:53.332+0000] {processor.py:157} INFO - Started process (PID=192) to work on /opt/airflow/dags/our_first_dag.py
[2025-06-26T16:20:53.339+0000] {processor.py:829} INFO - Processing file /opt/airflow/dags/our_first_dag.py for tasks to queue
[2025-06-26T16:20:53.415+0000] {logging_mixin.py:151} INFO - [2025-06-26T16:20:53.354+0000] {dagbag.py:536} INFO - Filling up the DagBag from /opt/airflow/dags/our_first_dag.py
[2025-06-26T16:20:53.807+0000] {processor.py:839} INFO - DAG(s) dict_keys(['our_first_dag_v5']) retrieved from /opt/airflow/dags/our_first_dag.py
[2025-06-26T16:20:54.283+0000] {logging_mixin.py:151} INFO - [2025-06-26T16:20:54.283+0000] {dag.py:2941} INFO - Sync 1 DAGs
[2025-06-26T16:20:55.375+0000] {logging_mixin.py:151} INFO - [2025-06-26T16:20:55.370+0000] {dag.py:3722} INFO - Setting next_dagrun for our_first_dag_v5 to 2024-06-10T00:00:00+00:00, run_after=2024-06-11T00:00:00+00:00
[2025-06-26T16:20:55.702+0000] {processor.py:179} INFO - Processing /opt/airflow/dags/our_first_dag.py took 2.489 seconds
[2025-06-26T16:21:26.222+0000] {processor.py:157} INFO - Started process (PID=324) to work on /opt/airflow/dags/our_first_dag.py
[2025-06-26T16:21:26.229+0000] {processor.py:829} INFO - Processing file /opt/airflow/dags/our_first_dag.py for tasks to queue
[2025-06-26T16:21:26.242+0000] {logging_mixin.py:151} INFO - [2025-06-26T16:21:26.236+0000] {dagbag.py:536} INFO - Filling up the DagBag from /opt/airflow/dags/our_first_dag.py
[2025-06-26T16:21:26.319+0000] {processor.py:839} INFO - DAG(s) dict_keys(['our_first_dag_v5']) retrieved from /opt/airflow/dags/our_first_dag.py
[2025-06-26T16:21:26.467+0000] {logging_mixin.py:151} INFO - [2025-06-26T16:21:26.467+0000] {dag.py:2941} INFO - Sync 1 DAGs
[2025-06-26T16:21:26.581+0000] {logging_mixin.py:151} INFO - [2025-06-26T16:21:26.580+0000] {dag.py:3722} INFO - Setting next_dagrun for our_first_dag_v5 to 2024-07-16T00:00:00+00:00, run_after=2024-07-17T00:00:00+00:00
[2025-06-26T16:21:26.682+0000] {processor.py:179} INFO - Processing /opt/airflow/dags/our_first_dag.py took 0.512 seconds
[2025-06-26T16:21:56.774+0000] {processor.py:157} INFO - Started process (PID=449) to work on /opt/airflow/dags/our_first_dag.py
[2025-06-26T16:21:56.808+0000] {processor.py:829} INFO - Processing file /opt/airflow/dags/our_first_dag.py for tasks to queue
[2025-06-26T16:21:56.809+0000] {logging_mixin.py:151} INFO - [2025-06-26T16:21:56.809+0000] {dagbag.py:536} INFO - Filling up the DagBag from /opt/airflow/dags/our_first_dag.py
[2025-06-26T16:21:56.974+0000] {processor.py:839} INFO - DAG(s) dict_keys(['our_first_dag_v5']) retrieved from /opt/airflow/dags/our_first_dag.py
[2025-06-26T16:21:57.143+0000] {logging_mixin.py:151} INFO - [2025-06-26T16:21:57.142+0000] {dag.py:2941} INFO - Sync 1 DAGs
[2025-06-26T16:21:57.371+0000] {logging_mixin.py:151} INFO - [2025-06-26T16:21:57.370+0000] {dag.py:3722} INFO - Setting next_dagrun for our_first_dag_v5 to 2024-08-26T00:00:00+00:00, run_after=2024-08-27T00:00:00+00:00
[2025-06-26T16:21:57.530+0000] {processor.py:179} INFO - Processing /opt/airflow/dags/our_first_dag.py took 0.829 seconds
[2025-06-26T16:22:28.033+0000] {processor.py:157} INFO - Started process (PID=563) to work on /opt/airflow/dags/our_first_dag.py
[2025-06-26T16:22:28.050+0000] {processor.py:829} INFO - Processing file /opt/airflow/dags/our_first_dag.py for tasks to queue
[2025-06-26T16:22:28.052+0000] {logging_mixin.py:151} INFO - [2025-06-26T16:22:28.051+0000] {dagbag.py:536} INFO - Filling up the DagBag from /opt/airflow/dags/our_first_dag.py
[2025-06-26T16:22:28.121+0000] {processor.py:839} INFO - DAG(s) dict_keys(['our_first_dag_v5']) retrieved from /opt/airflow/dags/our_first_dag.py
[2025-06-26T16:22:28.238+0000] {logging_mixin.py:151} INFO - [2025-06-26T16:22:28.238+0000] {dag.py:2941} INFO - Sync 1 DAGs
[2025-06-26T16:22:28.322+0000] {logging_mixin.py:151} INFO - [2025-06-26T16:22:28.319+0000] {dag.py:3722} INFO - Setting next_dagrun for our_first_dag_v5 to 2024-09-30T00:00:00+00:00, run_after=2024-10-01T00:00:00+00:00
[2025-06-26T16:22:28.381+0000] {processor.py:179} INFO - Processing /opt/airflow/dags/our_first_dag.py took 0.384 seconds
[2025-06-26T16:22:59.090+0000] {processor.py:157} INFO - Started process (PID=673) to work on /opt/airflow/dags/our_first_dag.py
[2025-06-26T16:22:59.097+0000] {processor.py:829} INFO - Processing file /opt/airflow/dags/our_first_dag.py for tasks to queue
[2025-06-26T16:22:59.110+0000] {logging_mixin.py:151} INFO - [2025-06-26T16:22:59.102+0000] {dagbag.py:536} INFO - Filling up the DagBag from /opt/airflow/dags/our_first_dag.py
[2025-06-26T16:22:59.302+0000] {processor.py:839} INFO - DAG(s) dict_keys(['our_first_dag_v5']) retrieved from /opt/airflow/dags/our_first_dag.py
[2025-06-26T16:22:59.745+0000] {logging_mixin.py:151} INFO - [2025-06-26T16:22:59.745+0000] {dag.py:2941} INFO - Sync 1 DAGs
[2025-06-26T16:23:00.361+0000] {logging_mixin.py:151} INFO - [2025-06-26T16:23:00.361+0000] {dag.py:3722} INFO - Setting next_dagrun for our_first_dag_v5 to 2024-11-07T00:00:00+00:00, run_after=2024-11-08T00:00:00+00:00
[2025-06-26T16:23:00.651+0000] {processor.py:179} INFO - Processing /opt/airflow/dags/our_first_dag.py took 1.587 seconds
[2025-06-26T16:23:31.151+0000] {processor.py:157} INFO - Started process (PID=782) to work on /opt/airflow/dags/our_first_dag.py
[2025-06-26T16:23:31.152+0000] {processor.py:829} INFO - Processing file /opt/airflow/dags/our_first_dag.py for tasks to queue
[2025-06-26T16:23:31.154+0000] {logging_mixin.py:151} INFO - [2025-06-26T16:23:31.153+0000] {dagbag.py:536} INFO - Filling up the DagBag from /opt/airflow/dags/our_first_dag.py
[2025-06-26T16:23:31.173+0000] {processor.py:839} INFO - DAG(s) dict_keys(['our_first_dag_v5']) retrieved from /opt/airflow/dags/our_first_dag.py
[2025-06-26T16:23:31.213+0000] {logging_mixin.py:151} INFO - [2025-06-26T16:23:31.213+0000] {dag.py:2941} INFO - Sync 1 DAGs
[2025-06-26T16:23:31.248+0000] {logging_mixin.py:151} INFO - [2025-06-26T16:23:31.247+0000] {dag.py:3722} INFO - Setting next_dagrun for our_first_dag_v5 to 2024-12-07T00:00:00+00:00, run_after=2024-12-08T00:00:00+00:00
[2025-06-26T16:23:31.272+0000] {processor.py:179} INFO - Processing /opt/airflow/dags/our_first_dag.py took 0.128 seconds
[2025-06-26T16:24:01.724+0000] {processor.py:157} INFO - Started process (PID=905) to work on /opt/airflow/dags/our_first_dag.py
[2025-06-26T16:24:01.726+0000] {processor.py:829} INFO - Processing file /opt/airflow/dags/our_first_dag.py for tasks to queue
[2025-06-26T16:24:01.727+0000] {logging_mixin.py:151} INFO - [2025-06-26T16:24:01.726+0000] {dagbag.py:536} INFO - Filling up the DagBag from /opt/airflow/dags/our_first_dag.py
[2025-06-26T16:24:01.748+0000] {processor.py:839} INFO - DAG(s) dict_keys(['our_first_dag_v5']) retrieved from /opt/airflow/dags/our_first_dag.py
[2025-06-26T16:24:01.788+0000] {logging_mixin.py:151} INFO - [2025-06-26T16:24:01.788+0000] {dag.py:2941} INFO - Sync 1 DAGs
[2025-06-26T16:24:01.823+0000] {logging_mixin.py:151} INFO - [2025-06-26T16:24:01.823+0000] {dag.py:3722} INFO - Setting next_dagrun for our_first_dag_v5 to 2025-01-14T00:00:00+00:00, run_after=2025-01-15T00:00:00+00:00
[2025-06-26T16:24:01.849+0000] {processor.py:179} INFO - Processing /opt/airflow/dags/our_first_dag.py took 0.131 seconds
[2025-06-26T16:24:32.071+0000] {processor.py:157} INFO - Started process (PID=1018) to work on /opt/airflow/dags/our_first_dag.py
[2025-06-26T16:24:32.109+0000] {processor.py:829} INFO - Processing file /opt/airflow/dags/our_first_dag.py for tasks to queue
[2025-06-26T16:24:32.110+0000] {logging_mixin.py:151} INFO - [2025-06-26T16:24:32.110+0000] {dagbag.py:536} INFO - Filling up the DagBag from /opt/airflow/dags/our_first_dag.py
[2025-06-26T16:24:32.266+0000] {processor.py:839} INFO - DAG(s) dict_keys(['our_first_dag_v5']) retrieved from /opt/airflow/dags/our_first_dag.py
[2025-06-26T16:24:32.520+0000] {logging_mixin.py:151} INFO - [2025-06-26T16:24:32.520+0000] {dag.py:2941} INFO - Sync 1 DAGs
[2025-06-26T16:24:32.778+0000] {logging_mixin.py:151} INFO - [2025-06-26T16:24:32.777+0000] {dag.py:3722} INFO - Setting next_dagrun for our_first_dag_v5 to 2025-02-23T00:00:00+00:00, run_after=2025-02-24T00:00:00+00:00
[2025-06-26T16:24:33.070+0000] {processor.py:179} INFO - Processing /opt/airflow/dags/our_first_dag.py took 1.016 seconds
[2025-06-26T16:25:03.334+0000] {processor.py:157} INFO - Started process (PID=1132) to work on /opt/airflow/dags/our_first_dag.py
[2025-06-26T16:25:03.336+0000] {processor.py:829} INFO - Processing file /opt/airflow/dags/our_first_dag.py for tasks to queue
[2025-06-26T16:25:03.348+0000] {logging_mixin.py:151} INFO - [2025-06-26T16:25:03.346+0000] {dagbag.py:536} INFO - Filling up the DagBag from /opt/airflow/dags/our_first_dag.py
[2025-06-26T16:25:03.481+0000] {processor.py:839} INFO - DAG(s) dict_keys(['our_first_dag_v5']) retrieved from /opt/airflow/dags/our_first_dag.py
[2025-06-26T16:25:03.663+0000] {logging_mixin.py:151} INFO - [2025-06-26T16:25:03.662+0000] {dag.py:2941} INFO - Sync 1 DAGs
[2025-06-26T16:25:03.776+0000] {logging_mixin.py:151} INFO - [2025-06-26T16:25:03.775+0000] {dag.py:3722} INFO - Setting next_dagrun for our_first_dag_v5 to 2025-03-28T00:00:00+00:00, run_after=2025-03-29T00:00:00+00:00
[2025-06-26T16:25:03.904+0000] {processor.py:179} INFO - Processing /opt/airflow/dags/our_first_dag.py took 0.600 seconds
[2025-06-26T16:25:34.284+0000] {processor.py:157} INFO - Started process (PID=1251) to work on /opt/airflow/dags/our_first_dag.py
[2025-06-26T16:25:34.305+0000] {processor.py:829} INFO - Processing file /opt/airflow/dags/our_first_dag.py for tasks to queue
[2025-06-26T16:25:34.307+0000] {logging_mixin.py:151} INFO - [2025-06-26T16:25:34.306+0000] {dagbag.py:536} INFO - Filling up the DagBag from /opt/airflow/dags/our_first_dag.py
[2025-06-26T16:25:34.497+0000] {processor.py:839} INFO - DAG(s) dict_keys(['our_first_dag_v5']) retrieved from /opt/airflow/dags/our_first_dag.py
[2025-06-26T16:25:34.772+0000] {logging_mixin.py:151} INFO - [2025-06-26T16:25:34.770+0000] {dag.py:2941} INFO - Sync 1 DAGs
[2025-06-26T16:25:35.120+0000] {logging_mixin.py:151} INFO - [2025-06-26T16:25:35.120+0000] {dag.py:3722} INFO - Setting next_dagrun for our_first_dag_v5 to 2025-05-06T00:00:00+00:00, run_after=2025-05-07T00:00:00+00:00
[2025-06-26T16:25:35.230+0000] {processor.py:179} INFO - Processing /opt/airflow/dags/our_first_dag.py took 1.000 seconds
[2025-06-26T16:26:05.928+0000] {processor.py:157} INFO - Started process (PID=1380) to work on /opt/airflow/dags/our_first_dag.py
[2025-06-26T16:26:05.942+0000] {processor.py:829} INFO - Processing file /opt/airflow/dags/our_first_dag.py for tasks to queue
[2025-06-26T16:26:05.945+0000] {logging_mixin.py:151} INFO - [2025-06-26T16:26:05.944+0000] {dagbag.py:536} INFO - Filling up the DagBag from /opt/airflow/dags/our_first_dag.py
[2025-06-26T16:26:06.044+0000] {processor.py:839} INFO - DAG(s) dict_keys(['our_first_dag_v5']) retrieved from /opt/airflow/dags/our_first_dag.py
[2025-06-26T16:26:06.208+0000] {logging_mixin.py:151} INFO - [2025-06-26T16:26:06.208+0000] {dag.py:2941} INFO - Sync 1 DAGs
[2025-06-26T16:26:06.367+0000] {logging_mixin.py:151} INFO - [2025-06-26T16:26:06.366+0000] {dag.py:3722} INFO - Setting next_dagrun for our_first_dag_v5 to 2025-06-15T00:00:00+00:00, run_after=2025-06-16T00:00:00+00:00
[2025-06-26T16:26:06.459+0000] {processor.py:179} INFO - Processing /opt/airflow/dags/our_first_dag.py took 0.573 seconds
[2025-06-26T16:26:37.036+0000] {processor.py:157} INFO - Started process (PID=1423) to work on /opt/airflow/dags/our_first_dag.py
[2025-06-26T16:26:37.039+0000] {processor.py:829} INFO - Processing file /opt/airflow/dags/our_first_dag.py for tasks to queue
[2025-06-26T16:26:37.041+0000] {logging_mixin.py:151} INFO - [2025-06-26T16:26:37.040+0000] {dagbag.py:536} INFO - Filling up the DagBag from /opt/airflow/dags/our_first_dag.py
[2025-06-26T16:26:37.067+0000] {processor.py:839} INFO - DAG(s) dict_keys(['our_first_dag_v5']) retrieved from /opt/airflow/dags/our_first_dag.py
[2025-06-26T16:26:37.115+0000] {logging_mixin.py:151} INFO - [2025-06-26T16:26:37.115+0000] {dag.py:2941} INFO - Sync 1 DAGs
[2025-06-26T16:26:37.154+0000] {logging_mixin.py:151} INFO - [2025-06-26T16:26:37.153+0000] {dag.py:3722} INFO - Setting next_dagrun for our_first_dag_v5 to 2025-06-26T00:00:00+00:00, run_after=2025-06-27T00:00:00+00:00
[2025-06-26T16:26:37.181+0000] {processor.py:179} INFO - Processing /opt/airflow/dags/our_first_dag.py took 0.153 seconds
[2025-06-26T16:27:07.328+0000] {processor.py:157} INFO - Started process (PID=1428) to work on /opt/airflow/dags/our_first_dag.py
[2025-06-26T16:27:07.330+0000] {processor.py:829} INFO - Processing file /opt/airflow/dags/our_first_dag.py for tasks to queue
[2025-06-26T16:27:07.332+0000] {logging_mixin.py:151} INFO - [2025-06-26T16:27:07.331+0000] {dagbag.py:536} INFO - Filling up the DagBag from /opt/airflow/dags/our_first_dag.py
[2025-06-26T16:27:07.359+0000] {processor.py:839} INFO - DAG(s) dict_keys(['our_first_dag_v5']) retrieved from /opt/airflow/dags/our_first_dag.py
[2025-06-26T16:27:07.483+0000] {logging_mixin.py:151} INFO - [2025-06-26T16:27:07.483+0000] {dag.py:2941} INFO - Sync 1 DAGs
[2025-06-26T16:27:07.589+0000] {logging_mixin.py:151} INFO - [2025-06-26T16:27:07.588+0000] {dag.py:3722} INFO - Setting next_dagrun for our_first_dag_v5 to 2025-06-26T00:00:00+00:00, run_after=2025-06-27T00:00:00+00:00
[2025-06-26T16:27:07.675+0000] {processor.py:179} INFO - Processing /opt/airflow/dags/our_first_dag.py took 0.355 seconds
[2025-06-26T16:27:38.207+0000] {processor.py:157} INFO - Started process (PID=1433) to work on /opt/airflow/dags/our_first_dag.py
[2025-06-26T16:27:38.208+0000] {processor.py:829} INFO - Processing file /opt/airflow/dags/our_first_dag.py for tasks to queue
[2025-06-26T16:27:38.210+0000] {logging_mixin.py:151} INFO - [2025-06-26T16:27:38.209+0000] {dagbag.py:536} INFO - Filling up the DagBag from /opt/airflow/dags/our_first_dag.py
[2025-06-26T16:27:38.232+0000] {processor.py:839} INFO - DAG(s) dict_keys(['our_first_dag_v5']) retrieved from /opt/airflow/dags/our_first_dag.py
[2025-06-26T16:27:38.275+0000] {logging_mixin.py:151} INFO - [2025-06-26T16:27:38.275+0000] {dag.py:2941} INFO - Sync 1 DAGs
[2025-06-26T16:27:38.313+0000] {logging_mixin.py:151} INFO - [2025-06-26T16:27:38.313+0000] {dag.py:3722} INFO - Setting next_dagrun for our_first_dag_v5 to 2025-06-26T00:00:00+00:00, run_after=2025-06-27T00:00:00+00:00
[2025-06-26T16:27:38.341+0000] {processor.py:179} INFO - Processing /opt/airflow/dags/our_first_dag.py took 0.141 seconds
[2025-06-26T16:28:08.473+0000] {processor.py:157} INFO - Started process (PID=1438) to work on /opt/airflow/dags/our_first_dag.py
[2025-06-26T16:28:08.475+0000] {processor.py:829} INFO - Processing file /opt/airflow/dags/our_first_dag.py for tasks to queue
[2025-06-26T16:28:08.477+0000] {logging_mixin.py:151} INFO - [2025-06-26T16:28:08.476+0000] {dagbag.py:536} INFO - Filling up the DagBag from /opt/airflow/dags/our_first_dag.py
[2025-06-26T16:28:08.504+0000] {processor.py:839} INFO - DAG(s) dict_keys(['our_first_dag_v5']) retrieved from /opt/airflow/dags/our_first_dag.py
[2025-06-26T16:28:08.559+0000] {logging_mixin.py:151} INFO - [2025-06-26T16:28:08.559+0000] {dag.py:2941} INFO - Sync 1 DAGs
[2025-06-26T16:28:08.604+0000] {logging_mixin.py:151} INFO - [2025-06-26T16:28:08.604+0000] {dag.py:3722} INFO - Setting next_dagrun for our_first_dag_v5 to 2025-06-26T00:00:00+00:00, run_after=2025-06-27T00:00:00+00:00
[2025-06-26T16:28:08.635+0000] {processor.py:179} INFO - Processing /opt/airflow/dags/our_first_dag.py took 0.169 seconds
[2025-06-26T16:28:39.481+0000] {processor.py:157} INFO - Started process (PID=1443) to work on /opt/airflow/dags/our_first_dag.py
[2025-06-26T16:28:39.483+0000] {processor.py:829} INFO - Processing file /opt/airflow/dags/our_first_dag.py for tasks to queue
[2025-06-26T16:28:39.485+0000] {logging_mixin.py:151} INFO - [2025-06-26T16:28:39.484+0000] {dagbag.py:536} INFO - Filling up the DagBag from /opt/airflow/dags/our_first_dag.py
[2025-06-26T16:28:39.510+0000] {processor.py:839} INFO - DAG(s) dict_keys(['our_first_dag_v5']) retrieved from /opt/airflow/dags/our_first_dag.py
[2025-06-26T16:28:39.555+0000] {logging_mixin.py:151} INFO - [2025-06-26T16:28:39.555+0000] {dag.py:2941} INFO - Sync 1 DAGs
[2025-06-26T16:28:39.599+0000] {logging_mixin.py:151} INFO - [2025-06-26T16:28:39.599+0000] {dag.py:3722} INFO - Setting next_dagrun for our_first_dag_v5 to 2025-06-26T00:00:00+00:00, run_after=2025-06-27T00:00:00+00:00
[2025-06-26T16:28:39.626+0000] {processor.py:179} INFO - Processing /opt/airflow/dags/our_first_dag.py took 0.152 seconds
[2025-06-26T16:29:10.255+0000] {processor.py:157} INFO - Started process (PID=1448) to work on /opt/airflow/dags/our_first_dag.py
[2025-06-26T16:29:10.257+0000] {processor.py:829} INFO - Processing file /opt/airflow/dags/our_first_dag.py for tasks to queue
[2025-06-26T16:29:10.259+0000] {logging_mixin.py:151} INFO - [2025-06-26T16:29:10.258+0000] {dagbag.py:536} INFO - Filling up the DagBag from /opt/airflow/dags/our_first_dag.py
[2025-06-26T16:29:10.286+0000] {processor.py:839} INFO - DAG(s) dict_keys(['our_first_dag_v5']) retrieved from /opt/airflow/dags/our_first_dag.py
[2025-06-26T16:29:10.340+0000] {logging_mixin.py:151} INFO - [2025-06-26T16:29:10.339+0000] {dag.py:2941} INFO - Sync 1 DAGs
[2025-06-26T16:29:10.405+0000] {logging_mixin.py:151} INFO - [2025-06-26T16:29:10.404+0000] {dag.py:3722} INFO - Setting next_dagrun for our_first_dag_v5 to 2025-06-26T00:00:00+00:00, run_after=2025-06-27T00:00:00+00:00
[2025-06-26T16:29:10.440+0000] {processor.py:179} INFO - Processing /opt/airflow/dags/our_first_dag.py took 0.192 seconds
[2025-06-26T16:29:40.700+0000] {processor.py:157} INFO - Started process (PID=1453) to work on /opt/airflow/dags/our_first_dag.py
[2025-06-26T16:29:40.702+0000] {processor.py:829} INFO - Processing file /opt/airflow/dags/our_first_dag.py for tasks to queue
[2025-06-26T16:29:40.705+0000] {logging_mixin.py:151} INFO - [2025-06-26T16:29:40.703+0000] {dagbag.py:536} INFO - Filling up the DagBag from /opt/airflow/dags/our_first_dag.py
[2025-06-26T16:29:40.737+0000] {processor.py:839} INFO - DAG(s) dict_keys(['our_first_dag_v5']) retrieved from /opt/airflow/dags/our_first_dag.py
[2025-06-26T16:29:40.795+0000] {logging_mixin.py:151} INFO - [2025-06-26T16:29:40.795+0000] {dag.py:2941} INFO - Sync 1 DAGs
[2025-06-26T16:29:40.846+0000] {logging_mixin.py:151} INFO - [2025-06-26T16:29:40.846+0000] {dag.py:3722} INFO - Setting next_dagrun for our_first_dag_v5 to 2025-06-26T00:00:00+00:00, run_after=2025-06-27T00:00:00+00:00
[2025-06-26T16:29:40.880+0000] {processor.py:179} INFO - Processing /opt/airflow/dags/our_first_dag.py took 0.189 seconds
[2025-06-26T16:30:11.778+0000] {processor.py:157} INFO - Started process (PID=1458) to work on /opt/airflow/dags/our_first_dag.py
[2025-06-26T16:30:11.781+0000] {processor.py:829} INFO - Processing file /opt/airflow/dags/our_first_dag.py for tasks to queue
[2025-06-26T16:30:11.783+0000] {logging_mixin.py:151} INFO - [2025-06-26T16:30:11.782+0000] {dagbag.py:536} INFO - Filling up the DagBag from /opt/airflow/dags/our_first_dag.py
[2025-06-26T16:30:11.833+0000] {processor.py:839} INFO - DAG(s) dict_keys(['our_first_dag_v5']) retrieved from /opt/airflow/dags/our_first_dag.py
[2025-06-26T16:30:11.898+0000] {logging_mixin.py:151} INFO - [2025-06-26T16:30:11.898+0000] {dag.py:2941} INFO - Sync 1 DAGs
[2025-06-26T16:30:11.947+0000] {logging_mixin.py:151} INFO - [2025-06-26T16:30:11.946+0000] {dag.py:3722} INFO - Setting next_dagrun for our_first_dag_v5 to 2025-06-26T00:00:00+00:00, run_after=2025-06-27T00:00:00+00:00
[2025-06-26T16:30:11.986+0000] {processor.py:179} INFO - Processing /opt/airflow/dags/our_first_dag.py took 0.219 seconds
[2025-06-26T16:30:42.069+0000] {processor.py:157} INFO - Started process (PID=1463) to work on /opt/airflow/dags/our_first_dag.py
[2025-06-26T16:30:42.072+0000] {processor.py:829} INFO - Processing file /opt/airflow/dags/our_first_dag.py for tasks to queue
[2025-06-26T16:30:42.073+0000] {logging_mixin.py:151} INFO - [2025-06-26T16:30:42.073+0000] {dagbag.py:536} INFO - Filling up the DagBag from /opt/airflow/dags/our_first_dag.py
[2025-06-26T16:30:42.104+0000] {processor.py:839} INFO - DAG(s) dict_keys(['our_first_dag_v5']) retrieved from /opt/airflow/dags/our_first_dag.py
[2025-06-26T16:30:42.165+0000] {logging_mixin.py:151} INFO - [2025-06-26T16:30:42.165+0000] {dag.py:2941} INFO - Sync 1 DAGs
[2025-06-26T16:30:42.209+0000] {logging_mixin.py:151} INFO - [2025-06-26T16:30:42.208+0000] {dag.py:3722} INFO - Setting next_dagrun for our_first_dag_v5 to 2025-06-26T00:00:00+00:00, run_after=2025-06-27T00:00:00+00:00
[2025-06-26T16:30:42.243+0000] {processor.py:179} INFO - Processing /opt/airflow/dags/our_first_dag.py took 0.181 seconds
[2025-06-26T16:31:12.780+0000] {processor.py:157} INFO - Started process (PID=1468) to work on /opt/airflow/dags/our_first_dag.py
[2025-06-26T16:31:12.782+0000] {processor.py:829} INFO - Processing file /opt/airflow/dags/our_first_dag.py for tasks to queue
[2025-06-26T16:31:12.783+0000] {logging_mixin.py:151} INFO - [2025-06-26T16:31:12.783+0000] {dagbag.py:536} INFO - Filling up the DagBag from /opt/airflow/dags/our_first_dag.py
[2025-06-26T16:31:12.811+0000] {processor.py:839} INFO - DAG(s) dict_keys(['our_first_dag_v5']) retrieved from /opt/airflow/dags/our_first_dag.py
[2025-06-26T16:31:12.414+0000] {logging_mixin.py:151} INFO - [2025-06-26T16:31:12.414+0000] {dag.py:2941} INFO - Sync 1 DAGs
[2025-06-26T16:31:12.456+0000] {logging_mixin.py:151} INFO - [2025-06-26T16:31:12.456+0000] {dag.py:3722} INFO - Setting next_dagrun for our_first_dag_v5 to 2025-06-26T00:00:00+00:00, run_after=2025-06-27T00:00:00+00:00
[2025-06-26T16:31:12.486+0000] {processor.py:179} INFO - Processing /opt/airflow/dags/our_first_dag.py took 0.168 seconds
[2025-06-26T16:31:43.451+0000] {processor.py:157} INFO - Started process (PID=1473) to work on /opt/airflow/dags/our_first_dag.py
[2025-06-26T16:31:43.453+0000] {processor.py:829} INFO - Processing file /opt/airflow/dags/our_first_dag.py for tasks to queue
[2025-06-26T16:31:43.454+0000] {logging_mixin.py:151} INFO - [2025-06-26T16:31:43.453+0000] {dagbag.py:536} INFO - Filling up the DagBag from /opt/airflow/dags/our_first_dag.py
[2025-06-26T16:31:43.478+0000] {processor.py:839} INFO - DAG(s) dict_keys(['our_first_dag_v5']) retrieved from /opt/airflow/dags/our_first_dag.py
[2025-06-26T16:31:43.520+0000] {logging_mixin.py:151} INFO - [2025-06-26T16:31:43.520+0000] {dag.py:2941} INFO - Sync 1 DAGs
[2025-06-26T16:31:43.563+0000] {logging_mixin.py:151} INFO - [2025-06-26T16:31:43.562+0000] {dag.py:3722} INFO - Setting next_dagrun for our_first_dag_v5 to 2025-06-26T00:00:00+00:00, run_after=2025-06-27T00:00:00+00:00
[2025-06-26T16:31:43.592+0000] {processor.py:179} INFO - Processing /opt/airflow/dags/our_first_dag.py took 0.146 seconds
[2025-06-26T16:32:14.296+0000] {processor.py:157} INFO - Started process (PID=1478) to work on /opt/airflow/dags/our_first_dag.py
[2025-06-26T16:32:14.298+0000] {processor.py:829} INFO - Processing file /opt/airflow/dags/our_first_dag.py for tasks to queue
[2025-06-26T16:32:14.299+0000] {logging_mixin.py:151} INFO - [2025-06-26T16:32:14.299+0000] {dagbag.py:536} INFO - Filling up the DagBag from /opt/airflow/dags/our_first_dag.py
[2025-06-26T16:32:14.325+0000] {processor.py:839} INFO - DAG(s) dict_keys(['our_first_dag_v5']) retrieved from /opt/airflow/dags/our_first_dag.py
[2025-06-26T16:32:14.368+0000] {logging_mixin.py:151} INFO - [2025-06-26T16:32:14.368+0000] {dag.py:2941} INFO - Sync 1 DAGs
[2025-06-26T16:32:14.406+0000] {logging_mixin.py:151} INFO - [2025-06-26T16:32:14.406+0000] {dag.py:3722} INFO - Setting next_dagrun for our_first_dag_v5 to 2025-06-26T00:00:00+00:00, run_after=2025-06-27T00:00:00+00:00
[2025-06-26T16:32:14.433+0000] {processor.py:179} INFO - Processing /opt/airflow/dags/our_first_dag.py took 0.143 seconds
[2025-06-26T16:32:45.291+0000] {processor.py:157} INFO - Started process (PID=1483) to work on /opt/airflow/dags/our_first_dag.py
[2025-06-26T16:32:45.293+0000] {processor.py:829} INFO - Processing file /opt/airflow/dags/our_first_dag.py for tasks to queue
[2025-06-26T16:32:45.295+0000] {logging_mixin.py:151} INFO - [2025-06-26T16:32:45.294+0000] {dagbag.py:536} INFO - Filling up the DagBag from /opt/airflow/dags/our_first_dag.py
[2025-06-26T16:32:45.320+0000] {processor.py:839} INFO - DAG(s) dict_keys(['our_first_dag_v5']) retrieved from /opt/airflow/dags/our_first_dag.py
[2025-06-26T16:32:45.374+0000] {logging_mixin.py:151} INFO - [2025-06-26T16:32:45.374+0000] {dag.py:2941} INFO - Sync 1 DAGs
[2025-06-26T16:32:45.415+0000] {logging_mixin.py:151} INFO - [2025-06-26T16:32:45.415+0000] {dag.py:3722} INFO - Setting next_dagrun for our_first_dag_v5 to 2025-06-26T00:00:00+00:00, run_after=2025-06-27T00:00:00+00:00
[2025-06-26T16:32:45.442+0000] {processor.py:179} INFO - Processing /opt/airflow/dags/our_first_dag.py took 0.158 seconds
[2025-06-26T16:33:16.065+0000] {processor.py:157} INFO - Started process (PID=1488) to work on /opt/airflow/dags/our_first_dag.py
[2025-06-26T16:33:16.068+0000] {processor.py:829} INFO - Processing file /opt/airflow/dags/our_first_dag.py for tasks to queue
[2025-06-26T16:33:16.071+0000] {logging_mixin.py:151} INFO - [2025-06-26T16:33:16.069+0000] {dagbag.py:536} INFO - Filling up the DagBag from /opt/airflow/dags/our_first_dag.py
[2025-06-26T16:33:16.113+0000] {processor.py:839} INFO - DAG(s) dict_keys(['our_first_dag_v5']) retrieved from /opt/airflow/dags/our_first_dag.py
[2025-06-26T16:33:16.187+0000] {logging_mixin.py:151} INFO - [2025-06-26T16:33:16.186+0000] {dag.py:2941} INFO - Sync 1 DAGs
[2025-06-26T16:33:16.236+0000] {logging_mixin.py:151} INFO - [2025-06-26T16:33:16.236+0000] {dag.py:3722} INFO - Setting next_dagrun for our_first_dag_v5 to 2025-06-26T00:00:00+00:00, run_after=2025-06-27T00:00:00+00:00
[2025-06-26T16:33:16.279+0000] {processor.py:179} INFO - Processing /opt/airflow/dags/our_first_dag.py took 0.227 seconds
[2025-06-26T16:33:46.374+0000] {processor.py:157} INFO - Started process (PID=1493) to work on /opt/airflow/dags/our_first_dag.py
[2025-06-26T16:33:46.376+0000] {processor.py:829} INFO - Processing file /opt/airflow/dags/our_first_dag.py for tasks to queue
[2025-06-26T16:33:46.377+0000] {logging_mixin.py:151} INFO - [2025-06-26T16:33:46.377+0000] {dagbag.py:536} INFO - Filling up the DagBag from /opt/airflow/dags/our_first_dag.py
[2025-06-26T16:33:46.400+0000] {processor.py:839} INFO - DAG(s) dict_keys(['our_first_dag_v5']) retrieved from /opt/airflow/dags/our_first_dag.py
[2025-06-26T16:33:46.463+0000] {logging_mixin.py:151} INFO - [2025-06-26T16:33:46.463+0000] {dag.py:2941} INFO - Sync 1 DAGs
[2025-06-26T16:33:46.526+0000] {logging_mixin.py:151} INFO - [2025-06-26T16:33:46.526+0000] {dag.py:3722} INFO - Setting next_dagrun for our_first_dag_v5 to 2025-06-26T00:00:00+00:00, run_after=2025-06-27T00:00:00+00:00
[2025-06-26T16:33:46.562+0000] {processor.py:179} INFO - Processing /opt/airflow/dags/our_first_dag.py took 0.194 seconds
[2025-06-26T16:34:17.371+0000] {processor.py:157} INFO - Started process (PID=1498) to work on /opt/airflow/dags/our_first_dag.py
[2025-06-26T16:34:17.373+0000] {processor.py:829} INFO - Processing file /opt/airflow/dags/our_first_dag.py for tasks to queue
[2025-06-26T16:34:17.375+0000] {logging_mixin.py:151} INFO - [2025-06-26T16:34:17.374+0000] {dagbag.py:536} INFO - Filling up the DagBag from /opt/airflow/dags/our_first_dag.py
[2025-06-26T16:34:17.417+0000] {processor.py:839} INFO - DAG(s) dict_keys(['our_first_dag_v5']) retrieved from /opt/airflow/dags/our_first_dag.py
[2025-06-26T16:34:17.483+0000] {logging_mixin.py:151} INFO - [2025-06-26T16:34:17.483+0000] {dag.py:2941} INFO - Sync 1 DAGs
[2025-06-26T16:34:17.552+0000] {logging_mixin.py:151} INFO - [2025-06-26T16:34:17.552+0000] {dag.py:3722} INFO - Setting next_dagrun for our_first_dag_v5 to 2025-06-26T00:00:00+00:00, run_after=2025-06-27T00:00:00+00:00
[2025-06-26T16:34:17.603+0000] {processor.py:179} INFO - Processing /opt/airflow/dags/our_first_dag.py took 0.242 seconds
[2025-06-26T16:34:48.131+0000] {processor.py:157} INFO - Started process (PID=1503) to work on /opt/airflow/dags/our_first_dag.py
[2025-06-26T16:34:48.133+0000] {processor.py:829} INFO - Processing file /opt/airflow/dags/our_first_dag.py for tasks to queue
[2025-06-26T16:34:48.134+0000] {logging_mixin.py:151} INFO - [2025-06-26T16:34:48.133+0000] {dagbag.py:536} INFO - Filling up the DagBag from /opt/airflow/dags/our_first_dag.py
[2025-06-26T16:34:48.157+0000] {processor.py:839} INFO - DAG(s) dict_keys(['our_first_dag_v5']) retrieved from /opt/airflow/dags/our_first_dag.py
[2025-06-26T16:34:48.198+0000] {logging_mixin.py:151} INFO - [2025-06-26T16:34:48.197+0000] {dag.py:2941} INFO - Sync 1 DAGs
[2025-06-26T16:34:48.231+0000] {logging_mixin.py:151} INFO - [2025-06-26T16:34:48.231+0000] {dag.py:3722} INFO - Setting next_dagrun for our_first_dag_v5 to 2025-06-26T00:00:00+00:00, run_after=2025-06-27T00:00:00+00:00
[2025-06-26T16:34:48.259+0000] {processor.py:179} INFO - Processing /opt/airflow/dags/our_first_dag.py took 0.133 seconds
[2025-06-26T16:34:52.198+0000] {processor.py:157} INFO - Started process (PID=1508) to work on /opt/airflow/dags/our_first_dag.py
[2025-06-26T16:34:52.200+0000] {processor.py:829} INFO - Processing file /opt/airflow/dags/our_first_dag.py for tasks to queue
[2025-06-26T16:34:52.201+0000] {logging_mixin.py:151} INFO - [2025-06-26T16:34:52.201+0000] {dagbag.py:536} INFO - Filling up the DagBag from /opt/airflow/dags/our_first_dag.py
[2025-06-26T16:34:52.222+0000] {processor.py:839} INFO - DAG(s) dict_keys(['our_first_dag_v5']) retrieved from /opt/airflow/dags/our_first_dag.py
[2025-06-26T16:34:52.501+0000] {logging_mixin.py:151} INFO - [2025-06-26T16:34:52.501+0000] {dag.py:2941} INFO - Sync 1 DAGs
[2025-06-26T16:34:52.540+0000] {logging_mixin.py:151} INFO - [2025-06-26T16:34:52.539+0000] {dag.py:3722} INFO - Setting next_dagrun for our_first_dag_v5 to 2025-06-26T00:00:00+00:00, run_after=2025-06-27T00:00:00+00:00
[2025-06-26T16:34:52.571+0000] {processor.py:179} INFO - Processing /opt/airflow/dags/our_first_dag.py took 0.379 seconds
[2025-06-26T16:34:56.371+0000] {processor.py:157} INFO - Started process (PID=1513) to work on /opt/airflow/dags/our_first_dag.py
[2025-06-26T16:34:56.372+0000] {processor.py:829} INFO - Processing file /opt/airflow/dags/our_first_dag.py for tasks to queue
[2025-06-26T16:34:56.373+0000] {logging_mixin.py:151} INFO - [2025-06-26T16:34:56.373+0000] {dagbag.py:536} INFO - Filling up the DagBag from /opt/airflow/dags/our_first_dag.py
[2025-06-26T16:34:56.394+0000] {processor.py:839} INFO - DAG(s) dict_keys(['our_first_dag_v5']) retrieved from /opt/airflow/dags/our_first_dag.py
[2025-06-26T16:34:56.415+0000] {logging_mixin.py:151} INFO - [2025-06-26T16:34:56.415+0000] {dag.py:2941} INFO - Sync 1 DAGs
[2025-06-26T16:34:56.452+0000] {logging_mixin.py:151} INFO - [2025-06-26T16:34:56.452+0000] {dag.py:3722} INFO - Setting next_dagrun for our_first_dag_v5 to 2025-06-26T00:00:00+00:00, run_after=2025-06-27T00:00:00+00:00
[2025-06-26T16:34:56.479+0000] {processor.py:179} INFO - Processing /opt/airflow/dags/our_first_dag.py took 0.114 seconds
[2025-06-26T16:35:26.834+0000] {processor.py:157} INFO - Started process (PID=1518) to work on /opt/airflow/dags/our_first_dag.py
[2025-06-26T16:35:26.836+0000] {processor.py:829} INFO - Processing file /opt/airflow/dags/our_first_dag.py for tasks to queue
[2025-06-26T16:35:26.838+0000] {logging_mixin.py:151} INFO - [2025-06-26T16:35:26.837+0000] {dagbag.py:536} INFO - Filling up the DagBag from /opt/airflow/dags/our_first_dag.py
[2025-06-26T16:35:26.861+0000] {processor.py:839} INFO - DAG(s) dict_keys(['our_first_dag_v5']) retrieved from /opt/airflow/dags/our_first_dag.py
[2025-06-26T16:35:27.024+0000] {logging_mixin.py:151} INFO - [2025-06-26T16:35:27.023+0000] {dag.py:2941} INFO - Sync 1 DAGs
[2025-06-26T16:35:27.074+0000] {logging_mixin.py:151} INFO - [2025-06-26T16:35:27.074+0000] {dag.py:3722} INFO - Setting next_dagrun for our_first_dag_v5 to 2025-06-26T00:00:00+00:00, run_after=2025-06-27T00:00:00+00:00
[2025-06-26T16:35:27.104+0000] {processor.py:179} INFO - Processing /opt/airflow/dags/our_first_dag.py took 0.278 seconds
[2025-06-26T16:35:57.723+0000] {processor.py:157} INFO - Started process (PID=1526) to work on /opt/airflow/dags/our_first_dag.py
[2025-06-26T16:35:57.725+0000] {processor.py:829} INFO - Processing file /opt/airflow/dags/our_first_dag.py for tasks to queue
[2025-06-26T16:35:57.727+0000] {logging_mixin.py:151} INFO - [2025-06-26T16:35:57.726+0000] {dagbag.py:536} INFO - Filling up the DagBag from /opt/airflow/dags/our_first_dag.py
[2025-06-26T16:35:57.754+0000] {processor.py:839} INFO - DAG(s) dict_keys(['our_first_dag_v5']) retrieved from /opt/airflow/dags/our_first_dag.py
[2025-06-26T16:35:57.813+0000] {logging_mixin.py:151} INFO - [2025-06-26T16:35:57.813+0000] {dag.py:2941} INFO - Sync 1 DAGs
[2025-06-26T16:35:57.860+0000] {logging_mixin.py:151} INFO - [2025-06-26T16:35:57.860+0000] {dag.py:3722} INFO - Setting next_dagrun for our_first_dag_v5 to 2025-06-26T00:00:00+00:00, run_after=2025-06-27T00:00:00+00:00
[2025-06-26T16:35:57.889+0000] {processor.py:179} INFO - Processing /opt/airflow/dags/our_first_dag.py took 0.173 seconds
[2025-06-26T16:36:03.941+0000] {processor.py:157} INFO - Started process (PID=1531) to work on /opt/airflow/dags/our_first_dag.py
[2025-06-26T16:36:03.943+0000] {processor.py:829} INFO - Processing file /opt/airflow/dags/our_first_dag.py for tasks to queue
[2025-06-26T16:36:03.944+0000] {logging_mixin.py:151} INFO - [2025-06-26T16:36:03.944+0000] {dagbag.py:536} INFO - Filling up the DagBag from /opt/airflow/dags/our_first_dag.py
[2025-06-26T16:36:03.970+0000] {processor.py:839} INFO - DAG(s) dict_keys(['our_first_dag_v5']) retrieved from /opt/airflow/dags/our_first_dag.py
[2025-06-26T16:36:04.173+0000] {logging_mixin.py:151} INFO - [2025-06-26T16:36:04.173+0000] {dag.py:2941} INFO - Sync 1 DAGs
[2025-06-26T16:36:04.219+0000] {logging_mixin.py:151} INFO - [2025-06-26T16:36:04.218+0000] {dag.py:3722} INFO - Setting next_dagrun for our_first_dag_v5 to 2025-06-26T00:00:00+00:00, run_after=2025-06-27T00:00:00+00:00
[2025-06-26T16:36:04.265+0000] {processor.py:179} INFO - Processing /opt/airflow/dags/our_first_dag.py took 0.331 seconds
[2025-06-26T16:36:34.322+0000] {processor.py:157} INFO - Started process (PID=1536) to work on /opt/airflow/dags/our_first_dag.py
[2025-06-26T16:36:34.324+0000] {processor.py:829} INFO - Processing file /opt/airflow/dags/our_first_dag.py for tasks to queue
[2025-06-26T16:36:34.325+0000] {logging_mixin.py:151} INFO - [2025-06-26T16:36:34.325+0000] {dagbag.py:536} INFO - Filling up the DagBag from /opt/airflow/dags/our_first_dag.py
[2025-06-26T16:36:34.354+0000] {processor.py:839} INFO - DAG(s) dict_keys(['our_first_dag_v5']) retrieved from /opt/airflow/dags/our_first_dag.py
[2025-06-26T16:36:34.409+0000] {logging_mixin.py:151} INFO - [2025-06-26T16:36:34.409+0000] {dag.py:2941} INFO - Sync 1 DAGs
[2025-06-26T16:36:33.513+0000] {logging_mixin.py:151} INFO - [2025-06-26T16:36:33.513+0000] {dag.py:3722} INFO - Setting next_dagrun for our_first_dag_v5 to 2025-06-26T00:00:00+00:00, run_after=2025-06-27T00:00:00+00:00
[2025-06-26T16:36:33.554+0000] {processor.py:179} INFO - Processing /opt/airflow/dags/our_first_dag.py took 0.194 seconds
[2025-06-26T16:37:04.236+0000] {processor.py:157} INFO - Started process (PID=1541) to work on /opt/airflow/dags/our_first_dag.py
[2025-06-26T16:37:04.239+0000] {processor.py:829} INFO - Processing file /opt/airflow/dags/our_first_dag.py for tasks to queue
[2025-06-26T16:37:04.241+0000] {logging_mixin.py:151} INFO - [2025-06-26T16:37:04.240+0000] {dagbag.py:536} INFO - Filling up the DagBag from /opt/airflow/dags/our_first_dag.py
[2025-06-26T16:37:04.276+0000] {processor.py:839} INFO - DAG(s) dict_keys(['our_first_dag_v5']) retrieved from /opt/airflow/dags/our_first_dag.py
[2025-06-26T16:37:04.335+0000] {logging_mixin.py:151} INFO - [2025-06-26T16:37:04.335+0000] {dag.py:2941} INFO - Sync 1 DAGs
[2025-06-26T16:37:04.377+0000] {logging_mixin.py:151} INFO - [2025-06-26T16:37:04.377+0000] {dag.py:3722} INFO - Setting next_dagrun for our_first_dag_v5 to 2025-06-26T00:00:00+00:00, run_after=2025-06-27T00:00:00+00:00
[2025-06-26T16:37:04.405+0000] {processor.py:179} INFO - Processing /opt/airflow/dags/our_first_dag.py took 0.178 seconds
[2025-06-26T16:37:34.484+0000] {processor.py:157} INFO - Started process (PID=1546) to work on /opt/airflow/dags/our_first_dag.py
[2025-06-26T16:37:34.486+0000] {processor.py:829} INFO - Processing file /opt/airflow/dags/our_first_dag.py for tasks to queue
[2025-06-26T16:37:34.488+0000] {logging_mixin.py:151} INFO - [2025-06-26T16:37:34.487+0000] {dagbag.py:536} INFO - Filling up the DagBag from /opt/airflow/dags/our_first_dag.py
[2025-06-26T16:37:34.520+0000] {processor.py:839} INFO - DAG(s) dict_keys(['our_first_dag_v5']) retrieved from /opt/airflow/dags/our_first_dag.py
[2025-06-26T16:37:34.584+0000] {logging_mixin.py:151} INFO - [2025-06-26T16:37:34.584+0000] {dag.py:2941} INFO - Sync 1 DAGs
[2025-06-26T16:37:34.628+0000] {logging_mixin.py:151} INFO - [2025-06-26T16:37:34.628+0000] {dag.py:3722} INFO - Setting next_dagrun for our_first_dag_v5 to 2025-06-26T00:00:00+00:00, run_after=2025-06-27T00:00:00+00:00
[2025-06-26T16:37:34.660+0000] {processor.py:179} INFO - Processing /opt/airflow/dags/our_first_dag.py took 0.185 seconds
[2025-06-26T16:38:04.762+0000] {processor.py:157} INFO - Started process (PID=1551) to work on /opt/airflow/dags/our_first_dag.py
[2025-06-26T16:38:04.763+0000] {processor.py:829} INFO - Processing file /opt/airflow/dags/our_first_dag.py for tasks to queue
[2025-06-26T16:38:04.765+0000] {logging_mixin.py:151} INFO - [2025-06-26T16:38:04.764+0000] {dagbag.py:536} INFO - Filling up the DagBag from /opt/airflow/dags/our_first_dag.py
[2025-06-26T16:38:04.788+0000] {processor.py:839} INFO - DAG(s) dict_keys(['our_first_dag_v5']) retrieved from /opt/airflow/dags/our_first_dag.py
[2025-06-26T16:38:04.843+0000] {logging_mixin.py:151} INFO - [2025-06-26T16:38:04.843+0000] {dag.py:2941} INFO - Sync 1 DAGs
[2025-06-26T16:38:04.886+0000] {logging_mixin.py:151} INFO - [2025-06-26T16:38:04.886+0000] {dag.py:3722} INFO - Setting next_dagrun for our_first_dag_v5 to 2025-06-26T00:00:00+00:00, run_after=2025-06-27T00:00:00+00:00
[2025-06-26T16:38:04.920+0000] {processor.py:179} INFO - Processing /opt/airflow/dags/our_first_dag.py took 0.165 seconds
[2025-06-26T16:38:35.537+0000] {processor.py:157} INFO - Started process (PID=1556) to work on /opt/airflow/dags/our_first_dag.py
[2025-06-26T16:38:35.539+0000] {processor.py:829} INFO - Processing file /opt/airflow/dags/our_first_dag.py for tasks to queue
[2025-06-26T16:38:35.540+0000] {logging_mixin.py:151} INFO - [2025-06-26T16:38:35.539+0000] {dagbag.py:536} INFO - Filling up the DagBag from /opt/airflow/dags/our_first_dag.py
[2025-06-26T16:38:35.565+0000] {processor.py:839} INFO - DAG(s) dict_keys(['our_first_dag_v5']) retrieved from /opt/airflow/dags/our_first_dag.py
[2025-06-26T16:38:35.614+0000] {logging_mixin.py:151} INFO - [2025-06-26T16:38:35.614+0000] {dag.py:2941} INFO - Sync 1 DAGs
[2025-06-26T16:38:35.659+0000] {logging_mixin.py:151} INFO - [2025-06-26T16:38:35.658+0000] {dag.py:3722} INFO - Setting next_dagrun for our_first_dag_v5 to 2025-06-26T00:00:00+00:00, run_after=2025-06-27T00:00:00+00:00
[2025-06-26T16:38:35.694+0000] {processor.py:179} INFO - Processing /opt/airflow/dags/our_first_dag.py took 0.163 seconds
[2025-06-26T16:39:05.848+0000] {processor.py:157} INFO - Started process (PID=1561) to work on /opt/airflow/dags/our_first_dag.py
[2025-06-26T16:39:05.851+0000] {processor.py:829} INFO - Processing file /opt/airflow/dags/our_first_dag.py for tasks to queue
[2025-06-26T16:39:05.853+0000] {logging_mixin.py:151} INFO - [2025-06-26T16:39:05.852+0000] {dagbag.py:536} INFO - Filling up the DagBag from /opt/airflow/dags/our_first_dag.py
[2025-06-26T16:39:05.885+0000] {processor.py:839} INFO - DAG(s) dict_keys(['our_first_dag_v5']) retrieved from /opt/airflow/dags/our_first_dag.py
[2025-06-26T16:39:05.954+0000] {logging_mixin.py:151} INFO - [2025-06-26T16:39:05.953+0000] {dag.py:2941} INFO - Sync 1 DAGs
[2025-06-26T16:39:06.000+0000] {logging_mixin.py:151} INFO - [2025-06-26T16:39:06.000+0000] {dag.py:3722} INFO - Setting next_dagrun for our_first_dag_v5 to 2025-06-26T00:00:00+00:00, run_after=2025-06-27T00:00:00+00:00
[2025-06-26T16:39:06.031+0000] {processor.py:179} INFO - Processing /opt/airflow/dags/our_first_dag.py took 0.192 seconds
[2025-06-26T16:39:36.681+0000] {processor.py:157} INFO - Started process (PID=1566) to work on /opt/airflow/dags/our_first_dag.py
[2025-06-26T16:39:36.683+0000] {processor.py:829} INFO - Processing file /opt/airflow/dags/our_first_dag.py for tasks to queue
[2025-06-26T16:39:36.684+0000] {logging_mixin.py:151} INFO - [2025-06-26T16:39:36.684+0000] {dagbag.py:536} INFO - Filling up the DagBag from /opt/airflow/dags/our_first_dag.py
[2025-06-26T16:39:36.711+0000] {processor.py:839} INFO - DAG(s) dict_keys(['our_first_dag_v5']) retrieved from /opt/airflow/dags/our_first_dag.py
[2025-06-26T16:39:36.763+0000] {logging_mixin.py:151} INFO - [2025-06-26T16:39:36.763+0000] {dag.py:2941} INFO - Sync 1 DAGs
[2025-06-26T16:39:36.804+0000] {logging_mixin.py:151} INFO - [2025-06-26T16:39:36.803+0000] {dag.py:3722} INFO - Setting next_dagrun for our_first_dag_v5 to 2025-06-26T00:00:00+00:00, run_after=2025-06-27T00:00:00+00:00
[2025-06-26T16:39:36.833+0000] {processor.py:179} INFO - Processing /opt/airflow/dags/our_first_dag.py took 0.158 seconds
[2025-06-26T16:40:07.582+0000] {processor.py:157} INFO - Started process (PID=1571) to work on /opt/airflow/dags/our_first_dag.py
[2025-06-26T16:40:07.583+0000] {processor.py:829} INFO - Processing file /opt/airflow/dags/our_first_dag.py for tasks to queue
[2025-06-26T16:40:07.585+0000] {logging_mixin.py:151} INFO - [2025-06-26T16:40:07.584+0000] {dagbag.py:536} INFO - Filling up the DagBag from /opt/airflow/dags/our_first_dag.py
[2025-06-26T16:40:07.613+0000] {processor.py:839} INFO - DAG(s) dict_keys(['our_first_dag_v5']) retrieved from /opt/airflow/dags/our_first_dag.py
[2025-06-26T16:40:07.660+0000] {logging_mixin.py:151} INFO - [2025-06-26T16:40:07.659+0000] {dag.py:2941} INFO - Sync 1 DAGs
[2025-06-26T16:40:07.704+0000] {logging_mixin.py:151} INFO - [2025-06-26T16:40:07.704+0000] {dag.py:3722} INFO - Setting next_dagrun for our_first_dag_v5 to 2025-06-26T00:00:00+00:00, run_after=2025-06-27T00:00:00+00:00
[2025-06-26T16:40:07.735+0000] {processor.py:179} INFO - Processing /opt/airflow/dags/our_first_dag.py took 0.160 seconds
