[2025-06-29T11:46:43.089+0000] {taskinstance.py:1159} INFO - Dependencies all met for dep_context=non-requeueable deps ti=<TaskInstance: dag_with_postgres_operator_v02.create_postgres_table scheduled__2022-02-19T00:00:00+00:00 [queued]>
[2025-06-29T11:46:43.137+0000] {taskinstance.py:1159} INFO - Dependencies all met for dep_context=requeueable deps ti=<TaskInstance: dag_with_postgres_operator_v02.create_postgres_table scheduled__2022-02-19T00:00:00+00:00 [queued]>
[2025-06-29T11:46:43.139+0000] {taskinstance.py:1361} INFO - Starting attempt 1 of 6
[2025-06-29T11:46:43.325+0000] {taskinstance.py:1382} INFO - Executing <Task(PostgresOperator): create_postgres_table> on 2022-02-19 00:00:00+00:00
[2025-06-29T11:46:43.375+0000] {standard_task_runner.py:57} INFO - Started process 3455 to run task
[2025-06-29T11:46:43.413+0000] {standard_task_runner.py:84} INFO - Running: ['***', 'tasks', 'run', 'dag_with_postgres_operator_v02', 'create_postgres_table', 'scheduled__2022-02-19T00:00:00+00:00', '--job-id', '365', '--raw', '--subdir', 'DAGS_FOLDER/dag_with_postgres_operator.py', '--cfg-path', '/tmp/tmpbovtfb2p']
[2025-06-29T11:46:43.451+0000] {standard_task_runner.py:85} INFO - Job 365: Subtask create_postgres_table
[2025-06-29T11:46:43.809+0000] {task_command.py:416} INFO - Running <TaskInstance: dag_with_postgres_operator_v02.create_postgres_table scheduled__2022-02-19T00:00:00+00:00 [running]> on host f561bfe7dd3a
[2025-06-29T11:46:44.440+0000] {taskinstance.py:1662} INFO - Exporting env vars: AIRFLOW_CTX_DAG_OWNER='coder2j' AIRFLOW_CTX_DAG_ID='dag_with_postgres_operator_v02' AIRFLOW_CTX_TASK_ID='create_postgres_table' AIRFLOW_CTX_EXECUTION_DATE='2022-02-19T00:00:00+00:00' AIRFLOW_CTX_TRY_NUMBER='1' AIRFLOW_CTX_DAG_RUN_ID='scheduled__2022-02-19T00:00:00+00:00'
[2025-06-29T11:46:44.441+0000] {sql.py:274} INFO - Executing: 
            create table if not exists dag_runs (
                dt date,
                dag_id character varying,
                primary key (dt, dag_id)
            )
        
[2025-06-29T11:46:44.496+0000] {base.py:73} INFO - Using connection ID 'postgres_localhost' for task execution.
[2025-06-29T11:46:44.523+0000] {base.py:73} INFO - Using connection ID 'postgres_localhost' for task execution.
[2025-06-29T11:46:44.560+0000] {sql.py:418} INFO - Running statement: 
            create table if not exists dag_runs (
                dt date,
                dag_id character varying,
                primary key (dt, dag_id)
            )
        , parameters: None
[2025-06-29T11:46:44.621+0000] {taskinstance.py:1400} INFO - Marking task as SUCCESS. dag_id=dag_with_postgres_operator_v02, task_id=create_postgres_table, execution_date=20220219T000000, start_date=20250629T114643, end_date=20250629T114644
[2025-06-29T11:46:44.794+0000] {local_task_job_runner.py:228} INFO - Task exited with return code 0
[2025-06-29T11:46:44.985+0000] {taskinstance.py:2778} INFO - 0 downstream tasks scheduled from follow-on schedule check
