[2025-06-29T11:59:21.616+0000] {taskinstance.py:1159} INFO - Dependencies all met for dep_context=non-requeueable deps ti=<TaskInstance: dag_with_postgres_operator_v03.insert_into_table scheduled__2022-06-03T00:00:00+00:00 [queued]>
[2025-06-29T11:59:21.651+0000] {taskinstance.py:1159} INFO - Dependencies all met for dep_context=requeueable deps ti=<TaskInstance: dag_with_postgres_operator_v03.insert_into_table scheduled__2022-06-03T00:00:00+00:00 [queued]>
[2025-06-29T11:59:21.654+0000] {taskinstance.py:1361} INFO - Starting attempt 1 of 6
[2025-06-29T11:59:21.712+0000] {taskinstance.py:1382} INFO - Executing <Task(PostgresOperator): insert_into_table> on 2022-06-03 00:00:00+00:00
[2025-06-29T11:59:21.752+0000] {standard_task_runner.py:57} INFO - Started process 5171 to run task
[2025-06-29T11:59:21.803+0000] {standard_task_runner.py:84} INFO - Running: ['***', 'tasks', 'run', 'dag_with_postgres_operator_v03', 'insert_into_table', 'scheduled__2022-06-03T00:00:00+00:00', '--job-id', '963', '--raw', '--subdir', 'DAGS_FOLDER/dag_with_postgres_operator.py', '--cfg-path', '/tmp/tmpfsdstvrj']
[2025-06-29T11:59:21.831+0000] {standard_task_runner.py:85} INFO - Job 963: Subtask insert_into_table
[2025-06-29T11:59:22.238+0000] {task_command.py:416} INFO - Running <TaskInstance: dag_with_postgres_operator_v03.insert_into_table scheduled__2022-06-03T00:00:00+00:00 [running]> on host f561bfe7dd3a
[2025-06-29T11:59:22.893+0000] {taskinstance.py:1662} INFO - Exporting env vars: AIRFLOW_CTX_DAG_OWNER='coder2j' AIRFLOW_CTX_DAG_ID='dag_with_postgres_operator_v03' AIRFLOW_CTX_TASK_ID='insert_into_table' AIRFLOW_CTX_EXECUTION_DATE='2022-06-03T00:00:00+00:00' AIRFLOW_CTX_TRY_NUMBER='1' AIRFLOW_CTX_DAG_RUN_ID='scheduled__2022-06-03T00:00:00+00:00'
[2025-06-29T11:59:22.894+0000] {sql.py:274} INFO - Executing: 
            insert into dag_runs (dt, dag_id) values ('2022-06-03', 'dag_with_postgres_operator_v03')
        
[2025-06-29T11:59:22.950+0000] {base.py:73} INFO - Using connection ID 'postgres_localhost' for task execution.
[2025-06-29T11:59:23.051+0000] {base.py:73} INFO - Using connection ID 'postgres_localhost' for task execution.
[2025-06-29T11:59:23.080+0000] {sql.py:418} INFO - Running statement: 
            insert into dag_runs (dt, dag_id) values ('2022-06-03', 'dag_with_postgres_operator_v03')
        , parameters: None
[2025-06-29T11:59:23.082+0000] {sql.py:427} INFO - Rows affected: 1
[2025-06-29T11:59:23.150+0000] {taskinstance.py:1400} INFO - Marking task as SUCCESS. dag_id=dag_with_postgres_operator_v03, task_id=insert_into_table, execution_date=20220603T000000, start_date=20250629T115921, end_date=20250629T115923
[2025-06-29T11:59:23.402+0000] {local_task_job_runner.py:228} INFO - Task exited with return code 0
[2025-06-29T11:59:24.054+0000] {taskinstance.py:2778} INFO - 0 downstream tasks scheduled from follow-on schedule check
