[2025-06-29T14:42:25.785+0000] {taskinstance.py:1159} INFO - Dependencies all met for dep_context=non-requeueable deps ti=<TaskInstance: dag_with_postgres_operator_v03.delete_data_from_table scheduled__2024-02-19T00:00:00+00:00 [queued]>
[2025-06-29T14:42:25.802+0000] {taskinstance.py:1159} INFO - Dependencies all met for dep_context=requeueable deps ti=<TaskInstance: dag_with_postgres_operator_v03.delete_data_from_table scheduled__2024-02-19T00:00:00+00:00 [queued]>
[2025-06-29T14:42:25.802+0000] {taskinstance.py:1361} INFO - Starting attempt 1 of 6
[2025-06-29T14:42:26.711+0000] {taskinstance.py:1382} INFO - Executing <Task(PostgresOperator): delete_data_from_table> on 2024-02-19 00:00:00+00:00
[2025-06-29T14:42:26.868+0000] {standard_task_runner.py:57} INFO - Started process 882 to run task
[2025-06-29T14:42:26.937+0000] {standard_task_runner.py:84} INFO - Running: ['***', 'tasks', 'run', 'dag_with_postgres_operator_v03', 'delete_data_from_table', 'scheduled__2024-02-19T00:00:00+00:00', '--job-id', '2849', '--raw', '--subdir', 'DAGS_FOLDER/dag_with_postgres_operator.py', '--cfg-path', '/tmp/tmp6oqx2qop']
[2025-06-29T14:42:26.943+0000] {standard_task_runner.py:85} INFO - Job 2849: Subtask delete_data_from_table
[2025-06-29T14:42:27.597+0000] {task_command.py:416} INFO - Running <TaskInstance: dag_with_postgres_operator_v03.delete_data_from_table scheduled__2024-02-19T00:00:00+00:00 [running]> on host f561bfe7dd3a
[2025-06-29T14:42:28.397+0000] {taskinstance.py:1662} INFO - Exporting env vars: AIRFLOW_CTX_DAG_OWNER='coder2j' AIRFLOW_CTX_DAG_ID='dag_with_postgres_operator_v03' AIRFLOW_CTX_TASK_ID='delete_data_from_table' AIRFLOW_CTX_EXECUTION_DATE='2024-02-19T00:00:00+00:00' AIRFLOW_CTX_TRY_NUMBER='1' AIRFLOW_CTX_DAG_RUN_ID='scheduled__2024-02-19T00:00:00+00:00'
[2025-06-29T14:42:28.398+0000] {sql.py:274} INFO - Executing: 
            delete from dag_runs where dt = '2024-02-19' and dag_id = 'dag_with_postgres_operator_v03';
        
[2025-06-29T14:42:28.510+0000] {base.py:73} INFO - Using connection ID 'postgres_localhost' for task execution.
[2025-06-29T14:42:28.560+0000] {base.py:73} INFO - Using connection ID 'postgres_localhost' for task execution.
[2025-06-29T14:42:28.588+0000] {sql.py:418} INFO - Running statement: 
            delete from dag_runs where dt = '2024-02-19' and dag_id = 'dag_with_postgres_operator_v03';
        , parameters: None
[2025-06-29T14:42:28.595+0000] {sql.py:427} INFO - Rows affected: 0
[2025-06-29T14:42:28.674+0000] {taskinstance.py:1400} INFO - Marking task as SUCCESS. dag_id=dag_with_postgres_operator_v03, task_id=delete_data_from_table, execution_date=20240219T000000, start_date=20250629T144225, end_date=20250629T144228
[2025-06-29T14:42:28.968+0000] {local_task_job_runner.py:228} INFO - Task exited with return code 0
[2025-06-29T14:42:29.911+0000] {taskinstance.py:2778} INFO - 0 downstream tasks scheduled from follow-on schedule check
