[2025-06-29T15:01:08.865+0000] {taskinstance.py:1159} INFO - Dependencies all met for dep_context=non-requeueable deps ti=<TaskInstance: dag_with_postgres_operator_v03.insert_into_table scheduled__2025-06-17T00:00:00+00:00 [queued]>
[2025-06-29T15:01:09.074+0000] {taskinstance.py:1159} INFO - Dependencies all met for dep_context=requeueable deps ti=<TaskInstance: dag_with_postgres_operator_v03.insert_into_table scheduled__2025-06-17T00:00:00+00:00 [queued]>
[2025-06-29T15:01:09.074+0000] {taskinstance.py:1361} INFO - Starting attempt 1 of 6
[2025-06-29T15:01:10.086+0000] {taskinstance.py:1382} INFO - Executing <Task(PostgresOperator): insert_into_table> on 2025-06-17 00:00:00+00:00
[2025-06-29T15:01:10.045+0000] {standard_task_runner.py:57} INFO - Started process 4856 to run task
[2025-06-29T15:01:10.164+0000] {standard_task_runner.py:84} INFO - Running: ['***', 'tasks', 'run', 'dag_with_postgres_operator_v03', 'insert_into_table', 'scheduled__2025-06-17T00:00:00+00:00', '--job-id', '4314', '--raw', '--subdir', 'DAGS_FOLDER/dag_with_postgres_operator.py', '--cfg-path', '/tmp/tmpymprj741']
[2025-06-29T15:01:10.207+0000] {standard_task_runner.py:85} INFO - Job 4314: Subtask insert_into_table
[2025-06-29T15:01:10.534+0000] {task_command.py:416} INFO - Running <TaskInstance: dag_with_postgres_operator_v03.insert_into_table scheduled__2025-06-17T00:00:00+00:00 [running]> on host f561bfe7dd3a
[2025-06-29T15:01:11.718+0000] {taskinstance.py:1662} INFO - Exporting env vars: AIRFLOW_CTX_DAG_OWNER='coder2j' AIRFLOW_CTX_DAG_ID='dag_with_postgres_operator_v03' AIRFLOW_CTX_TASK_ID='insert_into_table' AIRFLOW_CTX_EXECUTION_DATE='2025-06-17T00:00:00+00:00' AIRFLOW_CTX_TRY_NUMBER='1' AIRFLOW_CTX_DAG_RUN_ID='scheduled__2025-06-17T00:00:00+00:00'
[2025-06-29T15:01:11.730+0000] {sql.py:274} INFO - Executing: 
            insert into dag_runs (dt, dag_id) values ('2025-06-17', 'dag_with_postgres_operator_v03')
        
[2025-06-29T15:01:11.941+0000] {base.py:73} INFO - Using connection ID 'postgres_localhost' for task execution.
[2025-06-29T15:01:12.514+0000] {base.py:73} INFO - Using connection ID 'postgres_localhost' for task execution.
[2025-06-29T15:01:12.791+0000] {sql.py:418} INFO - Running statement: 
            insert into dag_runs (dt, dag_id) values ('2025-06-17', 'dag_with_postgres_operator_v03')
        , parameters: None
[2025-06-29T15:01:12.800+0000] {sql.py:427} INFO - Rows affected: 1
[2025-06-29T15:01:13.047+0000] {taskinstance.py:1400} INFO - Marking task as SUCCESS. dag_id=dag_with_postgres_operator_v03, task_id=insert_into_table, execution_date=20250617T000000, start_date=20250629T150108, end_date=20250629T150113
[2025-06-29T15:01:13.653+0000] {local_task_job_runner.py:228} INFO - Task exited with return code 0
[2025-06-29T15:01:15.214+0000] {taskinstance.py:2778} INFO - 0 downstream tasks scheduled from follow-on schedule check
