[2025-06-29T11:56:00.544+0000] {taskinstance.py:1159} INFO - Dependencies all met for dep_context=non-requeueable deps ti=<TaskInstance: dag_with_postgres_operator_v03.create_postgres_table scheduled__2022-03-01T00:00:00+00:00 [queued]>
[2025-06-29T11:56:00.587+0000] {taskinstance.py:1159} INFO - Dependencies all met for dep_context=requeueable deps ti=<TaskInstance: dag_with_postgres_operator_v03.create_postgres_table scheduled__2022-03-01T00:00:00+00:00 [queued]>
[2025-06-29T11:56:00.588+0000] {taskinstance.py:1361} INFO - Starting attempt 1 of 6
[2025-06-29T11:56:00.637+0000] {taskinstance.py:1382} INFO - Executing <Task(PostgresOperator): create_postgres_table> on 2022-03-01 00:00:00+00:00
[2025-06-29T11:56:00.662+0000] {standard_task_runner.py:57} INFO - Started process 4353 to run task
[2025-06-29T11:56:00.679+0000] {standard_task_runner.py:84} INFO - Running: ['***', 'tasks', 'run', 'dag_with_postgres_operator_v03', 'create_postgres_table', 'scheduled__2022-03-01T00:00:00+00:00', '--job-id', '659', '--raw', '--subdir', 'DAGS_FOLDER/dag_with_postgres_operator.py', '--cfg-path', '/tmp/tmp46c6k1rz']
[2025-06-29T11:56:00.689+0000] {standard_task_runner.py:85} INFO - Job 659: Subtask create_postgres_table
[2025-06-29T11:56:00.842+0000] {task_command.py:416} INFO - Running <TaskInstance: dag_with_postgres_operator_v03.create_postgres_table scheduled__2022-03-01T00:00:00+00:00 [running]> on host f561bfe7dd3a
[2025-06-29T11:56:01.261+0000] {taskinstance.py:1662} INFO - Exporting env vars: AIRFLOW_CTX_DAG_OWNER='coder2j' AIRFLOW_CTX_DAG_ID='dag_with_postgres_operator_v03' AIRFLOW_CTX_TASK_ID='create_postgres_table' AIRFLOW_CTX_EXECUTION_DATE='2022-03-01T00:00:00+00:00' AIRFLOW_CTX_TRY_NUMBER='1' AIRFLOW_CTX_DAG_RUN_ID='scheduled__2022-03-01T00:00:00+00:00'
[2025-06-29T11:56:01.263+0000] {sql.py:274} INFO - Executing: 
            create table if not exists dag_runs (
                dt date,
                dag_id character varying,
                primary key (dt, dag_id)
            )
        
[2025-06-29T11:56:01.314+0000] {base.py:73} INFO - Using connection ID 'postgres_localhost' for task execution.
[2025-06-29T11:56:01.357+0000] {base.py:73} INFO - Using connection ID 'postgres_localhost' for task execution.
[2025-06-29T11:56:01.373+0000] {sql.py:418} INFO - Running statement: 
            create table if not exists dag_runs (
                dt date,
                dag_id character varying,
                primary key (dt, dag_id)
            )
        , parameters: None
[2025-06-29T11:56:01.442+0000] {taskinstance.py:1400} INFO - Marking task as SUCCESS. dag_id=dag_with_postgres_operator_v03, task_id=create_postgres_table, execution_date=20220301T000000, start_date=20250629T115600, end_date=20250629T115601
[2025-06-29T11:56:01.570+0000] {local_task_job_runner.py:228} INFO - Task exited with return code 0
[2025-06-29T11:56:01.701+0000] {taskinstance.py:2778} INFO - 1 downstream tasks scheduled from follow-on schedule check
