[2025-06-28T10:45:19.345+0000] {taskinstance.py:1159} INFO - Dependencies all met for dep_context=non-requeueable deps ti=<TaskInstance: our_first_dag_v_01.greet scheduled__2025-06-27T00:00:00+00:00 [queued]>
[2025-06-28T10:45:19.361+0000] {taskinstance.py:1159} INFO - Dependencies all met for dep_context=requeueable deps ti=<TaskInstance: our_first_dag_v_01.greet scheduled__2025-06-27T00:00:00+00:00 [queued]>
[2025-06-28T10:45:19.362+0000] {taskinstance.py:1361} INFO - Starting attempt 1 of 6
[2025-06-28T10:45:19.381+0000] {taskinstance.py:1382} INFO - Executing <Task(_PythonDecoratedOperator): greet> on 2025-06-27 00:00:00+00:00
[2025-06-28T10:45:19.392+0000] {standard_task_runner.py:57} INFO - Started process 678 to run task
[2025-06-28T10:45:19.398+0000] {standard_task_runner.py:84} INFO - Running: ['***', 'tasks', 'run', 'our_first_dag_v_01', 'greet', 'scheduled__2025-06-27T00:00:00+00:00', '--job-id', '1750', '--raw', '--subdir', 'DAGS_FOLDER/dag_with_taskflow_api.py', '--cfg-path', '/tmp/tmpfgqlht1f']
[2025-06-28T10:45:19.404+0000] {standard_task_runner.py:85} INFO - Job 1750: Subtask greet
[2025-06-28T10:45:19.513+0000] {task_command.py:416} INFO - Running <TaskInstance: our_first_dag_v_01.greet scheduled__2025-06-27T00:00:00+00:00 [running]> on host 07a96c95014f
[2025-06-28T10:45:19.639+0000] {abstractoperator.py:709} ERROR - Exception rendering Jinja template for task 'greet', field 'op_kwargs'. Template: {'age': 20, 'first_name': XComArg(<Task(_PythonDecoratedOperator): get_name>, 'first_name'), 'last_name': XComArg(<Task(_PythonDecoratedOperator): get_name>, 'last_name')}
Traceback (most recent call last):
  File "/home/airflow/.local/lib/python3.8/site-packages/airflow/models/abstractoperator.py", line 701, in _do_render_template_fields
    rendered_content = self.render_template(
  File "/home/airflow/.local/lib/python3.8/site-packages/airflow/template/templater.py", line 167, in render_template
    return {k: self.render_template(v, context, jinja_env, oids) for k, v in value.items()}
  File "/home/airflow/.local/lib/python3.8/site-packages/airflow/template/templater.py", line 167, in <dictcomp>
    return {k: self.render_template(v, context, jinja_env, oids) for k, v in value.items()}
  File "/home/airflow/.local/lib/python3.8/site-packages/airflow/template/templater.py", line 157, in render_template
    return value.resolve(context)
  File "/home/airflow/.local/lib/python3.8/site-packages/airflow/utils/session.py", line 77, in wrapper
    return func(*args, session=session, **kwargs)
  File "/home/airflow/.local/lib/python3.8/site-packages/airflow/models/xcom_arg.py", line 433, in resolve
    raise XComNotFound(ti.dag_id, task_id, self.key)
airflow.exceptions.XComNotFound: XComArg result from get_name at our_first_dag_v_01 with key="first_name" is not found!
[2025-06-28T10:45:19.722+0000] {taskinstance.py:1937} ERROR - Task failed with exception
Traceback (most recent call last):
  File "/home/airflow/.local/lib/python3.8/site-packages/airflow/models/taskinstance.py", line 1518, in _run_raw_task
    self._execute_task_with_callbacks(context, test_mode, session=session)
  File "/home/airflow/.local/lib/python3.8/site-packages/airflow/models/taskinstance.py", line 1647, in _execute_task_with_callbacks
    task_orig = self.render_templates(context=context)
  File "/home/airflow/.local/lib/python3.8/site-packages/airflow/models/taskinstance.py", line 2285, in render_templates
    original_task.render_template_fields(context)
  File "/home/airflow/.local/lib/python3.8/site-packages/airflow/models/baseoperator.py", line 1243, in render_template_fields
    self._do_render_template_fields(self, self.template_fields, context, jinja_env, set())
  File "/home/airflow/.local/lib/python3.8/site-packages/airflow/utils/session.py", line 77, in wrapper
    return func(*args, session=session, **kwargs)
  File "/home/airflow/.local/lib/python3.8/site-packages/airflow/models/abstractoperator.py", line 701, in _do_render_template_fields
    rendered_content = self.render_template(
  File "/home/airflow/.local/lib/python3.8/site-packages/airflow/template/templater.py", line 167, in render_template
    return {k: self.render_template(v, context, jinja_env, oids) for k, v in value.items()}
  File "/home/airflow/.local/lib/python3.8/site-packages/airflow/template/templater.py", line 167, in <dictcomp>
    return {k: self.render_template(v, context, jinja_env, oids) for k, v in value.items()}
  File "/home/airflow/.local/lib/python3.8/site-packages/airflow/template/templater.py", line 157, in render_template
    return value.resolve(context)
  File "/home/airflow/.local/lib/python3.8/site-packages/airflow/utils/session.py", line 77, in wrapper
    return func(*args, session=session, **kwargs)
  File "/home/airflow/.local/lib/python3.8/site-packages/airflow/models/xcom_arg.py", line 433, in resolve
    raise XComNotFound(ti.dag_id, task_id, self.key)
airflow.exceptions.XComNotFound: XComArg result from get_name at our_first_dag_v_01 with key="first_name" is not found!
[2025-06-28T10:45:19.770+0000] {taskinstance.py:1400} INFO - Marking task as UP_FOR_RETRY. dag_id=our_first_dag_v_01, task_id=greet, execution_date=20250627T000000, start_date=20250628T104519, end_date=20250628T104519
[2025-06-28T10:45:19.791+0000] {standard_task_runner.py:104} ERROR - Failed to execute job 1750 for task greet (XComArg result from get_name at our_first_dag_v_01 with key="first_name" is not found!; 678)
[2025-06-28T10:45:19.826+0000] {local_task_job_runner.py:228} INFO - Task exited with return code 1
[2025-06-28T10:45:19.854+0000] {taskinstance.py:2778} INFO - 0 downstream tasks scheduled from follow-on schedule check
