[2025-06-29T12:05:48.792+0000] {taskinstance.py:1159} INFO - Dependencies all met for dep_context=non-requeueable deps ti=<TaskInstance: dag_with_postgres_operator_v03.create_postgres_table scheduled__2022-12-21T00:00:00+00:00 [queued]>
[2025-06-29T12:05:48.890+0000] {taskinstance.py:1159} INFO - Dependencies all met for dep_context=requeueable deps ti=<TaskInstance: dag_with_postgres_operator_v03.create_postgres_table scheduled__2022-12-21T00:00:00+00:00 [queued]>
[2025-06-29T12:05:48.892+0000] {taskinstance.py:1361} INFO - Starting attempt 1 of 6
[2025-06-29T12:05:49.381+0000] {taskinstance.py:1382} INFO - Executing <Task(PostgresOperator): create_postgres_table> on 2022-12-21 00:00:00+00:00
[2025-06-29T12:05:49.502+0000] {standard_task_runner.py:57} INFO - Started process 6694 to run task
[2025-06-29T12:05:49.620+0000] {standard_task_runner.py:84} INFO - Running: ['***', 'tasks', 'run', 'dag_with_postgres_operator_v03', 'create_postgres_table', 'scheduled__2022-12-21T00:00:00+00:00', '--job-id', '1544', '--raw', '--subdir', 'DAGS_FOLDER/dag_with_postgres_operator.py', '--cfg-path', '/tmp/tmpnmg9ansd']
[2025-06-29T12:05:49.680+0000] {standard_task_runner.py:85} INFO - Job 1544: Subtask create_postgres_table
[2025-06-29T12:05:50.237+0000] {task_command.py:416} INFO - Running <TaskInstance: dag_with_postgres_operator_v03.create_postgres_table scheduled__2022-12-21T00:00:00+00:00 [running]> on host f561bfe7dd3a
[2025-06-29T12:05:51.114+0000] {taskinstance.py:1662} INFO - Exporting env vars: AIRFLOW_CTX_DAG_OWNER='coder2j' AIRFLOW_CTX_DAG_ID='dag_with_postgres_operator_v03' AIRFLOW_CTX_TASK_ID='create_postgres_table' AIRFLOW_CTX_EXECUTION_DATE='2022-12-21T00:00:00+00:00' AIRFLOW_CTX_TRY_NUMBER='1' AIRFLOW_CTX_DAG_RUN_ID='scheduled__2022-12-21T00:00:00+00:00'
[2025-06-29T12:05:51.115+0000] {sql.py:274} INFO - Executing: 
            create table if not exists dag_runs (
                dt date,
                dag_id character varying,
                primary key (dt, dag_id)
            )
        
[2025-06-29T12:05:51.225+0000] {base.py:73} INFO - Using connection ID 'postgres_localhost' for task execution.
[2025-06-29T12:05:51.370+0000] {base.py:73} INFO - Using connection ID 'postgres_localhost' for task execution.
[2025-06-29T12:05:51.407+0000] {sql.py:418} INFO - Running statement: 
            create table if not exists dag_runs (
                dt date,
                dag_id character varying,
                primary key (dt, dag_id)
            )
        , parameters: None
[2025-06-29T12:05:51.487+0000] {taskinstance.py:1400} INFO - Marking task as SUCCESS. dag_id=dag_with_postgres_operator_v03, task_id=create_postgres_table, execution_date=20221221T000000, start_date=20250629T120548, end_date=20250629T120551
[2025-06-29T12:05:52.113+0000] {local_task_job_runner.py:228} INFO - Task exited with return code 0
[2025-06-29T12:05:52.364+0000] {taskinstance.py:2778} INFO - 1 downstream tasks scheduled from follow-on schedule check
