[2025-06-29T12:16:41.510+0000] {taskinstance.py:1159} INFO - Dependencies all met for dep_context=non-requeueable deps ti=<TaskInstance: dag_with_postgres_operator_v03.delete_data_from_table scheduled__2023-05-29T00:00:00+00:00 [queued]>
[2025-06-29T12:16:41.618+0000] {taskinstance.py:1159} INFO - Dependencies all met for dep_context=requeueable deps ti=<TaskInstance: dag_with_postgres_operator_v03.delete_data_from_table scheduled__2023-05-29T00:00:00+00:00 [queued]>
[2025-06-29T12:16:41.618+0000] {taskinstance.py:1361} INFO - Starting attempt 1 of 6
[2025-06-29T12:16:41.986+0000] {taskinstance.py:1382} INFO - Executing <Task(PostgresOperator): delete_data_from_table> on 2023-05-29 00:00:00+00:00
[2025-06-29T12:16:42.075+0000] {standard_task_runner.py:57} INFO - Started process 8098 to run task
[2025-06-29T12:16:42.135+0000] {standard_task_runner.py:84} INFO - Running: ['***', 'tasks', 'run', 'dag_with_postgres_operator_v03', 'delete_data_from_table', 'scheduled__2023-05-29T00:00:00+00:00', '--job-id', '2029', '--raw', '--subdir', 'DAGS_FOLDER/dag_with_postgres_operator.py', '--cfg-path', '/tmp/tmpdagx7cm3']
[2025-06-29T12:16:42.170+0000] {standard_task_runner.py:85} INFO - Job 2029: Subtask delete_data_from_table
[2025-06-29T12:16:42.700+0000] {task_command.py:416} INFO - Running <TaskInstance: dag_with_postgres_operator_v03.delete_data_from_table scheduled__2023-05-29T00:00:00+00:00 [running]> on host f561bfe7dd3a
[2025-06-29T12:16:43.365+0000] {taskinstance.py:1662} INFO - Exporting env vars: AIRFLOW_CTX_DAG_OWNER='coder2j' AIRFLOW_CTX_DAG_ID='dag_with_postgres_operator_v03' AIRFLOW_CTX_TASK_ID='delete_data_from_table' AIRFLOW_CTX_EXECUTION_DATE='2023-05-29T00:00:00+00:00' AIRFLOW_CTX_TRY_NUMBER='1' AIRFLOW_CTX_DAG_RUN_ID='scheduled__2023-05-29T00:00:00+00:00'
[2025-06-29T12:16:43.367+0000] {sql.py:274} INFO - Executing: 
            delete from dag_runs where dt = '2023-05-29' and dag_id = 'dag_with_postgres_operator_v03';
        
[2025-06-29T12:16:43.448+0000] {base.py:73} INFO - Using connection ID 'postgres_localhost' for task execution.
[2025-06-29T12:16:43.513+0000] {base.py:73} INFO - Using connection ID 'postgres_localhost' for task execution.
[2025-06-29T12:16:43.546+0000] {sql.py:418} INFO - Running statement: 
            delete from dag_runs where dt = '2023-05-29' and dag_id = 'dag_with_postgres_operator_v03';
        , parameters: None
[2025-06-29T12:16:43.551+0000] {sql.py:427} INFO - Rows affected: 0
[2025-06-29T12:16:43.608+0000] {taskinstance.py:1400} INFO - Marking task as SUCCESS. dag_id=dag_with_postgres_operator_v03, task_id=delete_data_from_table, execution_date=20230529T000000, start_date=20250629T121641, end_date=20250629T121643
[2025-06-29T12:16:43.985+0000] {local_task_job_runner.py:228} INFO - Task exited with return code 0
[2025-06-29T12:16:44.329+0000] {taskinstance.py:2778} INFO - 1 downstream tasks scheduled from follow-on schedule check
