[2025-06-29T12:18:48.487+0000] {taskinstance.py:1159} INFO - Dependencies all met for dep_context=non-requeueable deps ti=<TaskInstance: dag_with_postgres_operator_v03.create_postgres_table scheduled__2023-07-26T00:00:00+00:00 [queued]>
[2025-06-29T12:18:48.556+0000] {taskinstance.py:1159} INFO - Dependencies all met for dep_context=requeueable deps ti=<TaskInstance: dag_with_postgres_operator_v03.create_postgres_table scheduled__2023-07-26T00:00:00+00:00 [queued]>
[2025-06-29T12:18:48.557+0000] {taskinstance.py:1361} INFO - Starting attempt 1 of 6
[2025-06-29T12:18:48.649+0000] {taskinstance.py:1382} INFO - Executing <Task(PostgresOperator): create_postgres_table> on 2023-07-26 00:00:00+00:00
[2025-06-29T12:18:48.745+0000] {standard_task_runner.py:57} INFO - Started process 8555 to run task
[2025-06-29T12:18:48.777+0000] {standard_task_runner.py:84} INFO - Running: ['***', 'tasks', 'run', 'dag_with_postgres_operator_v03', 'create_postgres_table', 'scheduled__2023-07-26T00:00:00+00:00', '--job-id', '2197', '--raw', '--subdir', 'DAGS_FOLDER/dag_with_postgres_operator.py', '--cfg-path', '/tmp/tmpv3ghbzok']
[2025-06-29T12:18:48.817+0000] {standard_task_runner.py:85} INFO - Job 2197: Subtask create_postgres_table
[2025-06-29T12:18:49.408+0000] {task_command.py:416} INFO - Running <TaskInstance: dag_with_postgres_operator_v03.create_postgres_table scheduled__2023-07-26T00:00:00+00:00 [running]> on host f561bfe7dd3a
[2025-06-29T12:18:50.213+0000] {taskinstance.py:1662} INFO - Exporting env vars: AIRFLOW_CTX_DAG_OWNER='coder2j' AIRFLOW_CTX_DAG_ID='dag_with_postgres_operator_v03' AIRFLOW_CTX_TASK_ID='create_postgres_table' AIRFLOW_CTX_EXECUTION_DATE='2023-07-26T00:00:00+00:00' AIRFLOW_CTX_TRY_NUMBER='1' AIRFLOW_CTX_DAG_RUN_ID='scheduled__2023-07-26T00:00:00+00:00'
[2025-06-29T12:18:50.218+0000] {sql.py:274} INFO - Executing: 
            create table if not exists dag_runs (
                dt date,
                dag_id character varying,
                primary key (dt, dag_id)
            )
        
[2025-06-29T12:18:50.274+0000] {base.py:73} INFO - Using connection ID 'postgres_localhost' for task execution.
[2025-06-29T12:18:50.409+0000] {base.py:73} INFO - Using connection ID 'postgres_localhost' for task execution.
[2025-06-29T12:18:50.485+0000] {sql.py:418} INFO - Running statement: 
            create table if not exists dag_runs (
                dt date,
                dag_id character varying,
                primary key (dt, dag_id)
            )
        , parameters: None
[2025-06-29T12:18:50.587+0000] {taskinstance.py:1400} INFO - Marking task as SUCCESS. dag_id=dag_with_postgres_operator_v03, task_id=create_postgres_table, execution_date=20230726T000000, start_date=20250629T121848, end_date=20250629T121850
[2025-06-29T12:18:50.947+0000] {local_task_job_runner.py:228} INFO - Task exited with return code 0
[2025-06-29T12:18:51.820+0000] {taskinstance.py:2778} INFO - 0 downstream tasks scheduled from follow-on schedule check
