[2025-06-29T15:08:53.978+0000] {processor.py:157} INFO - Started process (PID=5347) to work on /opt/airflow/dags/dag_with_python_dependencies.py
[2025-06-29T15:08:53.979+0000] {processor.py:829} INFO - Processing file /opt/airflow/dags/dag_with_python_dependencies.py for tasks to queue
[2025-06-29T15:08:53.981+0000] {logging_mixin.py:151} INFO - [2025-06-29T15:08:53.980+0000] {dagbag.py:536} INFO - Filling up the DagBag from /opt/airflow/dags/dag_with_python_dependencies.py
[2025-06-29T15:08:54.008+0000] {processor.py:839} INFO - DAG(s) dict_keys(['dag_with_python_dependencies_v01']) retrieved from /opt/airflow/dags/dag_with_python_dependencies.py
[2025-06-29T15:08:54.525+0000] {logging_mixin.py:151} INFO - [2025-06-29T15:08:54.524+0000] {manager.py:499} INFO - Created Permission View: %s
[2025-06-29T15:08:54.548+0000] {logging_mixin.py:151} INFO - [2025-06-29T15:08:54.548+0000] {manager.py:499} INFO - Created Permission View: %s
[2025-06-29T15:08:54.559+0000] {logging_mixin.py:151} INFO - [2025-06-29T15:08:54.559+0000] {manager.py:499} INFO - Created Permission View: %s
[2025-06-29T15:08:54.560+0000] {logging_mixin.py:151} INFO - [2025-06-29T15:08:54.560+0000] {dag.py:2941} INFO - Sync 1 DAGs
[2025-06-29T15:08:54.582+0000] {logging_mixin.py:151} INFO - [2025-06-29T15:08:54.582+0000] {dag.py:2963} INFO - Creating ORM DAG for dag_with_python_dependencies_v01
[2025-06-29T15:08:54.598+0000] {logging_mixin.py:151} INFO - [2025-06-29T15:08:54.598+0000] {dag.py:3722} INFO - Setting next_dagrun for dag_with_python_dependencies_v01 to 2021-10-12T00:00:00+00:00, run_after=2021-10-13T00:00:00+00:00
[2025-06-29T15:08:54.625+0000] {processor.py:179} INFO - Processing /opt/airflow/dags/dag_with_python_dependencies.py took 0.660 seconds
[2025-06-29T15:09:25.370+0000] {processor.py:157} INFO - Started process (PID=5440) to work on /opt/airflow/dags/dag_with_python_dependencies.py
[2025-06-29T15:09:25.379+0000] {processor.py:829} INFO - Processing file /opt/airflow/dags/dag_with_python_dependencies.py for tasks to queue
[2025-06-29T15:09:25.380+0000] {logging_mixin.py:151} INFO - [2025-06-29T15:09:25.380+0000] {dagbag.py:536} INFO - Filling up the DagBag from /opt/airflow/dags/dag_with_python_dependencies.py
[2025-06-29T15:09:25.408+0000] {processor.py:839} INFO - DAG(s) dict_keys(['dag_with_python_dependencies_v01']) retrieved from /opt/airflow/dags/dag_with_python_dependencies.py
[2025-06-29T15:09:25.463+0000] {logging_mixin.py:151} INFO - [2025-06-29T15:09:25.462+0000] {dag.py:2941} INFO - Sync 1 DAGs
[2025-06-29T15:09:25.507+0000] {logging_mixin.py:151} INFO - [2025-06-29T15:09:25.506+0000] {dag.py:3722} INFO - Setting next_dagrun for dag_with_python_dependencies_v01 to 2021-11-10T00:00:00+00:00, run_after=2021-11-11T00:00:00+00:00
[2025-06-29T15:09:25.543+0000] {processor.py:179} INFO - Processing /opt/airflow/dags/dag_with_python_dependencies.py took 0.179 seconds
[2025-06-29T15:09:56.233+0000] {processor.py:157} INFO - Started process (PID=5561) to work on /opt/airflow/dags/dag_with_python_dependencies.py
[2025-06-29T15:09:56.235+0000] {processor.py:829} INFO - Processing file /opt/airflow/dags/dag_with_python_dependencies.py for tasks to queue
[2025-06-29T15:09:56.239+0000] {logging_mixin.py:151} INFO - [2025-06-29T15:09:56.237+0000] {dagbag.py:536} INFO - Filling up the DagBag from /opt/airflow/dags/dag_with_python_dependencies.py
[2025-06-29T15:09:56.311+0000] {processor.py:839} INFO - DAG(s) dict_keys(['dag_with_python_dependencies_v01']) retrieved from /opt/airflow/dags/dag_with_python_dependencies.py
[2025-06-29T15:09:56.462+0000] {logging_mixin.py:151} INFO - [2025-06-29T15:09:56.462+0000] {dag.py:2941} INFO - Sync 1 DAGs
[2025-06-29T15:09:56.581+0000] {logging_mixin.py:151} INFO - [2025-06-29T15:09:56.581+0000] {dag.py:3722} INFO - Setting next_dagrun for dag_with_python_dependencies_v01 to 2021-12-26T00:00:00+00:00, run_after=2021-12-27T00:00:00+00:00
[2025-06-29T15:09:56.665+0000] {processor.py:179} INFO - Processing /opt/airflow/dags/dag_with_python_dependencies.py took 0.457 seconds
[2025-06-29T15:10:27.051+0000] {processor.py:157} INFO - Started process (PID=5665) to work on /opt/airflow/dags/dag_with_python_dependencies.py
[2025-06-29T15:10:27.063+0000] {processor.py:829} INFO - Processing file /opt/airflow/dags/dag_with_python_dependencies.py for tasks to queue
[2025-06-29T15:10:27.094+0000] {logging_mixin.py:151} INFO - [2025-06-29T15:10:27.093+0000] {dagbag.py:536} INFO - Filling up the DagBag from /opt/airflow/dags/dag_with_python_dependencies.py
[2025-06-29T15:10:27.318+0000] {processor.py:839} INFO - DAG(s) dict_keys(['dag_with_python_dependencies_v01']) retrieved from /opt/airflow/dags/dag_with_python_dependencies.py
[2025-06-29T15:10:27.657+0000] {logging_mixin.py:151} INFO - [2025-06-29T15:10:27.656+0000] {dag.py:2941} INFO - Sync 1 DAGs
[2025-06-29T15:10:28.129+0000] {logging_mixin.py:151} INFO - [2025-06-29T15:10:28.129+0000] {dag.py:3722} INFO - Setting next_dagrun for dag_with_python_dependencies_v01 to 2022-01-30T00:00:00+00:00, run_after=2022-01-31T00:00:00+00:00
[2025-06-29T15:10:28.351+0000] {processor.py:179} INFO - Processing /opt/airflow/dags/dag_with_python_dependencies.py took 1.375 seconds
[2025-06-29T15:10:59.462+0000] {processor.py:157} INFO - Started process (PID=5771) to work on /opt/airflow/dags/dag_with_python_dependencies.py
[2025-06-29T15:10:59.476+0000] {processor.py:829} INFO - Processing file /opt/airflow/dags/dag_with_python_dependencies.py for tasks to queue
[2025-06-29T15:10:59.493+0000] {logging_mixin.py:151} INFO - [2025-06-29T15:10:59.477+0000] {dagbag.py:536} INFO - Filling up the DagBag from /opt/airflow/dags/dag_with_python_dependencies.py
[2025-06-29T15:10:59.589+0000] {processor.py:839} INFO - DAG(s) dict_keys(['dag_with_python_dependencies_v01']) retrieved from /opt/airflow/dags/dag_with_python_dependencies.py
[2025-06-29T15:10:59.757+0000] {logging_mixin.py:151} INFO - [2025-06-29T15:10:59.756+0000] {dag.py:2941} INFO - Sync 1 DAGs
[2025-06-29T15:10:59.957+0000] {logging_mixin.py:151} INFO - [2025-06-29T15:10:59.957+0000] {dag.py:3722} INFO - Setting next_dagrun for dag_with_python_dependencies_v01 to 2022-03-06T00:00:00+00:00, run_after=2022-03-07T00:00:00+00:00
[2025-06-29T15:11:00.146+0000] {processor.py:179} INFO - Processing /opt/airflow/dags/dag_with_python_dependencies.py took 0.699 seconds
[2025-06-29T15:11:30.537+0000] {processor.py:157} INFO - Started process (PID=5897) to work on /opt/airflow/dags/dag_with_python_dependencies.py
[2025-06-29T15:11:30.551+0000] {processor.py:829} INFO - Processing file /opt/airflow/dags/dag_with_python_dependencies.py for tasks to queue
[2025-06-29T15:11:30.552+0000] {logging_mixin.py:151} INFO - [2025-06-29T15:11:30.552+0000] {dagbag.py:536} INFO - Filling up the DagBag from /opt/airflow/dags/dag_with_python_dependencies.py
[2025-06-29T15:11:30.627+0000] {processor.py:839} INFO - DAG(s) dict_keys(['dag_with_python_dependencies_v01']) retrieved from /opt/airflow/dags/dag_with_python_dependencies.py
[2025-06-29T15:11:30.941+0000] {logging_mixin.py:151} INFO - [2025-06-29T15:11:30.941+0000] {dag.py:2941} INFO - Sync 1 DAGs
[2025-06-29T15:11:31.176+0000] {logging_mixin.py:151} INFO - [2025-06-29T15:11:31.175+0000] {dag.py:3722} INFO - Setting next_dagrun for dag_with_python_dependencies_v01 to 2022-04-21T00:00:00+00:00, run_after=2022-04-22T00:00:00+00:00
[2025-06-29T15:11:31.358+0000] {processor.py:179} INFO - Processing /opt/airflow/dags/dag_with_python_dependencies.py took 0.849 seconds
[2025-06-29T15:16:57.827+0000] {processor.py:161} INFO - Started process (PID=159) to work on /opt/airflow/dags/dag_with_python_dependencies.py
[2025-06-29T15:16:57.837+0000] {processor.py:830} INFO - Processing file /opt/airflow/dags/dag_with_python_dependencies.py for tasks to queue
[2025-06-29T15:16:57.903+0000] {logging_mixin.py:188} INFO - [2025-06-29T15:16:57.900+0000] {dagbag.py:540} INFO - Filling up the DagBag from /opt/airflow/dags/dag_with_python_dependencies.py
[2025-06-29T15:16:58.128+0000] {processor.py:840} INFO - DAG(s) 'dag_with_python_dependencies_v01' retrieved from /opt/airflow/dags/dag_with_python_dependencies.py
[2025-06-29T15:16:59.332+0000] {logging_mixin.py:188} INFO - [2025-06-29T15:16:59.332+0000] {dag.py:3096} INFO - Sync 1 DAGs
[2025-06-29T15:16:59.426+0000] {logging_mixin.py:188} INFO - [2025-06-29T15:16:59.426+0000] {dag.py:3954} INFO - Setting next_dagrun for dag_with_python_dependencies_v01 to 2022-05-08 00:00:00+00:00, run_after=2022-05-09 00:00:00+00:00
[2025-06-29T15:16:59.517+0000] {processor.py:183} INFO - Processing /opt/airflow/dags/dag_with_python_dependencies.py took 1.817 seconds
[2025-06-29T15:19:54.813+0000] {processor.py:161} INFO - Started process (PID=158) to work on /opt/airflow/dags/dag_with_python_dependencies.py
[2025-06-29T15:19:54.817+0000] {processor.py:830} INFO - Processing file /opt/airflow/dags/dag_with_python_dependencies.py for tasks to queue
[2025-06-29T15:19:54.836+0000] {logging_mixin.py:188} INFO - [2025-06-29T15:19:54.835+0000] {dagbag.py:540} INFO - Filling up the DagBag from /opt/airflow/dags/dag_with_python_dependencies.py
[2025-06-29T15:19:54.993+0000] {processor.py:840} INFO - DAG(s) 'dag_with_python_dependencies_v01' retrieved from /opt/airflow/dags/dag_with_python_dependencies.py
[2025-06-29T15:19:56.420+0000] {logging_mixin.py:188} INFO - [2025-06-29T15:19:56.420+0000] {dag.py:3096} INFO - Sync 1 DAGs
[2025-06-29T15:19:56.577+0000] {processor.py:183} INFO - Processing /opt/airflow/dags/dag_with_python_dependencies.py took 1.776 seconds
[2025-06-29T15:20:29.634+0000] {processor.py:161} INFO - Started process (PID=229) to work on /opt/airflow/dags/dag_with_python_dependencies.py
[2025-06-29T15:20:29.670+0000] {processor.py:830} INFO - Processing file /opt/airflow/dags/dag_with_python_dependencies.py for tasks to queue
[2025-06-29T15:20:29.916+0000] {logging_mixin.py:188} INFO - [2025-06-29T15:20:29.882+0000] {dagbag.py:540} INFO - Filling up the DagBag from /opt/airflow/dags/dag_with_python_dependencies.py
[2025-06-29T15:20:30.827+0000] {processor.py:840} INFO - DAG(s) 'dag_with_python_dependencies_v01' retrieved from /opt/airflow/dags/dag_with_python_dependencies.py
[2025-06-29T15:20:32.721+0000] {logging_mixin.py:188} INFO - [2025-06-29T15:20:32.720+0000] {dag.py:3096} INFO - Sync 1 DAGs
[2025-06-29T15:20:34.402+0000] {logging_mixin.py:188} INFO - [2025-06-29T15:20:34.401+0000] {dag.py:3954} INFO - Setting next_dagrun for dag_with_python_dependencies_v01 to 2022-05-28 00:00:00+00:00, run_after=2022-05-29 00:00:00+00:00
[2025-06-29T15:20:35.797+0000] {processor.py:183} INFO - Processing /opt/airflow/dags/dag_with_python_dependencies.py took 7.088 seconds
[2025-06-29T15:26:32.971+0000] {processor.py:161} INFO - Started process (PID=262) to work on /opt/airflow/dags/dag_with_python_dependencies.py
[2025-06-29T15:26:33.692+0000] {processor.py:830} INFO - Processing file /opt/airflow/dags/dag_with_python_dependencies.py for tasks to queue
[2025-06-29T15:26:39.594+0000] {logging_mixin.py:188} INFO - [2025-06-29T15:26:37.405+0000] {dagbag.py:540} INFO - Filling up the DagBag from /opt/airflow/dags/dag_with_python_dependencies.py
[2025-06-29T15:27:51.445+0000] {processor.py:840} INFO - DAG(s) 'dag_with_python_dependencies_v01' retrieved from /opt/airflow/dags/dag_with_python_dependencies.py
[2025-06-29T15:40:52.080+0000] {processor.py:161} INFO - Started process (PID=157) to work on /opt/airflow/dags/dag_with_python_dependencies.py
[2025-06-29T15:40:52.089+0000] {processor.py:830} INFO - Processing file /opt/airflow/dags/dag_with_python_dependencies.py for tasks to queue
[2025-06-29T15:40:52.092+0000] {logging_mixin.py:188} INFO - [2025-06-29T15:40:52.091+0000] {dagbag.py:540} INFO - Filling up the DagBag from /opt/airflow/dags/dag_with_python_dependencies.py
[2025-06-29T15:40:52.156+0000] {processor.py:840} INFO - DAG(s) 'dag_with_python_dependencies_v01' retrieved from /opt/airflow/dags/dag_with_python_dependencies.py
[2025-06-29T15:40:52.867+0000] {logging_mixin.py:188} INFO - [2025-06-29T15:40:52.866+0000] {dag.py:3096} INFO - Sync 1 DAGs
[2025-06-29T15:40:52.923+0000] {logging_mixin.py:188} INFO - [2025-06-29T15:40:52.923+0000] {dag.py:3954} INFO - Setting next_dagrun for dag_with_python_dependencies_v01 to 2022-05-29 00:00:00+00:00, run_after=2022-05-30 00:00:00+00:00
[2025-06-29T15:40:52.981+0000] {processor.py:183} INFO - Processing /opt/airflow/dags/dag_with_python_dependencies.py took 0.933 seconds
[2025-06-29T15:41:24.781+0000] {processor.py:161} INFO - Started process (PID=239) to work on /opt/airflow/dags/dag_with_python_dependencies.py
[2025-06-29T15:41:24.788+0000] {processor.py:830} INFO - Processing file /opt/airflow/dags/dag_with_python_dependencies.py for tasks to queue
[2025-06-29T15:41:24.906+0000] {logging_mixin.py:188} INFO - [2025-06-29T15:41:24.898+0000] {dagbag.py:540} INFO - Filling up the DagBag from /opt/airflow/dags/dag_with_python_dependencies.py
[2025-06-29T15:41:25.598+0000] {processor.py:840} INFO - DAG(s) 'dag_with_python_dependencies_v01' retrieved from /opt/airflow/dags/dag_with_python_dependencies.py
[2025-06-29T15:41:26.631+0000] {logging_mixin.py:188} INFO - [2025-06-29T15:41:26.611+0000] {dag.py:3096} INFO - Sync 1 DAGs
[2025-06-29T15:41:30.011+0000] {processor.py:183} INFO - Processing /opt/airflow/dags/dag_with_python_dependencies.py took 5.646 seconds
[2025-06-29T15:42:02.290+0000] {processor.py:161} INFO - Started process (PID=302) to work on /opt/airflow/dags/dag_with_python_dependencies.py
[2025-06-29T15:42:02.308+0000] {processor.py:830} INFO - Processing file /opt/airflow/dags/dag_with_python_dependencies.py for tasks to queue
[2025-06-29T15:42:03.022+0000] {logging_mixin.py:188} INFO - [2025-06-29T15:42:02.944+0000] {dagbag.py:540} INFO - Filling up the DagBag from /opt/airflow/dags/dag_with_python_dependencies.py
[2025-06-29T15:42:06.857+0000] {processor.py:840} INFO - DAG(s) 'dag_with_python_dependencies_v01' retrieved from /opt/airflow/dags/dag_with_python_dependencies.py
[2025-06-29T15:42:12.091+0000] {logging_mixin.py:188} INFO - [2025-06-29T15:42:12.091+0000] {dag.py:3096} INFO - Sync 1 DAGs
[2025-06-29T15:42:15.455+0000] {logging_mixin.py:188} INFO - [2025-06-29T15:42:15.452+0000] {dag.py:3954} INFO - Setting next_dagrun for dag_with_python_dependencies_v01 to 2022-06-13 00:00:00+00:00, run_after=2022-06-14 00:00:00+00:00
[2025-06-29T15:42:17.486+0000] {processor.py:183} INFO - Processing /opt/airflow/dags/dag_with_python_dependencies.py took 16.020 seconds
[2025-06-29T15:43:25.861+0000] {processor.py:161} INFO - Started process (PID=364) to work on /opt/airflow/dags/dag_with_python_dependencies.py
[2025-06-29T15:43:25.910+0000] {processor.py:830} INFO - Processing file /opt/airflow/dags/dag_with_python_dependencies.py for tasks to queue
[2025-06-29T15:43:25.986+0000] {logging_mixin.py:188} INFO - [2025-06-29T15:43:25.985+0000] {dagbag.py:540} INFO - Filling up the DagBag from /opt/airflow/dags/dag_with_python_dependencies.py
[2025-06-29T15:43:26.785+0000] {processor.py:840} INFO - DAG(s) 'dag_with_python_dependencies_v01' retrieved from /opt/airflow/dags/dag_with_python_dependencies.py
[2025-06-29T15:43:28.656+0000] {logging_mixin.py:188} INFO - [2025-06-29T15:43:28.655+0000] {dag.py:3096} INFO - Sync 1 DAGs
[2025-06-29T15:43:31.591+0000] {processor.py:183} INFO - Processing /opt/airflow/dags/dag_with_python_dependencies.py took 6.296 seconds
[2025-06-29T15:44:04.655+0000] {processor.py:161} INFO - Started process (PID=431) to work on /opt/airflow/dags/dag_with_python_dependencies.py
[2025-06-29T15:44:04.690+0000] {processor.py:830} INFO - Processing file /opt/airflow/dags/dag_with_python_dependencies.py for tasks to queue
[2025-06-29T15:44:04.751+0000] {logging_mixin.py:188} INFO - [2025-06-29T15:44:04.750+0000] {dagbag.py:540} INFO - Filling up the DagBag from /opt/airflow/dags/dag_with_python_dependencies.py
[2025-06-29T15:44:05.390+0000] {processor.py:840} INFO - DAG(s) 'dag_with_python_dependencies_v01' retrieved from /opt/airflow/dags/dag_with_python_dependencies.py
[2025-06-29T15:44:06.304+0000] {logging_mixin.py:188} INFO - [2025-06-29T15:44:06.304+0000] {dag.py:3096} INFO - Sync 1 DAGs
[2025-06-29T15:44:07.097+0000] {logging_mixin.py:188} INFO - [2025-06-29T15:44:07.096+0000] {dag.py:3954} INFO - Setting next_dagrun for dag_with_python_dependencies_v01 to 2022-06-23 00:00:00+00:00, run_after=2022-06-24 00:00:00+00:00
[2025-06-29T15:44:07.707+0000] {processor.py:183} INFO - Processing /opt/airflow/dags/dag_with_python_dependencies.py took 3.433 seconds
[2025-06-29T15:44:39.657+0000] {processor.py:161} INFO - Started process (PID=491) to work on /opt/airflow/dags/dag_with_python_dependencies.py
[2025-06-29T15:44:39.720+0000] {processor.py:830} INFO - Processing file /opt/airflow/dags/dag_with_python_dependencies.py for tasks to queue
[2025-06-29T15:44:39.882+0000] {logging_mixin.py:188} INFO - [2025-06-29T15:44:39.880+0000] {dagbag.py:540} INFO - Filling up the DagBag from /opt/airflow/dags/dag_with_python_dependencies.py
[2025-06-29T15:44:40.493+0000] {processor.py:840} INFO - DAG(s) 'dag_with_python_dependencies_v01' retrieved from /opt/airflow/dags/dag_with_python_dependencies.py
[2025-06-29T15:44:42.161+0000] {logging_mixin.py:188} INFO - [2025-06-29T15:44:42.153+0000] {dag.py:3096} INFO - Sync 1 DAGs
[2025-06-29T15:44:43.146+0000] {logging_mixin.py:188} INFO - [2025-06-29T15:44:43.145+0000] {dag.py:3954} INFO - Setting next_dagrun for dag_with_python_dependencies_v01 to 2022-07-01 00:00:00+00:00, run_after=2022-07-02 00:00:00+00:00
[2025-06-29T15:44:45.893+0000] {processor.py:183} INFO - Processing /opt/airflow/dags/dag_with_python_dependencies.py took 7.038 seconds
[2025-06-29T15:53:42.324+0000] {processor.py:161} INFO - Started process (PID=537) to work on /opt/airflow/dags/dag_with_python_dependencies.py
[2025-06-29T15:53:42.343+0000] {processor.py:830} INFO - Processing file /opt/airflow/dags/dag_with_python_dependencies.py for tasks to queue
[2025-06-29T15:53:42.367+0000] {logging_mixin.py:188} INFO - [2025-06-29T15:53:42.366+0000] {dagbag.py:540} INFO - Filling up the DagBag from /opt/airflow/dags/dag_with_python_dependencies.py
[2025-06-29T15:53:42.911+0000] {processor.py:840} INFO - DAG(s) 'dag_with_python_dependencies_v01' retrieved from /opt/airflow/dags/dag_with_python_dependencies.py
[2025-06-29T15:53:43.765+0000] {logging_mixin.py:188} INFO - [2025-06-29T15:53:43.760+0000] {taskinstance.py:2892} ERROR - {'DAG Id': 'dag_with_python_dependencies_v01', 'Task Id': 'get_sklearn', 'Run Id': 'scheduled__2022-06-27T00:00:00+00:00', 'Hostname': '10ba4c57dcb8'}
[2025-06-29T15:53:44.263+0000] {logging_mixin.py:188} INFO - [2025-06-29T15:53:44.262+0000] {taskinstance.py:1205} INFO - Marking task as FAILED. dag_id=dag_with_python_dependencies_v01, task_id=get_sklearn, execution_date=20220627T000000, start_date=20250629T154445, end_date=20250629T155343
[2025-06-29T15:53:44.840+0000] {processor.py:791} INFO - Executed failure callback for <TaskInstance: dag_with_python_dependencies_v01.get_sklearn scheduled__2022-06-27T00:00:00+00:00 [failed]> in state failed
[2025-06-29T15:53:45.310+0000] {logging_mixin.py:188} INFO - [2025-06-29T15:53:45.310+0000] {dag.py:3096} INFO - Sync 1 DAGs
[2025-06-29T15:53:45.965+0000] {processor.py:183} INFO - Processing /opt/airflow/dags/dag_with_python_dependencies.py took 3.754 seconds
[2025-06-29T15:53:56.019+0000] {processor.py:161} INFO - Started process (PID=575) to work on /opt/airflow/dags/dag_with_python_dependencies.py
[2025-06-29T15:53:56.031+0000] {processor.py:830} INFO - Processing file /opt/airflow/dags/dag_with_python_dependencies.py for tasks to queue
[2025-06-29T15:53:56.033+0000] {logging_mixin.py:188} INFO - [2025-06-29T15:53:56.032+0000] {dagbag.py:540} INFO - Filling up the DagBag from /opt/airflow/dags/dag_with_python_dependencies.py
[2025-06-29T15:53:56.137+0000] {processor.py:840} INFO - DAG(s) 'dag_with_python_dependencies_v01' retrieved from /opt/airflow/dags/dag_with_python_dependencies.py
[2025-06-29T15:53:56.258+0000] {logging_mixin.py:188} INFO - [2025-06-29T15:53:56.258+0000] {taskinstance.py:2892} ERROR - {'DAG Id': 'dag_with_python_dependencies_v01', 'Task Id': 'get_sklearn', 'Run Id': 'scheduled__2022-06-29T00:00:00+00:00', 'Hostname': '10ba4c57dcb8'}
[2025-06-29T15:53:56.313+0000] {logging_mixin.py:188} INFO - [2025-06-29T15:53:56.313+0000] {taskinstance.py:1205} INFO - Marking task as FAILED. dag_id=dag_with_python_dependencies_v01, task_id=get_sklearn, execution_date=20220629T000000, start_date=20250629T154856, end_date=20250629T155356
[2025-06-29T15:53:56.348+0000] {processor.py:791} INFO - Executed failure callback for <TaskInstance: dag_with_python_dependencies_v01.get_sklearn scheduled__2022-06-29T00:00:00+00:00 [failed]> in state failed
[2025-06-29T15:53:56.432+0000] {logging_mixin.py:188} INFO - [2025-06-29T15:53:56.431+0000] {dag.py:3096} INFO - Sync 1 DAGs
[2025-06-29T15:53:56.583+0000] {logging_mixin.py:188} INFO - [2025-06-29T15:53:56.582+0000] {dag.py:3954} INFO - Setting next_dagrun for dag_with_python_dependencies_v01 to 2022-07-02 00:00:00+00:00, run_after=2022-07-03 00:00:00+00:00
[2025-06-29T15:53:56.650+0000] {processor.py:183} INFO - Processing /opt/airflow/dags/dag_with_python_dependencies.py took 0.705 seconds
[2025-06-29T15:54:10.608+0000] {processor.py:161} INFO - Started process (PID=597) to work on /opt/airflow/dags/dag_with_python_dependencies.py
[2025-06-29T15:54:10.726+0000] {processor.py:830} INFO - Processing file /opt/airflow/dags/dag_with_python_dependencies.py for tasks to queue
[2025-06-29T15:54:10.836+0000] {logging_mixin.py:188} INFO - [2025-06-29T15:54:10.832+0000] {dagbag.py:540} INFO - Filling up the DagBag from /opt/airflow/dags/dag_with_python_dependencies.py
[2025-06-29T15:54:13.404+0000] {processor.py:840} INFO - DAG(s) 'dag_with_python_dependencies_v01' retrieved from /opt/airflow/dags/dag_with_python_dependencies.py
[2025-06-29T15:54:14.286+0000] {logging_mixin.py:188} INFO - [2025-06-29T15:54:14.285+0000] {taskinstance.py:2892} ERROR - {'DAG Id': 'dag_with_python_dependencies_v01', 'Task Id': 'get_sklearn', 'Run Id': 'scheduled__2022-06-28T00:00:00+00:00', 'Hostname': '10ba4c57dcb8'}
[2025-06-29T15:54:15.365+0000] {logging_mixin.py:188} INFO - [2025-06-29T15:54:15.365+0000] {taskinstance.py:1205} INFO - Marking task as FAILED. dag_id=dag_with_python_dependencies_v01, task_id=get_sklearn, execution_date=20220628T000000, start_date=20250629T154855, end_date=20250629T155414
[2025-06-29T15:54:15.589+0000] {processor.py:791} INFO - Executed failure callback for <TaskInstance: dag_with_python_dependencies_v01.get_sklearn scheduled__2022-06-28T00:00:00+00:00 [failed]> in state failed
[2025-06-29T15:54:15.683+0000] {logging_mixin.py:188} INFO - [2025-06-29T15:54:15.652+0000] {taskinstance.py:2892} ERROR - {'DAG Id': 'dag_with_python_dependencies_v01', 'Task Id': 'get_sklearn', 'Run Id': 'scheduled__2022-06-28T00:00:00+00:00', 'Hostname': '10ba4c57dcb8'}
[2025-06-29T15:54:15.969+0000] {logging_mixin.py:188} INFO - [2025-06-29T15:54:15.969+0000] {taskinstance.py:1205} INFO - Marking task as FAILED. dag_id=dag_with_python_dependencies_v01, task_id=get_sklearn, execution_date=20220628T000000, start_date=20250629T154855, end_date=20250629T155415
[2025-06-29T15:54:16.196+0000] {processor.py:791} INFO - Executed failure callback for <TaskInstance: dag_with_python_dependencies_v01.get_sklearn scheduled__2022-06-28T00:00:00+00:00 [failed]> in state failed
[2025-06-29T15:54:17.416+0000] {logging_mixin.py:188} INFO - [2025-06-29T15:54:17.415+0000] {dag.py:3096} INFO - Sync 1 DAGs
[2025-06-29T15:54:18.938+0000] {logging_mixin.py:188} INFO - [2025-06-29T15:54:18.937+0000] {dag.py:3954} INFO - Setting next_dagrun for dag_with_python_dependencies_v01 to 2022-07-14 00:00:00+00:00, run_after=2022-07-15 00:00:00+00:00
[2025-06-29T15:54:19.698+0000] {processor.py:183} INFO - Processing /opt/airflow/dags/dag_with_python_dependencies.py took 9.772 seconds
[2025-06-29T15:56:53.315+0000] {processor.py:161} INFO - Started process (PID=654) to work on /opt/airflow/dags/dag_with_python_dependencies.py
[2025-06-29T15:56:53.783+0000] {processor.py:830} INFO - Processing file /opt/airflow/dags/dag_with_python_dependencies.py for tasks to queue
[2025-06-29T15:56:54.984+0000] {logging_mixin.py:188} INFO - [2025-06-29T15:56:54.498+0000] {dagbag.py:540} INFO - Filling up the DagBag from /opt/airflow/dags/dag_with_python_dependencies.py
[2025-06-29T15:57:47.974+0000] {logging_mixin.py:188} INFO - [2025-06-29T15:57:35.093+0000] {timeout.py:68} ERROR - Process timed out, PID: 654
[2025-06-29T15:58:23.163+0000] {processor.py:161} INFO - Started process (PID=700) to work on /opt/airflow/dags/dag_with_python_dependencies.py
[2025-06-29T15:58:23.170+0000] {processor.py:830} INFO - Processing file /opt/airflow/dags/dag_with_python_dependencies.py for tasks to queue
[2025-06-29T15:58:23.172+0000] {logging_mixin.py:188} INFO - [2025-06-29T15:58:23.171+0000] {dagbag.py:540} INFO - Filling up the DagBag from /opt/airflow/dags/dag_with_python_dependencies.py
[2025-06-29T15:58:23.295+0000] {processor.py:840} INFO - DAG(s) 'dag_with_python_dependencies_v01' retrieved from /opt/airflow/dags/dag_with_python_dependencies.py
[2025-06-29T15:58:24.997+0000] {logging_mixin.py:188} INFO - [2025-06-29T15:58:24.997+0000] {dag.py:3096} INFO - Sync 1 DAGs
[2025-06-29T15:58:25.174+0000] {logging_mixin.py:188} INFO - [2025-06-29T15:58:25.173+0000] {dag.py:3954} INFO - Setting next_dagrun for dag_with_python_dependencies_v01 to 2022-07-14 00:00:00+00:00, run_after=2022-07-15 00:00:00+00:00
[2025-06-29T15:58:25.324+0000] {processor.py:183} INFO - Processing /opt/airflow/dags/dag_with_python_dependencies.py took 2.240 seconds
[2025-06-29T15:59:05.741+0000] {processor.py:161} INFO - Started process (PID=764) to work on /opt/airflow/dags/dag_with_python_dependencies.py
[2025-06-29T15:59:06.541+0000] {processor.py:830} INFO - Processing file /opt/airflow/dags/dag_with_python_dependencies.py for tasks to queue
[2025-06-29T15:59:08.099+0000] {logging_mixin.py:188} INFO - [2025-06-29T15:59:07.219+0000] {dagbag.py:540} INFO - Filling up the DagBag from /opt/airflow/dags/dag_with_python_dependencies.py
[2025-06-29T15:59:39.036+0000] {processor.py:840} INFO - DAG(s) 'dag_with_python_dependencies_v01' retrieved from /opt/airflow/dags/dag_with_python_dependencies.py
[2025-06-29T15:59:42.710+0000] {logging_mixin.py:188} INFO - [2025-06-29T15:59:42.704+0000] {dag.py:3096} INFO - Sync 1 DAGs
[2025-06-29T16:04:10.315+0000] {processor.py:161} INFO - Started process (PID=803) to work on /opt/airflow/dags/dag_with_python_dependencies.py
[2025-06-29T16:04:10.400+0000] {processor.py:830} INFO - Processing file /opt/airflow/dags/dag_with_python_dependencies.py for tasks to queue
[2025-06-29T16:04:10.436+0000] {logging_mixin.py:188} INFO - [2025-06-29T16:04:10.401+0000] {dagbag.py:540} INFO - Filling up the DagBag from /opt/airflow/dags/dag_with_python_dependencies.py
[2025-06-29T16:04:10.778+0000] {processor.py:840} INFO - DAG(s) 'dag_with_python_dependencies_v01' retrieved from /opt/airflow/dags/dag_with_python_dependencies.py
[2025-06-29T16:04:15.567+0000] {logging_mixin.py:188} INFO - [2025-06-29T16:04:15.567+0000] {dag.py:3096} INFO - Sync 1 DAGs
[2025-06-29T16:04:16.513+0000] {processor.py:183} INFO - Processing /opt/airflow/dags/dag_with_python_dependencies.py took 6.402 seconds
