[2025-06-29T11:46:03.904+0000] {taskinstance.py:1159} INFO - Dependencies all met for dep_context=non-requeueable deps ti=<TaskInstance: dag_with_postgres_operator_v02.insert_into_table scheduled__2022-01-20T00:00:00+00:00 [queued]>
[2025-06-29T11:46:03.952+0000] {taskinstance.py:1159} INFO - Dependencies all met for dep_context=requeueable deps ti=<TaskInstance: dag_with_postgres_operator_v02.insert_into_table scheduled__2022-01-20T00:00:00+00:00 [queued]>
[2025-06-29T11:46:03.953+0000] {taskinstance.py:1361} INFO - Starting attempt 1 of 6
[2025-06-29T11:46:04.021+0000] {taskinstance.py:1382} INFO - Executing <Task(PostgresOperator): insert_into_table> on 2022-01-20 00:00:00+00:00
[2025-06-29T11:46:04.078+0000] {standard_task_runner.py:57} INFO - Started process 3292 to run task
[2025-06-29T11:46:04.114+0000] {standard_task_runner.py:84} INFO - Running: ['***', 'tasks', 'run', 'dag_with_postgres_operator_v02', 'insert_into_table', 'scheduled__2022-01-20T00:00:00+00:00', '--job-id', '312', '--raw', '--subdir', 'DAGS_FOLDER/dag_with_postgres_operator.py', '--cfg-path', '/tmp/tmp2p5x7kdt']
[2025-06-29T11:46:04.127+0000] {standard_task_runner.py:85} INFO - Job 312: Subtask insert_into_table
[2025-06-29T11:46:04.311+0000] {task_command.py:416} INFO - Running <TaskInstance: dag_with_postgres_operator_v02.insert_into_table scheduled__2022-01-20T00:00:00+00:00 [running]> on host f561bfe7dd3a
[2025-06-29T11:46:04.791+0000] {taskinstance.py:1662} INFO - Exporting env vars: AIRFLOW_CTX_DAG_OWNER='coder2j' AIRFLOW_CTX_DAG_ID='dag_with_postgres_operator_v02' AIRFLOW_CTX_TASK_ID='insert_into_table' AIRFLOW_CTX_EXECUTION_DATE='2022-01-20T00:00:00+00:00' AIRFLOW_CTX_TRY_NUMBER='1' AIRFLOW_CTX_DAG_RUN_ID='scheduled__2022-01-20T00:00:00+00:00'
[2025-06-29T11:46:04.799+0000] {sql.py:274} INFO - Executing: 
            insert into dag_runs (dt, dag_id) values ('2022-01-20', 'dag_with_postgres_operator_v02')
        
[2025-06-29T11:46:04.860+0000] {base.py:73} INFO - Using connection ID 'postgres_localhost' for task execution.
[2025-06-29T11:46:04.905+0000] {base.py:73} INFO - Using connection ID 'postgres_localhost' for task execution.
[2025-06-29T11:46:04.931+0000] {sql.py:418} INFO - Running statement: 
            insert into dag_runs (dt, dag_id) values ('2022-01-20', 'dag_with_postgres_operator_v02')
        , parameters: None
[2025-06-29T11:46:04.933+0000] {sql.py:427} INFO - Rows affected: 1
[2025-06-29T11:46:04.995+0000] {taskinstance.py:1400} INFO - Marking task as SUCCESS. dag_id=dag_with_postgres_operator_v02, task_id=insert_into_table, execution_date=20220120T000000, start_date=20250629T114603, end_date=20250629T114604
[2025-06-29T11:46:05.134+0000] {local_task_job_runner.py:228} INFO - Task exited with return code 0
[2025-06-29T11:46:05.213+0000] {taskinstance.py:2778} INFO - 0 downstream tasks scheduled from follow-on schedule check
