[2025-06-29T14:53:44.071+0000] {taskinstance.py:1159} INFO - Dependencies all met for dep_context=non-requeueable deps ti=<TaskInstance: dag_with_postgres_operator_v03.create_postgres_table scheduled__2024-12-21T00:00:00+00:00 [queued]>
[2025-06-29T14:53:44.265+0000] {taskinstance.py:1159} INFO - Dependencies all met for dep_context=requeueable deps ti=<TaskInstance: dag_with_postgres_operator_v03.create_postgres_table scheduled__2024-12-21T00:00:00+00:00 [queued]>
[2025-06-29T14:53:44.266+0000] {taskinstance.py:1361} INFO - Starting attempt 1 of 6
[2025-06-29T14:53:45.283+0000] {taskinstance.py:1382} INFO - Executing <Task(PostgresOperator): create_postgres_table> on 2024-12-21 00:00:00+00:00
[2025-06-29T14:53:45.384+0000] {standard_task_runner.py:57} INFO - Started process 3324 to run task
[2025-06-29T14:53:45.475+0000] {standard_task_runner.py:84} INFO - Running: ['***', 'tasks', 'run', 'dag_with_postgres_operator_v03', 'create_postgres_table', 'scheduled__2024-12-21T00:00:00+00:00', '--job-id', '3756', '--raw', '--subdir', 'DAGS_FOLDER/dag_with_postgres_operator.py', '--cfg-path', '/tmp/tmpokq229aa']
[2025-06-29T14:53:45.568+0000] {standard_task_runner.py:85} INFO - Job 3756: Subtask create_postgres_table
[2025-06-29T14:53:46.681+0000] {task_command.py:416} INFO - Running <TaskInstance: dag_with_postgres_operator_v03.create_postgres_table scheduled__2024-12-21T00:00:00+00:00 [running]> on host f561bfe7dd3a
[2025-06-29T14:53:47.819+0000] {taskinstance.py:1662} INFO - Exporting env vars: AIRFLOW_CTX_DAG_OWNER='coder2j' AIRFLOW_CTX_DAG_ID='dag_with_postgres_operator_v03' AIRFLOW_CTX_TASK_ID='create_postgres_table' AIRFLOW_CTX_EXECUTION_DATE='2024-12-21T00:00:00+00:00' AIRFLOW_CTX_TRY_NUMBER='1' AIRFLOW_CTX_DAG_RUN_ID='scheduled__2024-12-21T00:00:00+00:00'
[2025-06-29T14:53:47.842+0000] {sql.py:274} INFO - Executing: 
            create table if not exists dag_runs (
                dt date,
                dag_id character varying,
                primary key (dt, dag_id)
            )
        
[2025-06-29T14:53:47.902+0000] {base.py:73} INFO - Using connection ID 'postgres_localhost' for task execution.
[2025-06-29T14:53:47.969+0000] {base.py:73} INFO - Using connection ID 'postgres_localhost' for task execution.
[2025-06-29T14:53:48.007+0000] {sql.py:418} INFO - Running statement: 
            create table if not exists dag_runs (
                dt date,
                dag_id character varying,
                primary key (dt, dag_id)
            )
        , parameters: None
[2025-06-29T14:53:48.092+0000] {taskinstance.py:1400} INFO - Marking task as SUCCESS. dag_id=dag_with_postgres_operator_v03, task_id=create_postgres_table, execution_date=20241221T000000, start_date=20250629T145344, end_date=20250629T145348
[2025-06-29T14:53:48.418+0000] {local_task_job_runner.py:228} INFO - Task exited with return code 0
[2025-06-29T14:53:48.847+0000] {taskinstance.py:2778} INFO - 1 downstream tasks scheduled from follow-on schedule check
