[2025-06-29T12:05:50.425+0000] {taskinstance.py:1159} INFO - Dependencies all met for dep_context=non-requeueable deps ti=<TaskInstance: dag_with_postgres_operator_v03.delete_data_from_table scheduled__2022-12-18T00:00:00+00:00 [queued]>
[2025-06-29T12:05:50.511+0000] {taskinstance.py:1159} INFO - Dependencies all met for dep_context=requeueable deps ti=<TaskInstance: dag_with_postgres_operator_v03.delete_data_from_table scheduled__2022-12-18T00:00:00+00:00 [queued]>
[2025-06-29T12:05:50.511+0000] {taskinstance.py:1361} INFO - Starting attempt 1 of 6
[2025-06-29T12:05:50.756+0000] {taskinstance.py:1382} INFO - Executing <Task(PostgresOperator): delete_data_from_table> on 2022-12-18 00:00:00+00:00
[2025-06-29T12:05:50.834+0000] {standard_task_runner.py:57} INFO - Started process 6697 to run task
[2025-06-29T12:05:50.896+0000] {standard_task_runner.py:84} INFO - Running: ['***', 'tasks', 'run', 'dag_with_postgres_operator_v03', 'delete_data_from_table', 'scheduled__2022-12-18T00:00:00+00:00', '--job-id', '1546', '--raw', '--subdir', 'DAGS_FOLDER/dag_with_postgres_operator.py', '--cfg-path', '/tmp/tmpqtcf8410']
[2025-06-29T12:05:50.975+0000] {standard_task_runner.py:85} INFO - Job 1546: Subtask delete_data_from_table
[2025-06-29T12:05:51.468+0000] {task_command.py:416} INFO - Running <TaskInstance: dag_with_postgres_operator_v03.delete_data_from_table scheduled__2022-12-18T00:00:00+00:00 [running]> on host f561bfe7dd3a
[2025-06-29T12:05:51.943+0000] {taskinstance.py:1662} INFO - Exporting env vars: AIRFLOW_CTX_DAG_OWNER='coder2j' AIRFLOW_CTX_DAG_ID='dag_with_postgres_operator_v03' AIRFLOW_CTX_TASK_ID='delete_data_from_table' AIRFLOW_CTX_EXECUTION_DATE='2022-12-18T00:00:00+00:00' AIRFLOW_CTX_TRY_NUMBER='1' AIRFLOW_CTX_DAG_RUN_ID='scheduled__2022-12-18T00:00:00+00:00'
[2025-06-29T12:05:51.955+0000] {sql.py:274} INFO - Executing: 
            delete from dag_runs where dt = '2022-12-18' and dag_id = 'dag_with_postgres_operator_v03';
        
[2025-06-29T12:05:52.015+0000] {base.py:73} INFO - Using connection ID 'postgres_localhost' for task execution.
[2025-06-29T12:05:52.076+0000] {base.py:73} INFO - Using connection ID 'postgres_localhost' for task execution.
[2025-06-29T12:05:52.102+0000] {sql.py:418} INFO - Running statement: 
            delete from dag_runs where dt = '2022-12-18' and dag_id = 'dag_with_postgres_operator_v03';
        , parameters: None
[2025-06-29T12:05:52.120+0000] {sql.py:427} INFO - Rows affected: 0
[2025-06-29T12:05:52.198+0000] {taskinstance.py:1400} INFO - Marking task as SUCCESS. dag_id=dag_with_postgres_operator_v03, task_id=delete_data_from_table, execution_date=20221218T000000, start_date=20250629T120550, end_date=20250629T120552
[2025-06-29T12:05:52.457+0000] {local_task_job_runner.py:228} INFO - Task exited with return code 0
[2025-06-29T12:05:52.645+0000] {taskinstance.py:2778} INFO - 1 downstream tasks scheduled from follow-on schedule check
