[2025-06-29T14:40:26.241+0000] {taskinstance.py:1159} INFO - Dependencies all met for dep_context=non-requeueable deps ti=<TaskInstance: dag_with_postgres_operator_v03.create_postgres_table scheduled__2023-12-31T00:00:00+00:00 [queued]>
[2025-06-29T14:40:26.282+0000] {taskinstance.py:1159} INFO - Dependencies all met for dep_context=requeueable deps ti=<TaskInstance: dag_with_postgres_operator_v03.create_postgres_table scheduled__2023-12-31T00:00:00+00:00 [queued]>
[2025-06-29T14:40:26.288+0000] {taskinstance.py:1361} INFO - Starting attempt 1 of 6
[2025-06-29T14:40:26.607+0000] {taskinstance.py:1382} INFO - Executing <Task(PostgresOperator): create_postgres_table> on 2023-12-31 00:00:00+00:00
[2025-06-29T14:40:26.653+0000] {standard_task_runner.py:57} INFO - Started process 451 to run task
[2025-06-29T14:40:26.678+0000] {standard_task_runner.py:84} INFO - Running: ['***', 'tasks', 'run', 'dag_with_postgres_operator_v03', 'create_postgres_table', 'scheduled__2023-12-31T00:00:00+00:00', '--job-id', '2695', '--raw', '--subdir', 'DAGS_FOLDER/dag_with_postgres_operator.py', '--cfg-path', '/tmp/tmprved7vrf']
[2025-06-29T14:40:26.695+0000] {standard_task_runner.py:85} INFO - Job 2695: Subtask create_postgres_table
[2025-06-29T14:40:27.009+0000] {task_command.py:416} INFO - Running <TaskInstance: dag_with_postgres_operator_v03.create_postgres_table scheduled__2023-12-31T00:00:00+00:00 [running]> on host f561bfe7dd3a
[2025-06-29T14:40:27.505+0000] {taskinstance.py:1662} INFO - Exporting env vars: AIRFLOW_CTX_DAG_OWNER='coder2j' AIRFLOW_CTX_DAG_ID='dag_with_postgres_operator_v03' AIRFLOW_CTX_TASK_ID='create_postgres_table' AIRFLOW_CTX_EXECUTION_DATE='2023-12-31T00:00:00+00:00' AIRFLOW_CTX_TRY_NUMBER='1' AIRFLOW_CTX_DAG_RUN_ID='scheduled__2023-12-31T00:00:00+00:00'
[2025-06-29T14:40:27.509+0000] {sql.py:274} INFO - Executing: 
            create table if not exists dag_runs (
                dt date,
                dag_id character varying,
                primary key (dt, dag_id)
            )
        
[2025-06-29T14:40:27.601+0000] {base.py:73} INFO - Using connection ID 'postgres_localhost' for task execution.
[2025-06-29T14:40:27.665+0000] {base.py:73} INFO - Using connection ID 'postgres_localhost' for task execution.
[2025-06-29T14:40:27.699+0000] {sql.py:418} INFO - Running statement: 
            create table if not exists dag_runs (
                dt date,
                dag_id character varying,
                primary key (dt, dag_id)
            )
        , parameters: None
[2025-06-29T14:40:27.778+0000] {taskinstance.py:1400} INFO - Marking task as SUCCESS. dag_id=dag_with_postgres_operator_v03, task_id=create_postgres_table, execution_date=20231231T000000, start_date=20250629T144026, end_date=20250629T144027
[2025-06-29T14:40:29.661+0000] {local_task_job_runner.py:228} INFO - Task exited with return code 0
[2025-06-29T14:40:29.932+0000] {taskinstance.py:2778} INFO - 1 downstream tasks scheduled from follow-on schedule check
