[2025-06-29T14:54:06.865+0000] {taskinstance.py:1159} INFO - Dependencies all met for dep_context=non-requeueable deps ti=<TaskInstance: dag_with_postgres_operator_v03.delete_data_from_table scheduled__2024-12-24T00:00:00+00:00 [queued]>
[2025-06-29T14:54:07.003+0000] {taskinstance.py:1159} INFO - Dependencies all met for dep_context=requeueable deps ti=<TaskInstance: dag_with_postgres_operator_v03.delete_data_from_table scheduled__2024-12-24T00:00:00+00:00 [queued]>
[2025-06-29T14:54:07.003+0000] {taskinstance.py:1361} INFO - Starting attempt 1 of 6
[2025-06-29T14:54:07.194+0000] {taskinstance.py:1382} INFO - Executing <Task(PostgresOperator): delete_data_from_table> on 2024-12-24 00:00:00+00:00
[2025-06-29T14:54:07.249+0000] {standard_task_runner.py:57} INFO - Started process 3399 to run task
[2025-06-29T14:54:07.305+0000] {standard_task_runner.py:84} INFO - Running: ['***', 'tasks', 'run', 'dag_with_postgres_operator_v03', 'delete_data_from_table', 'scheduled__2024-12-24T00:00:00+00:00', '--job-id', '3781', '--raw', '--subdir', 'DAGS_FOLDER/dag_with_postgres_operator.py', '--cfg-path', '/tmp/tmp9stblhwp']
[2025-06-29T14:54:07.360+0000] {standard_task_runner.py:85} INFO - Job 3781: Subtask delete_data_from_table
[2025-06-29T14:54:07.845+0000] {task_command.py:416} INFO - Running <TaskInstance: dag_with_postgres_operator_v03.delete_data_from_table scheduled__2024-12-24T00:00:00+00:00 [running]> on host f561bfe7dd3a
[2025-06-29T14:54:08.896+0000] {taskinstance.py:1662} INFO - Exporting env vars: AIRFLOW_CTX_DAG_OWNER='coder2j' AIRFLOW_CTX_DAG_ID='dag_with_postgres_operator_v03' AIRFLOW_CTX_TASK_ID='delete_data_from_table' AIRFLOW_CTX_EXECUTION_DATE='2024-12-24T00:00:00+00:00' AIRFLOW_CTX_TRY_NUMBER='1' AIRFLOW_CTX_DAG_RUN_ID='scheduled__2024-12-24T00:00:00+00:00'
[2025-06-29T14:54:08.904+0000] {sql.py:274} INFO - Executing: 
            delete from dag_runs where dt = '2024-12-24' and dag_id = 'dag_with_postgres_operator_v03';
        
[2025-06-29T14:54:08.970+0000] {base.py:73} INFO - Using connection ID 'postgres_localhost' for task execution.
[2025-06-29T14:54:09.110+0000] {base.py:73} INFO - Using connection ID 'postgres_localhost' for task execution.
[2025-06-29T14:54:09.174+0000] {sql.py:418} INFO - Running statement: 
            delete from dag_runs where dt = '2024-12-24' and dag_id = 'dag_with_postgres_operator_v03';
        , parameters: None
[2025-06-29T14:54:09.180+0000] {sql.py:427} INFO - Rows affected: 0
[2025-06-29T14:54:09.273+0000] {taskinstance.py:1400} INFO - Marking task as SUCCESS. dag_id=dag_with_postgres_operator_v03, task_id=delete_data_from_table, execution_date=20241224T000000, start_date=20250629T145406, end_date=20250629T145409
[2025-06-29T14:54:09.940+0000] {local_task_job_runner.py:228} INFO - Task exited with return code 0
[2025-06-29T14:54:10.346+0000] {taskinstance.py:2778} INFO - 1 downstream tasks scheduled from follow-on schedule check
