[2025-06-29T15:20:03.569+0000] {local_task_job_runner.py:120} INFO - ::group::Pre task execution logs
[2025-06-29T15:20:05.319+0000] {taskinstance.py:2073} INFO - Dependencies all met for dep_context=non-requeueable deps ti=<TaskInstance: dag_with_python_dependencies_v01.get_sklearn scheduled__2022-05-12T00:00:00+00:00 [queued]>
[2025-06-29T15:20:05.939+0000] {taskinstance.py:2073} INFO - Dependencies all met for dep_context=requeueable deps ti=<TaskInstance: dag_with_python_dependencies_v01.get_sklearn scheduled__2022-05-12T00:00:00+00:00 [queued]>
[2025-06-29T15:20:05.970+0000] {taskinstance.py:2303} INFO - Starting attempt 2 of 1
[2025-06-29T15:20:06.379+0000] {taskinstance.py:2327} INFO - Executing <Task(PythonOperator): get_sklearn> on 2022-05-12 00:00:00+00:00
[2025-06-29T15:20:06.697+0000] {standard_task_runner.py:90} INFO - Running: ['***', 'tasks', 'run', 'dag_with_python_dependencies_v01', 'get_sklearn', 'scheduled__2022-05-12T00:00:00+00:00', '--job-id', '4559', '--raw', '--subdir', 'DAGS_FOLDER/dag_with_python_dependencies.py', '--cfg-path', '/tmp/tmpijugfks0']
[2025-06-29T15:20:06.827+0000] {standard_task_runner.py:91} INFO - Job 4559: Subtask get_sklearn
[2025-06-29T15:20:06.913+0000] {logging_mixin.py:188} WARNING - /home/***/.local/lib/python3.12/site-packages/***/task/task_runner/standard_task_runner.py:61 DeprecationWarning: This process (pid=179) is multi-threaded, use of fork() may lead to deadlocks in the child.
[2025-06-29T15:20:06.914+0000] {standard_task_runner.py:63} INFO - Started process 196 to run task
[2025-06-29T15:20:08.981+0000] {task_command.py:426} INFO - Running <TaskInstance: dag_with_python_dependencies_v01.get_sklearn scheduled__2022-05-12T00:00:00+00:00 [running]> on host 10ba4c57dcb8
[2025-06-29T15:20:13.088+0000] {taskinstance.py:2644} INFO - Exporting env vars: AIRFLOW_CTX_DAG_OWNER='shivanshu' AIRFLOW_CTX_DAG_ID='dag_with_python_dependencies_v01' AIRFLOW_CTX_TASK_ID='get_sklearn' AIRFLOW_CTX_EXECUTION_DATE='2022-05-12T00:00:00+00:00' AIRFLOW_CTX_TRY_NUMBER='2' AIRFLOW_CTX_DAG_RUN_ID='scheduled__2022-05-12T00:00:00+00:00'
[2025-06-29T15:20:13.120+0000] {taskinstance.py:430} INFO - ::endgroup::
[2025-06-29T15:26:45.913+0000] {local_task_job_runner.py:310} WARNING - State of this instance has been externally set to None. Terminating instance.
[2025-06-29T15:26:47.983+0000] {local_task_job_runner.py:222} INFO - ::endgroup::
[2025-06-29T15:26:51.949+0000] {process_utils.py:132} INFO - Sending 15 to group 196. PIDs of all processes in the group: [196]
[2025-06-29T15:26:54.209+0000] {process_utils.py:87} INFO - Sending the signal 15 to group 196
[2025-06-29T15:27:58.079+0000] {process_utils.py:150} WARNING - process psutil.Process(pid=196, name='airflow task ru', status='running', started='15:20:06') did not respond to SIGTERM. Trying SIGKILL
[2025-06-29T15:27:59.715+0000] {process_utils.py:87} INFO - Sending the signal 9 to group 196
[2025-06-29T15:28:05.762+0000] {process_utils.py:80} INFO - Process psutil.Process(pid=196, name='airflow task ru', status='terminated', exitcode=<Negsignal.SIGKILL: -9>, started='15:20:06') (196) terminated with exit code -9
[2025-06-29T15:28:06.066+0000] {standard_task_runner.py:178} ERROR - Job 4559 was killed before it finished (likely due to running out of memory)
