[2025-06-29T12:18:03.982+0000] {taskinstance.py:1159} INFO - Dependencies all met for dep_context=non-requeueable deps ti=<TaskInstance: dag_with_postgres_operator_v03.delete_data_from_table scheduled__2023-07-01T00:00:00+00:00 [queued]>
[2025-06-29T12:18:04.162+0000] {taskinstance.py:1159} INFO - Dependencies all met for dep_context=requeueable deps ti=<TaskInstance: dag_with_postgres_operator_v03.delete_data_from_table scheduled__2023-07-01T00:00:00+00:00 [queued]>
[2025-06-29T12:18:04.163+0000] {taskinstance.py:1361} INFO - Starting attempt 1 of 6
[2025-06-29T12:18:04.368+0000] {taskinstance.py:1382} INFO - Executing <Task(PostgresOperator): delete_data_from_table> on 2023-07-01 00:00:00+00:00
[2025-06-29T12:18:04.482+0000] {standard_task_runner.py:57} INFO - Started process 8387 to run task
[2025-06-29T12:18:04.509+0000] {standard_task_runner.py:84} INFO - Running: ['***', 'tasks', 'run', 'dag_with_postgres_operator_v03', 'delete_data_from_table', 'scheduled__2023-07-01T00:00:00+00:00', '--job-id', '2132', '--raw', '--subdir', 'DAGS_FOLDER/dag_with_postgres_operator.py', '--cfg-path', '/tmp/tmpo5vdkwz2']
[2025-06-29T12:18:04.576+0000] {standard_task_runner.py:85} INFO - Job 2132: Subtask delete_data_from_table
[2025-06-29T12:18:05.101+0000] {task_command.py:416} INFO - Running <TaskInstance: dag_with_postgres_operator_v03.delete_data_from_table scheduled__2023-07-01T00:00:00+00:00 [running]> on host f561bfe7dd3a
[2025-06-29T12:18:05.897+0000] {taskinstance.py:1662} INFO - Exporting env vars: AIRFLOW_CTX_DAG_OWNER='coder2j' AIRFLOW_CTX_DAG_ID='dag_with_postgres_operator_v03' AIRFLOW_CTX_TASK_ID='delete_data_from_table' AIRFLOW_CTX_EXECUTION_DATE='2023-07-01T00:00:00+00:00' AIRFLOW_CTX_TRY_NUMBER='1' AIRFLOW_CTX_DAG_RUN_ID='scheduled__2023-07-01T00:00:00+00:00'
[2025-06-29T12:18:05.898+0000] {sql.py:274} INFO - Executing: 
            delete from dag_runs where dt = '2023-07-01' and dag_id = 'dag_with_postgres_operator_v03';
        
[2025-06-29T12:18:06.052+0000] {base.py:73} INFO - Using connection ID 'postgres_localhost' for task execution.
[2025-06-29T12:18:06.140+0000] {base.py:73} INFO - Using connection ID 'postgres_localhost' for task execution.
[2025-06-29T12:18:06.173+0000] {sql.py:418} INFO - Running statement: 
            delete from dag_runs where dt = '2023-07-01' and dag_id = 'dag_with_postgres_operator_v03';
        , parameters: None
[2025-06-29T12:18:06.191+0000] {sql.py:427} INFO - Rows affected: 0
[2025-06-29T12:18:06.253+0000] {taskinstance.py:1400} INFO - Marking task as SUCCESS. dag_id=dag_with_postgres_operator_v03, task_id=delete_data_from_table, execution_date=20230701T000000, start_date=20250629T121803, end_date=20250629T121806
[2025-06-29T12:18:07.123+0000] {local_task_job_runner.py:228} INFO - Task exited with return code 0
[2025-06-29T12:18:07.733+0000] {taskinstance.py:2778} INFO - 1 downstream tasks scheduled from follow-on schedule check
