[2025-06-29T12:16:56.519+0000] {taskinstance.py:1159} INFO - Dependencies all met for dep_context=non-requeueable deps ti=<TaskInstance: dag_with_postgres_operator_v03.delete_data_from_table scheduled__2023-06-06T00:00:00+00:00 [queued]>
[2025-06-29T12:16:56.551+0000] {taskinstance.py:1159} INFO - Dependencies all met for dep_context=requeueable deps ti=<TaskInstance: dag_with_postgres_operator_v03.delete_data_from_table scheduled__2023-06-06T00:00:00+00:00 [queued]>
[2025-06-29T12:16:56.552+0000] {taskinstance.py:1361} INFO - Starting attempt 1 of 6
[2025-06-29T12:16:56.597+0000] {taskinstance.py:1382} INFO - Executing <Task(PostgresOperator): delete_data_from_table> on 2023-06-06 00:00:00+00:00
[2025-06-29T12:16:56.623+0000] {standard_task_runner.py:57} INFO - Started process 8164 to run task
[2025-06-29T12:16:56.648+0000] {standard_task_runner.py:84} INFO - Running: ['***', 'tasks', 'run', 'dag_with_postgres_operator_v03', 'delete_data_from_table', 'scheduled__2023-06-06T00:00:00+00:00', '--job-id', '2053', '--raw', '--subdir', 'DAGS_FOLDER/dag_with_postgres_operator.py', '--cfg-path', '/tmp/tmp7kogzrcy']
[2025-06-29T12:16:56.658+0000] {standard_task_runner.py:85} INFO - Job 2053: Subtask delete_data_from_table
[2025-06-29T12:16:56.904+0000] {task_command.py:416} INFO - Running <TaskInstance: dag_with_postgres_operator_v03.delete_data_from_table scheduled__2023-06-06T00:00:00+00:00 [running]> on host f561bfe7dd3a
[2025-06-29T12:16:57.519+0000] {taskinstance.py:1662} INFO - Exporting env vars: AIRFLOW_CTX_DAG_OWNER='coder2j' AIRFLOW_CTX_DAG_ID='dag_with_postgres_operator_v03' AIRFLOW_CTX_TASK_ID='delete_data_from_table' AIRFLOW_CTX_EXECUTION_DATE='2023-06-06T00:00:00+00:00' AIRFLOW_CTX_TRY_NUMBER='1' AIRFLOW_CTX_DAG_RUN_ID='scheduled__2023-06-06T00:00:00+00:00'
[2025-06-29T12:16:57.536+0000] {sql.py:274} INFO - Executing: 
            delete from dag_runs where dt = '2023-06-06' and dag_id = 'dag_with_postgres_operator_v03';
        
[2025-06-29T12:16:57.650+0000] {base.py:73} INFO - Using connection ID 'postgres_localhost' for task execution.
[2025-06-29T12:16:57.720+0000] {base.py:73} INFO - Using connection ID 'postgres_localhost' for task execution.
[2025-06-29T12:16:57.736+0000] {sql.py:418} INFO - Running statement: 
            delete from dag_runs where dt = '2023-06-06' and dag_id = 'dag_with_postgres_operator_v03';
        , parameters: None
[2025-06-29T12:16:57.738+0000] {sql.py:427} INFO - Rows affected: 0
[2025-06-29T12:16:57.767+0000] {taskinstance.py:1400} INFO - Marking task as SUCCESS. dag_id=dag_with_postgres_operator_v03, task_id=delete_data_from_table, execution_date=20230606T000000, start_date=20250629T121656, end_date=20250629T121657
[2025-06-29T12:16:57.865+0000] {local_task_job_runner.py:228} INFO - Task exited with return code 0
[2025-06-29T12:16:57.978+0000] {taskinstance.py:2778} INFO - 1 downstream tasks scheduled from follow-on schedule check
