[2025-06-29T14:40:53.391+0000] {taskinstance.py:1159} INFO - Dependencies all met for dep_context=non-requeueable deps ti=<TaskInstance: dag_with_postgres_operator_v03.delete_data_from_table scheduled__2024-01-11T00:00:00+00:00 [queued]>
[2025-06-29T14:40:53.466+0000] {taskinstance.py:1159} INFO - Dependencies all met for dep_context=requeueable deps ti=<TaskInstance: dag_with_postgres_operator_v03.delete_data_from_table scheduled__2024-01-11T00:00:00+00:00 [queued]>
[2025-06-29T14:40:53.470+0000] {taskinstance.py:1361} INFO - Starting attempt 1 of 6
[2025-06-29T14:40:53.726+0000] {taskinstance.py:1382} INFO - Executing <Task(PostgresOperator): delete_data_from_table> on 2024-01-11 00:00:00+00:00
[2025-06-29T14:40:53.821+0000] {standard_task_runner.py:57} INFO - Started process 567 to run task
[2025-06-29T14:40:53.864+0000] {standard_task_runner.py:84} INFO - Running: ['***', 'tasks', 'run', 'dag_with_postgres_operator_v03', 'delete_data_from_table', 'scheduled__2024-01-11T00:00:00+00:00', '--job-id', '2737', '--raw', '--subdir', 'DAGS_FOLDER/dag_with_postgres_operator.py', '--cfg-path', '/tmp/tmpvucu9pbr']
[2025-06-29T14:40:53.941+0000] {standard_task_runner.py:85} INFO - Job 2737: Subtask delete_data_from_table
[2025-06-29T14:40:54.482+0000] {task_command.py:416} INFO - Running <TaskInstance: dag_with_postgres_operator_v03.delete_data_from_table scheduled__2024-01-11T00:00:00+00:00 [running]> on host f561bfe7dd3a
[2025-06-29T14:40:55.202+0000] {taskinstance.py:1662} INFO - Exporting env vars: AIRFLOW_CTX_DAG_OWNER='coder2j' AIRFLOW_CTX_DAG_ID='dag_with_postgres_operator_v03' AIRFLOW_CTX_TASK_ID='delete_data_from_table' AIRFLOW_CTX_EXECUTION_DATE='2024-01-11T00:00:00+00:00' AIRFLOW_CTX_TRY_NUMBER='1' AIRFLOW_CTX_DAG_RUN_ID='scheduled__2024-01-11T00:00:00+00:00'
[2025-06-29T14:40:55.206+0000] {sql.py:274} INFO - Executing: 
            delete from dag_runs where dt = '2024-01-11' and dag_id = 'dag_with_postgres_operator_v03';
        
[2025-06-29T14:40:55.303+0000] {base.py:73} INFO - Using connection ID 'postgres_localhost' for task execution.
[2025-06-29T14:40:55.403+0000] {base.py:73} INFO - Using connection ID 'postgres_localhost' for task execution.
[2025-06-29T14:40:55.443+0000] {sql.py:418} INFO - Running statement: 
            delete from dag_runs where dt = '2024-01-11' and dag_id = 'dag_with_postgres_operator_v03';
        , parameters: None
[2025-06-29T14:40:55.446+0000] {sql.py:427} INFO - Rows affected: 0
[2025-06-29T14:40:55.530+0000] {taskinstance.py:1400} INFO - Marking task as SUCCESS. dag_id=dag_with_postgres_operator_v03, task_id=delete_data_from_table, execution_date=20240111T000000, start_date=20250629T144053, end_date=20250629T144055
[2025-06-29T14:40:55.804+0000] {local_task_job_runner.py:228} INFO - Task exited with return code 0
[2025-06-29T14:40:56.752+0000] {taskinstance.py:2778} INFO - 0 downstream tasks scheduled from follow-on schedule check
