[2025-06-29T14:43:03.467+0000] {taskinstance.py:1159} INFO - Dependencies all met for dep_context=non-requeueable deps ti=<TaskInstance: dag_with_postgres_operator_v03.insert_into_table scheduled__2024-03-05T00:00:00+00:00 [queued]>
[2025-06-29T14:43:03.560+0000] {taskinstance.py:1159} INFO - Dependencies all met for dep_context=requeueable deps ti=<TaskInstance: dag_with_postgres_operator_v03.insert_into_table scheduled__2024-03-05T00:00:00+00:00 [queued]>
[2025-06-29T14:43:03.574+0000] {taskinstance.py:1361} INFO - Starting attempt 1 of 6
[2025-06-29T14:43:03.727+0000] {taskinstance.py:1382} INFO - Executing <Task(PostgresOperator): insert_into_table> on 2024-03-05 00:00:00+00:00
[2025-06-29T14:43:03.804+0000] {standard_task_runner.py:57} INFO - Started process 1029 to run task
[2025-06-29T14:43:03.816+0000] {standard_task_runner.py:84} INFO - Running: ['***', 'tasks', 'run', 'dag_with_postgres_operator_v03', 'insert_into_table', 'scheduled__2024-03-05T00:00:00+00:00', '--job-id', '2909', '--raw', '--subdir', 'DAGS_FOLDER/dag_with_postgres_operator.py', '--cfg-path', '/tmp/tmpsvb_uykf']
[2025-06-29T14:43:03.853+0000] {standard_task_runner.py:85} INFO - Job 2909: Subtask insert_into_table
[2025-06-29T14:43:04.246+0000] {task_command.py:416} INFO - Running <TaskInstance: dag_with_postgres_operator_v03.insert_into_table scheduled__2024-03-05T00:00:00+00:00 [running]> on host f561bfe7dd3a
[2025-06-29T14:43:04.999+0000] {taskinstance.py:1662} INFO - Exporting env vars: AIRFLOW_CTX_DAG_OWNER='coder2j' AIRFLOW_CTX_DAG_ID='dag_with_postgres_operator_v03' AIRFLOW_CTX_TASK_ID='insert_into_table' AIRFLOW_CTX_EXECUTION_DATE='2024-03-05T00:00:00+00:00' AIRFLOW_CTX_TRY_NUMBER='1' AIRFLOW_CTX_DAG_RUN_ID='scheduled__2024-03-05T00:00:00+00:00'
[2025-06-29T14:43:05.000+0000] {sql.py:274} INFO - Executing: 
            insert into dag_runs (dt, dag_id) values ('2024-03-05', 'dag_with_postgres_operator_v03')
        
[2025-06-29T14:43:05.069+0000] {base.py:73} INFO - Using connection ID 'postgres_localhost' for task execution.
[2025-06-29T14:43:05.122+0000] {base.py:73} INFO - Using connection ID 'postgres_localhost' for task execution.
[2025-06-29T14:43:05.160+0000] {sql.py:418} INFO - Running statement: 
            insert into dag_runs (dt, dag_id) values ('2024-03-05', 'dag_with_postgres_operator_v03')
        , parameters: None
[2025-06-29T14:43:05.169+0000] {sql.py:427} INFO - Rows affected: 1
[2025-06-29T14:43:05.251+0000] {taskinstance.py:1400} INFO - Marking task as SUCCESS. dag_id=dag_with_postgres_operator_v03, task_id=insert_into_table, execution_date=20240305T000000, start_date=20250629T144303, end_date=20250629T144305
[2025-06-29T14:43:05.413+0000] {local_task_job_runner.py:228} INFO - Task exited with return code 0
[2025-06-29T14:43:05.491+0000] {taskinstance.py:2778} INFO - 0 downstream tasks scheduled from follow-on schedule check
