[2025-06-29T12:05:52.964+0000] {taskinstance.py:1159} INFO - Dependencies all met for dep_context=non-requeueable deps ti=<TaskInstance: dag_with_postgres_operator_v03.insert_into_table scheduled__2022-12-16T00:00:00+00:00 [queued]>
[2025-06-29T12:05:53.027+0000] {taskinstance.py:1159} INFO - Dependencies all met for dep_context=requeueable deps ti=<TaskInstance: dag_with_postgres_operator_v03.insert_into_table scheduled__2022-12-16T00:00:00+00:00 [queued]>
[2025-06-29T12:05:53.027+0000] {taskinstance.py:1361} INFO - Starting attempt 1 of 6
[2025-06-29T12:05:53.192+0000] {taskinstance.py:1382} INFO - Executing <Task(PostgresOperator): insert_into_table> on 2022-12-16 00:00:00+00:00
[2025-06-29T12:05:53.252+0000] {standard_task_runner.py:57} INFO - Started process 6705 to run task
[2025-06-29T12:05:53.294+0000] {standard_task_runner.py:84} INFO - Running: ['***', 'tasks', 'run', 'dag_with_postgres_operator_v03', 'insert_into_table', 'scheduled__2022-12-16T00:00:00+00:00', '--job-id', '1551', '--raw', '--subdir', 'DAGS_FOLDER/dag_with_postgres_operator.py', '--cfg-path', '/tmp/tmpzm2dhm06']
[2025-06-29T12:05:53.321+0000] {standard_task_runner.py:85} INFO - Job 1551: Subtask insert_into_table
[2025-06-29T12:05:53.674+0000] {task_command.py:416} INFO - Running <TaskInstance: dag_with_postgres_operator_v03.insert_into_table scheduled__2022-12-16T00:00:00+00:00 [running]> on host f561bfe7dd3a
[2025-06-29T12:05:54.382+0000] {taskinstance.py:1662} INFO - Exporting env vars: AIRFLOW_CTX_DAG_OWNER='coder2j' AIRFLOW_CTX_DAG_ID='dag_with_postgres_operator_v03' AIRFLOW_CTX_TASK_ID='insert_into_table' AIRFLOW_CTX_EXECUTION_DATE='2022-12-16T00:00:00+00:00' AIRFLOW_CTX_TRY_NUMBER='1' AIRFLOW_CTX_DAG_RUN_ID='scheduled__2022-12-16T00:00:00+00:00'
[2025-06-29T12:05:54.387+0000] {sql.py:274} INFO - Executing: 
            insert into dag_runs (dt, dag_id) values ('2022-12-16', 'dag_with_postgres_operator_v03')
        
[2025-06-29T12:05:54.451+0000] {base.py:73} INFO - Using connection ID 'postgres_localhost' for task execution.
[2025-06-29T12:05:54.521+0000] {base.py:73} INFO - Using connection ID 'postgres_localhost' for task execution.
[2025-06-29T12:05:54.557+0000] {sql.py:418} INFO - Running statement: 
            insert into dag_runs (dt, dag_id) values ('2022-12-16', 'dag_with_postgres_operator_v03')
        , parameters: None
[2025-06-29T12:05:54.559+0000] {sql.py:427} INFO - Rows affected: 1
[2025-06-29T12:05:54.627+0000] {taskinstance.py:1400} INFO - Marking task as SUCCESS. dag_id=dag_with_postgres_operator_v03, task_id=insert_into_table, execution_date=20221216T000000, start_date=20250629T120552, end_date=20250629T120554
[2025-06-29T12:05:54.803+0000] {local_task_job_runner.py:228} INFO - Task exited with return code 0
[2025-06-29T12:05:54.912+0000] {taskinstance.py:2778} INFO - 0 downstream tasks scheduled from follow-on schedule check
