[2025-06-27T16:30:03.221+0000] {taskinstance.py:1159} INFO - Dependencies all met for dep_context=non-requeueable deps ti=<TaskInstance: our_first_dag_v_06.get_name scheduled__2024-08-17T00:00:00+00:00 [queued]>
[2025-06-27T16:30:03.278+0000] {taskinstance.py:1159} INFO - Dependencies all met for dep_context=requeueable deps ti=<TaskInstance: our_first_dag_v_06.get_name scheduled__2024-08-17T00:00:00+00:00 [queued]>
[2025-06-27T16:30:03.281+0000] {taskinstance.py:1361} INFO - Starting attempt 1 of 6
[2025-06-27T16:30:03.525+0000] {taskinstance.py:1382} INFO - Executing <Task(PythonOperator): get_name> on 2024-08-17 00:00:00+00:00
[2025-06-27T16:30:03.567+0000] {standard_task_runner.py:57} INFO - Started process 4038 to run task
[2025-06-27T16:30:03.605+0000] {standard_task_runner.py:84} INFO - Running: ['***', 'tasks', 'run', 'our_first_dag_v_06', 'get_name', 'scheduled__2024-08-17T00:00:00+00:00', '--job-id', '1609', '--raw', '--subdir', 'DAGS_FOLDER/create_dag_with_python_0perator.py', '--cfg-path', '/tmp/tmp1o50xthv']
[2025-06-27T16:30:03.624+0000] {standard_task_runner.py:85} INFO - Job 1609: Subtask get_name
[2025-06-27T16:30:04.113+0000] {task_command.py:416} INFO - Running <TaskInstance: our_first_dag_v_06.get_name scheduled__2024-08-17T00:00:00+00:00 [running]> on host a8edfe6283f3
[2025-06-27T16:30:04.901+0000] {taskinstance.py:1662} INFO - Exporting env vars: AIRFLOW_CTX_DAG_OWNER='shivanshu' AIRFLOW_CTX_DAG_ID='our_first_dag_v_06' AIRFLOW_CTX_TASK_ID='get_name' AIRFLOW_CTX_EXECUTION_DATE='2024-08-17T00:00:00+00:00' AIRFLOW_CTX_TRY_NUMBER='1' AIRFLOW_CTX_DAG_RUN_ID='scheduled__2024-08-17T00:00:00+00:00'
[2025-06-27T16:30:04.908+0000] {taskinstance.py:1937} ERROR - Task failed with exception
Traceback (most recent call last):
  File "/home/airflow/.local/lib/python3.8/site-packages/airflow/operators/python.py", line 192, in execute
    return_value = self.execute_callable()
  File "/home/airflow/.local/lib/python3.8/site-packages/airflow/operators/python.py", line 209, in execute_callable
    return self.python_callable(*self.op_args, **self.op_kwargs)
  File "/opt/airflow/dags/create_dag_with_python_0perator.py", line 19, in get_name
    ti.xcom_push
AttributeError: 'TaskInstance' object has no attribute 'xcom'
[2025-06-27T16:30:05.050+0000] {taskinstance.py:1400} INFO - Marking task as UP_FOR_RETRY. dag_id=our_first_dag_v_06, task_id=get_name, execution_date=20240817T000000, start_date=20250627T163003, end_date=20250627T163005
[2025-06-27T16:30:05.170+0000] {standard_task_runner.py:104} ERROR - Failed to execute job 1609 for task get_name ('TaskInstance' object has no attribute 'xcom'; 4038)
[2025-06-27T16:30:05.398+0000] {local_task_job_runner.py:228} INFO - Task exited with return code 1
[2025-06-27T16:30:05.777+0000] {taskinstance.py:2778} INFO - 0 downstream tasks scheduled from follow-on schedule check
