[2025-06-29T14:50:15.871+0000] {taskinstance.py:1159} INFO - Dependencies all met for dep_context=non-requeueable deps ti=<TaskInstance: dag_with_postgres_operator_v03.create_postgres_table scheduled__2024-09-14T00:00:00+00:00 [queued]>
[2025-06-29T14:50:15.961+0000] {taskinstance.py:1159} INFO - Dependencies all met for dep_context=requeueable deps ti=<TaskInstance: dag_with_postgres_operator_v03.create_postgres_table scheduled__2024-09-14T00:00:00+00:00 [queued]>
[2025-06-29T14:50:15.973+0000] {taskinstance.py:1361} INFO - Starting attempt 1 of 6
[2025-06-29T14:50:16.757+0000] {taskinstance.py:1382} INFO - Executing <Task(PostgresOperator): create_postgres_table> on 2024-09-14 00:00:00+00:00
[2025-06-29T14:50:16.828+0000] {standard_task_runner.py:57} INFO - Started process 2532 to run task
[2025-06-29T14:50:16.882+0000] {standard_task_runner.py:84} INFO - Running: ['***', 'tasks', 'run', 'dag_with_postgres_operator_v03', 'create_postgres_table', 'scheduled__2024-09-14T00:00:00+00:00', '--job-id', '3460', '--raw', '--subdir', 'DAGS_FOLDER/dag_with_postgres_operator.py', '--cfg-path', '/tmp/tmp8pn844we']
[2025-06-29T14:50:16.927+0000] {standard_task_runner.py:85} INFO - Job 3460: Subtask create_postgres_table
[2025-06-29T14:50:17.500+0000] {task_command.py:416} INFO - Running <TaskInstance: dag_with_postgres_operator_v03.create_postgres_table scheduled__2024-09-14T00:00:00+00:00 [running]> on host f561bfe7dd3a
[2025-06-29T14:50:18.075+0000] {taskinstance.py:1662} INFO - Exporting env vars: AIRFLOW_CTX_DAG_OWNER='coder2j' AIRFLOW_CTX_DAG_ID='dag_with_postgres_operator_v03' AIRFLOW_CTX_TASK_ID='create_postgres_table' AIRFLOW_CTX_EXECUTION_DATE='2024-09-14T00:00:00+00:00' AIRFLOW_CTX_TRY_NUMBER='1' AIRFLOW_CTX_DAG_RUN_ID='scheduled__2024-09-14T00:00:00+00:00'
[2025-06-29T14:50:18.080+0000] {sql.py:274} INFO - Executing: 
            create table if not exists dag_runs (
                dt date,
                dag_id character varying,
                primary key (dt, dag_id)
            )
        
[2025-06-29T14:50:18.133+0000] {base.py:73} INFO - Using connection ID 'postgres_localhost' for task execution.
[2025-06-29T14:50:18.189+0000] {base.py:73} INFO - Using connection ID 'postgres_localhost' for task execution.
[2025-06-29T14:50:18.227+0000] {sql.py:418} INFO - Running statement: 
            create table if not exists dag_runs (
                dt date,
                dag_id character varying,
                primary key (dt, dag_id)
            )
        , parameters: None
[2025-06-29T14:50:18.319+0000] {taskinstance.py:1400} INFO - Marking task as SUCCESS. dag_id=dag_with_postgres_operator_v03, task_id=create_postgres_table, execution_date=20240914T000000, start_date=20250629T145015, end_date=20250629T145018
[2025-06-29T14:50:18.625+0000] {local_task_job_runner.py:228} INFO - Task exited with return code 0
[2025-06-29T14:50:19.016+0000] {taskinstance.py:2778} INFO - 1 downstream tasks scheduled from follow-on schedule check
