[2025-06-29T11:57:22.079+0000] {taskinstance.py:1159} INFO - Dependencies all met for dep_context=non-requeueable deps ti=<TaskInstance: dag_with_postgres_operator_v03.create_postgres_table scheduled__2022-04-10T00:00:00+00:00 [queued]>
[2025-06-29T11:57:22.110+0000] {taskinstance.py:1159} INFO - Dependencies all met for dep_context=requeueable deps ti=<TaskInstance: dag_with_postgres_operator_v03.create_postgres_table scheduled__2022-04-10T00:00:00+00:00 [queued]>
[2025-06-29T11:57:22.111+0000] {taskinstance.py:1361} INFO - Starting attempt 1 of 6
[2025-06-29T11:57:22.234+0000] {taskinstance.py:1382} INFO - Executing <Task(PostgresOperator): create_postgres_table> on 2022-04-10 00:00:00+00:00
[2025-06-29T11:57:22.280+0000] {standard_task_runner.py:57} INFO - Started process 4677 to run task
[2025-06-29T11:57:22.305+0000] {standard_task_runner.py:84} INFO - Running: ['***', 'tasks', 'run', 'dag_with_postgres_operator_v03', 'create_postgres_table', 'scheduled__2022-04-10T00:00:00+00:00', '--job-id', '776', '--raw', '--subdir', 'DAGS_FOLDER/dag_with_postgres_operator.py', '--cfg-path', '/tmp/tmpq6vaxi4e']
[2025-06-29T11:57:22.369+0000] {standard_task_runner.py:85} INFO - Job 776: Subtask create_postgres_table
[2025-06-29T11:57:22.731+0000] {task_command.py:416} INFO - Running <TaskInstance: dag_with_postgres_operator_v03.create_postgres_table scheduled__2022-04-10T00:00:00+00:00 [running]> on host f561bfe7dd3a
[2025-06-29T11:57:23.145+0000] {taskinstance.py:1662} INFO - Exporting env vars: AIRFLOW_CTX_DAG_OWNER='coder2j' AIRFLOW_CTX_DAG_ID='dag_with_postgres_operator_v03' AIRFLOW_CTX_TASK_ID='create_postgres_table' AIRFLOW_CTX_EXECUTION_DATE='2022-04-10T00:00:00+00:00' AIRFLOW_CTX_TRY_NUMBER='1' AIRFLOW_CTX_DAG_RUN_ID='scheduled__2022-04-10T00:00:00+00:00'
[2025-06-29T11:57:23.151+0000] {sql.py:274} INFO - Executing: 
            create table if not exists dag_runs (
                dt date,
                dag_id character varying,
                primary key (dt, dag_id)
            )
        
[2025-06-29T11:57:23.169+0000] {base.py:73} INFO - Using connection ID 'postgres_localhost' for task execution.
[2025-06-29T11:57:23.199+0000] {base.py:73} INFO - Using connection ID 'postgres_localhost' for task execution.
[2025-06-29T11:57:23.216+0000] {sql.py:418} INFO - Running statement: 
            create table if not exists dag_runs (
                dt date,
                dag_id character varying,
                primary key (dt, dag_id)
            )
        , parameters: None
[2025-06-29T11:57:23.246+0000] {taskinstance.py:1400} INFO - Marking task as SUCCESS. dag_id=dag_with_postgres_operator_v03, task_id=create_postgres_table, execution_date=20220410T000000, start_date=20250629T115722, end_date=20250629T115723
[2025-06-29T11:57:23.486+0000] {local_task_job_runner.py:228} INFO - Task exited with return code 0
[2025-06-29T11:57:23.640+0000] {taskinstance.py:2778} INFO - 1 downstream tasks scheduled from follow-on schedule check
