[2025-06-29T14:52:50.673+0000] {taskinstance.py:1159} INFO - Dependencies all met for dep_context=non-requeueable deps ti=<TaskInstance: dag_with_postgres_operator_v03.insert_into_table scheduled__2024-11-23T00:00:00+00:00 [queued]>
[2025-06-29T14:52:50.735+0000] {taskinstance.py:1159} INFO - Dependencies all met for dep_context=requeueable deps ti=<TaskInstance: dag_with_postgres_operator_v03.insert_into_table scheduled__2024-11-23T00:00:00+00:00 [queued]>
[2025-06-29T14:52:50.736+0000] {taskinstance.py:1361} INFO - Starting attempt 1 of 6
[2025-06-29T14:52:50.821+0000] {taskinstance.py:1382} INFO - Executing <Task(PostgresOperator): insert_into_table> on 2024-11-23 00:00:00+00:00
[2025-06-29T14:52:50.855+0000] {standard_task_runner.py:57} INFO - Started process 3137 to run task
[2025-06-29T14:52:50.861+0000] {standard_task_runner.py:84} INFO - Running: ['***', 'tasks', 'run', 'dag_with_postgres_operator_v03', 'insert_into_table', 'scheduled__2024-11-23T00:00:00+00:00', '--job-id', '3692', '--raw', '--subdir', 'DAGS_FOLDER/dag_with_postgres_operator.py', '--cfg-path', '/tmp/tmpd3y7l6nc']
[2025-06-29T14:52:50.883+0000] {standard_task_runner.py:85} INFO - Job 3692: Subtask insert_into_table
[2025-06-29T14:52:51.089+0000] {task_command.py:416} INFO - Running <TaskInstance: dag_with_postgres_operator_v03.insert_into_table scheduled__2024-11-23T00:00:00+00:00 [running]> on host f561bfe7dd3a
[2025-06-29T14:52:51.322+0000] {taskinstance.py:1662} INFO - Exporting env vars: AIRFLOW_CTX_DAG_OWNER='coder2j' AIRFLOW_CTX_DAG_ID='dag_with_postgres_operator_v03' AIRFLOW_CTX_TASK_ID='insert_into_table' AIRFLOW_CTX_EXECUTION_DATE='2024-11-23T00:00:00+00:00' AIRFLOW_CTX_TRY_NUMBER='1' AIRFLOW_CTX_DAG_RUN_ID='scheduled__2024-11-23T00:00:00+00:00'
[2025-06-29T14:52:51.327+0000] {sql.py:274} INFO - Executing: 
            insert into dag_runs (dt, dag_id) values ('2024-11-23', 'dag_with_postgres_operator_v03')
        
[2025-06-29T14:52:51.341+0000] {base.py:73} INFO - Using connection ID 'postgres_localhost' for task execution.
[2025-06-29T14:52:51.362+0000] {base.py:73} INFO - Using connection ID 'postgres_localhost' for task execution.
[2025-06-29T14:52:51.374+0000] {sql.py:418} INFO - Running statement: 
            insert into dag_runs (dt, dag_id) values ('2024-11-23', 'dag_with_postgres_operator_v03')
        , parameters: None
[2025-06-29T14:52:51.376+0000] {sql.py:427} INFO - Rows affected: 1
[2025-06-29T14:52:51.405+0000] {taskinstance.py:1400} INFO - Marking task as SUCCESS. dag_id=dag_with_postgres_operator_v03, task_id=insert_into_table, execution_date=20241123T000000, start_date=20250629T145250, end_date=20250629T145251
[2025-06-29T14:52:51.466+0000] {local_task_job_runner.py:228} INFO - Task exited with return code 0
[2025-06-29T14:52:51.513+0000] {taskinstance.py:2778} INFO - 0 downstream tasks scheduled from follow-on schedule check
