[2025-06-29T11:58:29.166+0000] {taskinstance.py:1159} INFO - Dependencies all met for dep_context=non-requeueable deps ti=<TaskInstance: dag_with_postgres_operator_v03.insert_into_table scheduled__2022-05-07T00:00:00+00:00 [queued]>
[2025-06-29T11:58:29.210+0000] {taskinstance.py:1159} INFO - Dependencies all met for dep_context=requeueable deps ti=<TaskInstance: dag_with_postgres_operator_v03.insert_into_table scheduled__2022-05-07T00:00:00+00:00 [queued]>
[2025-06-29T11:58:29.210+0000] {taskinstance.py:1361} INFO - Starting attempt 1 of 6
[2025-06-29T11:58:29.317+0000] {taskinstance.py:1382} INFO - Executing <Task(PostgresOperator): insert_into_table> on 2022-05-07 00:00:00+00:00
[2025-06-29T11:58:29.389+0000] {standard_task_runner.py:57} INFO - Started process 4952 to run task
[2025-06-29T11:58:29.424+0000] {standard_task_runner.py:84} INFO - Running: ['***', 'tasks', 'run', 'dag_with_postgres_operator_v03', 'insert_into_table', 'scheduled__2022-05-07T00:00:00+00:00', '--job-id', '884', '--raw', '--subdir', 'DAGS_FOLDER/dag_with_postgres_operator.py', '--cfg-path', '/tmp/tmpfhr3ulsp']
[2025-06-29T11:58:29.475+0000] {standard_task_runner.py:85} INFO - Job 884: Subtask insert_into_table
[2025-06-29T11:58:29.879+0000] {task_command.py:416} INFO - Running <TaskInstance: dag_with_postgres_operator_v03.insert_into_table scheduled__2022-05-07T00:00:00+00:00 [running]> on host f561bfe7dd3a
[2025-06-29T11:58:30.407+0000] {taskinstance.py:1662} INFO - Exporting env vars: AIRFLOW_CTX_DAG_OWNER='coder2j' AIRFLOW_CTX_DAG_ID='dag_with_postgres_operator_v03' AIRFLOW_CTX_TASK_ID='insert_into_table' AIRFLOW_CTX_EXECUTION_DATE='2022-05-07T00:00:00+00:00' AIRFLOW_CTX_TRY_NUMBER='1' AIRFLOW_CTX_DAG_RUN_ID='scheduled__2022-05-07T00:00:00+00:00'
[2025-06-29T11:58:30.419+0000] {sql.py:274} INFO - Executing: 
            insert into dag_runs (dt, dag_id) values ('2022-05-07', 'dag_with_postgres_operator_v03')
        
[2025-06-29T11:58:30.483+0000] {base.py:73} INFO - Using connection ID 'postgres_localhost' for task execution.
[2025-06-29T11:58:30.543+0000] {base.py:73} INFO - Using connection ID 'postgres_localhost' for task execution.
[2025-06-29T11:58:30.589+0000] {sql.py:418} INFO - Running statement: 
            insert into dag_runs (dt, dag_id) values ('2022-05-07', 'dag_with_postgres_operator_v03')
        , parameters: None
[2025-06-29T11:58:30.596+0000] {sql.py:427} INFO - Rows affected: 1
[2025-06-29T11:58:30.701+0000] {taskinstance.py:1400} INFO - Marking task as SUCCESS. dag_id=dag_with_postgres_operator_v03, task_id=insert_into_table, execution_date=20220507T000000, start_date=20250629T115829, end_date=20250629T115830
[2025-06-29T11:58:31.105+0000] {local_task_job_runner.py:228} INFO - Task exited with return code 0
[2025-06-29T11:58:31.259+0000] {taskinstance.py:2778} INFO - 0 downstream tasks scheduled from follow-on schedule check
