[2025-06-29T12:20:12.147+0000] {taskinstance.py:1159} INFO - Dependencies all met for dep_context=non-requeueable deps ti=<TaskInstance: dag_with_postgres_operator_v03.insert_into_table scheduled__2023-08-28T00:00:00+00:00 [queued]>
[2025-06-29T12:20:12.194+0000] {taskinstance.py:1159} INFO - Dependencies all met for dep_context=requeueable deps ti=<TaskInstance: dag_with_postgres_operator_v03.insert_into_table scheduled__2023-08-28T00:00:00+00:00 [queued]>
[2025-06-29T12:20:12.209+0000] {taskinstance.py:1361} INFO - Starting attempt 1 of 6
[2025-06-29T12:20:12.362+0000] {taskinstance.py:1382} INFO - Executing <Task(PostgresOperator): insert_into_table> on 2023-08-28 00:00:00+00:00
[2025-06-29T12:20:12.408+0000] {standard_task_runner.py:57} INFO - Started process 8877 to run task
[2025-06-29T12:20:12.437+0000] {standard_task_runner.py:84} INFO - Running: ['***', 'tasks', 'run', 'dag_with_postgres_operator_v03', 'insert_into_table', 'scheduled__2023-08-28T00:00:00+00:00', '--job-id', '2319', '--raw', '--subdir', 'DAGS_FOLDER/dag_with_postgres_operator.py', '--cfg-path', '/tmp/tmpc9ru2h9m']
[2025-06-29T12:20:12.458+0000] {standard_task_runner.py:85} INFO - Job 2319: Subtask insert_into_table
[2025-06-29T12:20:13.104+0000] {task_command.py:416} INFO - Running <TaskInstance: dag_with_postgres_operator_v03.insert_into_table scheduled__2023-08-28T00:00:00+00:00 [running]> on host f561bfe7dd3a
[2025-06-29T12:20:14.270+0000] {taskinstance.py:1662} INFO - Exporting env vars: AIRFLOW_CTX_DAG_OWNER='coder2j' AIRFLOW_CTX_DAG_ID='dag_with_postgres_operator_v03' AIRFLOW_CTX_TASK_ID='insert_into_table' AIRFLOW_CTX_EXECUTION_DATE='2023-08-28T00:00:00+00:00' AIRFLOW_CTX_TRY_NUMBER='1' AIRFLOW_CTX_DAG_RUN_ID='scheduled__2023-08-28T00:00:00+00:00'
[2025-06-29T12:20:14.278+0000] {sql.py:274} INFO - Executing: 
            insert into dag_runs (dt, dag_id) values ('2023-08-28', 'dag_with_postgres_operator_v03')
        
[2025-06-29T12:20:14.312+0000] {base.py:73} INFO - Using connection ID 'postgres_localhost' for task execution.
[2025-06-29T12:20:14.389+0000] {base.py:73} INFO - Using connection ID 'postgres_localhost' for task execution.
[2025-06-29T12:20:14.460+0000] {sql.py:418} INFO - Running statement: 
            insert into dag_runs (dt, dag_id) values ('2023-08-28', 'dag_with_postgres_operator_v03')
        , parameters: None
[2025-06-29T12:20:14.469+0000] {sql.py:427} INFO - Rows affected: 1
[2025-06-29T12:20:14.606+0000] {taskinstance.py:1400} INFO - Marking task as SUCCESS. dag_id=dag_with_postgres_operator_v03, task_id=insert_into_table, execution_date=20230828T000000, start_date=20250629T122012, end_date=20250629T122014
[2025-06-29T12:20:14.789+0000] {local_task_job_runner.py:228} INFO - Task exited with return code 0
[2025-06-29T12:20:14.907+0000] {taskinstance.py:2778} INFO - 0 downstream tasks scheduled from follow-on schedule check
