[2025-06-30T16:03:46.908+0000] {local_task_job_runner.py:120} INFO - ::group::Pre task execution logs
[2025-06-30T16:03:48.110+0000] {taskinstance.py:2073} INFO - Dependencies all met for dep_context=non-requeueable deps ti=<TaskInstance: dag_with_postgres_operator_v03.create_postgres_table scheduled__2025-06-29T00:00:00+00:00 [queued]>
[2025-06-30T16:03:48.293+0000] {taskinstance.py:2073} INFO - Dependencies all met for dep_context=requeueable deps ti=<TaskInstance: dag_with_postgres_operator_v03.create_postgres_table scheduled__2025-06-29T00:00:00+00:00 [queued]>
[2025-06-30T16:03:48.294+0000] {taskinstance.py:2303} INFO - Starting attempt 1 of 6
[2025-06-30T16:03:48.529+0000] {taskinstance.py:2327} INFO - Executing <Task(PostgresOperator): create_postgres_table> on 2025-06-29 00:00:00+00:00
[2025-06-30T16:03:49.299+0000] {standard_task_runner.py:90} INFO - Running: ['***', 'tasks', 'run', 'dag_with_postgres_operator_v03', 'create_postgres_table', 'scheduled__2025-06-29T00:00:00+00:00', '--job-id', '4695', '--raw', '--subdir', 'DAGS_FOLDER/dag_with_postgres_operator.py', '--cfg-path', '/tmp/tmpg6d0192o']
[2025-06-30T16:03:49.493+0000] {standard_task_runner.py:91} INFO - Job 4695: Subtask create_postgres_table
[2025-06-30T16:03:49.871+0000] {logging_mixin.py:188} WARNING - /home/***/.local/lib/python3.12/site-packages/***/task/task_runner/standard_task_runner.py:61 DeprecationWarning: This process (pid=180) is multi-threaded, use of fork() may lead to deadlocks in the child.
[2025-06-30T16:03:49.873+0000] {standard_task_runner.py:63} INFO - Started process 216 to run task
[2025-06-30T16:03:53.199+0000] {task_command.py:426} INFO - Running <TaskInstance: dag_with_postgres_operator_v03.create_postgres_table scheduled__2025-06-29T00:00:00+00:00 [running]> on host 10ba4c57dcb8
[2025-06-30T16:03:58.775+0000] {taskinstance.py:2644} INFO - Exporting env vars: AIRFLOW_CTX_DAG_OWNER='coder2j' AIRFLOW_CTX_DAG_ID='dag_with_postgres_operator_v03' AIRFLOW_CTX_TASK_ID='create_postgres_table' AIRFLOW_CTX_EXECUTION_DATE='2025-06-29T00:00:00+00:00' AIRFLOW_CTX_TRY_NUMBER='1' AIRFLOW_CTX_DAG_RUN_ID='scheduled__2025-06-29T00:00:00+00:00'
[2025-06-30T16:03:58.868+0000] {taskinstance.py:430} INFO - ::endgroup::
[2025-06-30T16:04:00.314+0000] {sql.py:276} INFO - Executing: 
            create table if not exists dag_runs (
                dt date,
                dag_id character varying,
                primary key (dt, dag_id)
            )
        
[2025-06-30T16:04:00.856+0000] {base.py:84} INFO - Using connection ID 'postgres_localhost' for task execution.
[2025-06-30T16:04:03.922+0000] {base.py:84} INFO - Using connection ID 'postgres_localhost' for task execution.
[2025-06-30T16:04:04.181+0000] {sql.py:457} INFO - Running statement: 
            create table if not exists dag_runs (
                dt date,
                dag_id character varying,
                primary key (dt, dag_id)
            )
        , parameters: None
[2025-06-30T16:04:04.833+0000] {logging_mixin.py:188} WARNING - /home/***/.local/lib/python3.12/site-packages/***/providers/common/sql/hooks/sql.py:407 AirflowProviderDeprecationWarning: Call to deprecated method _make_common_data_structure. (The `_make_serializable` method is deprecated and support will be removed in a future version of the common.sql provider. Please update the DbApiHook's provider to a version based on common.sql >= 1.9.1.)
[2025-06-30T16:04:04.861+0000] {taskinstance.py:441} INFO - ::group::Post task execution logs
[2025-06-30T16:04:05.140+0000] {taskinstance.py:1205} INFO - Marking task as SUCCESS. dag_id=dag_with_postgres_operator_v03, task_id=create_postgres_table, execution_date=20250629T000000, start_date=20250630T160348, end_date=20250630T160405
[2025-06-30T16:04:07.398+0000] {local_task_job_runner.py:240} INFO - Task exited with return code 0
[2025-06-30T16:04:10.208+0000] {logging_mixin.py:188} WARNING - /home/***/.local/lib/python3.12/site-packages/***/models/baseoperator.py:1296 AirflowProviderDeprecationWarning: Call to deprecated class PostgresOperator. (Please use `***.providers.common.sql.operators.sql.SQLExecuteQueryOperator`.Also, you can provide `hook_params={'schema': <database>}`.)
[2025-06-30T16:04:12.715+0000] {taskinstance.py:3482} INFO - 1 downstream tasks scheduled from follow-on schedule check
[2025-06-30T16:04:13.238+0000] {local_task_job_runner.py:222} INFO - ::endgroup::
