[2025-06-29T11:40:43.129+0000] {taskinstance.py:1159} INFO - Dependencies all met for dep_context=non-requeueable deps ti=<TaskInstance: dag_with_postgres_operator_v01.insert_into_table scheduled__2021-12-21T00:00:00+00:00 [queued]>
[2025-06-29T11:40:43.276+0000] {taskinstance.py:1159} INFO - Dependencies all met for dep_context=requeueable deps ti=<TaskInstance: dag_with_postgres_operator_v01.insert_into_table scheduled__2021-12-21T00:00:00+00:00 [queued]>
[2025-06-29T11:40:43.279+0000] {taskinstance.py:1361} INFO - Starting attempt 1 of 6
[2025-06-29T11:40:43.828+0000] {taskinstance.py:1382} INFO - Executing <Task(PostgresOperator): insert_into_table> on 2021-12-21 00:00:00+00:00
[2025-06-29T11:40:43.982+0000] {standard_task_runner.py:57} INFO - Started process 2786 to run task
[2025-06-29T11:40:44.190+0000] {standard_task_runner.py:84} INFO - Running: ['***', 'tasks', 'run', 'dag_with_postgres_operator_v01', 'insert_into_table', 'scheduled__2021-12-21T00:00:00+00:00', '--job-id', '238', '--raw', '--subdir', 'DAGS_FOLDER/dag_with_postgres_operator.py', '--cfg-path', '/tmp/tmpu9ffhh6y']
[2025-06-29T11:40:44.274+0000] {standard_task_runner.py:85} INFO - Job 238: Subtask insert_into_table
[2025-06-29T11:40:46.699+0000] {task_command.py:416} INFO - Running <TaskInstance: dag_with_postgres_operator_v01.insert_into_table scheduled__2021-12-21T00:00:00+00:00 [running]> on host f561bfe7dd3a
[2025-06-29T11:40:50.653+0000] {taskinstance.py:1662} INFO - Exporting env vars: AIRFLOW_CTX_DAG_OWNER='coder2j' AIRFLOW_CTX_DAG_ID='dag_with_postgres_operator_v01' AIRFLOW_CTX_TASK_ID='insert_into_table' AIRFLOW_CTX_EXECUTION_DATE='2021-12-21T00:00:00+00:00' AIRFLOW_CTX_TRY_NUMBER='1' AIRFLOW_CTX_DAG_RUN_ID='scheduled__2021-12-21T00:00:00+00:00'
[2025-06-29T11:40:50.658+0000] {sql.py:274} INFO - Executing: 
            insert into dag_runs (dt, dag_id) values ('2021-12-21', 'dag_with_postgres_operator_v01')
        
[2025-06-29T11:40:50.819+0000] {base.py:73} INFO - Using connection ID 'postgres_localhost' for task execution.
[2025-06-29T11:40:51.330+0000] {base.py:73} INFO - Using connection ID 'postgres_localhost' for task execution.
[2025-06-29T11:40:51.527+0000] {sql.py:418} INFO - Running statement: 
            insert into dag_runs (dt, dag_id) values ('2021-12-21', 'dag_with_postgres_operator_v01')
        , parameters: None
[2025-06-29T11:40:51.532+0000] {sql.py:427} INFO - Rows affected: 1
[2025-06-29T11:40:51.951+0000] {taskinstance.py:1400} INFO - Marking task as SUCCESS. dag_id=dag_with_postgres_operator_v01, task_id=insert_into_table, execution_date=20211221T000000, start_date=20250629T114043, end_date=20250629T114051
[2025-06-29T11:40:53.442+0000] {local_task_job_runner.py:228} INFO - Task exited with return code 0
[2025-06-29T11:40:54.948+0000] {taskinstance.py:2778} INFO - 0 downstream tasks scheduled from follow-on schedule check
