[2025-06-29T12:23:26.367+0000] {taskinstance.py:1159} INFO - Dependencies all met for dep_context=non-requeueable deps ti=<TaskInstance: dag_with_postgres_operator_v03.delete_data_from_table scheduled__2023-10-28T00:00:00+00:00 [queued]>
[2025-06-29T12:23:26.405+0000] {taskinstance.py:1159} INFO - Dependencies all met for dep_context=requeueable deps ti=<TaskInstance: dag_with_postgres_operator_v03.delete_data_from_table scheduled__2023-10-28T00:00:00+00:00 [queued]>
[2025-06-29T12:23:26.405+0000] {taskinstance.py:1361} INFO - Starting attempt 1 of 6
[2025-06-29T12:23:26.446+0000] {taskinstance.py:1382} INFO - Executing <Task(PostgresOperator): delete_data_from_table> on 2023-10-28 00:00:00+00:00
[2025-06-29T12:23:26.475+0000] {standard_task_runner.py:57} INFO - Started process 9393 to run task
[2025-06-29T12:23:26.483+0000] {standard_task_runner.py:84} INFO - Running: ['***', 'tasks', 'run', 'dag_with_postgres_operator_v03', 'delete_data_from_table', 'scheduled__2023-10-28T00:00:00+00:00', '--job-id', '2495', '--raw', '--subdir', 'DAGS_FOLDER/dag_with_postgres_operator.py', '--cfg-path', '/tmp/tmpjwcygmio']
[2025-06-29T12:23:26.496+0000] {standard_task_runner.py:85} INFO - Job 2495: Subtask delete_data_from_table
[2025-06-29T12:23:26.663+0000] {task_command.py:416} INFO - Running <TaskInstance: dag_with_postgres_operator_v03.delete_data_from_table scheduled__2023-10-28T00:00:00+00:00 [running]> on host f561bfe7dd3a
[2025-06-29T12:23:26.950+0000] {taskinstance.py:1662} INFO - Exporting env vars: AIRFLOW_CTX_DAG_OWNER='coder2j' AIRFLOW_CTX_DAG_ID='dag_with_postgres_operator_v03' AIRFLOW_CTX_TASK_ID='delete_data_from_table' AIRFLOW_CTX_EXECUTION_DATE='2023-10-28T00:00:00+00:00' AIRFLOW_CTX_TRY_NUMBER='1' AIRFLOW_CTX_DAG_RUN_ID='scheduled__2023-10-28T00:00:00+00:00'
[2025-06-29T12:23:26.952+0000] {sql.py:274} INFO - Executing: 
            delete from dag_runs where dt = '2023-10-28' and dag_id = 'dag_with_postgres_operator_v03';
        
[2025-06-29T12:23:27.012+0000] {base.py:73} INFO - Using connection ID 'postgres_localhost' for task execution.
[2025-06-29T12:23:27.055+0000] {base.py:73} INFO - Using connection ID 'postgres_localhost' for task execution.
[2025-06-29T12:23:27.073+0000] {sql.py:418} INFO - Running statement: 
            delete from dag_runs where dt = '2023-10-28' and dag_id = 'dag_with_postgres_operator_v03';
        , parameters: None
[2025-06-29T12:23:27.075+0000] {sql.py:427} INFO - Rows affected: 0
[2025-06-29T12:23:27.098+0000] {taskinstance.py:1400} INFO - Marking task as SUCCESS. dag_id=dag_with_postgres_operator_v03, task_id=delete_data_from_table, execution_date=20231028T000000, start_date=20250629T122326, end_date=20250629T122327
[2025-06-29T12:23:27.160+0000] {local_task_job_runner.py:228} INFO - Task exited with return code 0
[2025-06-29T12:23:27.258+0000] {taskinstance.py:2778} INFO - 1 downstream tasks scheduled from follow-on schedule check
