[2025-06-29T14:43:58.531+0000] {taskinstance.py:1159} INFO - Dependencies all met for dep_context=non-requeueable deps ti=<TaskInstance: dag_with_postgres_operator_v03.delete_data_from_table scheduled__2024-04-02T00:00:00+00:00 [queued]>
[2025-06-29T14:43:58.611+0000] {taskinstance.py:1159} INFO - Dependencies all met for dep_context=requeueable deps ti=<TaskInstance: dag_with_postgres_operator_v03.delete_data_from_table scheduled__2024-04-02T00:00:00+00:00 [queued]>
[2025-06-29T14:43:58.617+0000] {taskinstance.py:1361} INFO - Starting attempt 1 of 6
[2025-06-29T14:43:58.747+0000] {taskinstance.py:1382} INFO - Executing <Task(PostgresOperator): delete_data_from_table> on 2024-04-02 00:00:00+00:00
[2025-06-29T14:43:58.831+0000] {standard_task_runner.py:57} INFO - Started process 1221 to run task
[2025-06-29T14:43:58.880+0000] {standard_task_runner.py:84} INFO - Running: ['***', 'tasks', 'run', 'dag_with_postgres_operator_v03', 'delete_data_from_table', 'scheduled__2024-04-02T00:00:00+00:00', '--job-id', '2977', '--raw', '--subdir', 'DAGS_FOLDER/dag_with_postgres_operator.py', '--cfg-path', '/tmp/tmpm327ed_g']
[2025-06-29T14:43:58.908+0000] {standard_task_runner.py:85} INFO - Job 2977: Subtask delete_data_from_table
[2025-06-29T14:43:59.371+0000] {task_command.py:416} INFO - Running <TaskInstance: dag_with_postgres_operator_v03.delete_data_from_table scheduled__2024-04-02T00:00:00+00:00 [running]> on host f561bfe7dd3a
[2025-06-29T14:43:59.971+0000] {taskinstance.py:1662} INFO - Exporting env vars: AIRFLOW_CTX_DAG_OWNER='coder2j' AIRFLOW_CTX_DAG_ID='dag_with_postgres_operator_v03' AIRFLOW_CTX_TASK_ID='delete_data_from_table' AIRFLOW_CTX_EXECUTION_DATE='2024-04-02T00:00:00+00:00' AIRFLOW_CTX_TRY_NUMBER='1' AIRFLOW_CTX_DAG_RUN_ID='scheduled__2024-04-02T00:00:00+00:00'
[2025-06-29T14:43:59.981+0000] {sql.py:274} INFO - Executing: 
            delete from dag_runs where dt = '2024-04-02' and dag_id = 'dag_with_postgres_operator_v03';
        
[2025-06-29T14:44:00.079+0000] {base.py:73} INFO - Using connection ID 'postgres_localhost' for task execution.
[2025-06-29T14:44:00.151+0000] {base.py:73} INFO - Using connection ID 'postgres_localhost' for task execution.
[2025-06-29T14:44:00.184+0000] {sql.py:418} INFO - Running statement: 
            delete from dag_runs where dt = '2024-04-02' and dag_id = 'dag_with_postgres_operator_v03';
        , parameters: None
[2025-06-29T14:44:00.195+0000] {sql.py:427} INFO - Rows affected: 0
[2025-06-29T14:44:00.318+0000] {taskinstance.py:1400} INFO - Marking task as SUCCESS. dag_id=dag_with_postgres_operator_v03, task_id=delete_data_from_table, execution_date=20240402T000000, start_date=20250629T144358, end_date=20250629T144400
[2025-06-29T14:44:00.922+0000] {local_task_job_runner.py:228} INFO - Task exited with return code 0
[2025-06-29T14:44:01.448+0000] {taskinstance.py:2778} INFO - 1 downstream tasks scheduled from follow-on schedule check
