[2025-06-29T12:08:03.903+0000] {taskinstance.py:1159} INFO - Dependencies all met for dep_context=non-requeueable deps ti=<TaskInstance: dag_with_postgres_operator_v03.create_postgres_table scheduled__2023-02-17T00:00:00+00:00 [queued]>
[2025-06-29T12:08:03.922+0000] {taskinstance.py:1159} INFO - Dependencies all met for dep_context=requeueable deps ti=<TaskInstance: dag_with_postgres_operator_v03.create_postgres_table scheduled__2023-02-17T00:00:00+00:00 [queued]>
[2025-06-29T12:08:03.924+0000] {taskinstance.py:1361} INFO - Starting attempt 1 of 6
[2025-06-29T12:08:04.107+0000] {taskinstance.py:1382} INFO - Executing <Task(PostgresOperator): create_postgres_table> on 2023-02-17 00:00:00+00:00
[2025-06-29T12:08:04.239+0000] {standard_task_runner.py:57} INFO - Started process 7161 to run task
[2025-06-29T12:08:04.312+0000] {standard_task_runner.py:84} INFO - Running: ['***', 'tasks', 'run', 'dag_with_postgres_operator_v03', 'create_postgres_table', 'scheduled__2023-02-17T00:00:00+00:00', '--job-id', '1716', '--raw', '--subdir', 'DAGS_FOLDER/dag_with_postgres_operator.py', '--cfg-path', '/tmp/tmpbq8p_zbq']
[2025-06-29T12:08:04.360+0000] {standard_task_runner.py:85} INFO - Job 1716: Subtask create_postgres_table
[2025-06-29T12:08:04.949+0000] {task_command.py:416} INFO - Running <TaskInstance: dag_with_postgres_operator_v03.create_postgres_table scheduled__2023-02-17T00:00:00+00:00 [running]> on host f561bfe7dd3a
[2025-06-29T12:08:05.914+0000] {taskinstance.py:1662} INFO - Exporting env vars: AIRFLOW_CTX_DAG_OWNER='coder2j' AIRFLOW_CTX_DAG_ID='dag_with_postgres_operator_v03' AIRFLOW_CTX_TASK_ID='create_postgres_table' AIRFLOW_CTX_EXECUTION_DATE='2023-02-17T00:00:00+00:00' AIRFLOW_CTX_TRY_NUMBER='1' AIRFLOW_CTX_DAG_RUN_ID='scheduled__2023-02-17T00:00:00+00:00'
[2025-06-29T12:08:05.915+0000] {sql.py:274} INFO - Executing: 
            create table if not exists dag_runs (
                dt date,
                dag_id character varying,
                primary key (dt, dag_id)
            )
        
[2025-06-29T12:08:06.055+0000] {base.py:73} INFO - Using connection ID 'postgres_localhost' for task execution.
[2025-06-29T12:08:06.177+0000] {base.py:73} INFO - Using connection ID 'postgres_localhost' for task execution.
[2025-06-29T12:08:06.267+0000] {sql.py:418} INFO - Running statement: 
            create table if not exists dag_runs (
                dt date,
                dag_id character varying,
                primary key (dt, dag_id)
            )
        , parameters: None
[2025-06-29T12:08:06.508+0000] {taskinstance.py:1400} INFO - Marking task as SUCCESS. dag_id=dag_with_postgres_operator_v03, task_id=create_postgres_table, execution_date=20230217T000000, start_date=20250629T120803, end_date=20250629T120806
[2025-06-29T12:08:07.148+0000] {local_task_job_runner.py:228} INFO - Task exited with return code 0
[2025-06-29T12:08:07.527+0000] {taskinstance.py:2778} INFO - 1 downstream tasks scheduled from follow-on schedule check
