[2025-06-29T12:06:22.723+0000] {taskinstance.py:1159} INFO - Dependencies all met for dep_context=non-requeueable deps ti=<TaskInstance: dag_with_postgres_operator_v03.delete_data_from_table scheduled__2023-01-02T00:00:00+00:00 [queued]>
[2025-06-29T12:06:22.912+0000] {taskinstance.py:1159} INFO - Dependencies all met for dep_context=requeueable deps ti=<TaskInstance: dag_with_postgres_operator_v03.delete_data_from_table scheduled__2023-01-02T00:00:00+00:00 [queued]>
[2025-06-29T12:06:22.918+0000] {taskinstance.py:1361} INFO - Starting attempt 1 of 6
[2025-06-29T12:06:23.096+0000] {taskinstance.py:1382} INFO - Executing <Task(PostgresOperator): delete_data_from_table> on 2023-01-02 00:00:00+00:00
[2025-06-29T12:06:23.191+0000] {standard_task_runner.py:57} INFO - Started process 6822 to run task
[2025-06-29T12:06:23.228+0000] {standard_task_runner.py:84} INFO - Running: ['***', 'tasks', 'run', 'dag_with_postgres_operator_v03', 'delete_data_from_table', 'scheduled__2023-01-02T00:00:00+00:00', '--job-id', '1592', '--raw', '--subdir', 'DAGS_FOLDER/dag_with_postgres_operator.py', '--cfg-path', '/tmp/tmpn0vtbvqi']
[2025-06-29T12:06:23.264+0000] {standard_task_runner.py:85} INFO - Job 1592: Subtask delete_data_from_table
[2025-06-29T12:06:23.801+0000] {task_command.py:416} INFO - Running <TaskInstance: dag_with_postgres_operator_v03.delete_data_from_table scheduled__2023-01-02T00:00:00+00:00 [running]> on host f561bfe7dd3a
[2025-06-29T12:06:24.539+0000] {taskinstance.py:1662} INFO - Exporting env vars: AIRFLOW_CTX_DAG_OWNER='coder2j' AIRFLOW_CTX_DAG_ID='dag_with_postgres_operator_v03' AIRFLOW_CTX_TASK_ID='delete_data_from_table' AIRFLOW_CTX_EXECUTION_DATE='2023-01-02T00:00:00+00:00' AIRFLOW_CTX_TRY_NUMBER='1' AIRFLOW_CTX_DAG_RUN_ID='scheduled__2023-01-02T00:00:00+00:00'
[2025-06-29T12:06:24.545+0000] {sql.py:274} INFO - Executing: 
            delete from dag_runs where dt = '2023-01-02' and dag_id = 'dag_with_postgres_operator_v03';
        
[2025-06-29T12:06:24.613+0000] {base.py:73} INFO - Using connection ID 'postgres_localhost' for task execution.
[2025-06-29T12:06:24.687+0000] {base.py:73} INFO - Using connection ID 'postgres_localhost' for task execution.
[2025-06-29T12:06:24.721+0000] {sql.py:418} INFO - Running statement: 
            delete from dag_runs where dt = '2023-01-02' and dag_id = 'dag_with_postgres_operator_v03';
        , parameters: None
[2025-06-29T12:06:24.723+0000] {sql.py:427} INFO - Rows affected: 0
[2025-06-29T12:06:24.801+0000] {taskinstance.py:1400} INFO - Marking task as SUCCESS. dag_id=dag_with_postgres_operator_v03, task_id=delete_data_from_table, execution_date=20230102T000000, start_date=20250629T120622, end_date=20250629T120624
[2025-06-29T12:06:24.944+0000] {local_task_job_runner.py:228} INFO - Task exited with return code 0
[2025-06-29T12:06:25.070+0000] {taskinstance.py:2778} INFO - 0 downstream tasks scheduled from follow-on schedule check
