[2025-06-30T18:15:32.194+0000] {local_task_job_runner.py:120} INFO - ::group::Pre task execution logs
[2025-06-30T18:15:32.753+0000] {taskinstance.py:2073} INFO - Dependencies all met for dep_context=non-requeueable deps ti=<TaskInstance: dag_with_python_dependencies_v01.get_sklearn scheduled__2024-04-09T00:00:00+00:00 [queued]>
[2025-06-30T18:15:32.869+0000] {taskinstance.py:2073} INFO - Dependencies all met for dep_context=requeueable deps ti=<TaskInstance: dag_with_python_dependencies_v01.get_sklearn scheduled__2024-04-09T00:00:00+00:00 [queued]>
[2025-06-30T18:15:32.870+0000] {taskinstance.py:2303} INFO - Starting attempt 1 of 1
[2025-06-30T18:15:33.546+0000] {taskinstance.py:2327} INFO - Executing <Task(PythonOperator): get_sklearn> on 2024-04-09 00:00:00+00:00
[2025-06-30T18:15:33.630+0000] {standard_task_runner.py:90} INFO - Running: ['***', 'tasks', 'run', 'dag_with_python_dependencies_v01', 'get_sklearn', 'scheduled__2024-04-09T00:00:00+00:00', '--job-id', '5354', '--raw', '--subdir', 'DAGS_FOLDER/dag_with_python_dependencies.py', '--cfg-path', '/tmp/tmphkz9s5r5']
[2025-06-30T18:15:33.639+0000] {standard_task_runner.py:91} INFO - Job 5354: Subtask get_sklearn
[2025-06-30T18:15:33.709+0000] {logging_mixin.py:188} WARNING - /home/***/.local/lib/python3.12/site-packages/***/task/task_runner/standard_task_runner.py:61 DeprecationWarning: This process (pid=2976) is multi-threaded, use of fork() may lead to deadlocks in the child.
[2025-06-30T18:15:33.711+0000] {standard_task_runner.py:63} INFO - Started process 2991 to run task
[2025-06-30T18:15:33.860+0000] {task_command.py:426} INFO - Running <TaskInstance: dag_with_python_dependencies_v01.get_sklearn scheduled__2024-04-09T00:00:00+00:00 [running]> on host 81653ea356e2
[2025-06-30T18:15:34.407+0000] {taskinstance.py:2644} INFO - Exporting env vars: AIRFLOW_CTX_DAG_OWNER='shivanshu' AIRFLOW_CTX_DAG_ID='dag_with_python_dependencies_v01' AIRFLOW_CTX_TASK_ID='get_sklearn' AIRFLOW_CTX_EXECUTION_DATE='2024-04-09T00:00:00+00:00' AIRFLOW_CTX_TRY_NUMBER='1' AIRFLOW_CTX_DAG_RUN_ID='scheduled__2024-04-09T00:00:00+00:00'
[2025-06-30T18:15:34.409+0000] {taskinstance.py:430} INFO - ::endgroup::
[2025-06-30T18:15:35.459+0000] {local_task_job_runner.py:124} ERROR - Received SIGTERM. Terminating subprocesses
[2025-06-30T18:15:35.551+0000] {process_utils.py:132} INFO - Sending 15 to group 2991. PIDs of all processes in the group: [2991]
[2025-06-30T18:15:35.552+0000] {process_utils.py:87} INFO - Sending the signal 15 to group 2991
[2025-06-30T18:15:35.736+0000] {taskinstance.py:2607} ERROR - Received SIGTERM. Terminating subprocesses.
[2025-06-30T18:15:35.738+0000] {taskinstance.py:441} INFO - ::group::Post task execution logs
[2025-06-30T18:15:35.966+0000] {taskinstance.py:2890} ERROR - Task failed with exception
Traceback (most recent call last):
  File "/home/airflow/.local/lib/python3.12/site-packages/airflow/models/taskinstance.py", line 465, in _execute_task
    result = _execute_callable(context=context, **execute_callable_kwargs)
             ^^^^^^^^^^^^^^^^^^^^^^^^^^^^^^^^^^^^^^^^^^^^^^^^^^^^^^^^^^^^^
  File "/home/airflow/.local/lib/python3.12/site-packages/airflow/models/taskinstance.py", line 432, in _execute_callable
    return execute_callable(context=context, **execute_callable_kwargs)
           ^^^^^^^^^^^^^^^^^^^^^^^^^^^^^^^^^^^^^^^^^^^^^^^^^^^^^^^^^^^^
  File "/home/airflow/.local/lib/python3.12/site-packages/airflow/models/baseoperator.py", line 400, in wrapper
    return func(self, *args, **kwargs)
           ^^^^^^^^^^^^^^^^^^^^^^^^^^^
  File "/home/airflow/.local/lib/python3.12/site-packages/airflow/operators/python.py", line 235, in execute
    return_value = self.execute_callable()
                   ^^^^^^^^^^^^^^^^^^^^^^^
  File "/home/airflow/.local/lib/python3.12/site-packages/airflow/operators/python.py", line 252, in execute_callable
    return self.python_callable(*self.op_args, **self.op_kwargs)
           ^^^^^^^^^^^^^^^^^^^^^^^^^^^^^^^^^^^^^^^^^^^^^^^^^^^^^
  File "/opt/airflow/dags/dag_with_python_dependencies.py", line 15, in get_sklearn
    import sklearn
  File "/home/airflow/.local/lib/python3.12/site-packages/sklearn/__init__.py", line 73, in <module>
    from .base import clone  # noqa: E402
    ^^^^^^^^^^^^^^^^^^^^^^^
  File "/home/airflow/.local/lib/python3.12/site-packages/sklearn/base.py", line 19, in <module>
    from .utils._metadata_requests import _MetadataRequester, _routing_enabled
  File "/home/airflow/.local/lib/python3.12/site-packages/sklearn/utils/__init__.py", line 9, in <module>
    from ._chunking import gen_batches, gen_even_slices
  File "/home/airflow/.local/lib/python3.12/site-packages/sklearn/utils/_chunking.py", line 11, in <module>
    from ._param_validation import Interval, validate_params
  File "/home/airflow/.local/lib/python3.12/site-packages/sklearn/utils/_param_validation.py", line 17, in <module>
    from .validation import _is_arraylike_not_scalar
  File "/home/airflow/.local/lib/python3.12/site-packages/sklearn/utils/validation.py", line 15, in <module>
    import joblib
  File "/home/airflow/.local/lib/python3.12/site-packages/joblib/__init__.py", line 114, in <module>
    from ._cloudpickle_wrapper import wrap_non_picklable_objects
  File "/home/airflow/.local/lib/python3.12/site-packages/joblib/_cloudpickle_wrapper.py", line 14, in <module>
    from .externals.loky import wrap_non_picklable_objects
  File "/home/airflow/.local/lib/python3.12/site-packages/joblib/externals/loky/__init__.py", line 19, in <module>
    from .backend.context import cpu_count
  File "/home/airflow/.local/lib/python3.12/site-packages/joblib/externals/loky/backend/__init__.py", line 4, in <module>
    from .context import get_context
  File "/home/airflow/.local/lib/python3.12/site-packages/joblib/externals/loky/backend/context.py", line 21, in <module>
    from concurrent.futures.process import _MAX_WINDOWS_WORKERS
  File "/usr/local/lib/python3.12/concurrent/futures/process.py", line 55, in <module>
    from multiprocessing.queues import Queue
  File "/home/airflow/.local/lib/python3.12/site-packages/airflow/models/taskinstance.py", line 2609, in signal_handler
    raise AirflowTaskTerminated("Task received SIGTERM signal")
airflow.exceptions.AirflowTaskTerminated: Task received SIGTERM signal
[2025-06-30T18:15:36.279+0000] {taskinstance.py:1205} INFO - Marking task as FAILED. dag_id=dag_with_python_dependencies_v01, task_id=get_sklearn, execution_date=20240409T000000, start_date=20250630T181532, end_date=20250630T181536
[2025-06-30T18:15:39.476+0000] {process_utils.py:80} INFO - Process psutil.Process(pid=2991, status='terminated', exitcode=2, started='18:15:33') (2991) terminated with exit code 2
[2025-06-30T18:15:39.478+0000] {local_task_job_runner.py:240} INFO - Task exited with return code 143
[2025-06-30T18:15:39.739+0000] {taskinstance.py:3482} INFO - 0 downstream tasks scheduled from follow-on schedule check
[2025-06-30T18:15:39.954+0000] {local_task_job_runner.py:222} INFO - ::endgroup::
