[2025-06-29T11:52:55.521+0000] {taskinstance.py:1159} INFO - Dependencies all met for dep_context=non-requeueable deps ti=<TaskInstance: dag_with_postgres_operator_v03.create_postgres_table scheduled__2022-01-03T00:00:00+00:00 [queued]>
[2025-06-29T11:52:55.595+0000] {taskinstance.py:1159} INFO - Dependencies all met for dep_context=requeueable deps ti=<TaskInstance: dag_with_postgres_operator_v03.create_postgres_table scheduled__2022-01-03T00:00:00+00:00 [queued]>
[2025-06-29T11:52:55.595+0000] {taskinstance.py:1361} INFO - Starting attempt 1 of 6
[2025-06-29T11:52:55.970+0000] {taskinstance.py:1382} INFO - Executing <Task(PostgresOperator): create_postgres_table> on 2022-01-03 00:00:00+00:00
[2025-06-29T11:52:56.021+0000] {standard_task_runner.py:57} INFO - Started process 3848 to run task
[2025-06-29T11:52:56.104+0000] {standard_task_runner.py:84} INFO - Running: ['***', 'tasks', 'run', 'dag_with_postgres_operator_v03', 'create_postgres_table', 'scheduled__2022-01-03T00:00:00+00:00', '--job-id', '480', '--raw', '--subdir', 'DAGS_FOLDER/dag_with_postgres_operator.py', '--cfg-path', '/tmp/tmpvw3uogh_']
[2025-06-29T11:52:56.117+0000] {standard_task_runner.py:85} INFO - Job 480: Subtask create_postgres_table
[2025-06-29T11:52:56.267+0000] {task_command.py:416} INFO - Running <TaskInstance: dag_with_postgres_operator_v03.create_postgres_table scheduled__2022-01-03T00:00:00+00:00 [running]> on host f561bfe7dd3a
[2025-06-29T11:52:56.676+0000] {taskinstance.py:1662} INFO - Exporting env vars: AIRFLOW_CTX_DAG_OWNER='coder2j' AIRFLOW_CTX_DAG_ID='dag_with_postgres_operator_v03' AIRFLOW_CTX_TASK_ID='create_postgres_table' AIRFLOW_CTX_EXECUTION_DATE='2022-01-03T00:00:00+00:00' AIRFLOW_CTX_TRY_NUMBER='1' AIRFLOW_CTX_DAG_RUN_ID='scheduled__2022-01-03T00:00:00+00:00'
[2025-06-29T11:52:56.687+0000] {sql.py:274} INFO - Executing: 
            create table if not exists dag_runs (
                dt date,
                dag_id character varying,
                primary key (dt, dag_id)
            )
        
[2025-06-29T11:52:56.735+0000] {base.py:73} INFO - Using connection ID 'postgres_localhost' for task execution.
[2025-06-29T11:52:56.787+0000] {base.py:73} INFO - Using connection ID 'postgres_localhost' for task execution.
[2025-06-29T11:52:56.815+0000] {sql.py:418} INFO - Running statement: 
            create table if not exists dag_runs (
                dt date,
                dag_id character varying,
                primary key (dt, dag_id)
            )
        , parameters: None
[2025-06-29T11:52:56.862+0000] {taskinstance.py:1400} INFO - Marking task as SUCCESS. dag_id=dag_with_postgres_operator_v03, task_id=create_postgres_table, execution_date=20220103T000000, start_date=20250629T115255, end_date=20250629T115256
[2025-06-29T11:52:56.986+0000] {local_task_job_runner.py:228} INFO - Task exited with return code 0
[2025-06-29T11:52:57.174+0000] {taskinstance.py:2778} INFO - 1 downstream tasks scheduled from follow-on schedule check
