[2025-06-29T14:41:09.354+0000] {taskinstance.py:1159} INFO - Dependencies all met for dep_context=non-requeueable deps ti=<TaskInstance: dag_with_postgres_operator_v03.insert_into_table scheduled__2024-01-17T00:00:00+00:00 [queued]>
[2025-06-29T14:41:09.373+0000] {taskinstance.py:1159} INFO - Dependencies all met for dep_context=requeueable deps ti=<TaskInstance: dag_with_postgres_operator_v03.insert_into_table scheduled__2024-01-17T00:00:00+00:00 [queued]>
[2025-06-29T14:41:09.373+0000] {taskinstance.py:1361} INFO - Starting attempt 1 of 6
[2025-06-29T14:41:09.818+0000] {taskinstance.py:1382} INFO - Executing <Task(PostgresOperator): insert_into_table> on 2024-01-17 00:00:00+00:00
[2025-06-29T14:41:09.884+0000] {standard_task_runner.py:57} INFO - Started process 629 to run task
[2025-06-29T14:41:09.932+0000] {standard_task_runner.py:84} INFO - Running: ['***', 'tasks', 'run', 'dag_with_postgres_operator_v03', 'insert_into_table', 'scheduled__2024-01-17T00:00:00+00:00', '--job-id', '2763', '--raw', '--subdir', 'DAGS_FOLDER/dag_with_postgres_operator.py', '--cfg-path', '/tmp/tmpvo68xl8j']
[2025-06-29T14:41:09.969+0000] {standard_task_runner.py:85} INFO - Job 2763: Subtask insert_into_table
[2025-06-29T14:41:10.453+0000] {task_command.py:416} INFO - Running <TaskInstance: dag_with_postgres_operator_v03.insert_into_table scheduled__2024-01-17T00:00:00+00:00 [running]> on host f561bfe7dd3a
[2025-06-29T14:41:11.282+0000] {taskinstance.py:1662} INFO - Exporting env vars: AIRFLOW_CTX_DAG_OWNER='coder2j' AIRFLOW_CTX_DAG_ID='dag_with_postgres_operator_v03' AIRFLOW_CTX_TASK_ID='insert_into_table' AIRFLOW_CTX_EXECUTION_DATE='2024-01-17T00:00:00+00:00' AIRFLOW_CTX_TRY_NUMBER='1' AIRFLOW_CTX_DAG_RUN_ID='scheduled__2024-01-17T00:00:00+00:00'
[2025-06-29T14:41:11.293+0000] {sql.py:274} INFO - Executing: 
            insert into dag_runs (dt, dag_id) values ('2024-01-17', 'dag_with_postgres_operator_v03')
        
[2025-06-29T14:41:11.438+0000] {base.py:73} INFO - Using connection ID 'postgres_localhost' for task execution.
[2025-06-29T14:41:11.721+0000] {base.py:73} INFO - Using connection ID 'postgres_localhost' for task execution.
[2025-06-29T14:41:11.810+0000] {sql.py:418} INFO - Running statement: 
            insert into dag_runs (dt, dag_id) values ('2024-01-17', 'dag_with_postgres_operator_v03')
        , parameters: None
[2025-06-29T14:41:11.820+0000] {sql.py:427} INFO - Rows affected: 1
[2025-06-29T14:41:12.162+0000] {taskinstance.py:1400} INFO - Marking task as SUCCESS. dag_id=dag_with_postgres_operator_v03, task_id=insert_into_table, execution_date=20240117T000000, start_date=20250629T144109, end_date=20250629T144112
[2025-06-29T14:41:12.598+0000] {local_task_job_runner.py:228} INFO - Task exited with return code 0
[2025-06-29T14:41:13.127+0000] {taskinstance.py:2778} INFO - 0 downstream tasks scheduled from follow-on schedule check
