[2025-06-27T16:31:25.986+0000] {taskinstance.py:1159} INFO - Dependencies all met for dep_context=non-requeueable deps ti=<TaskInstance: our_first_dag_v_06.greet scheduled__2024-08-16T00:00:00+00:00 [queued]>
[2025-06-27T16:31:26.000+0000] {taskinstance.py:1159} INFO - Dependencies all met for dep_context=requeueable deps ti=<TaskInstance: our_first_dag_v_06.greet scheduled__2024-08-16T00:00:00+00:00 [queued]>
[2025-06-27T16:31:26.000+0000] {taskinstance.py:1361} INFO - Starting attempt 1 of 6
[2025-06-27T16:31:26.018+0000] {taskinstance.py:1382} INFO - Executing <Task(PythonOperator): greet> on 2024-08-16 00:00:00+00:00
[2025-06-27T16:31:26.028+0000] {standard_task_runner.py:57} INFO - Started process 4182 to run task
[2025-06-27T16:31:26.033+0000] {standard_task_runner.py:84} INFO - Running: ['***', 'tasks', 'run', 'our_first_dag_v_06', 'greet', 'scheduled__2024-08-16T00:00:00+00:00', '--job-id', '1627', '--raw', '--subdir', 'DAGS_FOLDER/create_dag_with_python_0perator.py', '--cfg-path', '/tmp/tmpzm3cm5rr']
[2025-06-27T16:31:26.037+0000] {standard_task_runner.py:85} INFO - Job 1627: Subtask greet
[2025-06-27T16:31:26.109+0000] {task_command.py:416} INFO - Running <TaskInstance: our_first_dag_v_06.greet scheduled__2024-08-16T00:00:00+00:00 [running]> on host a8edfe6283f3
[2025-06-27T16:31:26.231+0000] {taskinstance.py:1662} INFO - Exporting env vars: AIRFLOW_CTX_DAG_OWNER='shivanshu' AIRFLOW_CTX_DAG_ID='our_first_dag_v_06' AIRFLOW_CTX_TASK_ID='greet' AIRFLOW_CTX_EXECUTION_DATE='2024-08-16T00:00:00+00:00' AIRFLOW_CTX_TRY_NUMBER='1' AIRFLOW_CTX_DAG_RUN_ID='scheduled__2024-08-16T00:00:00+00:00'
[2025-06-27T16:31:26.253+0000] {taskinstance.py:1937} ERROR - Task failed with exception
Traceback (most recent call last):
  File "/home/airflow/.local/lib/python3.8/site-packages/airflow/operators/python.py", line 192, in execute
    return_value = self.execute_callable()
  File "/home/airflow/.local/lib/python3.8/site-packages/airflow/operators/python.py", line 209, in execute_callable
    return self.python_callable(*self.op_args, **self.op_kwargs)
  File "/opt/airflow/dags/create_dag_with_python_0perator.py", line 16, in greet
    print(f"hello world! my name is {name} ," f"and I am {age} years old!")
NameError: name 'name' is not defined
[2025-06-27T16:31:26.267+0000] {taskinstance.py:1400} INFO - Marking task as UP_FOR_RETRY. dag_id=our_first_dag_v_06, task_id=greet, execution_date=20240816T000000, start_date=20250627T163125, end_date=20250627T163126
[2025-06-27T16:31:26.282+0000] {standard_task_runner.py:104} ERROR - Failed to execute job 1627 for task greet (name 'name' is not defined; 4182)
[2025-06-27T16:31:26.327+0000] {local_task_job_runner.py:228} INFO - Task exited with return code 1
[2025-06-27T16:31:26.353+0000] {taskinstance.py:2778} INFO - 0 downstream tasks scheduled from follow-on schedule check
