[2025-06-29T15:00:48.570+0000] {taskinstance.py:1159} INFO - Dependencies all met for dep_context=non-requeueable deps ti=<TaskInstance: dag_with_postgres_operator_v03.insert_into_table scheduled__2025-06-10T00:00:00+00:00 [queued]>
[2025-06-29T15:00:48.667+0000] {taskinstance.py:1159} INFO - Dependencies all met for dep_context=requeueable deps ti=<TaskInstance: dag_with_postgres_operator_v03.insert_into_table scheduled__2025-06-10T00:00:00+00:00 [queued]>
[2025-06-29T15:00:48.678+0000] {taskinstance.py:1361} INFO - Starting attempt 1 of 6
[2025-06-29T15:00:48.878+0000] {taskinstance.py:1382} INFO - Executing <Task(PostgresOperator): insert_into_table> on 2025-06-10 00:00:00+00:00
[2025-06-29T15:00:48.994+0000] {standard_task_runner.py:57} INFO - Started process 4784 to run task
[2025-06-29T15:00:49.073+0000] {standard_task_runner.py:84} INFO - Running: ['***', 'tasks', 'run', 'dag_with_postgres_operator_v03', 'insert_into_table', 'scheduled__2025-06-10T00:00:00+00:00', '--job-id', '4290', '--raw', '--subdir', 'DAGS_FOLDER/dag_with_postgres_operator.py', '--cfg-path', '/tmp/tmp_ckh5o0d']
[2025-06-29T15:00:49.122+0000] {standard_task_runner.py:85} INFO - Job 4290: Subtask insert_into_table
[2025-06-29T15:00:49.785+0000] {task_command.py:416} INFO - Running <TaskInstance: dag_with_postgres_operator_v03.insert_into_table scheduled__2025-06-10T00:00:00+00:00 [running]> on host f561bfe7dd3a
[2025-06-29T15:00:50.713+0000] {taskinstance.py:1662} INFO - Exporting env vars: AIRFLOW_CTX_DAG_OWNER='coder2j' AIRFLOW_CTX_DAG_ID='dag_with_postgres_operator_v03' AIRFLOW_CTX_TASK_ID='insert_into_table' AIRFLOW_CTX_EXECUTION_DATE='2025-06-10T00:00:00+00:00' AIRFLOW_CTX_TRY_NUMBER='1' AIRFLOW_CTX_DAG_RUN_ID='scheduled__2025-06-10T00:00:00+00:00'
[2025-06-29T15:00:50.715+0000] {sql.py:274} INFO - Executing: 
            insert into dag_runs (dt, dag_id) values ('2025-06-10', 'dag_with_postgres_operator_v03')
        
[2025-06-29T15:00:50.785+0000] {base.py:73} INFO - Using connection ID 'postgres_localhost' for task execution.
[2025-06-29T15:00:50.862+0000] {base.py:73} INFO - Using connection ID 'postgres_localhost' for task execution.
[2025-06-29T15:00:50.899+0000] {sql.py:418} INFO - Running statement: 
            insert into dag_runs (dt, dag_id) values ('2025-06-10', 'dag_with_postgres_operator_v03')
        , parameters: None
[2025-06-29T15:00:50.911+0000] {sql.py:427} INFO - Rows affected: 1
[2025-06-29T15:00:50.986+0000] {taskinstance.py:1400} INFO - Marking task as SUCCESS. dag_id=dag_with_postgres_operator_v03, task_id=insert_into_table, execution_date=20250610T000000, start_date=20250629T150048, end_date=20250629T150050
[2025-06-29T15:00:51.099+0000] {local_task_job_runner.py:228} INFO - Task exited with return code 0
[2025-06-29T15:00:51.193+0000] {taskinstance.py:2778} INFO - 0 downstream tasks scheduled from follow-on schedule check
